11:46:06.552 [main                     ] DEBUG GameApplication      - Logger initialized
11:46:06.583 [main                     ] DEBUG GameApplication      - Logging settings
Title: BomberDAD
Version: 0.1
Width: 600
Height: 600
Fullscreen: false
Intro: false
Menus: true
Profiling: false
Single step:false
App Mode: DEVELOPER
Menu Key: ESCAPE
Stage Style: DECORATED
Scene Factory: class com.almasb.fxgl.app.SceneFactory
Dialog Factory: class com.almasb.fxgl.ui.FXGLDialogFactory
UI Factory: class com.almasb.fxgl.ui.FXGLUIFactory

11:46:07.088 [JavaFX Application Thread] DEBUG Engine               - Initializing FXGL
11:46:07.088 [JavaFX Application Thread] INFO  Engine               - FXGL-11.7 (05.01.2020 09.37) on WINDOWS (J:11.0.5 FX:11.0.1)
11:46:07.088 [JavaFX Application Thread] INFO  Engine               - Source code and latest versions at: https://github.com/AlmasB/FXGL
11:46:07.088 [JavaFX Application Thread] INFO  Engine               -              Join the FXGL chat at: https://gitter.im/AlmasB/FXGL
11:46:07.089 [JavaFX Application Thread] DEBUG Engine               - Initializing environment variables
11:46:07.091 [JavaFX Application Thread] DEBUG Engine               - Logging environment variables
11:46:07.092 [JavaFX Application Thread] DEBUG Engine               - achievements: []
11:46:07.092 [JavaFX Application Thread] DEBUG Engine               - sceneStack: com.almasb.fxgl.app.Engine@42d0e54
11:46:07.092 [JavaFX Application Thread] DEBUG Engine               - language: ObjectProperty [value: ENGLISH]
11:46:07.092 [JavaFX Application Thread] DEBUG Engine               - isCloseConfirmation: false
11:46:07.092 [JavaFX Application Thread] DEBUG Engine               - isProfilingEnabled: false
11:46:07.093 [JavaFX Application Thread] DEBUG Engine               - soundNotification: core/notification.wav
11:46:07.093 [JavaFX Application Thread] DEBUG Engine               - devShowBBoxProperty: BooleanProperty [value: false]
11:46:07.094 [JavaFX Application Thread] DEBUG Engine               - pixelsPerMeter: 50.0
11:46:07.094 [JavaFX Application Thread] DEBUG Engine               - overlayRoot: Group@6df9d698
11:46:07.095 [JavaFX Application Thread] DEBUG Engine               - appIcon: fxgl_icon.png
11:46:07.095 [JavaFX Application Thread] DEBUG Engine               - soundMenuBack: menu/back.wav
11:46:07.095 [JavaFX Application Thread] DEBUG Engine               - isFullScreenAllowed: false
11:46:07.095 [JavaFX Application Thread] DEBUG Engine               - isIntroEnabled: false
11:46:07.095 [JavaFX Application Thread] DEBUG Engine               - eventBus: com.almasb.fxgl.event.EventBus@21662de
11:46:07.095 [JavaFX Application Thread] DEBUG Engine               - fontMono: lucida_console.ttf
11:46:07.095 [JavaFX Application Thread] DEBUG Engine               - soundMenuSelect: menu/select.wav
11:46:07.096 [JavaFX Application Thread] DEBUG Engine               - isWindows: true
11:46:07.096 [JavaFX Application Thread] DEBUG Engine               - isMobile: false
11:46:07.096 [JavaFX Application Thread] DEBUG Engine               - height: 600
11:46:07.096 [JavaFX Application Thread] DEBUG Engine               - isExperimentalNative: false
11:46:07.096 [JavaFX Application Thread] DEBUG Engine               - isSingleStep: false
11:46:07.096 [JavaFX Application Thread] DEBUG Engine               - cSSList: [fxgl_dark.css]
11:46:07.096 [JavaFX Application Thread] DEBUG Engine               - fontGame: Abel-Regular.ttf
11:46:07.097 [JavaFX Application Thread] DEBUG Engine               - menuKey: ESCAPE
11:46:07.097 [JavaFX Application Thread] DEBUG Engine               - devShowPositionProperty: BooleanProperty [value: false]
11:46:07.097 [JavaFX Application Thread] DEBUG Engine               - versionCheckDays: 7
11:46:07.097 [JavaFX Application Thread] DEBUG Engine               - masterTimer: com.almasb.fxgl.time.Timer@6ea59366
11:46:07.097 [JavaFX Application Thread] DEBUG Engine               - configClass: Optional.empty
11:46:07.097 [JavaFX Application Thread] DEBUG Engine               - isFullScreenFromStart: false
11:46:07.097 [JavaFX Application Thread] DEBUG Engine               - version: 0.1
11:46:07.098 [JavaFX Application Thread] DEBUG Engine               - fullScreen: BooleanProperty [value: false]
11:46:07.098 [JavaFX Application Thread] DEBUG Engine               - randomSeed: -1
11:46:07.098 [JavaFX Application Thread] DEBUG Engine               - dialogFactory: com.almasb.fxgl.ui.FXGLDialogFactory@60b4c47e
11:46:07.098 [JavaFX Application Thread] DEBUG Engine               - applicationMode: DEVELOPER
11:46:07.098 [JavaFX Application Thread] DEBUG Engine               - isMac: false
11:46:07.098 [JavaFX Application Thread] DEBUG Engine               - urlGoogleForms: https://goo.gl/forms/6wrMnOBxTE1fEpOy2
11:46:07.098 [JavaFX Application Thread] DEBUG Engine               - isMenuEnabled: true
11:46:07.099 [JavaFX Application Thread] DEBUG Engine               - urlPOM: https://raw.githubusercontent.com/AlmasB/FXGL/master/pom.xml
11:46:07.099 [JavaFX Application Thread] DEBUG Engine               - profileName: user.profile
11:46:07.099 [JavaFX Application Thread] DEBUG Engine               - notificationViewClass: class com.almasb.fxgl.notification.view.XboxNotificationView
11:46:07.099 [JavaFX Application Thread] DEBUG Engine               - devSensorColorProperty: ObjectProperty [value: 0xffff00ff]
11:46:07.099 [JavaFX Application Thread] DEBUG Engine               - sceneFactory: com.almasb.fxgl.app.SceneFactory@435a83e6
11:46:07.099 [JavaFX Application Thread] DEBUG Engine               - dataFileExt: .dat
11:46:07.100 [JavaFX Application Thread] DEBUG Engine               - stageStyle: DECORATED
11:46:07.100 [JavaFX Application Thread] DEBUG Engine               - isManualResizeEnabled: false
11:46:07.100 [JavaFX Application Thread] DEBUG Engine               - title: BomberDAD
11:46:07.100 [JavaFX Application Thread] DEBUG Engine               - platform: WINDOWS
11:46:07.100 [JavaFX Application Thread] DEBUG Engine               - devBBoxColorProperty: ObjectProperty [value: 0xff0000ff]
11:46:07.100 [JavaFX Application Thread] DEBUG Engine               - isDesktop: true
11:46:07.100 [JavaFX Application Thread] DEBUG Engine               - credits: []
11:46:07.100 [JavaFX Application Thread] DEBUG Engine               - globalMusicVolumeProperty: DoubleProperty [value: 0.5]
11:46:07.101 [JavaFX Application Thread] DEBUG Engine               - uIFactory: com.almasb.fxgl.ui.FXGLUIFactory@72eb19c1
11:46:07.101 [JavaFX Application Thread] DEBUG Engine               - isPreserveResizeRatio: false
11:46:07.101 [JavaFX Application Thread] DEBUG Engine               - fontText: Courier-Prime.ttf
11:46:07.101 [JavaFX Application Thread] DEBUG Engine               - isExperimentalTiledLargeMap: false
11:46:07.101 [JavaFX Application Thread] DEBUG Engine               - secondsIn24h: 60
11:46:07.101 [JavaFX Application Thread] DEBUG Engine               - runtimeInfo: RuntimeInfo(platform=WINDOWS, version=11.7, build=05.01.2020 09.37)
11:46:07.101 [JavaFX Application Thread] DEBUG Engine               - isLinux: false
11:46:07.101 [JavaFX Application Thread] DEBUG Engine               - soundMenuPress: menu/press.wav
11:46:07.102 [JavaFX Application Thread] DEBUG Engine               - urlGithub: https://github.com/AlmasB/FXGL
11:46:07.102 [JavaFX Application Thread] DEBUG Engine               - profileDir: profiles/
11:46:07.102 [JavaFX Application Thread] DEBUG Engine               - isDeveloperMenuEnabled: false
11:46:07.102 [JavaFX Application Thread] DEBUG Engine               - globalSoundVolumeProperty: DoubleProperty [value: 0.5]
11:46:07.102 [JavaFX Application Thread] DEBUG Engine               - isBrowser: false
11:46:07.102 [JavaFX Application Thread] DEBUG Engine               - globalSoundVolume: 0.5
11:46:07.102 [JavaFX Application Thread] DEBUG Engine               - urlLeaderboard: http://fxgl-top.herokuapp.com/
11:46:07.102 [JavaFX Application Thread] DEBUG Engine               - saveDir: saves/
11:46:07.103 [JavaFX Application Thread] DEBUG Engine               - engineServices: [class com.almasb.fxgl.audio.AudioPlayer, class com.almasb.fxgl.notification.impl.NotificationServiceProvider, class com.almasb.fxgl.achievement.AchievementManager, class com.almasb.fxgl.cutscene.CutsceneService, class com.almasb.fxgl.minigames.MiniGameService]
11:46:07.103 [JavaFX Application Thread] DEBUG Engine               - globalMusicVolume: 0.5
11:46:07.103 [JavaFX Application Thread] DEBUG Engine               - width: 600
11:46:07.103 [JavaFX Application Thread] DEBUG Engine               - saveFileExt: .sav
11:46:07.103 [JavaFX Application Thread] DEBUG Engine               - isAndroid: false
11:46:07.103 [JavaFX Application Thread] DEBUG Engine               - fontUI: VarelaRound-Regular.ttf
11:46:07.104 [JavaFX Application Thread] DEBUG Engine               - enabledMenuItems: []
11:46:07.104 [JavaFX Application Thread] DEBUG Engine               - isIOS: false
11:46:07.107 [JavaFX Application Thread] DEBUG Engine               - Adding new engine service: class com.almasb.fxgl.audio.AudioPlayer
11:46:07.108 [JavaFX Application Thread] DEBUG Engine               - Adding new engine service: class com.almasb.fxgl.notification.impl.NotificationServiceProvider
11:46:07.108 [JavaFX Application Thread] DEBUG Engine               - Adding new engine service: class com.almasb.fxgl.achievement.AchievementManager
11:46:07.110 [JavaFX Application Thread] DEBUG Engine               - Adding new engine service: class com.almasb.fxgl.cutscene.CutsceneService
11:46:07.110 [JavaFX Application Thread] DEBUG Engine               - Adding new engine service: class com.almasb.fxgl.minigames.MiniGameService
11:46:07.113 [JavaFX Application Thread] DEBUG Engine               - Loading localizations
11:46:07.116 [JavaFX Application Thread] DEBUG AssetLoader          - Loading from file system: /assets/properties/languages/english.properties
11:46:07.119 [JavaFX Application Thread] DEBUG AssetLoader          - Loading from file system: /assets/properties/languages/french.properties
11:46:07.121 [JavaFX Application Thread] DEBUG AssetLoader          - Loading from file system: /assets/properties/languages/german.properties
11:46:07.122 [JavaFX Application Thread] DEBUG AssetLoader          - Loading from file system: /assets/properties/languages/russian.properties
11:46:07.125 [JavaFX Application Thread] DEBUG AssetLoader          - Loading from file system: /assets/properties/languages/hungarian.properties
11:46:07.128 [JavaFX Application Thread] DEBUG Engine               - Registering font factories
11:46:07.129 [JavaFX Application Thread] DEBUG AssetLoader          - Loading from file system: /assets/ui/fonts/VarelaRound-Regular.ttf
11:46:07.531 [JavaFX Application Thread] DEBUG AssetLoader          - Loading from file system: /assets/ui/fonts/Abel-Regular.ttf
11:46:07.542 [JavaFX Application Thread] DEBUG AssetLoader          - Loading from file system: /assets/ui/fonts/lucida_console.ttf
11:46:07.557 [JavaFX Application Thread] DEBUG AssetLoader          - Loading from file system: /assets/ui/fonts/Courier-Prime.ttf
11:46:07.568 [JavaFX Application Thread] DEBUG Engine               - Setting UI factory
11:46:07.676 [JavaFX Application Thread] DEBUG AssetLoader          - Loading from file system: /assets/textures/fxgl_logo.png
11:46:07.742 [JavaFX Application Thread] DEBUG MainWindow           - Creating a JavaFX scene
11:46:07.809 [JavaFX Application Thread] DEBUG MainWindow           - Target settings size: 600.0 x 600.0
11:46:07.809 [JavaFX Application Thread] DEBUG MainWindow           - Scaled scene size:    600.0 x 600.0
11:46:07.809 [JavaFX Application Thread] DEBUG MainWindow           - Scaled ratio: (1.0, 1.0)
11:46:07.811 [JavaFX Application Thread] DEBUG MainWindow           - Set initial scene to FXGLStartupScene
11:46:07.819 [JavaFX Application Thread] DEBUG AssetLoader          - Loading from file system: /assets/textures/fxgl_icon.png
11:46:07.832 [JavaFX Application Thread] DEBUG Engine               - Applying CSS: fxgl_dark.css
11:46:07.832 [JavaFX Application Thread] DEBUG AssetLoader          - Loading from file system: /assets/ui/css/fxgl_dark.css
11:46:07.836 [JavaFX Application Thread] DEBUG AssetLoader          - Loading from file system: /assets/ui/cursors/fxgl_default.png
11:46:07.837 [JavaFX Application Thread] DEBUG MainWindow           - Opening main window
11:46:08.037 [JavaFX Application Thread] DEBUG MainWindow           - Window border size: (16.0, 39.0)
11:46:08.037 [JavaFX Application Thread] DEBUG MainWindow           - Scaled size: 600.0 x 600.0
11:46:08.037 [JavaFX Application Thread] DEBUG MainWindow           - Scaled ratio: (1.0, 1.0)
11:46:08.037 [JavaFX Application Thread] DEBUG MainWindow           - Scene size: 600.0 x 600.0
11:46:08.038 [JavaFX Application Thread] DEBUG MainWindow           - Stage size: 616.0 x 639.0
11:46:08.078 [FXGL Background Thread 1 ] DEBUG FS                   - Loaded FSServiceImpl
11:46:08.079 [FXGL Background Thread 1 ] DEBUG Engine               - Loading FXGL system data
11:46:08.090 [FXGL Background Thread 1 ] DEBUG FSServiceImpl        - Reading from: C:\Users\Alejandro\Documents\DAD\Eclipse\Bomberdad\system\fxgl.bundle
11:46:08.111 [FXGL Background Thread 1 ] DEBUG Engine               - Bundle FXGL: {}
11:46:08.112 [FXGL Background Thread 1 ] DEBUG Engine               - Initializing application scenes
11:46:08.193 [FXGL Background Thread 1 ] DEBUG GameWorld            - Game world initialized
11:46:08.277 [FXGL Background Thread 1 ] DEBUG PhysicsWorld         - Physics world initialized: appHeight=600, physics.ppm=50,0
11:46:08.281 [FXGL Background Thread 1 ] DEBUG GameScene            - Game scene initialized: 600x600
11:46:08.353 [FXGL Background Thread 1 ] DEBUG AssetLoader          - Loading from file system: /assets/textures/particles/trace_horizontal.png
11:46:08.377 [FXGL Background Thread 1 ] DEBUG FXGL.DefaultMenu     - createMenuBodyMainMenu()
11:46:08.397 [FXGL Background Thread 1 ] DEBUG FXGL.DefaultMenu     - createOptionsMenu()
11:46:08.405 [FXGL Background Thread 1 ] DEBUG AssetLoader          - Loading from file system: /assets/textures/particles/smoke.png
11:46:08.490 [FXGL Background Thread 1 ] DEBUG AssetLoader          - Loading from cache: /assets/textures/particles/trace_horizontal.png@64.0x64.0
11:46:08.491 [FXGL Background Thread 1 ] DEBUG FXGL.DefaultMenu     - createMenuBodyGameMenu()
11:46:08.493 [FXGL Background Thread 1 ] DEBUG FXGL.DefaultMenu     - createOptionsMenu()
11:46:08.497 [FXGL Background Thread 1 ] DEBUG AssetLoader          - Loading from cache: /assets/textures/particles/smoke.png@128.0x128.0
11:46:08.520 [FXGL Background Thread 1 ] DEBUG Engine               - Application scenes initialized
11:46:08.524 [JavaFX Application Thread] DEBUG Engine               - Running preInit()
11:46:08.538 [JavaFX Application Thread] DEBUG Input                - Registered new binding: Move Up - W
11:46:08.538 [JavaFX Application Thread] DEBUG Input                - Registered new binding: Move Left - A
11:46:08.538 [JavaFX Application Thread] DEBUG Input                - Registered new binding: Move Down - S
11:46:08.539 [JavaFX Application Thread] DEBUG Input                - Registered new binding: Move Right - D
11:46:08.539 [JavaFX Application Thread] DEBUG Input                - Registered new binding: Place Bomb - Space
11:46:08.539 [JavaFX Application Thread] DEBUG Input                - Registered new binding: Move Up2 - Up
11:46:08.539 [JavaFX Application Thread] DEBUG Input                - Registered new binding: Move Left2 - Left
11:46:08.539 [JavaFX Application Thread] DEBUG Input                - Registered new binding: Move Down2 - Down
11:46:08.539 [JavaFX Application Thread] DEBUG Input                - Registered new binding: Move Right2 - Right
11:46:08.539 [JavaFX Application Thread] DEBUG Input                - Registered new binding: Place Bomb2S - Enter
11:46:08.540 [JavaFX Application Thread] DEBUG Input                - Registered new binding: Screenshot - P
11:46:08.541 [JavaFX Application Thread] DEBUG Input                - Registered new binding: System info dump - CTRL+9
11:46:08.541 [JavaFX Application Thread] DEBUG Input                - Registered new binding: Restart - CTRL+R
11:46:08.541 [JavaFX Application Thread] DEBUG Engine               - generateDefaultProfile()
11:46:08.541 [JavaFX Application Thread] DEBUG Engine               - Creating default profile
11:46:08.542 [JavaFX Application Thread] DEBUG EventBus             - Firing event: SaveEvent
11:46:08.556 [JavaFX Application Thread] INFO  Engine               - FXGL initialization took: 1,442 sec
11:46:08.556 [JavaFX Application Thread] DEBUG LoopRunner           - Starting loop
11:46:08.575 [JavaFX Application Thread] DEBUG FXGLStartupScene     - STARTUP
11:46:08.581 [JavaFX Application Thread] DEBUG Input                - Clearing active input actions
11:46:08.617 [JavaFX Application Thread] DEBUG Engine               - Removing overlay from FXGLStartupScene and adding to FXGLDefaultMenu
11:46:08.618 [JavaFX Application Thread] DEBUG MainWindow           - FXGLStartupScene -> FXGLDefaultMenu
11:46:09.797 [JavaFX Application Thread] DEBUG Menu                 - fireNewGame()
11:46:09.798 [JavaFX Application Thread] DEBUG Engine               - Starting new game
11:46:09.806 [JavaFX Application Thread] DEBUG Input                - Clearing active input actions
11:46:09.809 [FXGL Background Thread 1 ] DEBUG InitAppTask          - Clearing previous game
11:46:09.809 [FXGL Background Thread 1 ] DEBUG GameWorld            - Clearing game world
11:46:09.809 [FXGL Background Thread 1 ] DEBUG PhysicsWorld         - Clearing physics world
11:46:09.811 [FXGL Background Thread 1 ] DEBUG GameScene            - Clearing game scene
11:46:09.820 [JavaFX Application Thread] DEBUG Engine               - Removing overlay from FXGLDefaultMenu and adding to LoadingScene
11:46:09.820 [JavaFX Application Thread] DEBUG MainWindow           - FXGLDefaultMenu -> LoadingScene
11:46:09.811 [FXGL Background Thread 1 ] DEBUG InitAppTask          - Initializing Game
11:46:09.849 [FXGL Background Thread 1 ] DEBUG AssetLoader          - Loading from file system: /assets/textures/floor.png
11:46:09.863 [FXGL Background Thread 1 ] DEBUG AssetLoader          - Loading from file system: /assets/levels/0.txt
11:46:09.873 [FXGL Background Thread 1 ] DEBUG AssetLoader          - Loading from cache: /assets/textures/floor.png@600.0x600.0
11:46:09.874 [FXGL Background Thread 1 ] DEBUG AssetLoader          - Loading from cache: /assets/textures/floor.png@600.0x600.0
11:46:09.875 [FXGL Background Thread 1 ] DEBUG AssetLoader          - Loading from file system: /assets/textures/brick.png
11:46:09.877 [FXGL Background Thread 1 ] DEBUG AssetLoader          - Loading from cache: /assets/textures/brick.png@40.0x40.0
11:46:09.878 [FXGL Background Thread 1 ] DEBUG AssetLoader          - Loading from cache: /assets/textures/brick.png@40.0x40.0
11:46:09.879 [FXGL Background Thread 1 ] DEBUG AssetLoader          - Loading from cache: /assets/textures/brick.png@40.0x40.0
11:46:09.880 [FXGL Background Thread 1 ] DEBUG AssetLoader          - Loading from cache: /assets/textures/brick.png@40.0x40.0
11:46:09.881 [FXGL Background Thread 1 ] DEBUG AssetLoader          - Loading from cache: /assets/textures/brick.png@40.0x40.0
11:46:09.882 [FXGL Background Thread 1 ] DEBUG AssetLoader          - Loading from cache: /assets/textures/brick.png@40.0x40.0
11:46:09.883 [FXGL Background Thread 1 ] DEBUG AssetLoader          - Loading from cache: /assets/textures/brick.png@40.0x40.0
11:46:09.884 [FXGL Background Thread 1 ] DEBUG AssetLoader          - Loading from cache: /assets/textures/brick.png@40.0x40.0
11:46:09.885 [FXGL Background Thread 1 ] DEBUG AssetLoader          - Loading from cache: /assets/textures/brick.png@40.0x40.0
11:46:09.885 [FXGL Background Thread 1 ] DEBUG AssetLoader          - Loading from cache: /assets/textures/brick.png@40.0x40.0
11:46:09.886 [FXGL Background Thread 1 ] DEBUG AssetLoader          - Loading from cache: /assets/textures/floor.png@600.0x600.0
11:46:09.887 [FXGL Background Thread 1 ] DEBUG AssetLoader          - Loading from cache: /assets/textures/floor.png@600.0x600.0
11:46:09.888 [FXGL Background Thread 1 ] DEBUG AssetLoader          - Loading from file system: /assets/textures/wall.png
11:46:09.890 [FXGL Background Thread 1 ] DEBUG AssetLoader          - Loading from cache: /assets/textures/floor.png@600.0x600.0
11:46:09.891 [FXGL Background Thread 1 ] DEBUG AssetLoader          - Loading from cache: /assets/textures/wall.png@40.0x40.0
11:46:09.891 [FXGL Background Thread 1 ] DEBUG AssetLoader          - Loading from cache: /assets/textures/floor.png@600.0x600.0
11:46:09.892 [FXGL Background Thread 1 ] DEBUG AssetLoader          - Loading from cache: /assets/textures/wall.png@40.0x40.0
11:46:09.893 [FXGL Background Thread 1 ] DEBUG AssetLoader          - Loading from cache: /assets/textures/floor.png@600.0x600.0
11:46:09.894 [FXGL Background Thread 1 ] DEBUG AssetLoader          - Loading from cache: /assets/textures/wall.png@40.0x40.0
11:46:09.895 [FXGL Background Thread 1 ] DEBUG AssetLoader          - Loading from cache: /assets/textures/floor.png@600.0x600.0
11:46:09.895 [FXGL Background Thread 1 ] DEBUG AssetLoader          - Loading from cache: /assets/textures/wall.png@40.0x40.0
11:46:09.896 [FXGL Background Thread 1 ] DEBUG AssetLoader          - Loading from cache: /assets/textures/floor.png@600.0x600.0
11:46:09.897 [FXGL Background Thread 1 ] DEBUG AssetLoader          - Loading from cache: /assets/textures/wall.png@40.0x40.0
11:46:09.898 [FXGL Background Thread 1 ] DEBUG AssetLoader          - Loading from cache: /assets/textures/floor.png@600.0x600.0
11:46:09.899 [FXGL Background Thread 1 ] DEBUG AssetLoader          - Loading from cache: /assets/textures/wall.png@40.0x40.0
11:46:09.900 [FXGL Background Thread 1 ] DEBUG AssetLoader          - Loading from cache: /assets/textures/floor.png@600.0x600.0
11:46:09.900 [FXGL Background Thread 1 ] DEBUG AssetLoader          - Loading from cache: /assets/textures/wall.png@40.0x40.0
11:46:09.901 [FXGL Background Thread 1 ] DEBUG AssetLoader          - Loading from cache: /assets/textures/floor.png@600.0x600.0
11:46:09.902 [FXGL Background Thread 1 ] DEBUG AssetLoader          - Loading from cache: /assets/textures/wall.png@40.0x40.0
11:46:09.903 [FXGL Background Thread 1 ] DEBUG AssetLoader          - Loading from cache: /assets/textures/brick.png@40.0x40.0
11:46:09.904 [FXGL Background Thread 1 ] DEBUG AssetLoader          - Loading from cache: /assets/textures/floor.png@600.0x600.0
11:46:09.905 [FXGL Background Thread 1 ] DEBUG AssetLoader          - Loading from cache: /assets/textures/floor.png@600.0x600.0
11:46:09.906 [FXGL Background Thread 1 ] DEBUG AssetLoader          - Loading from cache: /assets/textures/floor.png@600.0x600.0
11:46:09.907 [FXGL Background Thread 1 ] DEBUG AssetLoader          - Loading from cache: /assets/textures/floor.png@600.0x600.0
11:46:09.908 [FXGL Background Thread 1 ] DEBUG AssetLoader          - Loading from cache: /assets/textures/floor.png@600.0x600.0
11:46:09.908 [FXGL Background Thread 1 ] DEBUG AssetLoader          - Loading from cache: /assets/textures/floor.png@600.0x600.0
11:46:09.909 [FXGL Background Thread 1 ] DEBUG AssetLoader          - Loading from cache: /assets/textures/floor.png@600.0x600.0
11:46:09.910 [FXGL Background Thread 1 ] DEBUG AssetLoader          - Loading from cache: /assets/textures/floor.png@600.0x600.0
11:46:09.911 [FXGL Background Thread 1 ] DEBUG AssetLoader          - Loading from cache: /assets/textures/floor.png@600.0x600.0
11:46:09.911 [FXGL Background Thread 1 ] DEBUG AssetLoader          - Loading from cache: /assets/textures/floor.png@600.0x600.0
11:46:09.912 [FXGL Background Thread 1 ] DEBUG AssetLoader          - Loading from cache: /assets/textures/floor.png@600.0x600.0
11:46:09.913 [FXGL Background Thread 1 ] DEBUG AssetLoader          - Loading from cache: /assets/textures/floor.png@600.0x600.0
11:46:09.914 [FXGL Background Thread 1 ] DEBUG AssetLoader          - Loading from cache: /assets/textures/floor.png@600.0x600.0
11:46:09.914 [FXGL Background Thread 1 ] DEBUG AssetLoader          - Loading from cache: /assets/textures/brick.png@40.0x40.0
11:46:09.915 [FXGL Background Thread 1 ] DEBUG AssetLoader          - Loading from cache: /assets/textures/wall.png@40.0x40.0
11:46:09.916 [FXGL Background Thread 1 ] DEBUG AssetLoader          - Loading from cache: /assets/textures/floor.png@600.0x600.0
11:46:09.916 [FXGL Background Thread 1 ] DEBUG AssetLoader          - Loading from cache: /assets/textures/wall.png@40.0x40.0
11:46:09.917 [FXGL Background Thread 1 ] DEBUG AssetLoader          - Loading from cache: /assets/textures/floor.png@600.0x600.0
11:46:09.918 [FXGL Background Thread 1 ] DEBUG AssetLoader          - Loading from cache: /assets/textures/wall.png@40.0x40.0
11:46:09.919 [FXGL Background Thread 1 ] DEBUG AssetLoader          - Loading from cache: /assets/textures/floor.png@600.0x600.0
11:46:09.919 [FXGL Background Thread 1 ] DEBUG AssetLoader          - Loading from cache: /assets/textures/wall.png@40.0x40.0
11:46:09.920 [FXGL Background Thread 1 ] DEBUG AssetLoader          - Loading from cache: /assets/textures/floor.png@600.0x600.0
11:46:09.921 [FXGL Background Thread 1 ] DEBUG AssetLoader          - Loading from cache: /assets/textures/wall.png@40.0x40.0
11:46:09.921 [FXGL Background Thread 1 ] DEBUG AssetLoader          - Loading from cache: /assets/textures/floor.png@600.0x600.0
11:46:09.922 [FXGL Background Thread 1 ] DEBUG AssetLoader          - Loading from cache: /assets/textures/wall.png@40.0x40.0
11:46:09.923 [FXGL Background Thread 1 ] DEBUG AssetLoader          - Loading from cache: /assets/textures/floor.png@600.0x600.0
11:46:09.924 [FXGL Background Thread 1 ] DEBUG AssetLoader          - Loading from cache: /assets/textures/wall.png@40.0x40.0
11:46:09.925 [FXGL Background Thread 1 ] DEBUG AssetLoader          - Loading from cache: /assets/textures/floor.png@600.0x600.0
11:46:09.926 [FXGL Background Thread 1 ] DEBUG AssetLoader          - Loading from cache: /assets/textures/wall.png@40.0x40.0
11:46:09.926 [FXGL Background Thread 1 ] DEBUG AssetLoader          - Loading from cache: /assets/textures/floor.png@600.0x600.0
11:46:09.927 [FXGL Background Thread 1 ] DEBUG AssetLoader          - Loading from cache: /assets/textures/wall.png@40.0x40.0
11:46:09.938 [FXGL Background Thread 1 ] DEBUG AssetLoader          - Loading from cache: /assets/textures/floor.png@600.0x600.0
11:46:09.941 [FXGL Background Thread 1 ] DEBUG AssetLoader          - Loading from cache: /assets/textures/floor.png@600.0x600.0
11:46:09.942 [FXGL Background Thread 1 ] DEBUG AssetLoader          - Loading from cache: /assets/textures/floor.png@600.0x600.0
11:46:09.943 [FXGL Background Thread 1 ] DEBUG AssetLoader          - Loading from cache: /assets/textures/floor.png@600.0x600.0
11:46:09.943 [FXGL Background Thread 1 ] DEBUG AssetLoader          - Loading from cache: /assets/textures/floor.png@600.0x600.0
11:46:09.944 [FXGL Background Thread 1 ] DEBUG AssetLoader          - Loading from cache: /assets/textures/floor.png@600.0x600.0
11:46:09.944 [FXGL Background Thread 1 ] DEBUG AssetLoader          - Loading from cache: /assets/textures/floor.png@600.0x600.0
11:46:09.945 [FXGL Background Thread 1 ] DEBUG AssetLoader          - Loading from cache: /assets/textures/floor.png@600.0x600.0
11:46:09.948 [FXGL Background Thread 1 ] DEBUG AssetLoader          - Loading from cache: /assets/textures/floor.png@600.0x600.0
11:46:09.949 [FXGL Background Thread 1 ] DEBUG AssetLoader          - Loading from cache: /assets/textures/floor.png@600.0x600.0
11:46:09.949 [FXGL Background Thread 1 ] DEBUG AssetLoader          - Loading from cache: /assets/textures/floor.png@600.0x600.0
11:46:09.950 [FXGL Background Thread 1 ] DEBUG AssetLoader          - Loading from cache: /assets/textures/floor.png@600.0x600.0
11:46:09.951 [FXGL Background Thread 1 ] DEBUG AssetLoader          - Loading from cache: /assets/textures/floor.png@600.0x600.0
11:46:09.951 [FXGL Background Thread 1 ] DEBUG AssetLoader          - Loading from cache: /assets/textures/floor.png@600.0x600.0
11:46:09.952 [FXGL Background Thread 1 ] DEBUG AssetLoader          - Loading from cache: /assets/textures/floor.png@600.0x600.0
11:46:09.953 [FXGL Background Thread 1 ] DEBUG AssetLoader          - Loading from cache: /assets/textures/wall.png@40.0x40.0
11:46:09.953 [FXGL Background Thread 1 ] DEBUG AssetLoader          - Loading from cache: /assets/textures/floor.png@600.0x600.0
11:46:09.954 [FXGL Background Thread 1 ] DEBUG AssetLoader          - Loading from cache: /assets/textures/wall.png@40.0x40.0
11:46:09.955 [FXGL Background Thread 1 ] DEBUG AssetLoader          - Loading from cache: /assets/textures/floor.png@600.0x600.0
11:46:09.956 [FXGL Background Thread 1 ] DEBUG AssetLoader          - Loading from cache: /assets/textures/wall.png@40.0x40.0
11:46:09.957 [FXGL Background Thread 1 ] DEBUG AssetLoader          - Loading from cache: /assets/textures/floor.png@600.0x600.0
11:46:09.957 [FXGL Background Thread 1 ] DEBUG AssetLoader          - Loading from cache: /assets/textures/wall.png@40.0x40.0
11:46:09.958 [FXGL Background Thread 1 ] DEBUG AssetLoader          - Loading from cache: /assets/textures/floor.png@600.0x600.0
11:46:09.959 [FXGL Background Thread 1 ] DEBUG AssetLoader          - Loading from cache: /assets/textures/wall.png@40.0x40.0
11:46:09.959 [FXGL Background Thread 1 ] DEBUG AssetLoader          - Loading from cache: /assets/textures/floor.png@600.0x600.0
11:46:09.960 [FXGL Background Thread 1 ] DEBUG AssetLoader          - Loading from cache: /assets/textures/wall.png@40.0x40.0
11:46:09.961 [FXGL Background Thread 1 ] DEBUG AssetLoader          - Loading from cache: /assets/textures/floor.png@600.0x600.0
11:46:09.961 [FXGL Background Thread 1 ] DEBUG AssetLoader          - Loading from cache: /assets/textures/wall.png@40.0x40.0
11:46:09.962 [FXGL Background Thread 1 ] DEBUG AssetLoader          - Loading from cache: /assets/textures/floor.png@600.0x600.0
11:46:09.964 [FXGL Background Thread 1 ] DEBUG AssetLoader          - Loading from cache: /assets/textures/wall.png@40.0x40.0
11:46:09.965 [FXGL Background Thread 1 ] DEBUG AssetLoader          - Loading from cache: /assets/textures/floor.png@600.0x600.0
11:46:09.965 [FXGL Background Thread 1 ] DEBUG AssetLoader          - Loading from cache: /assets/textures/wall.png@40.0x40.0
11:46:09.966 [FXGL Background Thread 1 ] DEBUG AssetLoader          - Loading from cache: /assets/textures/floor.png@600.0x600.0
11:46:09.967 [FXGL Background Thread 1 ] DEBUG AssetLoader          - Loading from cache: /assets/textures/floor.png@600.0x600.0
11:46:09.968 [FXGL Background Thread 1 ] DEBUG AssetLoader          - Loading from cache: /assets/textures/floor.png@600.0x600.0
11:46:09.968 [FXGL Background Thread 1 ] DEBUG AssetLoader          - Loading from cache: /assets/textures/floor.png@600.0x600.0
11:46:09.969 [FXGL Background Thread 1 ] DEBUG AssetLoader          - Loading from cache: /assets/textures/floor.png@600.0x600.0
11:46:09.970 [FXGL Background Thread 1 ] DEBUG AssetLoader          - Loading from cache: /assets/textures/floor.png@600.0x600.0
11:46:09.970 [FXGL Background Thread 1 ] DEBUG AssetLoader          - Loading from cache: /assets/textures/brick.png@40.0x40.0
11:46:09.971 [FXGL Background Thread 1 ] DEBUG AssetLoader          - Loading from cache: /assets/textures/brick.png@40.0x40.0
11:46:09.972 [FXGL Background Thread 1 ] DEBUG AssetLoader          - Loading from cache: /assets/textures/floor.png@600.0x600.0
11:46:09.972 [FXGL Background Thread 1 ] DEBUG AssetLoader          - Loading from cache: /assets/textures/floor.png@600.0x600.0
11:46:09.973 [FXGL Background Thread 1 ] DEBUG AssetLoader          - Loading from cache: /assets/textures/floor.png@600.0x600.0
11:46:09.974 [FXGL Background Thread 1 ] DEBUG AssetLoader          - Loading from cache: /assets/textures/floor.png@600.0x600.0
11:46:09.974 [FXGL Background Thread 1 ] DEBUG AssetLoader          - Loading from cache: /assets/textures/floor.png@600.0x600.0
11:46:09.975 [FXGL Background Thread 1 ] DEBUG AssetLoader          - Loading from cache: /assets/textures/floor.png@600.0x600.0
11:46:09.976 [FXGL Background Thread 1 ] DEBUG AssetLoader          - Loading from cache: /assets/textures/floor.png@600.0x600.0
11:46:09.976 [FXGL Background Thread 1 ] DEBUG AssetLoader          - Loading from cache: /assets/textures/wall.png@40.0x40.0
11:46:09.977 [FXGL Background Thread 1 ] DEBUG AssetLoader          - Loading from cache: /assets/textures/floor.png@600.0x600.0
11:46:09.977 [FXGL Background Thread 1 ] DEBUG AssetLoader          - Loading from cache: /assets/textures/wall.png@40.0x40.0
11:46:09.978 [FXGL Background Thread 1 ] DEBUG AssetLoader          - Loading from cache: /assets/textures/floor.png@600.0x600.0
11:46:09.979 [FXGL Background Thread 1 ] DEBUG AssetLoader          - Loading from cache: /assets/textures/wall.png@40.0x40.0
11:46:09.980 [FXGL Background Thread 1 ] DEBUG AssetLoader          - Loading from cache: /assets/textures/floor.png@600.0x600.0
11:46:09.981 [FXGL Background Thread 1 ] DEBUG AssetLoader          - Loading from cache: /assets/textures/wall.png@40.0x40.0
11:46:09.983 [FXGL Background Thread 1 ] DEBUG AssetLoader          - Loading from cache: /assets/textures/brick.png@40.0x40.0
11:46:09.983 [FXGL Background Thread 1 ] DEBUG AssetLoader          - Loading from cache: /assets/textures/wall.png@40.0x40.0
11:46:09.984 [FXGL Background Thread 1 ] DEBUG AssetLoader          - Loading from cache: /assets/textures/floor.png@600.0x600.0
11:46:09.985 [FXGL Background Thread 1 ] DEBUG AssetLoader          - Loading from cache: /assets/textures/wall.png@40.0x40.0
11:46:09.985 [FXGL Background Thread 1 ] DEBUG AssetLoader          - Loading from cache: /assets/textures/floor.png@600.0x600.0
11:46:09.986 [FXGL Background Thread 1 ] DEBUG AssetLoader          - Loading from cache: /assets/textures/wall.png@40.0x40.0
11:46:09.986 [FXGL Background Thread 1 ] DEBUG AssetLoader          - Loading from cache: /assets/textures/floor.png@600.0x600.0
11:46:09.987 [FXGL Background Thread 1 ] DEBUG AssetLoader          - Loading from cache: /assets/textures/wall.png@40.0x40.0
11:46:09.988 [FXGL Background Thread 1 ] DEBUG AssetLoader          - Loading from cache: /assets/textures/floor.png@600.0x600.0
11:46:09.989 [FXGL Background Thread 1 ] DEBUG AssetLoader          - Loading from cache: /assets/textures/wall.png@40.0x40.0
11:46:09.989 [FXGL Background Thread 1 ] DEBUG AssetLoader          - Loading from cache: /assets/textures/floor.png@600.0x600.0
11:46:09.990 [FXGL Background Thread 1 ] DEBUG AssetLoader          - Loading from cache: /assets/textures/floor.png@600.0x600.0
11:46:09.990 [FXGL Background Thread 1 ] DEBUG AssetLoader          - Loading from cache: /assets/textures/floor.png@600.0x600.0
11:46:09.991 [FXGL Background Thread 1 ] DEBUG AssetLoader          - Loading from cache: /assets/textures/floor.png@600.0x600.0
11:46:09.991 [FXGL Background Thread 1 ] DEBUG AssetLoader          - Loading from cache: /assets/textures/floor.png@600.0x600.0
11:46:09.992 [FXGL Background Thread 1 ] DEBUG AssetLoader          - Loading from cache: /assets/textures/brick.png@40.0x40.0
11:46:09.992 [FXGL Background Thread 1 ] DEBUG AssetLoader          - Loading from cache: /assets/textures/brick.png@40.0x40.0
11:46:09.993 [FXGL Background Thread 1 ] DEBUG AssetLoader          - Loading from cache: /assets/textures/brick.png@40.0x40.0
11:46:09.993 [FXGL Background Thread 1 ] DEBUG AssetLoader          - Loading from cache: /assets/textures/floor.png@600.0x600.0
11:46:09.994 [FXGL Background Thread 1 ] DEBUG AssetLoader          - Loading from cache: /assets/textures/floor.png@600.0x600.0
11:46:09.994 [FXGL Background Thread 1 ] DEBUG AssetLoader          - Loading from cache: /assets/textures/floor.png@600.0x600.0
11:46:09.995 [FXGL Background Thread 1 ] DEBUG AssetLoader          - Loading from cache: /assets/textures/floor.png@600.0x600.0
11:46:09.996 [FXGL Background Thread 1 ] DEBUG AssetLoader          - Loading from cache: /assets/textures/floor.png@600.0x600.0
11:46:09.997 [FXGL Background Thread 1 ] DEBUG AssetLoader          - Loading from cache: /assets/textures/floor.png@600.0x600.0
11:46:09.998 [FXGL Background Thread 1 ] DEBUG AssetLoader          - Loading from cache: /assets/textures/floor.png@600.0x600.0
11:46:09.998 [FXGL Background Thread 1 ] DEBUG AssetLoader          - Loading from cache: /assets/textures/wall.png@40.0x40.0
11:46:09.999 [FXGL Background Thread 1 ] DEBUG AssetLoader          - Loading from cache: /assets/textures/floor.png@600.0x600.0
11:46:09.999 [FXGL Background Thread 1 ] DEBUG AssetLoader          - Loading from cache: /assets/textures/wall.png@40.0x40.0
11:46:09.999 [FXGL Background Thread 1 ] DEBUG AssetLoader          - Loading from cache: /assets/textures/floor.png@600.0x600.0
11:46:10.000 [FXGL Background Thread 1 ] DEBUG AssetLoader          - Loading from cache: /assets/textures/wall.png@40.0x40.0
11:46:10.000 [FXGL Background Thread 1 ] DEBUG AssetLoader          - Loading from cache: /assets/textures/floor.png@600.0x600.0
11:46:10.001 [FXGL Background Thread 1 ] DEBUG AssetLoader          - Loading from cache: /assets/textures/wall.png@40.0x40.0
11:46:10.001 [FXGL Background Thread 1 ] DEBUG AssetLoader          - Loading from cache: /assets/textures/floor.png@600.0x600.0
11:46:10.002 [FXGL Background Thread 1 ] DEBUG AssetLoader          - Loading from cache: /assets/textures/wall.png@40.0x40.0
11:46:10.002 [FXGL Background Thread 1 ] DEBUG AssetLoader          - Loading from cache: /assets/textures/floor.png@600.0x600.0
11:46:10.003 [FXGL Background Thread 1 ] DEBUG AssetLoader          - Loading from cache: /assets/textures/wall.png@40.0x40.0
11:46:10.004 [FXGL Background Thread 1 ] DEBUG AssetLoader          - Loading from cache: /assets/textures/floor.png@600.0x600.0
11:46:10.005 [FXGL Background Thread 1 ] DEBUG AssetLoader          - Loading from cache: /assets/textures/wall.png@40.0x40.0
11:46:10.005 [FXGL Background Thread 1 ] DEBUG AssetLoader          - Loading from cache: /assets/textures/floor.png@600.0x600.0
11:46:10.006 [FXGL Background Thread 1 ] DEBUG AssetLoader          - Loading from cache: /assets/textures/wall.png@40.0x40.0
11:46:10.007 [FXGL Background Thread 1 ] DEBUG AssetLoader          - Loading from cache: /assets/textures/floor.png@600.0x600.0
11:46:10.007 [FXGL Background Thread 1 ] DEBUG AssetLoader          - Loading from cache: /assets/textures/wall.png@40.0x40.0
11:46:10.008 [FXGL Background Thread 1 ] DEBUG AssetLoader          - Loading from cache: /assets/textures/floor.png@600.0x600.0
11:46:10.010 [FXGL Background Thread 1 ] DEBUG AssetLoader          - Loading from cache: /assets/textures/floor.png@600.0x600.0
11:46:10.010 [FXGL Background Thread 1 ] DEBUG AssetLoader          - Loading from cache: /assets/textures/floor.png@600.0x600.0
11:46:10.011 [FXGL Background Thread 1 ] DEBUG AssetLoader          - Loading from cache: /assets/textures/floor.png@600.0x600.0
11:46:10.012 [FXGL Background Thread 1 ] DEBUG AssetLoader          - Loading from cache: /assets/textures/floor.png@600.0x600.0
11:46:10.013 [FXGL Background Thread 1 ] DEBUG AssetLoader          - Loading from cache: /assets/textures/floor.png@600.0x600.0
11:46:10.014 [FXGL Background Thread 1 ] DEBUG AssetLoader          - Loading from cache: /assets/textures/floor.png@600.0x600.0
11:46:10.015 [FXGL Background Thread 1 ] DEBUG AssetLoader          - Loading from cache: /assets/textures/floor.png@600.0x600.0
11:46:10.016 [FXGL Background Thread 1 ] DEBUG AssetLoader          - Loading from cache: /assets/textures/floor.png@600.0x600.0
11:46:10.016 [FXGL Background Thread 1 ] DEBUG AssetLoader          - Loading from cache: /assets/textures/floor.png@600.0x600.0
11:46:10.017 [FXGL Background Thread 1 ] DEBUG AssetLoader          - Loading from cache: /assets/textures/floor.png@600.0x600.0
11:46:10.017 [FXGL Background Thread 1 ] DEBUG AssetLoader          - Loading from cache: /assets/textures/floor.png@600.0x600.0
11:46:10.018 [FXGL Background Thread 1 ] DEBUG AssetLoader          - Loading from cache: /assets/textures/floor.png@600.0x600.0
11:46:10.018 [FXGL Background Thread 1 ] DEBUG AssetLoader          - Loading from cache: /assets/textures/floor.png@600.0x600.0
11:46:10.019 [FXGL Background Thread 1 ] DEBUG AssetLoader          - Loading from cache: /assets/textures/floor.png@600.0x600.0
11:46:10.020 [FXGL Background Thread 1 ] DEBUG AssetLoader          - Loading from cache: /assets/textures/wall.png@40.0x40.0
11:46:10.021 [FXGL Background Thread 1 ] DEBUG AssetLoader          - Loading from cache: /assets/textures/floor.png@600.0x600.0
11:46:10.022 [FXGL Background Thread 1 ] DEBUG AssetLoader          - Loading from cache: /assets/textures/wall.png@40.0x40.0
11:46:10.022 [FXGL Background Thread 1 ] DEBUG AssetLoader          - Loading from cache: /assets/textures/floor.png@600.0x600.0
11:46:10.023 [FXGL Background Thread 1 ] DEBUG AssetLoader          - Loading from cache: /assets/textures/wall.png@40.0x40.0
11:46:10.023 [FXGL Background Thread 1 ] DEBUG AssetLoader          - Loading from cache: /assets/textures/floor.png@600.0x600.0
11:46:10.024 [FXGL Background Thread 1 ] DEBUG AssetLoader          - Loading from cache: /assets/textures/wall.png@40.0x40.0
11:46:10.025 [FXGL Background Thread 1 ] DEBUG AssetLoader          - Loading from cache: /assets/textures/floor.png@600.0x600.0
11:46:10.025 [FXGL Background Thread 1 ] DEBUG AssetLoader          - Loading from cache: /assets/textures/wall.png@40.0x40.0
11:46:10.026 [FXGL Background Thread 1 ] DEBUG AssetLoader          - Loading from cache: /assets/textures/floor.png@600.0x600.0
11:46:10.026 [FXGL Background Thread 1 ] DEBUG AssetLoader          - Loading from cache: /assets/textures/wall.png@40.0x40.0
11:46:10.027 [FXGL Background Thread 1 ] DEBUG AssetLoader          - Loading from cache: /assets/textures/floor.png@600.0x600.0
11:46:10.027 [FXGL Background Thread 1 ] DEBUG AssetLoader          - Loading from cache: /assets/textures/wall.png@40.0x40.0
11:46:10.028 [FXGL Background Thread 1 ] DEBUG AssetLoader          - Loading from cache: /assets/textures/floor.png@600.0x600.0
11:46:10.029 [FXGL Background Thread 1 ] DEBUG AssetLoader          - Loading from cache: /assets/textures/wall.png@40.0x40.0
11:46:10.030 [FXGL Background Thread 1 ] DEBUG AssetLoader          - Loading from cache: /assets/textures/floor.png@600.0x600.0
11:46:10.031 [FXGL Background Thread 1 ] DEBUG AssetLoader          - Loading from cache: /assets/textures/wall.png@40.0x40.0
11:46:10.032 [FXGL Background Thread 1 ] DEBUG AssetLoader          - Loading from cache: /assets/textures/brick.png@40.0x40.0
11:46:10.032 [FXGL Background Thread 1 ] DEBUG AssetLoader          - Loading from cache: /assets/textures/floor.png@600.0x600.0
11:46:10.033 [FXGL Background Thread 1 ] DEBUG AssetLoader          - Loading from cache: /assets/textures/floor.png@600.0x600.0
11:46:10.033 [FXGL Background Thread 1 ] DEBUG AssetLoader          - Loading from cache: /assets/textures/floor.png@600.0x600.0
11:46:10.034 [FXGL Background Thread 1 ] DEBUG AssetLoader          - Loading from cache: /assets/textures/floor.png@600.0x600.0
11:46:10.034 [FXGL Background Thread 1 ] DEBUG AssetLoader          - Loading from cache: /assets/textures/floor.png@600.0x600.0
11:46:10.035 [FXGL Background Thread 1 ] DEBUG AssetLoader          - Loading from cache: /assets/textures/floor.png@600.0x600.0
11:46:10.036 [FXGL Background Thread 1 ] DEBUG AssetLoader          - Loading from cache: /assets/textures/floor.png@600.0x600.0
11:46:10.037 [FXGL Background Thread 1 ] DEBUG AssetLoader          - Loading from cache: /assets/textures/floor.png@600.0x600.0
11:46:10.037 [FXGL Background Thread 1 ] DEBUG AssetLoader          - Loading from cache: /assets/textures/floor.png@600.0x600.0
11:46:10.038 [FXGL Background Thread 1 ] DEBUG AssetLoader          - Loading from cache: /assets/textures/floor.png@600.0x600.0
11:46:10.039 [FXGL Background Thread 1 ] DEBUG AssetLoader          - Loading from cache: /assets/textures/floor.png@600.0x600.0
11:46:10.039 [FXGL Background Thread 1 ] DEBUG AssetLoader          - Loading from cache: /assets/textures/floor.png@600.0x600.0
11:46:10.040 [FXGL Background Thread 1 ] DEBUG AssetLoader          - Loading from cache: /assets/textures/floor.png@600.0x600.0
11:46:10.040 [FXGL Background Thread 1 ] DEBUG AssetLoader          - Loading from cache: /assets/textures/brick.png@40.0x40.0
11:46:10.041 [FXGL Background Thread 1 ] DEBUG AssetLoader          - Loading from cache: /assets/textures/wall.png@40.0x40.0
11:46:10.041 [FXGL Background Thread 1 ] DEBUG AssetLoader          - Loading from cache: /assets/textures/floor.png@600.0x600.0
11:46:10.042 [FXGL Background Thread 1 ] DEBUG AssetLoader          - Loading from cache: /assets/textures/wall.png@40.0x40.0
11:46:10.042 [FXGL Background Thread 1 ] DEBUG AssetLoader          - Loading from cache: /assets/textures/floor.png@600.0x600.0
11:46:10.043 [FXGL Background Thread 1 ] DEBUG AssetLoader          - Loading from cache: /assets/textures/wall.png@40.0x40.0
11:46:10.044 [FXGL Background Thread 1 ] DEBUG AssetLoader          - Loading from cache: /assets/textures/floor.png@600.0x600.0
11:46:10.045 [FXGL Background Thread 1 ] DEBUG AssetLoader          - Loading from cache: /assets/textures/wall.png@40.0x40.0
11:46:10.045 [FXGL Background Thread 1 ] DEBUG AssetLoader          - Loading from cache: /assets/textures/floor.png@600.0x600.0
11:46:10.046 [FXGL Background Thread 1 ] DEBUG AssetLoader          - Loading from cache: /assets/textures/wall.png@40.0x40.0
11:46:10.047 [FXGL Background Thread 1 ] DEBUG AssetLoader          - Loading from cache: /assets/textures/floor.png@600.0x600.0
11:46:10.047 [FXGL Background Thread 1 ] DEBUG AssetLoader          - Loading from cache: /assets/textures/wall.png@40.0x40.0
11:46:10.048 [FXGL Background Thread 1 ] DEBUG AssetLoader          - Loading from cache: /assets/textures/floor.png@600.0x600.0
11:46:10.049 [FXGL Background Thread 1 ] DEBUG AssetLoader          - Loading from cache: /assets/textures/wall.png@40.0x40.0
11:46:10.049 [FXGL Background Thread 1 ] DEBUG AssetLoader          - Loading from cache: /assets/textures/floor.png@600.0x600.0
11:46:10.049 [FXGL Background Thread 1 ] DEBUG AssetLoader          - Loading from cache: /assets/textures/wall.png@40.0x40.0
11:46:10.050 [FXGL Background Thread 1 ] DEBUG AssetLoader          - Loading from cache: /assets/textures/floor.png@600.0x600.0
11:46:10.051 [FXGL Background Thread 1 ] DEBUG AssetLoader          - Loading from cache: /assets/textures/wall.png@40.0x40.0
11:46:10.051 [FXGL Background Thread 1 ] DEBUG AssetLoader          - Loading from cache: /assets/textures/floor.png@600.0x600.0
11:46:10.052 [FXGL Background Thread 1 ] DEBUG AssetLoader          - Loading from cache: /assets/textures/floor.png@600.0x600.0
11:46:10.052 [FXGL Background Thread 1 ] DEBUG AssetLoader          - Loading from cache: /assets/textures/brick.png@40.0x40.0
11:46:10.053 [FXGL Background Thread 1 ] DEBUG AssetLoader          - Loading from cache: /assets/textures/brick.png@40.0x40.0
11:46:10.054 [FXGL Background Thread 1 ] DEBUG AssetLoader          - Loading from cache: /assets/textures/brick.png@40.0x40.0
11:46:10.054 [FXGL Background Thread 1 ] DEBUG AssetLoader          - Loading from cache: /assets/textures/brick.png@40.0x40.0
11:46:10.055 [FXGL Background Thread 1 ] DEBUG AssetLoader          - Loading from cache: /assets/textures/brick.png@40.0x40.0
11:46:10.056 [FXGL Background Thread 1 ] DEBUG AssetLoader          - Loading from cache: /assets/textures/brick.png@40.0x40.0
11:46:10.056 [FXGL Background Thread 1 ] DEBUG AssetLoader          - Loading from cache: /assets/textures/brick.png@40.0x40.0
11:46:10.057 [FXGL Background Thread 1 ] DEBUG AssetLoader          - Loading from cache: /assets/textures/brick.png@40.0x40.0
11:46:10.057 [FXGL Background Thread 1 ] DEBUG AssetLoader          - Loading from cache: /assets/textures/brick.png@40.0x40.0
11:46:10.058 [FXGL Background Thread 1 ] DEBUG AssetLoader          - Loading from cache: /assets/textures/brick.png@40.0x40.0
11:46:10.058 [FXGL Background Thread 1 ] DEBUG AssetLoader          - Loading from cache: /assets/textures/brick.png@40.0x40.0
11:46:10.060 [FXGL Background Thread 1 ] DEBUG AssetLoader          - Loading from cache: /assets/textures/floor.png@600.0x600.0
11:46:10.061 [FXGL Background Thread 1 ] DEBUG AssetLoader          - Loading from cache: /assets/textures/floor.png@600.0x600.0
11:46:10.061 [FXGL Background Thread 1 ] DEBUG AssetLoader          - Loading from cache: /assets/textures/wall.png@40.0x40.0
11:46:10.062 [FXGL Background Thread 1 ] DEBUG AssetLoader          - Loading from cache: /assets/textures/wall.png@40.0x40.0
11:46:10.062 [FXGL Background Thread 1 ] DEBUG AssetLoader          - Loading from cache: /assets/textures/wall.png@40.0x40.0
11:46:10.063 [FXGL Background Thread 1 ] DEBUG AssetLoader          - Loading from cache: /assets/textures/wall.png@40.0x40.0
11:46:10.064 [FXGL Background Thread 1 ] DEBUG AssetLoader          - Loading from cache: /assets/textures/wall.png@40.0x40.0
11:46:10.064 [FXGL Background Thread 1 ] DEBUG AssetLoader          - Loading from cache: /assets/textures/wall.png@40.0x40.0
11:46:10.065 [FXGL Background Thread 1 ] DEBUG AssetLoader          - Loading from cache: /assets/textures/wall.png@40.0x40.0
11:46:10.065 [FXGL Background Thread 1 ] DEBUG AssetLoader          - Loading from cache: /assets/textures/wall.png@40.0x40.0
11:46:10.066 [FXGL Background Thread 1 ] DEBUG AssetLoader          - Loading from cache: /assets/textures/wall.png@40.0x40.0
11:46:10.066 [FXGL Background Thread 1 ] DEBUG AssetLoader          - Loading from cache: /assets/textures/wall.png@40.0x40.0
11:46:10.066 [FXGL Background Thread 1 ] DEBUG AssetLoader          - Loading from cache: /assets/textures/wall.png@40.0x40.0
11:46:10.066 [FXGL Background Thread 1 ] DEBUG AssetLoader          - Loading from cache: /assets/textures/wall.png@40.0x40.0
11:46:10.067 [FXGL Background Thread 1 ] DEBUG AssetLoader          - Loading from cache: /assets/textures/wall.png@40.0x40.0
11:46:10.068 [FXGL Background Thread 1 ] DEBUG AssetLoader          - Loading from cache: /assets/textures/wall.png@40.0x40.0
11:46:10.068 [FXGL Background Thread 1 ] DEBUG AssetLoader          - Loading from cache: /assets/textures/wall.png@40.0x40.0
11:46:10.069 [FXGL Background Thread 1 ] DEBUG AssetLoader          - Loading from cache: /assets/textures/wall.png@40.0x40.0
11:46:10.069 [FXGL Background Thread 1 ] DEBUG AssetLoader          - Loading from cache: /assets/textures/wall.png@40.0x40.0
11:46:10.070 [FXGL Background Thread 1 ] DEBUG GameWorld            - Clearing removable entities
11:46:10.073 [FXGL Background Thread 1 ] DEBUG GameWorld            - Setting level: com.almasb.fxgl.entity.level.Level@3c9bad30
11:46:10.092 [FXGL Background Thread 1 ] DEBUG InitAppTask          - Initializing Physics
11:46:10.092 [FXGL Background Thread 1 ] DEBUG InitAppTask          - Initializing UI
11:46:10.093 [FXGL Background Thread 1 ] DEBUG InitAppTask          - Initialization Complete
11:46:10.093 [FXGL Background Thread 1 ] INFO  InitAppTask          - Game initialization took: 0,285 sec
11:46:10.097 [JavaFX Application Thread] DEBUG Input                - Clearing active input actions
11:46:10.164 [JavaFX Application Thread] DEBUG Engine               - Removing overlay from LoadingScene and adding to GameScene
11:46:10.165 [JavaFX Application Thread] DEBUG MainWindow           - LoadingScene -> GameScene
11:46:38.731 [JavaFX Application Thread] DEBUG Engine               - Exiting FXGL
11:46:38.731 [JavaFX Application Thread] DEBUG Engine               - Shutting down background threads
11:46:38.732 [JavaFX Application Thread] DEBUG Engine               - Saving FXGL system data
11:46:38.735 [JavaFX Application Thread] DEBUG FSServiceImpl        - Writing to: C:\Users\Alejandro\Documents\DAD\Eclipse\Bomberdad\system\fxgl.bundle
11:46:38.738 [JavaFX Application Thread] DEBUG Engine               - Closing logger and exiting JavaFX
