11:53:27.595 [main                     ] DEBUG GameApplication      - Logger initialized
11:53:27.641 [main                     ] DEBUG GameApplication      - Logging settings
Title: Basic Game App
Version: 0.1
Width: 600
Height: 600
Fullscreen: false
Intro: false
Menus: false
Profiling: false
Single step:false
App Mode: DEVELOPER
Menu Key: ESCAPE
Stage Style: DECORATED
Scene Factory: class com.almasb.fxgl.app.SceneFactory
Dialog Factory: class com.almasb.fxgl.ui.FXGLDialogFactory
UI Factory: class com.almasb.fxgl.ui.FXGLUIFactory

11:53:28.283 [JavaFX Application Thread] DEBUG Engine               - Initializing FXGL
11:53:28.283 [JavaFX Application Thread] INFO  Engine               - FXGL-11.7 (05.01.2020 09.37) on WINDOWS (J:11.0.4 FX:11.0.1)
11:53:28.284 [JavaFX Application Thread] INFO  Engine               - Source code and latest versions at: https://github.com/AlmasB/FXGL
11:53:28.284 [JavaFX Application Thread] INFO  Engine               -              Join the FXGL chat at: https://gitter.im/AlmasB/FXGL
11:53:28.285 [JavaFX Application Thread] DEBUG Engine               - Initializing environment variables
11:53:28.288 [JavaFX Application Thread] DEBUG Engine               - Logging environment variables
11:53:28.289 [JavaFX Application Thread] DEBUG Engine               - achievements: []
11:53:28.289 [JavaFX Application Thread] DEBUG Engine               - sceneStack: com.almasb.fxgl.app.Engine@358951bd
11:53:28.289 [JavaFX Application Thread] DEBUG Engine               - isCloseConfirmation: false
11:53:28.290 [JavaFX Application Thread] DEBUG Engine               - language: ObjectProperty [value: ENGLISH]
11:53:28.290 [JavaFX Application Thread] DEBUG Engine               - isProfilingEnabled: false
11:53:28.290 [JavaFX Application Thread] DEBUG Engine               - soundNotification: core/notification.wav
11:53:28.290 [JavaFX Application Thread] DEBUG Engine               - devShowBBoxProperty: BooleanProperty [value: false]
11:53:28.292 [JavaFX Application Thread] DEBUG Engine               - pixelsPerMeter: 50.0
11:53:28.293 [JavaFX Application Thread] DEBUG Engine               - overlayRoot: Group@21a4cfd5
11:53:28.293 [JavaFX Application Thread] DEBUG Engine               - soundMenuBack: menu/back.wav
11:53:28.293 [JavaFX Application Thread] DEBUG Engine               - appIcon: fxgl_icon.png
11:53:28.293 [JavaFX Application Thread] DEBUG Engine               - isFullScreenAllowed: false
11:53:28.294 [JavaFX Application Thread] DEBUG Engine               - isIntroEnabled: false
11:53:28.294 [JavaFX Application Thread] DEBUG Engine               - eventBus: com.almasb.fxgl.event.EventBus@36ec5c46
11:53:28.294 [JavaFX Application Thread] DEBUG Engine               - fontMono: lucida_console.ttf
11:53:28.294 [JavaFX Application Thread] DEBUG Engine               - soundMenuSelect: menu/select.wav
11:53:28.295 [JavaFX Application Thread] DEBUG Engine               - isWindows: true
11:53:28.295 [JavaFX Application Thread] DEBUG Engine               - isMobile: false
11:53:28.295 [JavaFX Application Thread] DEBUG Engine               - height: 600
11:53:28.295 [JavaFX Application Thread] DEBUG Engine               - isExperimentalNative: false
11:53:28.295 [JavaFX Application Thread] DEBUG Engine               - cSSList: [fxgl_dark.css]
11:53:28.296 [JavaFX Application Thread] DEBUG Engine               - isSingleStep: false
11:53:28.296 [JavaFX Application Thread] DEBUG Engine               - fontGame: Abel-Regular.ttf
11:53:28.296 [JavaFX Application Thread] DEBUG Engine               - menuKey: ESCAPE
11:53:28.296 [JavaFX Application Thread] DEBUG Engine               - devShowPositionProperty: BooleanProperty [value: false]
11:53:28.296 [JavaFX Application Thread] DEBUG Engine               - versionCheckDays: 7
11:53:28.297 [JavaFX Application Thread] DEBUG Engine               - masterTimer: com.almasb.fxgl.time.Timer@4997f79f
11:53:28.297 [JavaFX Application Thread] DEBUG Engine               - configClass: Optional.empty
11:53:28.297 [JavaFX Application Thread] DEBUG Engine               - isFullScreenFromStart: false
11:53:28.297 [JavaFX Application Thread] DEBUG Engine               - version: 0.1
11:53:28.297 [JavaFX Application Thread] DEBUG Engine               - fullScreen: BooleanProperty [value: false]
11:53:28.298 [JavaFX Application Thread] DEBUG Engine               - randomSeed: -1
11:53:28.298 [JavaFX Application Thread] DEBUG Engine               - dialogFactory: com.almasb.fxgl.ui.FXGLDialogFactory@63d6e196
11:53:28.298 [JavaFX Application Thread] DEBUG Engine               - applicationMode: DEVELOPER
11:53:28.298 [JavaFX Application Thread] DEBUG Engine               - isMac: false
11:53:28.299 [JavaFX Application Thread] DEBUG Engine               - urlGoogleForms: https://goo.gl/forms/6wrMnOBxTE1fEpOy2
11:53:28.299 [JavaFX Application Thread] DEBUG Engine               - isMenuEnabled: false
11:53:28.299 [JavaFX Application Thread] DEBUG Engine               - urlPOM: https://raw.githubusercontent.com/AlmasB/FXGL/master/pom.xml
11:53:28.299 [JavaFX Application Thread] DEBUG Engine               - profileName: user.profile
11:53:28.299 [JavaFX Application Thread] DEBUG Engine               - notificationViewClass: class com.almasb.fxgl.notification.view.XboxNotificationView
11:53:28.300 [JavaFX Application Thread] DEBUG Engine               - devSensorColorProperty: ObjectProperty [value: 0xffff00ff]
11:53:28.300 [JavaFX Application Thread] DEBUG Engine               - sceneFactory: com.almasb.fxgl.app.SceneFactory@648b505e
11:53:28.300 [JavaFX Application Thread] DEBUG Engine               - dataFileExt: .dat
11:53:28.300 [JavaFX Application Thread] DEBUG Engine               - stageStyle: DECORATED
11:53:28.300 [JavaFX Application Thread] DEBUG Engine               - isManualResizeEnabled: false
11:53:28.301 [JavaFX Application Thread] DEBUG Engine               - title: Basic Game App
11:53:28.301 [JavaFX Application Thread] DEBUG Engine               - platform: WINDOWS
11:53:28.301 [JavaFX Application Thread] DEBUG Engine               - devBBoxColorProperty: ObjectProperty [value: 0xff0000ff]
11:53:28.301 [JavaFX Application Thread] DEBUG Engine               - isDesktop: true
11:53:28.301 [JavaFX Application Thread] DEBUG Engine               - credits: []
11:53:28.302 [JavaFX Application Thread] DEBUG Engine               - globalMusicVolumeProperty: DoubleProperty [value: 0.5]
11:53:28.302 [JavaFX Application Thread] DEBUG Engine               - uIFactory: com.almasb.fxgl.ui.FXGLUIFactory@30512ee5
11:53:28.302 [JavaFX Application Thread] DEBUG Engine               - isPreserveResizeRatio: false
11:53:28.302 [JavaFX Application Thread] DEBUG Engine               - fontText: Courier-Prime.ttf
11:53:28.302 [JavaFX Application Thread] DEBUG Engine               - isExperimentalTiledLargeMap: false
11:53:28.302 [JavaFX Application Thread] DEBUG Engine               - secondsIn24h: 60
11:53:28.302 [JavaFX Application Thread] DEBUG Engine               - runtimeInfo: RuntimeInfo(platform=WINDOWS, version=11.7, build=05.01.2020 09.37)
11:53:28.303 [JavaFX Application Thread] DEBUG Engine               - isLinux: false
11:53:28.303 [JavaFX Application Thread] DEBUG Engine               - soundMenuPress: menu/press.wav
11:53:28.303 [JavaFX Application Thread] DEBUG Engine               - urlGithub: https://github.com/AlmasB/FXGL
11:53:28.303 [JavaFX Application Thread] DEBUG Engine               - profileDir: profiles/
11:53:28.303 [JavaFX Application Thread] DEBUG Engine               - isDeveloperMenuEnabled: false
11:53:28.303 [JavaFX Application Thread] DEBUG Engine               - globalSoundVolumeProperty: DoubleProperty [value: 0.5]
11:53:28.303 [JavaFX Application Thread] DEBUG Engine               - isBrowser: false
11:53:28.304 [JavaFX Application Thread] DEBUG Engine               - globalSoundVolume: 0.5
11:53:28.304 [JavaFX Application Thread] DEBUG Engine               - urlLeaderboard: http://fxgl-top.herokuapp.com/
11:53:28.304 [JavaFX Application Thread] DEBUG Engine               - saveDir: saves/
11:53:28.304 [JavaFX Application Thread] DEBUG Engine               - engineServices: [class com.almasb.fxgl.audio.AudioPlayer, class com.almasb.fxgl.notification.impl.NotificationServiceProvider, class com.almasb.fxgl.achievement.AchievementManager, class com.almasb.fxgl.cutscene.CutsceneService, class com.almasb.fxgl.minigames.MiniGameService]
11:53:28.304 [JavaFX Application Thread] DEBUG Engine               - globalMusicVolume: 0.5
11:53:28.304 [JavaFX Application Thread] DEBUG Engine               - width: 600
11:53:28.305 [JavaFX Application Thread] DEBUG Engine               - saveFileExt: .sav
11:53:28.305 [JavaFX Application Thread] DEBUG Engine               - isAndroid: false
11:53:28.305 [JavaFX Application Thread] DEBUG Engine               - fontUI: VarelaRound-Regular.ttf
11:53:28.305 [JavaFX Application Thread] DEBUG Engine               - enabledMenuItems: []
11:53:28.305 [JavaFX Application Thread] DEBUG Engine               - isIOS: false
11:53:28.308 [JavaFX Application Thread] DEBUG Engine               - Adding new engine service: class com.almasb.fxgl.audio.AudioPlayer
11:53:28.310 [JavaFX Application Thread] DEBUG Engine               - Adding new engine service: class com.almasb.fxgl.notification.impl.NotificationServiceProvider
11:53:28.310 [JavaFX Application Thread] DEBUG Engine               - Adding new engine service: class com.almasb.fxgl.achievement.AchievementManager
11:53:28.312 [JavaFX Application Thread] DEBUG Engine               - Adding new engine service: class com.almasb.fxgl.cutscene.CutsceneService
11:53:28.312 [JavaFX Application Thread] DEBUG Engine               - Adding new engine service: class com.almasb.fxgl.minigames.MiniGameService
11:53:28.315 [JavaFX Application Thread] DEBUG Engine               - Loading localizations
11:53:28.319 [JavaFX Application Thread] DEBUG AssetLoader          - Loading from file system: /assets/properties/languages/english.properties
11:53:28.323 [JavaFX Application Thread] DEBUG AssetLoader          - Loading from file system: /assets/properties/languages/french.properties
11:53:28.325 [JavaFX Application Thread] DEBUG AssetLoader          - Loading from file system: /assets/properties/languages/german.properties
11:53:28.327 [JavaFX Application Thread] DEBUG AssetLoader          - Loading from file system: /assets/properties/languages/russian.properties
11:53:28.330 [JavaFX Application Thread] DEBUG AssetLoader          - Loading from file system: /assets/properties/languages/hungarian.properties
11:53:28.333 [JavaFX Application Thread] DEBUG Engine               - Registering font factories
11:53:28.334 [JavaFX Application Thread] DEBUG AssetLoader          - Loading from file system: /assets/ui/fonts/VarelaRound-Regular.ttf
11:53:28.756 [JavaFX Application Thread] DEBUG AssetLoader          - Loading from file system: /assets/ui/fonts/Abel-Regular.ttf
11:53:28.773 [JavaFX Application Thread] DEBUG AssetLoader          - Loading from file system: /assets/ui/fonts/lucida_console.ttf
11:53:28.777 [JavaFX Application Thread] DEBUG AssetLoader          - Loading from file system: /assets/ui/fonts/Courier-Prime.ttf
11:53:28.782 [JavaFX Application Thread] DEBUG Engine               - Setting UI factory
11:53:28.911 [JavaFX Application Thread] DEBUG AssetLoader          - Loading from file system: /assets/textures/fxgl_logo.png
11:53:29.014 [JavaFX Application Thread] DEBUG MainWindow           - Creating a JavaFX scene
11:53:29.089 [JavaFX Application Thread] DEBUG MainWindow           - Target settings size: 600.0 x 600.0
11:53:29.089 [JavaFX Application Thread] DEBUG MainWindow           - Scaled scene size:    600.0 x 600.0
11:53:29.089 [JavaFX Application Thread] DEBUG MainWindow           - Scaled ratio: (1.0, 1.0)
11:53:29.091 [JavaFX Application Thread] DEBUG MainWindow           - Set initial scene to FXGLStartupScene
11:53:29.103 [JavaFX Application Thread] DEBUG AssetLoader          - Loading from file system: /assets/textures/fxgl_icon.png
11:53:29.127 [JavaFX Application Thread] DEBUG Engine               - Applying CSS: fxgl_dark.css
11:53:29.128 [JavaFX Application Thread] DEBUG AssetLoader          - Loading from file system: /assets/ui/css/fxgl_dark.css
11:53:29.135 [JavaFX Application Thread] DEBUG AssetLoader          - Loading from file system: /assets/ui/cursors/fxgl_default.png
11:53:29.138 [JavaFX Application Thread] DEBUG MainWindow           - Opening main window
11:53:29.331 [JavaFX Application Thread] DEBUG MainWindow           - Window border size: (16.0, 39.0)
11:53:29.332 [JavaFX Application Thread] DEBUG MainWindow           - Scaled size: 600.0 x 600.0
11:53:29.332 [JavaFX Application Thread] DEBUG MainWindow           - Scaled ratio: (1.0, 1.0)
11:53:29.332 [JavaFX Application Thread] DEBUG MainWindow           - Scene size: 600.0 x 600.0
11:53:29.332 [JavaFX Application Thread] DEBUG MainWindow           - Stage size: 616.0 x 639.0
11:53:29.381 [FXGL Background Thread 1 ] DEBUG FS                   - Loaded FSServiceImpl
11:53:29.382 [FXGL Background Thread 1 ] DEBUG Engine               - Loading FXGL system data
11:53:29.407 [FXGL Background Thread 1 ] DEBUG FSServiceImpl        - Reading from: C:\Users\Pablo\Desktop\OneDrive\DAM2\DAD\Eclipse19\Bomberdad\system\fxgl.bundle
11:53:29.419 [FXGL Background Thread 1 ] DEBUG Engine               - Bundle FXGL: {}
11:53:29.420 [FXGL Background Thread 1 ] DEBUG Engine               - Initializing application scenes
11:53:29.493 [FXGL Background Thread 1 ] DEBUG GameWorld            - Game world initialized
11:53:29.580 [FXGL Background Thread 1 ] DEBUG PhysicsWorld         - Physics world initialized: appHeight=600, physics.ppm=50,0
11:53:29.583 [FXGL Background Thread 1 ] DEBUG GameScene            - Game scene initialized: 600x600
11:53:29.631 [FXGL Background Thread 1 ] DEBUG Input                - Registered new binding: Resume - Esc
11:53:29.631 [FXGL Background Thread 1 ] DEBUG AssetLoader          - Loading from file system: /assets/textures/pause_menu_bg.png
11:53:29.687 [FXGL Background Thread 1 ] DEBUG Input                - Registered new binding: Pause - Esc
11:53:29.688 [FXGL Background Thread 1 ] DEBUG Engine               - Application scenes initialized
11:53:29.692 [JavaFX Application Thread] DEBUG Engine               - Running preInit()
11:53:29.692 [JavaFX Application Thread] DEBUG Input                - Registered new binding: Move Right - D
11:53:29.693 [JavaFX Application Thread] DEBUG Input                - Registered new binding: Move Left - A
11:53:29.693 [JavaFX Application Thread] DEBUG Input                - Registered new binding: Move Up - W
11:53:29.693 [JavaFX Application Thread] DEBUG Input                - Registered new binding: Move Down - S
11:53:29.694 [JavaFX Application Thread] DEBUG Input                - Registered new binding: Screenshot - P
11:53:29.695 [JavaFX Application Thread] DEBUG Input                - Registered new binding: System info dump - CTRL+9
11:53:29.695 [JavaFX Application Thread] DEBUG Input                - Registered new binding: Restart - CTRL+R
11:53:29.696 [JavaFX Application Thread] DEBUG Engine               - generateDefaultProfile()
11:53:29.696 [JavaFX Application Thread] DEBUG Engine               - Creating default profile
11:53:29.696 [JavaFX Application Thread] DEBUG EventBus             - Firing event: SaveEvent
11:53:29.713 [JavaFX Application Thread] INFO  Engine               - FXGL initialization took: 1,397 sec
11:53:29.713 [JavaFX Application Thread] DEBUG LoopRunner           - Starting loop
11:53:29.730 [JavaFX Application Thread] DEBUG FXGLStartupScene     - STARTUP
11:53:29.731 [JavaFX Application Thread] DEBUG Engine               - Starting new game
11:53:29.742 [JavaFX Application Thread] DEBUG Input                - Clearing active input actions
11:53:29.744 [FXGL Background Thread 1 ] DEBUG InitAppTask          - Clearing previous game
11:53:29.744 [FXGL Background Thread 1 ] DEBUG GameWorld            - Clearing game world
11:53:29.744 [FXGL Background Thread 1 ] DEBUG PhysicsWorld         - Clearing physics world
11:53:29.744 [FXGL Background Thread 1 ] DEBUG GameScene            - Clearing game scene
11:53:29.747 [FXGL Background Thread 1 ] DEBUG InitAppTask          - Initializing Game
11:53:29.756 [FXGL Background Thread 1 ] DEBUG InitAppTask          - Initializing Physics
11:53:29.756 [FXGL Background Thread 1 ] DEBUG InitAppTask          - Initializing UI
11:53:29.770 [JavaFX Application Thread] DEBUG Engine               - Removing overlay from FXGLStartupScene and adding to LoadingScene
11:53:29.771 [JavaFX Application Thread] DEBUG MainWindow           - FXGLStartupScene -> LoadingScene
11:53:29.834 [FXGL Background Thread 1 ] DEBUG InitAppTask          - Initialization Complete
11:53:29.835 [FXGL Background Thread 1 ] INFO  InitAppTask          - Game initialization took: 0,091 sec
11:53:29.901 [JavaFX Application Thread] DEBUG Input                - Clearing active input actions
11:53:29.929 [JavaFX Application Thread] DEBUG Engine               - Removing overlay from LoadingScene and adding to GameScene
11:53:29.937 [JavaFX Application Thread] DEBUG MainWindow           - LoadingScene -> GameScene
11:53:55.805 [JavaFX Application Thread] DEBUG Engine               - Exiting FXGL
11:53:55.805 [JavaFX Application Thread] DEBUG Engine               - Shutting down background threads
11:53:55.805 [JavaFX Application Thread] DEBUG Engine               - Saving FXGL system data
11:53:55.808 [JavaFX Application Thread] DEBUG FSServiceImpl        - Writing to: C:\Users\Pablo\Desktop\OneDrive\DAM2\DAD\Eclipse19\Bomberdad\system\fxgl.bundle
11:53:55.811 [JavaFX Application Thread] DEBUG Engine               - Closing logger and exiting JavaFX
