12:41:21.876 [main                     ] DEBUG GameApplication      - Logger initialized
12:41:21.920 [main                     ] DEBUG GameApplication      - Logging settings
Title: BomberDAD
Version: 0.1
Width: 600
Height: 600
Fullscreen: false
Intro: false
Menus: false
Profiling: false
Single step:false
App Mode: DEVELOPER
Menu Key: ESCAPE
Stage Style: DECORATED
Scene Factory: class com.almasb.fxgl.app.SceneFactory
Dialog Factory: class com.almasb.fxgl.ui.FXGLDialogFactory
UI Factory: class com.almasb.fxgl.ui.FXGLUIFactory

12:41:22.445 [JavaFX Application Thread] DEBUG Engine               - Initializing FXGL
12:41:22.445 [JavaFX Application Thread] INFO  Engine               - FXGL-11.7 (05.01.2020 09.37) on WINDOWS (J:11.0.4 FX:11.0.1)
12:41:22.446 [JavaFX Application Thread] INFO  Engine               - Source code and latest versions at: https://github.com/AlmasB/FXGL
12:41:22.446 [JavaFX Application Thread] INFO  Engine               -              Join the FXGL chat at: https://gitter.im/AlmasB/FXGL
12:41:22.446 [JavaFX Application Thread] DEBUG Engine               - Initializing environment variables
12:41:22.450 [JavaFX Application Thread] DEBUG Engine               - Logging environment variables
12:41:22.450 [JavaFX Application Thread] DEBUG Engine               - achievements: []
12:41:22.450 [JavaFX Application Thread] DEBUG Engine               - sceneStack: com.almasb.fxgl.app.Engine@4a09f717
12:41:22.450 [JavaFX Application Thread] DEBUG Engine               - language: ObjectProperty [value: ENGLISH]
12:41:22.451 [JavaFX Application Thread] DEBUG Engine               - isCloseConfirmation: false
12:41:22.451 [JavaFX Application Thread] DEBUG Engine               - isProfilingEnabled: false
12:41:22.451 [JavaFX Application Thread] DEBUG Engine               - soundNotification: core/notification.wav
12:41:22.451 [JavaFX Application Thread] DEBUG Engine               - devShowBBoxProperty: BooleanProperty [value: false]
12:41:22.453 [JavaFX Application Thread] DEBUG Engine               - pixelsPerMeter: 50.0
12:41:22.454 [JavaFX Application Thread] DEBUG Engine               - overlayRoot: Group@5178000a
12:41:22.454 [JavaFX Application Thread] DEBUG Engine               - soundMenuBack: menu/back.wav
12:41:22.454 [JavaFX Application Thread] DEBUG Engine               - appIcon: fxgl_icon.png
12:41:22.454 [JavaFX Application Thread] DEBUG Engine               - isFullScreenAllowed: false
12:41:22.454 [JavaFX Application Thread] DEBUG Engine               - isIntroEnabled: false
12:41:22.455 [JavaFX Application Thread] DEBUG Engine               - eventBus: com.almasb.fxgl.event.EventBus@4814b695
12:41:22.455 [JavaFX Application Thread] DEBUG Engine               - fontMono: lucida_console.ttf
12:41:22.455 [JavaFX Application Thread] DEBUG Engine               - soundMenuSelect: menu/select.wav
12:41:22.455 [JavaFX Application Thread] DEBUG Engine               - isWindows: true
12:41:22.455 [JavaFX Application Thread] DEBUG Engine               - isMobile: false
12:41:22.456 [JavaFX Application Thread] DEBUG Engine               - height: 600
12:41:22.456 [JavaFX Application Thread] DEBUG Engine               - isExperimentalNative: false
12:41:22.456 [JavaFX Application Thread] DEBUG Engine               - isSingleStep: false
12:41:22.456 [JavaFX Application Thread] DEBUG Engine               - cSSList: [fxgl_dark.css]
12:41:22.456 [JavaFX Application Thread] DEBUG Engine               - fontGame: Abel-Regular.ttf
12:41:22.456 [JavaFX Application Thread] DEBUG Engine               - menuKey: ESCAPE
12:41:22.457 [JavaFX Application Thread] DEBUG Engine               - devShowPositionProperty: BooleanProperty [value: false]
12:41:22.457 [JavaFX Application Thread] DEBUG Engine               - versionCheckDays: 7
12:41:22.457 [JavaFX Application Thread] DEBUG Engine               - masterTimer: com.almasb.fxgl.time.Timer@4d2041cf
12:41:22.457 [JavaFX Application Thread] DEBUG Engine               - configClass: Optional.empty
12:41:22.457 [JavaFX Application Thread] DEBUG Engine               - isFullScreenFromStart: false
12:41:22.457 [JavaFX Application Thread] DEBUG Engine               - version: 0.1
12:41:22.458 [JavaFX Application Thread] DEBUG Engine               - fullScreen: BooleanProperty [value: false]
12:41:22.458 [JavaFX Application Thread] DEBUG Engine               - randomSeed: -1
12:41:22.458 [JavaFX Application Thread] DEBUG Engine               - dialogFactory: com.almasb.fxgl.ui.FXGLDialogFactory@193f2692
12:41:22.458 [JavaFX Application Thread] DEBUG Engine               - applicationMode: DEVELOPER
12:41:22.458 [JavaFX Application Thread] DEBUG Engine               - isMac: false
12:41:22.459 [JavaFX Application Thread] DEBUG Engine               - urlGoogleForms: https://goo.gl/forms/6wrMnOBxTE1fEpOy2
12:41:22.459 [JavaFX Application Thread] DEBUG Engine               - isMenuEnabled: false
12:41:22.459 [JavaFX Application Thread] DEBUG Engine               - profileName: user.profile
12:41:22.459 [JavaFX Application Thread] DEBUG Engine               - urlPOM: https://raw.githubusercontent.com/AlmasB/FXGL/master/pom.xml
12:41:22.459 [JavaFX Application Thread] DEBUG Engine               - notificationViewClass: class com.almasb.fxgl.notification.view.XboxNotificationView
12:41:22.460 [JavaFX Application Thread] DEBUG Engine               - devSensorColorProperty: ObjectProperty [value: 0xffff00ff]
12:41:22.460 [JavaFX Application Thread] DEBUG Engine               - sceneFactory: com.almasb.fxgl.app.SceneFactory@8561def
12:41:22.460 [JavaFX Application Thread] DEBUG Engine               - dataFileExt: .dat
12:41:22.460 [JavaFX Application Thread] DEBUG Engine               - stageStyle: DECORATED
12:41:22.460 [JavaFX Application Thread] DEBUG Engine               - isManualResizeEnabled: false
12:41:22.460 [JavaFX Application Thread] DEBUG Engine               - title: BomberDAD
12:41:22.461 [JavaFX Application Thread] DEBUG Engine               - platform: WINDOWS
12:41:22.461 [JavaFX Application Thread] DEBUG Engine               - devBBoxColorProperty: ObjectProperty [value: 0xff0000ff]
12:41:22.461 [JavaFX Application Thread] DEBUG Engine               - isDesktop: true
12:41:22.461 [JavaFX Application Thread] DEBUG Engine               - credits: []
12:41:22.461 [JavaFX Application Thread] DEBUG Engine               - globalMusicVolumeProperty: DoubleProperty [value: 0.5]
12:41:22.462 [JavaFX Application Thread] DEBUG Engine               - uIFactory: com.almasb.fxgl.ui.FXGLUIFactory@651bb26e
12:41:22.462 [JavaFX Application Thread] DEBUG Engine               - isPreserveResizeRatio: false
12:41:22.462 [JavaFX Application Thread] DEBUG Engine               - fontText: Courier-Prime.ttf
12:41:22.462 [JavaFX Application Thread] DEBUG Engine               - isExperimentalTiledLargeMap: false
12:41:22.462 [JavaFX Application Thread] DEBUG Engine               - secondsIn24h: 60
12:41:22.462 [JavaFX Application Thread] DEBUG Engine               - runtimeInfo: RuntimeInfo(platform=WINDOWS, version=11.7, build=05.01.2020 09.37)
12:41:22.462 [JavaFX Application Thread] DEBUG Engine               - isLinux: false
12:41:22.463 [JavaFX Application Thread] DEBUG Engine               - soundMenuPress: menu/press.wav
12:41:22.463 [JavaFX Application Thread] DEBUG Engine               - urlGithub: https://github.com/AlmasB/FXGL
12:41:22.463 [JavaFX Application Thread] DEBUG Engine               - profileDir: profiles/
12:41:22.463 [JavaFX Application Thread] DEBUG Engine               - isDeveloperMenuEnabled: false
12:41:22.463 [JavaFX Application Thread] DEBUG Engine               - globalSoundVolumeProperty: DoubleProperty [value: 0.5]
12:41:22.463 [JavaFX Application Thread] DEBUG Engine               - isBrowser: false
12:41:22.464 [JavaFX Application Thread] DEBUG Engine               - urlLeaderboard: http://fxgl-top.herokuapp.com/
12:41:22.464 [JavaFX Application Thread] DEBUG Engine               - globalSoundVolume: 0.5
12:41:22.464 [JavaFX Application Thread] DEBUG Engine               - saveDir: saves/
12:41:22.464 [JavaFX Application Thread] DEBUG Engine               - engineServices: [class com.almasb.fxgl.audio.AudioPlayer, class com.almasb.fxgl.notification.impl.NotificationServiceProvider, class com.almasb.fxgl.achievement.AchievementManager, class com.almasb.fxgl.cutscene.CutsceneService, class com.almasb.fxgl.minigames.MiniGameService]
12:41:22.464 [JavaFX Application Thread] DEBUG Engine               - globalMusicVolume: 0.5
12:41:22.464 [JavaFX Application Thread] DEBUG Engine               - width: 600
12:41:22.465 [JavaFX Application Thread] DEBUG Engine               - saveFileExt: .sav
12:41:22.465 [JavaFX Application Thread] DEBUG Engine               - isAndroid: false
12:41:22.465 [JavaFX Application Thread] DEBUG Engine               - fontUI: VarelaRound-Regular.ttf
12:41:22.465 [JavaFX Application Thread] DEBUG Engine               - enabledMenuItems: []
12:41:22.465 [JavaFX Application Thread] DEBUG Engine               - isIOS: false
12:41:22.469 [JavaFX Application Thread] DEBUG Engine               - Adding new engine service: class com.almasb.fxgl.audio.AudioPlayer
12:41:22.471 [JavaFX Application Thread] DEBUG Engine               - Adding new engine service: class com.almasb.fxgl.notification.impl.NotificationServiceProvider
12:41:22.471 [JavaFX Application Thread] DEBUG Engine               - Adding new engine service: class com.almasb.fxgl.achievement.AchievementManager
12:41:22.473 [JavaFX Application Thread] DEBUG Engine               - Adding new engine service: class com.almasb.fxgl.cutscene.CutsceneService
12:41:22.473 [JavaFX Application Thread] DEBUG Engine               - Adding new engine service: class com.almasb.fxgl.minigames.MiniGameService
12:41:22.478 [JavaFX Application Thread] DEBUG Engine               - Loading localizations
12:41:22.482 [JavaFX Application Thread] DEBUG AssetLoader          - Loading from file system: /assets/properties/languages/english.properties
12:41:22.485 [JavaFX Application Thread] DEBUG AssetLoader          - Loading from file system: /assets/properties/languages/french.properties
12:41:22.488 [JavaFX Application Thread] DEBUG AssetLoader          - Loading from file system: /assets/properties/languages/german.properties
12:41:22.489 [JavaFX Application Thread] DEBUG AssetLoader          - Loading from file system: /assets/properties/languages/russian.properties
12:41:22.492 [JavaFX Application Thread] DEBUG AssetLoader          - Loading from file system: /assets/properties/languages/hungarian.properties
12:41:22.495 [JavaFX Application Thread] DEBUG Engine               - Registering font factories
12:41:22.496 [JavaFX Application Thread] DEBUG AssetLoader          - Loading from file system: /assets/ui/fonts/VarelaRound-Regular.ttf
12:41:22.840 [JavaFX Application Thread] DEBUG AssetLoader          - Loading from file system: /assets/ui/fonts/Abel-Regular.ttf
12:41:22.843 [JavaFX Application Thread] DEBUG AssetLoader          - Loading from file system: /assets/ui/fonts/lucida_console.ttf
12:41:22.847 [JavaFX Application Thread] DEBUG AssetLoader          - Loading from file system: /assets/ui/fonts/Courier-Prime.ttf
12:41:22.852 [JavaFX Application Thread] DEBUG Engine               - Setting UI factory
12:41:22.973 [JavaFX Application Thread] DEBUG AssetLoader          - Loading from file system: /assets/textures/fxgl_logo.png
12:41:23.067 [JavaFX Application Thread] DEBUG MainWindow           - Creating a JavaFX scene
12:41:23.131 [JavaFX Application Thread] DEBUG MainWindow           - Target settings size: 600.0 x 600.0
12:41:23.131 [JavaFX Application Thread] DEBUG MainWindow           - Scaled scene size:    600.0 x 600.0
12:41:23.131 [JavaFX Application Thread] DEBUG MainWindow           - Scaled ratio: (1.0, 1.0)
12:41:23.134 [JavaFX Application Thread] DEBUG MainWindow           - Set initial scene to FXGLStartupScene
12:41:23.146 [JavaFX Application Thread] DEBUG AssetLoader          - Loading from file system: /assets/textures/fxgl_icon.png
12:41:23.166 [JavaFX Application Thread] DEBUG Engine               - Applying CSS: fxgl_dark.css
12:41:23.166 [JavaFX Application Thread] DEBUG AssetLoader          - Loading from file system: /assets/ui/css/fxgl_dark.css
12:41:23.172 [JavaFX Application Thread] DEBUG AssetLoader          - Loading from file system: /assets/ui/cursors/fxgl_default.png
12:41:23.174 [JavaFX Application Thread] DEBUG MainWindow           - Opening main window
12:41:23.378 [JavaFX Application Thread] DEBUG MainWindow           - Window border size: (16.0, 39.0)
12:41:23.378 [JavaFX Application Thread] DEBUG MainWindow           - Scaled size: 600.0 x 600.0
12:41:23.378 [JavaFX Application Thread] DEBUG MainWindow           - Scaled ratio: (1.0, 1.0)
12:41:23.379 [JavaFX Application Thread] DEBUG MainWindow           - Scene size: 600.0 x 600.0
12:41:23.379 [JavaFX Application Thread] DEBUG MainWindow           - Stage size: 616.0 x 639.0
12:41:23.419 [FXGL Background Thread 1 ] DEBUG FS                   - Loaded FSServiceImpl
12:41:23.420 [FXGL Background Thread 1 ] DEBUG Engine               - Loading FXGL system data
12:41:23.447 [FXGL Background Thread 1 ] DEBUG FSServiceImpl        - Reading from: C:\Users\Pablo\Desktop\OneDrive\DAM2\DAD\Eclipse19\Bomberdad\system\fxgl.bundle
12:41:23.459 [FXGL Background Thread 1 ] DEBUG Engine               - Bundle FXGL: {}
12:41:23.460 [FXGL Background Thread 1 ] DEBUG Engine               - Initializing application scenes
12:41:23.557 [FXGL Background Thread 1 ] DEBUG GameWorld            - Game world initialized
12:41:23.647 [FXGL Background Thread 1 ] DEBUG PhysicsWorld         - Physics world initialized: appHeight=600, physics.ppm=50,0
12:41:23.650 [FXGL Background Thread 1 ] DEBUG GameScene            - Game scene initialized: 600x600
12:41:23.711 [FXGL Background Thread 1 ] DEBUG Input                - Registered new binding: Resume - Esc
12:41:23.713 [FXGL Background Thread 1 ] DEBUG AssetLoader          - Loading from file system: /assets/textures/pause_menu_bg.png
12:41:23.755 [FXGL Background Thread 1 ] DEBUG Input                - Registered new binding: Pause - Esc
12:41:23.755 [FXGL Background Thread 1 ] DEBUG Engine               - Application scenes initialized
12:41:23.760 [JavaFX Application Thread] DEBUG Engine               - Running preInit()
12:41:23.760 [JavaFX Application Thread] DEBUG Input                - Registered new binding: Move Up - W
12:41:23.760 [JavaFX Application Thread] DEBUG Input                - Registered new binding: Move Left - A
12:41:23.760 [JavaFX Application Thread] DEBUG Input                - Registered new binding: Move Down - S
12:41:23.760 [JavaFX Application Thread] DEBUG Input                - Registered new binding: Move Right - D
12:41:23.761 [JavaFX Application Thread] DEBUG Input                - Registered new binding: Place Bomb - F
12:41:23.761 [JavaFX Application Thread] DEBUG Input                - Registered new binding: Move Up2 - Up
12:41:23.761 [JavaFX Application Thread] DEBUG Input                - Registered new binding: Move Left2 - Left
12:41:23.761 [JavaFX Application Thread] DEBUG Input                - Registered new binding: Move Down2 - Down
12:41:23.761 [JavaFX Application Thread] DEBUG Input                - Registered new binding: Move Right2 - Right
12:41:23.761 [JavaFX Application Thread] DEBUG Input                - Registered new binding: Place Bomb2S - Enter
12:41:23.763 [JavaFX Application Thread] DEBUG Input                - Registered new binding: Screenshot - P
12:41:23.763 [JavaFX Application Thread] DEBUG Input                - Registered new binding: System info dump - CTRL+9
12:41:23.764 [JavaFX Application Thread] DEBUG Input                - Registered new binding: Restart - CTRL+R
12:41:23.764 [JavaFX Application Thread] DEBUG Engine               - generateDefaultProfile()
12:41:23.764 [JavaFX Application Thread] DEBUG Engine               - Creating default profile
12:41:23.765 [JavaFX Application Thread] DEBUG EventBus             - Firing event: SaveEvent
12:41:23.784 [JavaFX Application Thread] INFO  Engine               - FXGL initialization took: 1,306 sec
12:41:23.785 [JavaFX Application Thread] DEBUG LoopRunner           - Starting loop
12:41:23.799 [JavaFX Application Thread] DEBUG FXGLStartupScene     - STARTUP
12:41:23.799 [JavaFX Application Thread] DEBUG Engine               - Starting new game
12:41:23.813 [JavaFX Application Thread] DEBUG Input                - Clearing active input actions
12:41:23.813 [FXGL Background Thread 1 ] DEBUG InitAppTask          - Clearing previous game
12:41:23.813 [FXGL Background Thread 1 ] DEBUG GameWorld            - Clearing game world
12:41:23.814 [FXGL Background Thread 1 ] DEBUG PhysicsWorld         - Clearing physics world
12:41:23.814 [FXGL Background Thread 1 ] DEBUG GameScene            - Clearing game scene
12:41:23.814 [FXGL Background Thread 1 ] DEBUG InitAppTask          - Initializing Game
12:41:23.834 [JavaFX Application Thread] DEBUG Engine               - Removing overlay from FXGLStartupScene and adding to LoadingScene
12:41:23.834 [JavaFX Application Thread] DEBUG MainWindow           - FXGLStartupScene -> LoadingScene
12:41:23.859 [FXGL Background Thread 1 ] DEBUG AssetLoader          - Loading from file system: /assets/levels/0.txt
12:41:23.874 [FXGL Background Thread 1 ] DEBUG AssetLoader          - Loading from file system: /assets/textures/floor.png
12:41:23.881 [FXGL Background Thread 1 ] DEBUG AssetLoader          - Loading from cache: /assets/textures/floor.png@40.0x40.0
12:41:23.887 [FXGL Background Thread 1 ] DEBUG AssetLoader          - Loading from file system: /assets/textures/brick.png
12:41:23.891 [FXGL Background Thread 1 ] DEBUG AssetLoader          - Loading from cache: /assets/textures/brick.png@40.0x40.0
12:41:23.898 [FXGL Background Thread 1 ] DEBUG AssetLoader          - Loading from cache: /assets/textures/brick.png@40.0x40.0
12:41:23.900 [FXGL Background Thread 1 ] DEBUG AssetLoader          - Loading from cache: /assets/textures/brick.png@40.0x40.0
12:41:23.902 [FXGL Background Thread 1 ] DEBUG AssetLoader          - Loading from cache: /assets/textures/brick.png@40.0x40.0
12:41:23.922 [FXGL Background Thread 1 ] DEBUG AssetLoader          - Loading from cache: /assets/textures/brick.png@40.0x40.0
12:41:23.923 [FXGL Background Thread 1 ] DEBUG AssetLoader          - Loading from cache: /assets/textures/brick.png@40.0x40.0
12:41:23.924 [FXGL Background Thread 1 ] DEBUG AssetLoader          - Loading from cache: /assets/textures/brick.png@40.0x40.0
12:41:23.925 [FXGL Background Thread 1 ] DEBUG AssetLoader          - Loading from cache: /assets/textures/brick.png@40.0x40.0
12:41:23.927 [FXGL Background Thread 1 ] DEBUG AssetLoader          - Loading from cache: /assets/textures/brick.png@40.0x40.0
12:41:23.928 [FXGL Background Thread 1 ] DEBUG AssetLoader          - Loading from cache: /assets/textures/brick.png@40.0x40.0
12:41:23.929 [FXGL Background Thread 1 ] DEBUG AssetLoader          - Loading from cache: /assets/textures/floor.png@40.0x40.0
12:41:23.930 [FXGL Background Thread 1 ] DEBUG AssetLoader          - Loading from cache: /assets/textures/floor.png@40.0x40.0
12:41:23.931 [FXGL Background Thread 1 ] DEBUG AssetLoader          - Loading from cache: /assets/textures/floor.png@40.0x40.0
12:41:23.932 [FXGL Background Thread 1 ] DEBUG AssetLoader          - Loading from file system: /assets/textures/wall.png
12:41:23.934 [FXGL Background Thread 1 ] DEBUG AssetLoader          - Loading from cache: /assets/textures/floor.png@40.0x40.0
12:41:23.939 [FXGL Background Thread 1 ] DEBUG AssetLoader          - Loading from cache: /assets/textures/wall.png@40.0x40.0
12:41:23.940 [FXGL Background Thread 1 ] DEBUG AssetLoader          - Loading from cache: /assets/textures/floor.png@40.0x40.0
12:41:23.944 [FXGL Background Thread 1 ] DEBUG AssetLoader          - Loading from cache: /assets/textures/wall.png@40.0x40.0
12:41:23.945 [FXGL Background Thread 1 ] DEBUG AssetLoader          - Loading from cache: /assets/textures/floor.png@40.0x40.0
12:41:23.946 [FXGL Background Thread 1 ] DEBUG AssetLoader          - Loading from cache: /assets/textures/wall.png@40.0x40.0
12:41:23.947 [FXGL Background Thread 1 ] DEBUG AssetLoader          - Loading from cache: /assets/textures/floor.png@40.0x40.0
12:41:23.948 [FXGL Background Thread 1 ] DEBUG AssetLoader          - Loading from cache: /assets/textures/wall.png@40.0x40.0
12:41:23.949 [FXGL Background Thread 1 ] DEBUG AssetLoader          - Loading from cache: /assets/textures/floor.png@40.0x40.0
12:41:23.950 [FXGL Background Thread 1 ] DEBUG AssetLoader          - Loading from cache: /assets/textures/wall.png@40.0x40.0
12:41:23.951 [FXGL Background Thread 1 ] DEBUG AssetLoader          - Loading from cache: /assets/textures/floor.png@40.0x40.0
12:41:23.951 [FXGL Background Thread 1 ] DEBUG AssetLoader          - Loading from cache: /assets/textures/wall.png@40.0x40.0
12:41:23.952 [FXGL Background Thread 1 ] DEBUG AssetLoader          - Loading from cache: /assets/textures/floor.png@40.0x40.0
12:41:23.953 [FXGL Background Thread 1 ] DEBUG AssetLoader          - Loading from cache: /assets/textures/brick.png@40.0x40.0
12:41:23.954 [FXGL Background Thread 1 ] DEBUG AssetLoader          - Loading from cache: /assets/textures/floor.png@40.0x40.0
12:41:23.955 [FXGL Background Thread 1 ] DEBUG AssetLoader          - Loading from cache: /assets/textures/floor.png@40.0x40.0
12:41:23.956 [FXGL Background Thread 1 ] DEBUG AssetLoader          - Loading from cache: /assets/textures/floor.png@40.0x40.0
12:41:23.957 [FXGL Background Thread 1 ] DEBUG AssetLoader          - Loading from cache: /assets/textures/floor.png@40.0x40.0
12:41:23.958 [FXGL Background Thread 1 ] DEBUG AssetLoader          - Loading from cache: /assets/textures/floor.png@40.0x40.0
12:41:23.959 [FXGL Background Thread 1 ] DEBUG AssetLoader          - Loading from cache: /assets/textures/floor.png@40.0x40.0
12:41:23.960 [FXGL Background Thread 1 ] DEBUG AssetLoader          - Loading from cache: /assets/textures/floor.png@40.0x40.0
12:41:23.961 [FXGL Background Thread 1 ] DEBUG AssetLoader          - Loading from cache: /assets/textures/floor.png@40.0x40.0
12:41:23.961 [FXGL Background Thread 1 ] DEBUG AssetLoader          - Loading from cache: /assets/textures/floor.png@40.0x40.0
12:41:23.962 [FXGL Background Thread 1 ] DEBUG AssetLoader          - Loading from cache: /assets/textures/floor.png@40.0x40.0
12:41:23.963 [FXGL Background Thread 1 ] DEBUG AssetLoader          - Loading from cache: /assets/textures/floor.png@40.0x40.0
12:41:23.964 [FXGL Background Thread 1 ] DEBUG AssetLoader          - Loading from cache: /assets/textures/floor.png@40.0x40.0
12:41:23.965 [FXGL Background Thread 1 ] DEBUG AssetLoader          - Loading from cache: /assets/textures/floor.png@40.0x40.0
12:41:23.966 [FXGL Background Thread 1 ] DEBUG AssetLoader          - Loading from cache: /assets/textures/brick.png@40.0x40.0
12:41:23.967 [FXGL Background Thread 1 ] DEBUG AssetLoader          - Loading from cache: /assets/textures/floor.png@40.0x40.0
12:41:23.968 [FXGL Background Thread 1 ] DEBUG AssetLoader          - Loading from cache: /assets/textures/wall.png@40.0x40.0
12:41:23.969 [FXGL Background Thread 1 ] DEBUG AssetLoader          - Loading from cache: /assets/textures/floor.png@40.0x40.0
12:41:23.970 [FXGL Background Thread 1 ] DEBUG AssetLoader          - Loading from cache: /assets/textures/wall.png@40.0x40.0
12:41:23.972 [FXGL Background Thread 1 ] DEBUG AssetLoader          - Loading from cache: /assets/textures/floor.png@40.0x40.0
12:41:23.973 [FXGL Background Thread 1 ] DEBUG AssetLoader          - Loading from cache: /assets/textures/wall.png@40.0x40.0
12:41:23.974 [FXGL Background Thread 1 ] DEBUG AssetLoader          - Loading from cache: /assets/textures/floor.png@40.0x40.0
12:41:23.974 [FXGL Background Thread 1 ] DEBUG AssetLoader          - Loading from cache: /assets/textures/wall.png@40.0x40.0
12:41:23.975 [FXGL Background Thread 1 ] DEBUG AssetLoader          - Loading from cache: /assets/textures/floor.png@40.0x40.0
12:41:23.976 [FXGL Background Thread 1 ] DEBUG AssetLoader          - Loading from cache: /assets/textures/wall.png@40.0x40.0
12:41:23.977 [FXGL Background Thread 1 ] DEBUG AssetLoader          - Loading from cache: /assets/textures/floor.png@40.0x40.0
12:41:23.978 [FXGL Background Thread 1 ] DEBUG AssetLoader          - Loading from cache: /assets/textures/wall.png@40.0x40.0
12:41:23.978 [FXGL Background Thread 1 ] DEBUG AssetLoader          - Loading from cache: /assets/textures/floor.png@40.0x40.0
12:41:23.979 [FXGL Background Thread 1 ] DEBUG AssetLoader          - Loading from cache: /assets/textures/wall.png@40.0x40.0
12:41:23.980 [FXGL Background Thread 1 ] DEBUG AssetLoader          - Loading from cache: /assets/textures/floor.png@40.0x40.0
12:41:23.981 [FXGL Background Thread 1 ] DEBUG AssetLoader          - Loading from cache: /assets/textures/floor.png@40.0x40.0
12:41:23.982 [FXGL Background Thread 1 ] DEBUG AssetLoader          - Loading from cache: /assets/textures/floor.png@40.0x40.0
12:41:23.983 [FXGL Background Thread 1 ] DEBUG AssetLoader          - Loading from cache: /assets/textures/floor.png@40.0x40.0
12:41:23.983 [FXGL Background Thread 1 ] DEBUG AssetLoader          - Loading from cache: /assets/textures/floor.png@40.0x40.0
12:41:23.984 [FXGL Background Thread 1 ] DEBUG AssetLoader          - Loading from cache: /assets/textures/floor.png@40.0x40.0
12:41:23.985 [FXGL Background Thread 1 ] DEBUG AssetLoader          - Loading from cache: /assets/textures/floor.png@40.0x40.0
12:41:23.986 [FXGL Background Thread 1 ] DEBUG AssetLoader          - Loading from cache: /assets/textures/floor.png@40.0x40.0
12:41:23.987 [FXGL Background Thread 1 ] DEBUG AssetLoader          - Loading from cache: /assets/textures/floor.png@40.0x40.0
12:41:23.987 [FXGL Background Thread 1 ] DEBUG AssetLoader          - Loading from cache: /assets/textures/floor.png@40.0x40.0
12:41:23.988 [FXGL Background Thread 1 ] DEBUG AssetLoader          - Loading from cache: /assets/textures/floor.png@40.0x40.0
12:41:23.989 [FXGL Background Thread 1 ] DEBUG AssetLoader          - Loading from cache: /assets/textures/floor.png@40.0x40.0
12:41:23.990 [FXGL Background Thread 1 ] DEBUG AssetLoader          - Loading from cache: /assets/textures/floor.png@40.0x40.0
12:41:23.991 [FXGL Background Thread 1 ] DEBUG AssetLoader          - Loading from cache: /assets/textures/floor.png@40.0x40.0
12:41:23.992 [FXGL Background Thread 1 ] DEBUG AssetLoader          - Loading from cache: /assets/textures/floor.png@40.0x40.0
12:41:23.992 [FXGL Background Thread 1 ] DEBUG AssetLoader          - Loading from cache: /assets/textures/floor.png@40.0x40.0
12:41:23.993 [FXGL Background Thread 1 ] DEBUG AssetLoader          - Loading from cache: /assets/textures/floor.png@40.0x40.0
12:41:23.994 [FXGL Background Thread 1 ] DEBUG AssetLoader          - Loading from cache: /assets/textures/wall.png@40.0x40.0
12:41:23.994 [FXGL Background Thread 1 ] DEBUG AssetLoader          - Loading from cache: /assets/textures/floor.png@40.0x40.0
12:41:23.996 [FXGL Background Thread 1 ] DEBUG AssetLoader          - Loading from cache: /assets/textures/wall.png@40.0x40.0
12:41:23.996 [FXGL Background Thread 1 ] DEBUG AssetLoader          - Loading from cache: /assets/textures/floor.png@40.0x40.0
12:41:23.997 [FXGL Background Thread 1 ] DEBUG AssetLoader          - Loading from cache: /assets/textures/wall.png@40.0x40.0
12:41:23.998 [FXGL Background Thread 1 ] DEBUG AssetLoader          - Loading from cache: /assets/textures/floor.png@40.0x40.0
12:41:23.998 [FXGL Background Thread 1 ] DEBUG AssetLoader          - Loading from cache: /assets/textures/wall.png@40.0x40.0
12:41:23.999 [FXGL Background Thread 1 ] DEBUG AssetLoader          - Loading from cache: /assets/textures/floor.png@40.0x40.0
12:41:24.000 [FXGL Background Thread 1 ] DEBUG AssetLoader          - Loading from cache: /assets/textures/wall.png@40.0x40.0
12:41:24.001 [FXGL Background Thread 1 ] DEBUG AssetLoader          - Loading from cache: /assets/textures/floor.png@40.0x40.0
12:41:24.002 [FXGL Background Thread 1 ] DEBUG AssetLoader          - Loading from cache: /assets/textures/wall.png@40.0x40.0
12:41:24.002 [FXGL Background Thread 1 ] DEBUG AssetLoader          - Loading from cache: /assets/textures/floor.png@40.0x40.0
12:41:24.003 [FXGL Background Thread 1 ] DEBUG AssetLoader          - Loading from cache: /assets/textures/wall.png@40.0x40.0
12:41:24.004 [FXGL Background Thread 1 ] DEBUG AssetLoader          - Loading from cache: /assets/textures/floor.png@40.0x40.0
12:41:24.005 [FXGL Background Thread 1 ] DEBUG AssetLoader          - Loading from cache: /assets/textures/floor.png@40.0x40.0
12:41:24.005 [FXGL Background Thread 1 ] DEBUG AssetLoader          - Loading from cache: /assets/textures/floor.png@40.0x40.0
12:41:24.006 [FXGL Background Thread 1 ] DEBUG AssetLoader          - Loading from cache: /assets/textures/floor.png@40.0x40.0
12:41:24.007 [FXGL Background Thread 1 ] DEBUG AssetLoader          - Loading from cache: /assets/textures/floor.png@40.0x40.0
12:41:24.007 [FXGL Background Thread 1 ] DEBUG AssetLoader          - Loading from cache: /assets/textures/floor.png@40.0x40.0
12:41:24.008 [FXGL Background Thread 1 ] DEBUG AssetLoader          - Loading from cache: /assets/textures/floor.png@40.0x40.0
12:41:24.009 [FXGL Background Thread 1 ] DEBUG AssetLoader          - Loading from cache: /assets/textures/brick.png@40.0x40.0
12:41:24.009 [FXGL Background Thread 1 ] DEBUG AssetLoader          - Loading from cache: /assets/textures/brick.png@40.0x40.0
12:41:24.010 [FXGL Background Thread 1 ] DEBUG AssetLoader          - Loading from cache: /assets/textures/floor.png@40.0x40.0
12:41:24.011 [FXGL Background Thread 1 ] DEBUG AssetLoader          - Loading from cache: /assets/textures/floor.png@40.0x40.0
12:41:24.012 [FXGL Background Thread 1 ] DEBUG AssetLoader          - Loading from cache: /assets/textures/floor.png@40.0x40.0
12:41:24.013 [FXGL Background Thread 1 ] DEBUG AssetLoader          - Loading from cache: /assets/textures/floor.png@40.0x40.0
12:41:24.013 [FXGL Background Thread 1 ] DEBUG AssetLoader          - Loading from cache: /assets/textures/floor.png@40.0x40.0
12:41:24.014 [FXGL Background Thread 1 ] DEBUG AssetLoader          - Loading from cache: /assets/textures/floor.png@40.0x40.0
12:41:24.015 [FXGL Background Thread 1 ] DEBUG AssetLoader          - Loading from cache: /assets/textures/floor.png@40.0x40.0
12:41:24.015 [FXGL Background Thread 1 ] DEBUG AssetLoader          - Loading from cache: /assets/textures/floor.png@40.0x40.0
12:41:24.016 [FXGL Background Thread 1 ] DEBUG AssetLoader          - Loading from cache: /assets/textures/wall.png@40.0x40.0
12:41:24.017 [FXGL Background Thread 1 ] DEBUG AssetLoader          - Loading from cache: /assets/textures/floor.png@40.0x40.0
12:41:24.017 [FXGL Background Thread 1 ] DEBUG AssetLoader          - Loading from cache: /assets/textures/wall.png@40.0x40.0
12:41:24.019 [FXGL Background Thread 1 ] DEBUG AssetLoader          - Loading from cache: /assets/textures/floor.png@40.0x40.0
12:41:24.020 [FXGL Background Thread 1 ] DEBUG AssetLoader          - Loading from cache: /assets/textures/wall.png@40.0x40.0
12:41:24.024 [FXGL Background Thread 1 ] DEBUG AssetLoader          - Loading from cache: /assets/textures/brick.png@40.0x40.0
12:41:24.024 [FXGL Background Thread 1 ] DEBUG AssetLoader          - Loading from cache: /assets/textures/wall.png@40.0x40.0
12:41:24.025 [FXGL Background Thread 1 ] DEBUG AssetLoader          - Loading from cache: /assets/textures/floor.png@40.0x40.0
12:41:24.026 [FXGL Background Thread 1 ] DEBUG AssetLoader          - Loading from cache: /assets/textures/wall.png@40.0x40.0
12:41:24.035 [FXGL Background Thread 1 ] DEBUG AssetLoader          - Loading from cache: /assets/textures/floor.png@40.0x40.0
12:41:24.036 [FXGL Background Thread 1 ] DEBUG AssetLoader          - Loading from cache: /assets/textures/wall.png@40.0x40.0
12:41:24.040 [FXGL Background Thread 1 ] DEBUG AssetLoader          - Loading from cache: /assets/textures/floor.png@40.0x40.0
12:41:24.042 [FXGL Background Thread 1 ] DEBUG AssetLoader          - Loading from cache: /assets/textures/wall.png@40.0x40.0
12:41:24.042 [FXGL Background Thread 1 ] DEBUG AssetLoader          - Loading from cache: /assets/textures/floor.png@40.0x40.0
12:41:24.043 [FXGL Background Thread 1 ] DEBUG AssetLoader          - Loading from cache: /assets/textures/floor.png@40.0x40.0
12:41:24.045 [FXGL Background Thread 1 ] DEBUG AssetLoader          - Loading from cache: /assets/textures/floor.png@40.0x40.0
12:41:24.046 [FXGL Background Thread 1 ] DEBUG AssetLoader          - Loading from cache: /assets/textures/floor.png@40.0x40.0
12:41:24.046 [FXGL Background Thread 1 ] DEBUG AssetLoader          - Loading from cache: /assets/textures/floor.png@40.0x40.0
12:41:24.047 [FXGL Background Thread 1 ] DEBUG AssetLoader          - Loading from cache: /assets/textures/floor.png@40.0x40.0
12:41:24.048 [FXGL Background Thread 1 ] DEBUG AssetLoader          - Loading from cache: /assets/textures/brick.png@40.0x40.0
12:41:24.049 [FXGL Background Thread 1 ] DEBUG AssetLoader          - Loading from cache: /assets/textures/brick.png@40.0x40.0
12:41:24.051 [FXGL Background Thread 1 ] DEBUG AssetLoader          - Loading from cache: /assets/textures/brick.png@40.0x40.0
12:41:24.052 [FXGL Background Thread 1 ] DEBUG AssetLoader          - Loading from cache: /assets/textures/floor.png@40.0x40.0
12:41:24.053 [FXGL Background Thread 1 ] DEBUG AssetLoader          - Loading from cache: /assets/textures/floor.png@40.0x40.0
12:41:24.056 [FXGL Background Thread 1 ] DEBUG AssetLoader          - Loading from cache: /assets/textures/floor.png@40.0x40.0
12:41:24.058 [FXGL Background Thread 1 ] DEBUG AssetLoader          - Loading from cache: /assets/textures/floor.png@40.0x40.0
12:41:24.059 [FXGL Background Thread 1 ] DEBUG AssetLoader          - Loading from cache: /assets/textures/floor.png@40.0x40.0
12:41:24.060 [FXGL Background Thread 1 ] DEBUG AssetLoader          - Loading from cache: /assets/textures/floor.png@40.0x40.0
12:41:24.060 [FXGL Background Thread 1 ] DEBUG AssetLoader          - Loading from cache: /assets/textures/floor.png@40.0x40.0
12:41:24.061 [FXGL Background Thread 1 ] DEBUG AssetLoader          - Loading from cache: /assets/textures/floor.png@40.0x40.0
12:41:24.062 [FXGL Background Thread 1 ] DEBUG AssetLoader          - Loading from cache: /assets/textures/wall.png@40.0x40.0
12:41:24.063 [FXGL Background Thread 1 ] DEBUG AssetLoader          - Loading from cache: /assets/textures/floor.png@40.0x40.0
12:41:24.063 [FXGL Background Thread 1 ] DEBUG AssetLoader          - Loading from cache: /assets/textures/wall.png@40.0x40.0
12:41:24.064 [FXGL Background Thread 1 ] DEBUG AssetLoader          - Loading from cache: /assets/textures/floor.png@40.0x40.0
12:41:24.065 [FXGL Background Thread 1 ] DEBUG AssetLoader          - Loading from cache: /assets/textures/wall.png@40.0x40.0
12:41:24.065 [FXGL Background Thread 1 ] DEBUG AssetLoader          - Loading from cache: /assets/textures/floor.png@40.0x40.0
12:41:24.066 [FXGL Background Thread 1 ] DEBUG AssetLoader          - Loading from cache: /assets/textures/wall.png@40.0x40.0
12:41:24.067 [FXGL Background Thread 1 ] DEBUG AssetLoader          - Loading from cache: /assets/textures/floor.png@40.0x40.0
12:41:24.067 [FXGL Background Thread 1 ] DEBUG AssetLoader          - Loading from cache: /assets/textures/wall.png@40.0x40.0
12:41:24.068 [FXGL Background Thread 1 ] DEBUG AssetLoader          - Loading from cache: /assets/textures/floor.png@40.0x40.0
12:41:24.069 [FXGL Background Thread 1 ] DEBUG AssetLoader          - Loading from cache: /assets/textures/wall.png@40.0x40.0
12:41:24.069 [FXGL Background Thread 1 ] DEBUG AssetLoader          - Loading from cache: /assets/textures/floor.png@40.0x40.0
12:41:24.070 [FXGL Background Thread 1 ] DEBUG AssetLoader          - Loading from cache: /assets/textures/wall.png@40.0x40.0
12:41:24.071 [FXGL Background Thread 1 ] DEBUG AssetLoader          - Loading from cache: /assets/textures/floor.png@40.0x40.0
12:41:24.072 [FXGL Background Thread 1 ] DEBUG AssetLoader          - Loading from cache: /assets/textures/floor.png@40.0x40.0
12:41:24.073 [FXGL Background Thread 1 ] DEBUG AssetLoader          - Loading from cache: /assets/textures/floor.png@40.0x40.0
12:41:24.074 [FXGL Background Thread 1 ] DEBUG AssetLoader          - Loading from cache: /assets/textures/floor.png@40.0x40.0
12:41:24.074 [FXGL Background Thread 1 ] DEBUG AssetLoader          - Loading from cache: /assets/textures/floor.png@40.0x40.0
12:41:24.075 [FXGL Background Thread 1 ] DEBUG AssetLoader          - Loading from cache: /assets/textures/floor.png@40.0x40.0
12:41:24.076 [FXGL Background Thread 1 ] DEBUG AssetLoader          - Loading from cache: /assets/textures/floor.png@40.0x40.0
12:41:24.077 [FXGL Background Thread 1 ] DEBUG AssetLoader          - Loading from cache: /assets/textures/floor.png@40.0x40.0
12:41:24.077 [FXGL Background Thread 1 ] DEBUG AssetLoader          - Loading from cache: /assets/textures/floor.png@40.0x40.0
12:41:24.078 [FXGL Background Thread 1 ] DEBUG AssetLoader          - Loading from cache: /assets/textures/floor.png@40.0x40.0
12:41:24.079 [FXGL Background Thread 1 ] DEBUG AssetLoader          - Loading from cache: /assets/textures/floor.png@40.0x40.0
12:41:24.080 [FXGL Background Thread 1 ] DEBUG AssetLoader          - Loading from cache: /assets/textures/floor.png@40.0x40.0
12:41:24.080 [FXGL Background Thread 1 ] DEBUG AssetLoader          - Loading from cache: /assets/textures/floor.png@40.0x40.0
12:41:24.081 [FXGL Background Thread 1 ] DEBUG AssetLoader          - Loading from cache: /assets/textures/floor.png@40.0x40.0
12:41:24.082 [FXGL Background Thread 1 ] DEBUG AssetLoader          - Loading from cache: /assets/textures/floor.png@40.0x40.0
12:41:24.082 [FXGL Background Thread 1 ] DEBUG AssetLoader          - Loading from cache: /assets/textures/floor.png@40.0x40.0
12:41:24.083 [FXGL Background Thread 1 ] DEBUG AssetLoader          - Loading from cache: /assets/textures/floor.png@40.0x40.0
12:41:24.084 [FXGL Background Thread 1 ] DEBUG AssetLoader          - Loading from cache: /assets/textures/wall.png@40.0x40.0
12:41:24.084 [FXGL Background Thread 1 ] DEBUG AssetLoader          - Loading from cache: /assets/textures/floor.png@40.0x40.0
12:41:24.085 [FXGL Background Thread 1 ] DEBUG AssetLoader          - Loading from cache: /assets/textures/wall.png@40.0x40.0
12:41:24.085 [FXGL Background Thread 1 ] DEBUG AssetLoader          - Loading from cache: /assets/textures/floor.png@40.0x40.0
12:41:24.086 [FXGL Background Thread 1 ] DEBUG AssetLoader          - Loading from cache: /assets/textures/wall.png@40.0x40.0
12:41:24.087 [FXGL Background Thread 1 ] DEBUG AssetLoader          - Loading from cache: /assets/textures/floor.png@40.0x40.0
12:41:24.088 [FXGL Background Thread 1 ] DEBUG AssetLoader          - Loading from cache: /assets/textures/wall.png@40.0x40.0
12:41:24.090 [FXGL Background Thread 1 ] DEBUG AssetLoader          - Loading from cache: /assets/textures/floor.png@40.0x40.0
12:41:24.090 [FXGL Background Thread 1 ] DEBUG AssetLoader          - Loading from cache: /assets/textures/wall.png@40.0x40.0
12:41:24.091 [FXGL Background Thread 1 ] DEBUG AssetLoader          - Loading from cache: /assets/textures/floor.png@40.0x40.0
12:41:24.092 [FXGL Background Thread 1 ] DEBUG AssetLoader          - Loading from cache: /assets/textures/wall.png@40.0x40.0
12:41:24.093 [FXGL Background Thread 1 ] DEBUG AssetLoader          - Loading from cache: /assets/textures/floor.png@40.0x40.0
12:41:24.093 [FXGL Background Thread 1 ] DEBUG AssetLoader          - Loading from cache: /assets/textures/wall.png@40.0x40.0
12:41:24.094 [FXGL Background Thread 1 ] DEBUG AssetLoader          - Loading from cache: /assets/textures/floor.png@40.0x40.0
12:41:24.095 [FXGL Background Thread 1 ] DEBUG AssetLoader          - Loading from cache: /assets/textures/brick.png@40.0x40.0
12:41:24.095 [FXGL Background Thread 1 ] DEBUG AssetLoader          - Loading from cache: /assets/textures/floor.png@40.0x40.0
12:41:24.096 [FXGL Background Thread 1 ] DEBUG AssetLoader          - Loading from cache: /assets/textures/floor.png@40.0x40.0
12:41:24.096 [FXGL Background Thread 1 ] DEBUG AssetLoader          - Loading from cache: /assets/textures/floor.png@40.0x40.0
12:41:24.097 [FXGL Background Thread 1 ] DEBUG AssetLoader          - Loading from cache: /assets/textures/floor.png@40.0x40.0
12:41:24.098 [FXGL Background Thread 1 ] DEBUG AssetLoader          - Loading from cache: /assets/textures/floor.png@40.0x40.0
12:41:24.098 [FXGL Background Thread 1 ] DEBUG AssetLoader          - Loading from cache: /assets/textures/floor.png@40.0x40.0
12:41:24.099 [FXGL Background Thread 1 ] DEBUG AssetLoader          - Loading from cache: /assets/textures/floor.png@40.0x40.0
12:41:24.100 [FXGL Background Thread 1 ] DEBUG AssetLoader          - Loading from cache: /assets/textures/floor.png@40.0x40.0
12:41:24.100 [FXGL Background Thread 1 ] DEBUG AssetLoader          - Loading from cache: /assets/textures/floor.png@40.0x40.0
12:41:24.101 [FXGL Background Thread 1 ] DEBUG AssetLoader          - Loading from cache: /assets/textures/floor.png@40.0x40.0
12:41:24.102 [FXGL Background Thread 1 ] DEBUG AssetLoader          - Loading from cache: /assets/textures/floor.png@40.0x40.0
12:41:24.102 [FXGL Background Thread 1 ] DEBUG AssetLoader          - Loading from cache: /assets/textures/floor.png@40.0x40.0
12:41:24.103 [FXGL Background Thread 1 ] DEBUG AssetLoader          - Loading from cache: /assets/textures/floor.png@40.0x40.0
12:41:24.103 [FXGL Background Thread 1 ] DEBUG AssetLoader          - Loading from cache: /assets/textures/brick.png@40.0x40.0
12:41:24.104 [FXGL Background Thread 1 ] DEBUG AssetLoader          - Loading from cache: /assets/textures/floor.png@40.0x40.0
12:41:24.105 [FXGL Background Thread 1 ] DEBUG AssetLoader          - Loading from cache: /assets/textures/wall.png@40.0x40.0
12:41:24.106 [FXGL Background Thread 1 ] DEBUG AssetLoader          - Loading from cache: /assets/textures/floor.png@40.0x40.0
12:41:24.106 [FXGL Background Thread 1 ] DEBUG AssetLoader          - Loading from cache: /assets/textures/wall.png@40.0x40.0
12:41:24.107 [FXGL Background Thread 1 ] DEBUG AssetLoader          - Loading from cache: /assets/textures/floor.png@40.0x40.0
12:41:24.107 [FXGL Background Thread 1 ] DEBUG AssetLoader          - Loading from cache: /assets/textures/wall.png@40.0x40.0
12:41:24.107 [FXGL Background Thread 1 ] DEBUG AssetLoader          - Loading from cache: /assets/textures/floor.png@40.0x40.0
12:41:24.108 [FXGL Background Thread 1 ] DEBUG AssetLoader          - Loading from cache: /assets/textures/wall.png@40.0x40.0
12:41:24.108 [FXGL Background Thread 1 ] DEBUG AssetLoader          - Loading from cache: /assets/textures/floor.png@40.0x40.0
12:41:24.109 [FXGL Background Thread 1 ] DEBUG AssetLoader          - Loading from cache: /assets/textures/wall.png@40.0x40.0
12:41:24.109 [FXGL Background Thread 1 ] DEBUG AssetLoader          - Loading from cache: /assets/textures/floor.png@40.0x40.0
12:41:24.110 [FXGL Background Thread 1 ] DEBUG AssetLoader          - Loading from cache: /assets/textures/wall.png@40.0x40.0
12:41:24.110 [FXGL Background Thread 1 ] DEBUG AssetLoader          - Loading from cache: /assets/textures/floor.png@40.0x40.0
12:41:24.110 [FXGL Background Thread 1 ] DEBUG AssetLoader          - Loading from cache: /assets/textures/wall.png@40.0x40.0
12:41:24.111 [FXGL Background Thread 1 ] DEBUG AssetLoader          - Loading from cache: /assets/textures/floor.png@40.0x40.0
12:41:24.111 [FXGL Background Thread 1 ] DEBUG AssetLoader          - Loading from cache: /assets/textures/floor.png@40.0x40.0
12:41:24.112 [FXGL Background Thread 1 ] DEBUG AssetLoader          - Loading from cache: /assets/textures/floor.png@40.0x40.0
12:41:24.112 [FXGL Background Thread 1 ] DEBUG AssetLoader          - Loading from cache: /assets/textures/brick.png@40.0x40.0
12:41:24.113 [FXGL Background Thread 1 ] DEBUG AssetLoader          - Loading from cache: /assets/textures/brick.png@40.0x40.0
12:41:24.113 [FXGL Background Thread 1 ] DEBUG AssetLoader          - Loading from cache: /assets/textures/brick.png@40.0x40.0
12:41:24.113 [FXGL Background Thread 1 ] DEBUG AssetLoader          - Loading from cache: /assets/textures/brick.png@40.0x40.0
12:41:24.114 [FXGL Background Thread 1 ] DEBUG AssetLoader          - Loading from cache: /assets/textures/brick.png@40.0x40.0
12:41:24.114 [FXGL Background Thread 1 ] DEBUG AssetLoader          - Loading from cache: /assets/textures/brick.png@40.0x40.0
12:41:24.115 [FXGL Background Thread 1 ] DEBUG AssetLoader          - Loading from cache: /assets/textures/brick.png@40.0x40.0
12:41:24.115 [FXGL Background Thread 1 ] DEBUG AssetLoader          - Loading from cache: /assets/textures/brick.png@40.0x40.0
12:41:24.116 [FXGL Background Thread 1 ] DEBUG AssetLoader          - Loading from cache: /assets/textures/brick.png@40.0x40.0
12:41:24.116 [FXGL Background Thread 1 ] DEBUG AssetLoader          - Loading from cache: /assets/textures/brick.png@40.0x40.0
12:41:24.117 [FXGL Background Thread 1 ] DEBUG AssetLoader          - Loading from cache: /assets/textures/brick.png@40.0x40.0
12:41:24.117 [FXGL Background Thread 1 ] DEBUG AssetLoader          - Loading from cache: /assets/textures/floor.png@40.0x40.0
12:41:24.118 [FXGL Background Thread 1 ] DEBUG AssetLoader          - Loading from cache: /assets/textures/floor.png@40.0x40.0
12:41:24.118 [FXGL Background Thread 1 ] DEBUG GameWorld            - Clearing removable entities
12:41:24.119 [FXGL Background Thread 1 ] DEBUG GameWorld            - Setting level: com.almasb.fxgl.entity.level.Level@743921a6
12:41:24.128 [FXGL Background Thread 1 ] DEBUG AssetLoader          - Loading from cache: /assets/textures/floor.png@40.0x40.0
12:41:24.151 [FXGL Background Thread 1 ] DEBUG InitAppTask          - Initializing Physics
12:41:24.152 [FXGL Background Thread 1 ] DEBUG InitAppTask          - Initializing UI
12:41:24.154 [FXGL Background Thread 1 ] DEBUG InitAppTask          - Initialization Complete
12:41:24.154 [FXGL Background Thread 1 ] INFO  InitAppTask          - Game initialization took: 0,341 sec
12:41:24.159 [JavaFX Application Thread] DEBUG Input                - Clearing active input actions
12:41:24.241 [JavaFX Application Thread] DEBUG Engine               - Removing overlay from LoadingScene and adding to GameScene
12:41:24.242 [JavaFX Application Thread] DEBUG MainWindow           - LoadingScene -> GameScene
12:41:52.784 [JavaFX Application Thread] DEBUG Engine               - Exiting FXGL
12:41:52.784 [JavaFX Application Thread] DEBUG Engine               - Shutting down background threads
12:41:52.785 [JavaFX Application Thread] DEBUG Engine               - Saving FXGL system data
12:41:52.787 [JavaFX Application Thread] DEBUG FSServiceImpl        - Writing to: C:\Users\Pablo\Desktop\OneDrive\DAM2\DAD\Eclipse19\Bomberdad\system\fxgl.bundle
12:41:52.789 [JavaFX Application Thread] DEBUG Engine               - Closing logger and exiting JavaFX
