11:39:49.378 [main                     ] DEBUG GameApplication      - Logger initialized
11:39:49.416 [main                     ] DEBUG GameApplication      - Logging settings
Title: BomberDAD
Version: 0.1
Width: 600
Height: 600
Fullscreen: false
Intro: false
Menus: true
Profiling: false
Single step:false
App Mode: DEVELOPER
Menu Key: ESCAPE
Stage Style: DECORATED
Scene Factory: class com.almasb.fxgl.app.SceneFactory
Dialog Factory: class com.almasb.fxgl.ui.FXGLDialogFactory
UI Factory: class com.almasb.fxgl.ui.FXGLUIFactory

11:39:49.908 [JavaFX Application Thread] DEBUG Engine               - Initializing FXGL
11:39:49.909 [JavaFX Application Thread] INFO  Engine               - FXGL-11.7 (05.01.2020 09.37) on WINDOWS (J:11.0.5 FX:11.0.1)
11:39:49.909 [JavaFX Application Thread] INFO  Engine               - Source code and latest versions at: https://github.com/AlmasB/FXGL
11:39:49.909 [JavaFX Application Thread] INFO  Engine               -              Join the FXGL chat at: https://gitter.im/AlmasB/FXGL
11:39:49.910 [JavaFX Application Thread] DEBUG Engine               - Initializing environment variables
11:39:49.913 [JavaFX Application Thread] DEBUG Engine               - Logging environment variables
11:39:49.913 [JavaFX Application Thread] DEBUG Engine               - achievements: []
11:39:49.913 [JavaFX Application Thread] DEBUG Engine               - sceneStack: com.almasb.fxgl.app.Engine@2bdb7e23
11:39:49.913 [JavaFX Application Thread] DEBUG Engine               - isCloseConfirmation: false
11:39:49.914 [JavaFX Application Thread] DEBUG Engine               - language: ObjectProperty [value: ENGLISH]
11:39:49.914 [JavaFX Application Thread] DEBUG Engine               - isProfilingEnabled: false
11:39:49.914 [JavaFX Application Thread] DEBUG Engine               - soundNotification: core/notification.wav
11:39:49.914 [JavaFX Application Thread] DEBUG Engine               - devShowBBoxProperty: BooleanProperty [value: false]
11:39:49.915 [JavaFX Application Thread] DEBUG Engine               - pixelsPerMeter: 50.0
11:39:49.916 [JavaFX Application Thread] DEBUG Engine               - overlayRoot: Group@1e089cf
11:39:49.916 [JavaFX Application Thread] DEBUG Engine               - appIcon: fxgl_icon.png
11:39:49.916 [JavaFX Application Thread] DEBUG Engine               - soundMenuBack: menu/back.wav
11:39:49.916 [JavaFX Application Thread] DEBUG Engine               - isFullScreenAllowed: false
11:39:49.916 [JavaFX Application Thread] DEBUG Engine               - isIntroEnabled: false
11:39:49.917 [JavaFX Application Thread] DEBUG Engine               - eventBus: com.almasb.fxgl.event.EventBus@320f23b7
11:39:49.917 [JavaFX Application Thread] DEBUG Engine               - fontMono: lucida_console.ttf
11:39:49.917 [JavaFX Application Thread] DEBUG Engine               - soundMenuSelect: menu/select.wav
11:39:49.917 [JavaFX Application Thread] DEBUG Engine               - isWindows: true
11:39:49.917 [JavaFX Application Thread] DEBUG Engine               - isMobile: false
11:39:49.917 [JavaFX Application Thread] DEBUG Engine               - height: 600
11:39:49.918 [JavaFX Application Thread] DEBUG Engine               - isExperimentalNative: false
11:39:49.918 [JavaFX Application Thread] DEBUG Engine               - cSSList: [fxgl_dark.css]
11:39:49.918 [JavaFX Application Thread] DEBUG Engine               - isSingleStep: false
11:39:49.918 [JavaFX Application Thread] DEBUG Engine               - fontGame: Abel-Regular.ttf
11:39:49.918 [JavaFX Application Thread] DEBUG Engine               - menuKey: ESCAPE
11:39:49.918 [JavaFX Application Thread] DEBUG Engine               - devShowPositionProperty: BooleanProperty [value: false]
11:39:49.918 [JavaFX Application Thread] DEBUG Engine               - versionCheckDays: 7
11:39:49.919 [JavaFX Application Thread] DEBUG Engine               - masterTimer: com.almasb.fxgl.time.Timer@425569b3
11:39:49.919 [JavaFX Application Thread] DEBUG Engine               - configClass: Optional.empty
11:39:49.919 [JavaFX Application Thread] DEBUG Engine               - isFullScreenFromStart: false
11:39:49.919 [JavaFX Application Thread] DEBUG Engine               - version: 0.1
11:39:49.919 [JavaFX Application Thread] DEBUG Engine               - fullScreen: BooleanProperty [value: false]
11:39:49.919 [JavaFX Application Thread] DEBUG Engine               - randomSeed: -1
11:39:49.920 [JavaFX Application Thread] DEBUG Engine               - dialogFactory: com.almasb.fxgl.ui.FXGLDialogFactory@159f5542
11:39:49.920 [JavaFX Application Thread] DEBUG Engine               - applicationMode: DEVELOPER
11:39:49.920 [JavaFX Application Thread] DEBUG Engine               - isMac: false
11:39:49.920 [JavaFX Application Thread] DEBUG Engine               - urlGoogleForms: https://goo.gl/forms/6wrMnOBxTE1fEpOy2
11:39:49.920 [JavaFX Application Thread] DEBUG Engine               - isMenuEnabled: true
11:39:49.920 [JavaFX Application Thread] DEBUG Engine               - urlPOM: https://raw.githubusercontent.com/AlmasB/FXGL/master/pom.xml
11:39:49.920 [JavaFX Application Thread] DEBUG Engine               - profileName: user.profile
11:39:49.920 [JavaFX Application Thread] DEBUG Engine               - notificationViewClass: class com.almasb.fxgl.notification.view.XboxNotificationView
11:39:49.921 [JavaFX Application Thread] DEBUG Engine               - devSensorColorProperty: ObjectProperty [value: 0xffff00ff]
11:39:49.921 [JavaFX Application Thread] DEBUG Engine               - sceneFactory: com.almasb.fxgl.app.SceneFactory@103418cf
11:39:49.921 [JavaFX Application Thread] DEBUG Engine               - dataFileExt: .dat
11:39:49.921 [JavaFX Application Thread] DEBUG Engine               - stageStyle: DECORATED
11:39:49.921 [JavaFX Application Thread] DEBUG Engine               - isManualResizeEnabled: false
11:39:49.921 [JavaFX Application Thread] DEBUG Engine               - title: BomberDAD
11:39:49.921 [JavaFX Application Thread] DEBUG Engine               - platform: WINDOWS
11:39:49.922 [JavaFX Application Thread] DEBUG Engine               - devBBoxColorProperty: ObjectProperty [value: 0xff0000ff]
11:39:49.922 [JavaFX Application Thread] DEBUG Engine               - isDesktop: true
11:39:49.922 [JavaFX Application Thread] DEBUG Engine               - credits: []
11:39:49.922 [JavaFX Application Thread] DEBUG Engine               - globalMusicVolumeProperty: DoubleProperty [value: 0.5]
11:39:49.922 [JavaFX Application Thread] DEBUG Engine               - isPreserveResizeRatio: false
11:39:49.922 [JavaFX Application Thread] DEBUG Engine               - uIFactory: com.almasb.fxgl.ui.FXGLUIFactory@5b6d83e5
11:39:49.923 [JavaFX Application Thread] DEBUG Engine               - fontText: Courier-Prime.ttf
11:39:49.923 [JavaFX Application Thread] DEBUG Engine               - isExperimentalTiledLargeMap: false
11:39:49.923 [JavaFX Application Thread] DEBUG Engine               - secondsIn24h: 60
11:39:49.923 [JavaFX Application Thread] DEBUG Engine               - runtimeInfo: RuntimeInfo(platform=WINDOWS, version=11.7, build=05.01.2020 09.37)
11:39:49.923 [JavaFX Application Thread] DEBUG Engine               - soundMenuPress: menu/press.wav
11:39:49.923 [JavaFX Application Thread] DEBUG Engine               - urlGithub: https://github.com/AlmasB/FXGL
11:39:49.924 [JavaFX Application Thread] DEBUG Engine               - isLinux: false
11:39:49.924 [JavaFX Application Thread] DEBUG Engine               - profileDir: profiles/
11:39:49.924 [JavaFX Application Thread] DEBUG Engine               - isDeveloperMenuEnabled: false
11:39:49.924 [JavaFX Application Thread] DEBUG Engine               - globalSoundVolumeProperty: DoubleProperty [value: 0.5]
11:39:49.924 [JavaFX Application Thread] DEBUG Engine               - urlLeaderboard: http://fxgl-top.herokuapp.com/
11:39:49.924 [JavaFX Application Thread] DEBUG Engine               - globalSoundVolume: 0.5
11:39:49.924 [JavaFX Application Thread] DEBUG Engine               - isBrowser: false
11:39:49.925 [JavaFX Application Thread] DEBUG Engine               - saveDir: saves/
11:39:49.925 [JavaFX Application Thread] DEBUG Engine               - engineServices: [class com.almasb.fxgl.audio.AudioPlayer, class com.almasb.fxgl.notification.impl.NotificationServiceProvider, class com.almasb.fxgl.achievement.AchievementManager, class com.almasb.fxgl.cutscene.CutsceneService, class com.almasb.fxgl.minigames.MiniGameService]
11:39:49.925 [JavaFX Application Thread] DEBUG Engine               - globalMusicVolume: 0.5
11:39:49.925 [JavaFX Application Thread] DEBUG Engine               - width: 600
11:39:49.925 [JavaFX Application Thread] DEBUG Engine               - saveFileExt: .sav
11:39:49.925 [JavaFX Application Thread] DEBUG Engine               - isAndroid: false
11:39:49.926 [JavaFX Application Thread] DEBUG Engine               - fontUI: VarelaRound-Regular.ttf
11:39:49.926 [JavaFX Application Thread] DEBUG Engine               - enabledMenuItems: []
11:39:49.926 [JavaFX Application Thread] DEBUG Engine               - isIOS: false
11:39:49.929 [JavaFX Application Thread] DEBUG Engine               - Adding new engine service: class com.almasb.fxgl.audio.AudioPlayer
11:39:49.931 [JavaFX Application Thread] DEBUG Engine               - Adding new engine service: class com.almasb.fxgl.notification.impl.NotificationServiceProvider
11:39:49.932 [JavaFX Application Thread] DEBUG Engine               - Adding new engine service: class com.almasb.fxgl.achievement.AchievementManager
11:39:49.933 [JavaFX Application Thread] DEBUG Engine               - Adding new engine service: class com.almasb.fxgl.cutscene.CutsceneService
11:39:49.934 [JavaFX Application Thread] DEBUG Engine               - Adding new engine service: class com.almasb.fxgl.minigames.MiniGameService
11:39:49.938 [JavaFX Application Thread] DEBUG Engine               - Loading localizations
11:39:49.941 [JavaFX Application Thread] DEBUG AssetLoader          - Loading from file system: /assets/properties/languages/english.properties
11:39:49.944 [JavaFX Application Thread] DEBUG AssetLoader          - Loading from file system: /assets/properties/languages/french.properties
11:39:49.951 [JavaFX Application Thread] DEBUG AssetLoader          - Loading from file system: /assets/properties/languages/german.properties
11:39:49.953 [JavaFX Application Thread] DEBUG AssetLoader          - Loading from file system: /assets/properties/languages/russian.properties
11:39:49.955 [JavaFX Application Thread] DEBUG AssetLoader          - Loading from file system: /assets/properties/languages/hungarian.properties
11:39:49.959 [JavaFX Application Thread] DEBUG Engine               - Registering font factories
11:39:49.960 [JavaFX Application Thread] DEBUG AssetLoader          - Loading from file system: /assets/ui/fonts/VarelaRound-Regular.ttf
11:39:50.376 [JavaFX Application Thread] DEBUG AssetLoader          - Loading from file system: /assets/ui/fonts/Abel-Regular.ttf
11:39:50.387 [JavaFX Application Thread] DEBUG AssetLoader          - Loading from file system: /assets/ui/fonts/lucida_console.ttf
11:39:50.402 [JavaFX Application Thread] DEBUG AssetLoader          - Loading from file system: /assets/ui/fonts/Courier-Prime.ttf
11:39:50.417 [JavaFX Application Thread] DEBUG Engine               - Setting UI factory
11:39:50.526 [JavaFX Application Thread] DEBUG AssetLoader          - Loading from file system: /assets/textures/fxgl_logo.png
11:39:50.599 [JavaFX Application Thread] DEBUG MainWindow           - Creating a JavaFX scene
11:39:50.652 [JavaFX Application Thread] DEBUG MainWindow           - Target settings size: 600.0 x 600.0
11:39:50.652 [JavaFX Application Thread] DEBUG MainWindow           - Scaled scene size:    600.0 x 600.0
11:39:50.652 [JavaFX Application Thread] DEBUG MainWindow           - Scaled ratio: (1.0, 1.0)
11:39:50.654 [JavaFX Application Thread] DEBUG MainWindow           - Set initial scene to FXGLStartupScene
11:39:50.663 [JavaFX Application Thread] DEBUG AssetLoader          - Loading from file system: /assets/textures/fxgl_icon.png
11:39:50.676 [JavaFX Application Thread] DEBUG Engine               - Applying CSS: fxgl_dark.css
11:39:50.677 [JavaFX Application Thread] DEBUG AssetLoader          - Loading from file system: /assets/ui/css/fxgl_dark.css
11:39:50.682 [JavaFX Application Thread] DEBUG AssetLoader          - Loading from file system: /assets/ui/cursors/fxgl_default.png
11:39:50.684 [JavaFX Application Thread] DEBUG MainWindow           - Opening main window
11:39:50.880 [JavaFX Application Thread] DEBUG MainWindow           - Window border size: (16.0, 39.0)
11:39:50.880 [JavaFX Application Thread] DEBUG MainWindow           - Scaled size: 600.0 x 600.0
11:39:50.880 [JavaFX Application Thread] DEBUG MainWindow           - Scaled ratio: (1.0, 1.0)
11:39:50.880 [JavaFX Application Thread] DEBUG MainWindow           - Scene size: 600.0 x 600.0
11:39:50.880 [JavaFX Application Thread] DEBUG MainWindow           - Stage size: 616.0 x 639.0
11:39:50.899 [FXGL Background Thread 1 ] DEBUG FS                   - Loaded FSServiceImpl
11:39:50.900 [FXGL Background Thread 1 ] DEBUG Engine               - Loading FXGL system data
11:39:50.914 [FXGL Background Thread 1 ] DEBUG FSServiceImpl        - Reading from: C:\Users\Alejandro\Documents\DAD\Eclipse\Bomberdad\system\fxgl.bundle
11:39:50.936 [FXGL Background Thread 1 ] DEBUG Engine               - Bundle FXGL: {}
11:39:50.936 [FXGL Background Thread 1 ] DEBUG Engine               - Initializing application scenes
11:39:51.042 [FXGL Background Thread 1 ] DEBUG GameWorld            - Game world initialized
11:39:51.116 [FXGL Background Thread 1 ] DEBUG PhysicsWorld         - Physics world initialized: appHeight=600, physics.ppm=50,0
11:39:51.119 [FXGL Background Thread 1 ] DEBUG GameScene            - Game scene initialized: 600x600
11:39:51.189 [FXGL Background Thread 1 ] DEBUG AssetLoader          - Loading from file system: /assets/textures/particles/trace_horizontal.png
11:39:51.214 [FXGL Background Thread 1 ] DEBUG FXGL.DefaultMenu     - createMenuBodyMainMenu()
11:39:51.235 [FXGL Background Thread 1 ] DEBUG FXGL.DefaultMenu     - createOptionsMenu()
11:39:51.243 [FXGL Background Thread 1 ] DEBUG AssetLoader          - Loading from file system: /assets/textures/particles/smoke.png
11:39:51.329 [FXGL Background Thread 1 ] DEBUG AssetLoader          - Loading from cache: /assets/textures/particles/trace_horizontal.png@64.0x64.0
11:39:51.330 [FXGL Background Thread 1 ] DEBUG FXGL.DefaultMenu     - createMenuBodyGameMenu()
11:39:51.331 [FXGL Background Thread 1 ] DEBUG FXGL.DefaultMenu     - createOptionsMenu()
11:39:51.334 [FXGL Background Thread 1 ] DEBUG AssetLoader          - Loading from cache: /assets/textures/particles/smoke.png@128.0x128.0
11:39:51.365 [FXGL Background Thread 1 ] DEBUG Engine               - Application scenes initialized
11:39:51.370 [JavaFX Application Thread] DEBUG Engine               - Running preInit()
11:39:51.384 [JavaFX Application Thread] DEBUG Input                - Registered new binding: Move Up - W
11:39:51.384 [JavaFX Application Thread] DEBUG Input                - Registered new binding: Move Left - A
11:39:51.384 [JavaFX Application Thread] DEBUG Input                - Registered new binding: Move Down - S
11:39:51.385 [JavaFX Application Thread] DEBUG Input                - Registered new binding: Move Right - D
11:39:51.385 [JavaFX Application Thread] DEBUG Input                - Registered new binding: Place Bomb - Space
11:39:51.385 [JavaFX Application Thread] DEBUG Input                - Registered new binding: Move Up2 - Up
11:39:51.385 [JavaFX Application Thread] DEBUG Input                - Registered new binding: Move Left2 - Left
11:39:51.385 [JavaFX Application Thread] DEBUG Input                - Registered new binding: Move Down2 - Down
11:39:51.385 [JavaFX Application Thread] DEBUG Input                - Registered new binding: Move Right2 - Right
11:39:51.386 [JavaFX Application Thread] DEBUG Input                - Registered new binding: Place Bomb2S - Enter
11:39:51.387 [JavaFX Application Thread] DEBUG Input                - Registered new binding: Screenshot - P
11:39:51.387 [JavaFX Application Thread] DEBUG Input                - Registered new binding: System info dump - CTRL+9
11:39:51.388 [JavaFX Application Thread] DEBUG Input                - Registered new binding: Restart - CTRL+R
11:39:51.388 [JavaFX Application Thread] DEBUG Engine               - generateDefaultProfile()
11:39:51.388 [JavaFX Application Thread] DEBUG Engine               - Creating default profile
11:39:51.388 [JavaFX Application Thread] DEBUG EventBus             - Firing event: SaveEvent
11:39:51.403 [JavaFX Application Thread] INFO  Engine               - FXGL initialization took: 1,465 sec
11:39:51.404 [JavaFX Application Thread] DEBUG LoopRunner           - Starting loop
11:39:51.421 [JavaFX Application Thread] DEBUG FXGLStartupScene     - STARTUP
11:39:51.427 [JavaFX Application Thread] DEBUG Input                - Clearing active input actions
11:39:51.460 [JavaFX Application Thread] DEBUG Engine               - Removing overlay from FXGLStartupScene and adding to FXGLDefaultMenu
11:39:51.460 [JavaFX Application Thread] DEBUG MainWindow           - FXGLStartupScene -> FXGLDefaultMenu
11:41:24.073 [JavaFX Application Thread] DEBUG Menu                 - fireNewGame()
11:41:24.073 [JavaFX Application Thread] DEBUG Engine               - Starting new game
11:41:24.083 [JavaFX Application Thread] DEBUG Input                - Clearing active input actions
11:41:24.098 [JavaFX Application Thread] DEBUG Engine               - Removing overlay from FXGLDefaultMenu and adding to LoadingScene
11:41:24.099 [JavaFX Application Thread] DEBUG MainWindow           - FXGLDefaultMenu -> LoadingScene
11:41:24.106 [FXGL Background Thread 2 ] DEBUG InitAppTask          - Clearing previous game
11:41:24.106 [FXGL Background Thread 2 ] DEBUG GameWorld            - Clearing game world
11:41:24.106 [FXGL Background Thread 2 ] DEBUG PhysicsWorld         - Clearing physics world
11:41:24.107 [FXGL Background Thread 2 ] DEBUG GameScene            - Clearing game scene
11:41:24.107 [FXGL Background Thread 2 ] DEBUG InitAppTask          - Initializing Game
11:41:24.123 [FXGL Background Thread 2 ] DEBUG AssetLoader          - Loading from file system: /assets/textures/floor.png
11:41:24.143 [FXGL Background Thread 2 ] DEBUG AssetLoader          - Loading from file system: /assets/levels/0.txt
11:41:24.154 [FXGL Background Thread 2 ] DEBUG AssetLoader          - Loading from cache: /assets/textures/floor.png@600.0x600.0
11:41:24.155 [FXGL Background Thread 2 ] DEBUG AssetLoader          - Loading from cache: /assets/textures/floor.png@600.0x600.0
11:41:24.156 [FXGL Background Thread 2 ] DEBUG AssetLoader          - Loading from file system: /assets/textures/brick.png
11:41:24.158 [FXGL Background Thread 2 ] DEBUG AssetLoader          - Loading from cache: /assets/textures/brick.png@40.0x40.0
11:41:24.158 [FXGL Background Thread 2 ] DEBUG AssetLoader          - Loading from cache: /assets/textures/brick.png@40.0x40.0
11:41:24.159 [FXGL Background Thread 2 ] DEBUG AssetLoader          - Loading from cache: /assets/textures/brick.png@40.0x40.0
11:41:24.160 [FXGL Background Thread 2 ] DEBUG AssetLoader          - Loading from cache: /assets/textures/brick.png@40.0x40.0
11:41:24.160 [FXGL Background Thread 2 ] DEBUG AssetLoader          - Loading from cache: /assets/textures/brick.png@40.0x40.0
11:41:24.161 [FXGL Background Thread 2 ] DEBUG AssetLoader          - Loading from cache: /assets/textures/brick.png@40.0x40.0
11:41:24.162 [FXGL Background Thread 2 ] DEBUG AssetLoader          - Loading from cache: /assets/textures/brick.png@40.0x40.0
11:41:24.162 [FXGL Background Thread 2 ] DEBUG AssetLoader          - Loading from cache: /assets/textures/brick.png@40.0x40.0
11:41:24.163 [FXGL Background Thread 2 ] DEBUG AssetLoader          - Loading from cache: /assets/textures/brick.png@40.0x40.0
11:41:24.164 [FXGL Background Thread 2 ] DEBUG AssetLoader          - Loading from cache: /assets/textures/brick.png@40.0x40.0
11:41:24.164 [FXGL Background Thread 2 ] DEBUG AssetLoader          - Loading from cache: /assets/textures/floor.png@600.0x600.0
11:41:24.165 [FXGL Background Thread 2 ] DEBUG AssetLoader          - Loading from cache: /assets/textures/floor.png@600.0x600.0
11:41:24.166 [FXGL Background Thread 2 ] DEBUG AssetLoader          - Loading from file system: /assets/textures/wall.png
11:41:24.167 [FXGL Background Thread 2 ] DEBUG AssetLoader          - Loading from cache: /assets/textures/floor.png@600.0x600.0
11:41:24.168 [FXGL Background Thread 2 ] DEBUG AssetLoader          - Loading from cache: /assets/textures/wall.png@40.0x40.0
11:41:24.169 [FXGL Background Thread 2 ] DEBUG AssetLoader          - Loading from cache: /assets/textures/floor.png@600.0x600.0
11:41:24.170 [FXGL Background Thread 2 ] DEBUG AssetLoader          - Loading from cache: /assets/textures/wall.png@40.0x40.0
11:41:24.170 [FXGL Background Thread 2 ] DEBUG AssetLoader          - Loading from cache: /assets/textures/floor.png@600.0x600.0
11:41:24.171 [FXGL Background Thread 2 ] DEBUG AssetLoader          - Loading from cache: /assets/textures/wall.png@40.0x40.0
11:41:24.172 [FXGL Background Thread 2 ] DEBUG AssetLoader          - Loading from cache: /assets/textures/floor.png@600.0x600.0
11:41:24.173 [FXGL Background Thread 2 ] DEBUG AssetLoader          - Loading from cache: /assets/textures/wall.png@40.0x40.0
11:41:24.173 [FXGL Background Thread 2 ] DEBUG AssetLoader          - Loading from cache: /assets/textures/floor.png@600.0x600.0
11:41:24.174 [FXGL Background Thread 2 ] DEBUG AssetLoader          - Loading from cache: /assets/textures/wall.png@40.0x40.0
11:41:24.175 [FXGL Background Thread 2 ] DEBUG AssetLoader          - Loading from cache: /assets/textures/floor.png@600.0x600.0
11:41:24.176 [FXGL Background Thread 2 ] DEBUG AssetLoader          - Loading from cache: /assets/textures/wall.png@40.0x40.0
11:41:24.176 [FXGL Background Thread 2 ] DEBUG AssetLoader          - Loading from cache: /assets/textures/floor.png@600.0x600.0
11:41:24.177 [FXGL Background Thread 2 ] DEBUG AssetLoader          - Loading from cache: /assets/textures/wall.png@40.0x40.0
11:41:24.178 [FXGL Background Thread 2 ] DEBUG AssetLoader          - Loading from cache: /assets/textures/floor.png@600.0x600.0
11:41:24.178 [FXGL Background Thread 2 ] DEBUG AssetLoader          - Loading from cache: /assets/textures/wall.png@40.0x40.0
11:41:24.179 [FXGL Background Thread 2 ] DEBUG AssetLoader          - Loading from cache: /assets/textures/brick.png@40.0x40.0
11:41:24.180 [FXGL Background Thread 2 ] DEBUG AssetLoader          - Loading from cache: /assets/textures/floor.png@600.0x600.0
11:41:24.181 [FXGL Background Thread 2 ] DEBUG AssetLoader          - Loading from cache: /assets/textures/floor.png@600.0x600.0
11:41:24.182 [FXGL Background Thread 2 ] DEBUG AssetLoader          - Loading from cache: /assets/textures/floor.png@600.0x600.0
11:41:24.182 [FXGL Background Thread 2 ] DEBUG AssetLoader          - Loading from cache: /assets/textures/floor.png@600.0x600.0
11:41:24.183 [FXGL Background Thread 2 ] DEBUG AssetLoader          - Loading from cache: /assets/textures/floor.png@600.0x600.0
11:41:24.184 [FXGL Background Thread 2 ] DEBUG AssetLoader          - Loading from cache: /assets/textures/floor.png@600.0x600.0
11:41:24.184 [FXGL Background Thread 2 ] DEBUG AssetLoader          - Loading from cache: /assets/textures/floor.png@600.0x600.0
11:41:24.185 [FXGL Background Thread 2 ] DEBUG AssetLoader          - Loading from cache: /assets/textures/floor.png@600.0x600.0
11:41:24.186 [FXGL Background Thread 2 ] DEBUG AssetLoader          - Loading from cache: /assets/textures/floor.png@600.0x600.0
11:41:24.186 [FXGL Background Thread 2 ] DEBUG AssetLoader          - Loading from cache: /assets/textures/floor.png@600.0x600.0
11:41:24.187 [FXGL Background Thread 2 ] DEBUG AssetLoader          - Loading from cache: /assets/textures/floor.png@600.0x600.0
11:41:24.189 [FXGL Background Thread 2 ] DEBUG AssetLoader          - Loading from cache: /assets/textures/floor.png@600.0x600.0
11:41:24.190 [FXGL Background Thread 2 ] DEBUG AssetLoader          - Loading from cache: /assets/textures/floor.png@600.0x600.0
11:41:24.190 [FXGL Background Thread 2 ] DEBUG AssetLoader          - Loading from cache: /assets/textures/brick.png@40.0x40.0
11:41:24.191 [FXGL Background Thread 2 ] DEBUG AssetLoader          - Loading from cache: /assets/textures/wall.png@40.0x40.0
11:41:24.192 [FXGL Background Thread 2 ] DEBUG AssetLoader          - Loading from cache: /assets/textures/floor.png@600.0x600.0
11:41:24.193 [FXGL Background Thread 2 ] DEBUG AssetLoader          - Loading from cache: /assets/textures/wall.png@40.0x40.0
11:41:24.193 [FXGL Background Thread 2 ] DEBUG AssetLoader          - Loading from cache: /assets/textures/floor.png@600.0x600.0
11:41:24.194 [FXGL Background Thread 2 ] DEBUG AssetLoader          - Loading from cache: /assets/textures/wall.png@40.0x40.0
11:41:24.195 [FXGL Background Thread 2 ] DEBUG AssetLoader          - Loading from cache: /assets/textures/floor.png@600.0x600.0
11:41:24.195 [FXGL Background Thread 2 ] DEBUG AssetLoader          - Loading from cache: /assets/textures/wall.png@40.0x40.0
11:41:24.196 [FXGL Background Thread 2 ] DEBUG AssetLoader          - Loading from cache: /assets/textures/floor.png@600.0x600.0
11:41:24.196 [FXGL Background Thread 2 ] DEBUG AssetLoader          - Loading from cache: /assets/textures/wall.png@40.0x40.0
11:41:24.197 [FXGL Background Thread 2 ] DEBUG AssetLoader          - Loading from cache: /assets/textures/floor.png@600.0x600.0
11:41:24.198 [FXGL Background Thread 2 ] DEBUG AssetLoader          - Loading from cache: /assets/textures/wall.png@40.0x40.0
11:41:24.198 [FXGL Background Thread 2 ] DEBUG AssetLoader          - Loading from cache: /assets/textures/floor.png@600.0x600.0
11:41:24.200 [FXGL Background Thread 2 ] DEBUG AssetLoader          - Loading from cache: /assets/textures/wall.png@40.0x40.0
11:41:24.201 [FXGL Background Thread 2 ] DEBUG AssetLoader          - Loading from cache: /assets/textures/floor.png@600.0x600.0
11:41:24.201 [FXGL Background Thread 2 ] DEBUG AssetLoader          - Loading from cache: /assets/textures/wall.png@40.0x40.0
11:41:24.202 [FXGL Background Thread 2 ] DEBUG AssetLoader          - Loading from cache: /assets/textures/floor.png@600.0x600.0
11:41:24.203 [FXGL Background Thread 2 ] DEBUG AssetLoader          - Loading from cache: /assets/textures/wall.png@40.0x40.0
11:41:24.203 [FXGL Background Thread 2 ] DEBUG AssetLoader          - Loading from cache: /assets/textures/floor.png@600.0x600.0
11:41:24.204 [FXGL Background Thread 2 ] DEBUG AssetLoader          - Loading from cache: /assets/textures/floor.png@600.0x600.0
11:41:24.204 [FXGL Background Thread 2 ] DEBUG AssetLoader          - Loading from cache: /assets/textures/floor.png@600.0x600.0
11:41:24.205 [FXGL Background Thread 2 ] DEBUG AssetLoader          - Loading from cache: /assets/textures/floor.png@600.0x600.0
11:41:24.206 [FXGL Background Thread 2 ] DEBUG AssetLoader          - Loading from cache: /assets/textures/floor.png@600.0x600.0
11:41:24.206 [FXGL Background Thread 2 ] DEBUG AssetLoader          - Loading from cache: /assets/textures/floor.png@600.0x600.0
11:41:24.207 [FXGL Background Thread 2 ] DEBUG AssetLoader          - Loading from cache: /assets/textures/floor.png@600.0x600.0
11:41:24.207 [FXGL Background Thread 2 ] DEBUG AssetLoader          - Loading from cache: /assets/textures/floor.png@600.0x600.0
11:41:24.208 [FXGL Background Thread 2 ] DEBUG AssetLoader          - Loading from cache: /assets/textures/floor.png@600.0x600.0
11:41:24.208 [FXGL Background Thread 2 ] DEBUG AssetLoader          - Loading from cache: /assets/textures/floor.png@600.0x600.0
11:41:24.209 [FXGL Background Thread 2 ] DEBUG AssetLoader          - Loading from cache: /assets/textures/floor.png@600.0x600.0
11:41:24.209 [FXGL Background Thread 2 ] DEBUG AssetLoader          - Loading from cache: /assets/textures/floor.png@600.0x600.0
11:41:24.210 [FXGL Background Thread 2 ] DEBUG AssetLoader          - Loading from cache: /assets/textures/floor.png@600.0x600.0
11:41:24.210 [FXGL Background Thread 2 ] DEBUG AssetLoader          - Loading from cache: /assets/textures/floor.png@600.0x600.0
11:41:24.213 [FXGL Background Thread 2 ] DEBUG AssetLoader          - Loading from cache: /assets/textures/floor.png@600.0x600.0
11:41:24.216 [FXGL Background Thread 2 ] DEBUG AssetLoader          - Loading from cache: /assets/textures/wall.png@40.0x40.0
11:41:24.217 [FXGL Background Thread 2 ] DEBUG AssetLoader          - Loading from cache: /assets/textures/floor.png@600.0x600.0
11:41:24.219 [FXGL Background Thread 2 ] DEBUG AssetLoader          - Loading from cache: /assets/textures/wall.png@40.0x40.0
11:41:24.228 [FXGL Background Thread 2 ] DEBUG AssetLoader          - Loading from cache: /assets/textures/floor.png@600.0x600.0
11:41:24.228 [FXGL Background Thread 2 ] DEBUG AssetLoader          - Loading from cache: /assets/textures/wall.png@40.0x40.0
11:41:24.229 [FXGL Background Thread 2 ] DEBUG AssetLoader          - Loading from cache: /assets/textures/floor.png@600.0x600.0
11:41:24.229 [FXGL Background Thread 2 ] DEBUG AssetLoader          - Loading from cache: /assets/textures/wall.png@40.0x40.0
11:41:24.231 [FXGL Background Thread 2 ] DEBUG AssetLoader          - Loading from cache: /assets/textures/floor.png@600.0x600.0
11:41:24.232 [FXGL Background Thread 2 ] DEBUG AssetLoader          - Loading from cache: /assets/textures/wall.png@40.0x40.0
11:41:24.233 [FXGL Background Thread 2 ] DEBUG AssetLoader          - Loading from cache: /assets/textures/floor.png@600.0x600.0
11:41:24.233 [FXGL Background Thread 2 ] DEBUG AssetLoader          - Loading from cache: /assets/textures/wall.png@40.0x40.0
11:41:24.234 [FXGL Background Thread 2 ] DEBUG AssetLoader          - Loading from cache: /assets/textures/floor.png@600.0x600.0
11:41:24.234 [FXGL Background Thread 2 ] DEBUG AssetLoader          - Loading from cache: /assets/textures/wall.png@40.0x40.0
11:41:24.235 [FXGL Background Thread 2 ] DEBUG AssetLoader          - Loading from cache: /assets/textures/floor.png@600.0x600.0
11:41:24.236 [FXGL Background Thread 2 ] DEBUG AssetLoader          - Loading from cache: /assets/textures/wall.png@40.0x40.0
11:41:24.236 [FXGL Background Thread 2 ] DEBUG AssetLoader          - Loading from cache: /assets/textures/floor.png@600.0x600.0
11:41:24.237 [FXGL Background Thread 2 ] DEBUG AssetLoader          - Loading from cache: /assets/textures/wall.png@40.0x40.0
11:41:24.238 [FXGL Background Thread 2 ] DEBUG AssetLoader          - Loading from cache: /assets/textures/floor.png@600.0x600.0
11:41:24.239 [FXGL Background Thread 2 ] DEBUG AssetLoader          - Loading from cache: /assets/textures/floor.png@600.0x600.0
11:41:24.239 [FXGL Background Thread 2 ] DEBUG AssetLoader          - Loading from cache: /assets/textures/floor.png@600.0x600.0
11:41:24.240 [FXGL Background Thread 2 ] DEBUG AssetLoader          - Loading from cache: /assets/textures/floor.png@600.0x600.0
11:41:24.240 [FXGL Background Thread 2 ] DEBUG AssetLoader          - Loading from cache: /assets/textures/floor.png@600.0x600.0
11:41:24.241 [FXGL Background Thread 2 ] DEBUG AssetLoader          - Loading from cache: /assets/textures/floor.png@600.0x600.0
11:41:24.241 [FXGL Background Thread 2 ] DEBUG AssetLoader          - Loading from cache: /assets/textures/brick.png@40.0x40.0
11:41:24.242 [FXGL Background Thread 2 ] DEBUG AssetLoader          - Loading from cache: /assets/textures/brick.png@40.0x40.0
11:41:24.242 [FXGL Background Thread 2 ] DEBUG AssetLoader          - Loading from cache: /assets/textures/floor.png@600.0x600.0
11:41:24.243 [FXGL Background Thread 2 ] DEBUG AssetLoader          - Loading from cache: /assets/textures/floor.png@600.0x600.0
11:41:24.244 [FXGL Background Thread 2 ] DEBUG AssetLoader          - Loading from cache: /assets/textures/floor.png@600.0x600.0
11:41:24.244 [FXGL Background Thread 2 ] DEBUG AssetLoader          - Loading from cache: /assets/textures/floor.png@600.0x600.0
11:41:24.244 [FXGL Background Thread 2 ] DEBUG AssetLoader          - Loading from cache: /assets/textures/floor.png@600.0x600.0
11:41:24.245 [FXGL Background Thread 2 ] DEBUG AssetLoader          - Loading from cache: /assets/textures/floor.png@600.0x600.0
11:41:24.245 [FXGL Background Thread 2 ] DEBUG AssetLoader          - Loading from cache: /assets/textures/floor.png@600.0x600.0
11:41:24.246 [FXGL Background Thread 2 ] DEBUG AssetLoader          - Loading from cache: /assets/textures/wall.png@40.0x40.0
11:41:24.246 [FXGL Background Thread 2 ] DEBUG AssetLoader          - Loading from cache: /assets/textures/floor.png@600.0x600.0
11:41:24.247 [FXGL Background Thread 2 ] DEBUG AssetLoader          - Loading from cache: /assets/textures/wall.png@40.0x40.0
11:41:24.247 [FXGL Background Thread 2 ] DEBUG AssetLoader          - Loading from cache: /assets/textures/floor.png@600.0x600.0
11:41:24.248 [FXGL Background Thread 2 ] DEBUG AssetLoader          - Loading from cache: /assets/textures/wall.png@40.0x40.0
11:41:24.248 [FXGL Background Thread 2 ] DEBUG AssetLoader          - Loading from cache: /assets/textures/floor.png@600.0x600.0
11:41:24.249 [FXGL Background Thread 2 ] DEBUG AssetLoader          - Loading from cache: /assets/textures/wall.png@40.0x40.0
11:41:24.249 [FXGL Background Thread 2 ] DEBUG AssetLoader          - Loading from cache: /assets/textures/brick.png@40.0x40.0
11:41:24.250 [FXGL Background Thread 2 ] DEBUG AssetLoader          - Loading from cache: /assets/textures/wall.png@40.0x40.0
11:41:24.250 [FXGL Background Thread 2 ] DEBUG AssetLoader          - Loading from cache: /assets/textures/floor.png@600.0x600.0
11:41:24.251 [FXGL Background Thread 2 ] DEBUG AssetLoader          - Loading from cache: /assets/textures/wall.png@40.0x40.0
11:41:24.252 [FXGL Background Thread 2 ] DEBUG AssetLoader          - Loading from cache: /assets/textures/floor.png@600.0x600.0
11:41:24.252 [FXGL Background Thread 2 ] DEBUG AssetLoader          - Loading from cache: /assets/textures/wall.png@40.0x40.0
11:41:24.253 [FXGL Background Thread 2 ] DEBUG AssetLoader          - Loading from cache: /assets/textures/floor.png@600.0x600.0
11:41:24.253 [FXGL Background Thread 2 ] DEBUG AssetLoader          - Loading from cache: /assets/textures/wall.png@40.0x40.0
11:41:24.254 [FXGL Background Thread 2 ] DEBUG AssetLoader          - Loading from cache: /assets/textures/floor.png@600.0x600.0
11:41:24.255 [FXGL Background Thread 2 ] DEBUG AssetLoader          - Loading from cache: /assets/textures/wall.png@40.0x40.0
11:41:24.256 [FXGL Background Thread 2 ] DEBUG AssetLoader          - Loading from cache: /assets/textures/floor.png@600.0x600.0
11:41:24.257 [FXGL Background Thread 2 ] DEBUG AssetLoader          - Loading from cache: /assets/textures/floor.png@600.0x600.0
11:41:24.257 [FXGL Background Thread 2 ] DEBUG AssetLoader          - Loading from cache: /assets/textures/floor.png@600.0x600.0
11:41:24.258 [FXGL Background Thread 2 ] DEBUG AssetLoader          - Loading from cache: /assets/textures/floor.png@600.0x600.0
11:41:24.258 [FXGL Background Thread 2 ] DEBUG AssetLoader          - Loading from cache: /assets/textures/floor.png@600.0x600.0
11:41:24.259 [FXGL Background Thread 2 ] DEBUG AssetLoader          - Loading from cache: /assets/textures/brick.png@40.0x40.0
11:41:24.259 [FXGL Background Thread 2 ] DEBUG AssetLoader          - Loading from cache: /assets/textures/brick.png@40.0x40.0
11:41:24.260 [FXGL Background Thread 2 ] DEBUG AssetLoader          - Loading from cache: /assets/textures/brick.png@40.0x40.0
11:41:24.260 [FXGL Background Thread 2 ] DEBUG AssetLoader          - Loading from cache: /assets/textures/floor.png@600.0x600.0
11:41:24.260 [FXGL Background Thread 2 ] DEBUG AssetLoader          - Loading from cache: /assets/textures/floor.png@600.0x600.0
11:41:24.261 [FXGL Background Thread 2 ] DEBUG AssetLoader          - Loading from cache: /assets/textures/floor.png@600.0x600.0
11:41:24.261 [FXGL Background Thread 2 ] DEBUG AssetLoader          - Loading from cache: /assets/textures/floor.png@600.0x600.0
11:41:24.261 [FXGL Background Thread 2 ] DEBUG AssetLoader          - Loading from cache: /assets/textures/floor.png@600.0x600.0
11:41:24.262 [FXGL Background Thread 2 ] DEBUG AssetLoader          - Loading from cache: /assets/textures/floor.png@600.0x600.0
11:41:24.262 [FXGL Background Thread 2 ] DEBUG AssetLoader          - Loading from cache: /assets/textures/floor.png@600.0x600.0
11:41:24.262 [FXGL Background Thread 2 ] DEBUG AssetLoader          - Loading from cache: /assets/textures/wall.png@40.0x40.0
11:41:24.263 [FXGL Background Thread 2 ] DEBUG AssetLoader          - Loading from cache: /assets/textures/floor.png@600.0x600.0
11:41:24.263 [FXGL Background Thread 2 ] DEBUG AssetLoader          - Loading from cache: /assets/textures/wall.png@40.0x40.0
11:41:24.264 [FXGL Background Thread 2 ] DEBUG AssetLoader          - Loading from cache: /assets/textures/floor.png@600.0x600.0
11:41:24.264 [FXGL Background Thread 2 ] DEBUG AssetLoader          - Loading from cache: /assets/textures/wall.png@40.0x40.0
11:41:24.264 [FXGL Background Thread 2 ] DEBUG AssetLoader          - Loading from cache: /assets/textures/floor.png@600.0x600.0
11:41:24.265 [FXGL Background Thread 2 ] DEBUG AssetLoader          - Loading from cache: /assets/textures/wall.png@40.0x40.0
11:41:24.265 [FXGL Background Thread 2 ] DEBUG AssetLoader          - Loading from cache: /assets/textures/floor.png@600.0x600.0
11:41:24.266 [FXGL Background Thread 2 ] DEBUG AssetLoader          - Loading from cache: /assets/textures/wall.png@40.0x40.0
11:41:24.266 [FXGL Background Thread 2 ] DEBUG AssetLoader          - Loading from cache: /assets/textures/floor.png@600.0x600.0
11:41:24.266 [FXGL Background Thread 2 ] DEBUG AssetLoader          - Loading from cache: /assets/textures/wall.png@40.0x40.0
11:41:24.267 [FXGL Background Thread 2 ] DEBUG AssetLoader          - Loading from cache: /assets/textures/floor.png@600.0x600.0
11:41:24.267 [FXGL Background Thread 2 ] DEBUG AssetLoader          - Loading from cache: /assets/textures/wall.png@40.0x40.0
11:41:24.268 [FXGL Background Thread 2 ] DEBUG AssetLoader          - Loading from cache: /assets/textures/floor.png@600.0x600.0
11:41:24.268 [FXGL Background Thread 2 ] DEBUG AssetLoader          - Loading from cache: /assets/textures/wall.png@40.0x40.0
11:41:24.269 [FXGL Background Thread 2 ] DEBUG AssetLoader          - Loading from cache: /assets/textures/floor.png@600.0x600.0
11:41:24.269 [FXGL Background Thread 2 ] DEBUG AssetLoader          - Loading from cache: /assets/textures/wall.png@40.0x40.0
11:41:24.270 [FXGL Background Thread 2 ] DEBUG AssetLoader          - Loading from cache: /assets/textures/floor.png@600.0x600.0
11:41:24.270 [FXGL Background Thread 2 ] DEBUG AssetLoader          - Loading from cache: /assets/textures/floor.png@600.0x600.0
11:41:24.271 [FXGL Background Thread 2 ] DEBUG AssetLoader          - Loading from cache: /assets/textures/floor.png@600.0x600.0
11:41:24.273 [FXGL Background Thread 2 ] DEBUG AssetLoader          - Loading from cache: /assets/textures/floor.png@600.0x600.0
11:41:24.273 [FXGL Background Thread 2 ] DEBUG AssetLoader          - Loading from cache: /assets/textures/floor.png@600.0x600.0
11:41:24.274 [FXGL Background Thread 2 ] DEBUG AssetLoader          - Loading from cache: /assets/textures/floor.png@600.0x600.0
11:41:24.274 [FXGL Background Thread 2 ] DEBUG AssetLoader          - Loading from cache: /assets/textures/floor.png@600.0x600.0
11:41:24.275 [FXGL Background Thread 2 ] DEBUG AssetLoader          - Loading from cache: /assets/textures/floor.png@600.0x600.0
11:41:24.275 [FXGL Background Thread 2 ] DEBUG AssetLoader          - Loading from cache: /assets/textures/floor.png@600.0x600.0
11:41:24.276 [FXGL Background Thread 2 ] DEBUG AssetLoader          - Loading from cache: /assets/textures/floor.png@600.0x600.0
11:41:24.277 [FXGL Background Thread 2 ] DEBUG AssetLoader          - Loading from cache: /assets/textures/floor.png@600.0x600.0
11:41:24.277 [FXGL Background Thread 2 ] DEBUG AssetLoader          - Loading from cache: /assets/textures/floor.png@600.0x600.0
11:41:24.278 [FXGL Background Thread 2 ] DEBUG AssetLoader          - Loading from cache: /assets/textures/floor.png@600.0x600.0
11:41:24.278 [FXGL Background Thread 2 ] DEBUG AssetLoader          - Loading from cache: /assets/textures/floor.png@600.0x600.0
11:41:24.279 [FXGL Background Thread 2 ] DEBUG AssetLoader          - Loading from cache: /assets/textures/floor.png@600.0x600.0
11:41:24.279 [FXGL Background Thread 2 ] DEBUG AssetLoader          - Loading from cache: /assets/textures/wall.png@40.0x40.0
11:41:24.280 [FXGL Background Thread 2 ] DEBUG AssetLoader          - Loading from cache: /assets/textures/floor.png@600.0x600.0
11:41:24.280 [FXGL Background Thread 2 ] DEBUG AssetLoader          - Loading from cache: /assets/textures/wall.png@40.0x40.0
11:41:24.281 [FXGL Background Thread 2 ] DEBUG AssetLoader          - Loading from cache: /assets/textures/floor.png@600.0x600.0
11:41:24.281 [FXGL Background Thread 2 ] DEBUG AssetLoader          - Loading from cache: /assets/textures/wall.png@40.0x40.0
11:41:24.282 [FXGL Background Thread 2 ] DEBUG AssetLoader          - Loading from cache: /assets/textures/floor.png@600.0x600.0
11:41:24.282 [FXGL Background Thread 2 ] DEBUG AssetLoader          - Loading from cache: /assets/textures/wall.png@40.0x40.0
11:41:24.283 [FXGL Background Thread 2 ] DEBUG AssetLoader          - Loading from cache: /assets/textures/floor.png@600.0x600.0
11:41:24.283 [FXGL Background Thread 2 ] DEBUG AssetLoader          - Loading from cache: /assets/textures/wall.png@40.0x40.0
11:41:24.284 [FXGL Background Thread 2 ] DEBUG AssetLoader          - Loading from cache: /assets/textures/floor.png@600.0x600.0
11:41:24.284 [FXGL Background Thread 2 ] DEBUG AssetLoader          - Loading from cache: /assets/textures/wall.png@40.0x40.0
11:41:24.285 [FXGL Background Thread 2 ] DEBUG AssetLoader          - Loading from cache: /assets/textures/floor.png@600.0x600.0
11:41:24.285 [FXGL Background Thread 2 ] DEBUG AssetLoader          - Loading from cache: /assets/textures/wall.png@40.0x40.0
11:41:24.286 [FXGL Background Thread 2 ] DEBUG AssetLoader          - Loading from cache: /assets/textures/floor.png@600.0x600.0
11:41:24.287 [FXGL Background Thread 2 ] DEBUG AssetLoader          - Loading from cache: /assets/textures/wall.png@40.0x40.0
11:41:24.287 [FXGL Background Thread 2 ] DEBUG AssetLoader          - Loading from cache: /assets/textures/floor.png@600.0x600.0
11:41:24.287 [FXGL Background Thread 2 ] DEBUG AssetLoader          - Loading from cache: /assets/textures/wall.png@40.0x40.0
11:41:24.288 [FXGL Background Thread 2 ] DEBUG AssetLoader          - Loading from cache: /assets/textures/brick.png@40.0x40.0
11:41:24.289 [FXGL Background Thread 2 ] DEBUG AssetLoader          - Loading from cache: /assets/textures/floor.png@600.0x600.0
11:41:24.289 [FXGL Background Thread 2 ] DEBUG AssetLoader          - Loading from cache: /assets/textures/floor.png@600.0x600.0
11:41:24.290 [FXGL Background Thread 2 ] DEBUG AssetLoader          - Loading from cache: /assets/textures/floor.png@600.0x600.0
11:41:24.290 [FXGL Background Thread 2 ] DEBUG AssetLoader          - Loading from cache: /assets/textures/floor.png@600.0x600.0
11:41:24.291 [FXGL Background Thread 2 ] DEBUG AssetLoader          - Loading from cache: /assets/textures/floor.png@600.0x600.0
11:41:24.291 [FXGL Background Thread 2 ] DEBUG AssetLoader          - Loading from cache: /assets/textures/floor.png@600.0x600.0
11:41:24.292 [FXGL Background Thread 2 ] DEBUG AssetLoader          - Loading from cache: /assets/textures/floor.png@600.0x600.0
11:41:24.292 [FXGL Background Thread 2 ] DEBUG AssetLoader          - Loading from cache: /assets/textures/floor.png@600.0x600.0
11:41:24.293 [FXGL Background Thread 2 ] DEBUG AssetLoader          - Loading from cache: /assets/textures/floor.png@600.0x600.0
11:41:24.293 [FXGL Background Thread 2 ] DEBUG AssetLoader          - Loading from cache: /assets/textures/floor.png@600.0x600.0
11:41:24.293 [FXGL Background Thread 2 ] DEBUG AssetLoader          - Loading from cache: /assets/textures/floor.png@600.0x600.0
11:41:24.294 [FXGL Background Thread 2 ] DEBUG AssetLoader          - Loading from cache: /assets/textures/floor.png@600.0x600.0
11:41:24.294 [FXGL Background Thread 2 ] DEBUG AssetLoader          - Loading from cache: /assets/textures/floor.png@600.0x600.0
11:41:24.295 [FXGL Background Thread 2 ] DEBUG AssetLoader          - Loading from cache: /assets/textures/brick.png@40.0x40.0
11:41:24.295 [FXGL Background Thread 2 ] DEBUG AssetLoader          - Loading from cache: /assets/textures/wall.png@40.0x40.0
11:41:24.295 [FXGL Background Thread 2 ] DEBUG AssetLoader          - Loading from cache: /assets/textures/floor.png@600.0x600.0
11:41:24.296 [FXGL Background Thread 2 ] DEBUG AssetLoader          - Loading from cache: /assets/textures/wall.png@40.0x40.0
11:41:24.296 [FXGL Background Thread 2 ] DEBUG AssetLoader          - Loading from cache: /assets/textures/floor.png@600.0x600.0
11:41:24.297 [FXGL Background Thread 2 ] DEBUG AssetLoader          - Loading from cache: /assets/textures/wall.png@40.0x40.0
11:41:24.297 [FXGL Background Thread 2 ] DEBUG AssetLoader          - Loading from cache: /assets/textures/floor.png@600.0x600.0
11:41:24.298 [FXGL Background Thread 2 ] DEBUG AssetLoader          - Loading from cache: /assets/textures/wall.png@40.0x40.0
11:41:24.298 [FXGL Background Thread 2 ] DEBUG AssetLoader          - Loading from cache: /assets/textures/floor.png@600.0x600.0
11:41:24.298 [FXGL Background Thread 2 ] DEBUG AssetLoader          - Loading from cache: /assets/textures/wall.png@40.0x40.0
11:41:24.299 [FXGL Background Thread 2 ] DEBUG AssetLoader          - Loading from cache: /assets/textures/floor.png@600.0x600.0
11:41:24.299 [FXGL Background Thread 2 ] DEBUG AssetLoader          - Loading from cache: /assets/textures/wall.png@40.0x40.0
11:41:24.299 [FXGL Background Thread 2 ] DEBUG AssetLoader          - Loading from cache: /assets/textures/floor.png@600.0x600.0
11:41:24.300 [FXGL Background Thread 2 ] DEBUG AssetLoader          - Loading from cache: /assets/textures/wall.png@40.0x40.0
11:41:24.300 [FXGL Background Thread 2 ] DEBUG AssetLoader          - Loading from cache: /assets/textures/floor.png@600.0x600.0
11:41:24.301 [FXGL Background Thread 2 ] DEBUG AssetLoader          - Loading from cache: /assets/textures/wall.png@40.0x40.0
11:41:24.301 [FXGL Background Thread 2 ] DEBUG AssetLoader          - Loading from cache: /assets/textures/floor.png@600.0x600.0
11:41:24.302 [FXGL Background Thread 2 ] DEBUG AssetLoader          - Loading from cache: /assets/textures/wall.png@40.0x40.0
11:41:24.302 [FXGL Background Thread 2 ] DEBUG AssetLoader          - Loading from cache: /assets/textures/floor.png@600.0x600.0
11:41:24.303 [FXGL Background Thread 2 ] DEBUG AssetLoader          - Loading from cache: /assets/textures/floor.png@600.0x600.0
11:41:24.303 [FXGL Background Thread 2 ] DEBUG AssetLoader          - Loading from cache: /assets/textures/brick.png@40.0x40.0
11:41:24.304 [FXGL Background Thread 2 ] DEBUG AssetLoader          - Loading from cache: /assets/textures/brick.png@40.0x40.0
11:41:24.304 [FXGL Background Thread 2 ] DEBUG AssetLoader          - Loading from cache: /assets/textures/brick.png@40.0x40.0
11:41:24.305 [FXGL Background Thread 2 ] DEBUG AssetLoader          - Loading from cache: /assets/textures/brick.png@40.0x40.0
11:41:24.305 [FXGL Background Thread 2 ] DEBUG AssetLoader          - Loading from cache: /assets/textures/brick.png@40.0x40.0
11:41:24.305 [FXGL Background Thread 2 ] DEBUG AssetLoader          - Loading from cache: /assets/textures/brick.png@40.0x40.0
11:41:24.306 [FXGL Background Thread 2 ] DEBUG AssetLoader          - Loading from cache: /assets/textures/brick.png@40.0x40.0
11:41:24.306 [FXGL Background Thread 2 ] DEBUG AssetLoader          - Loading from cache: /assets/textures/brick.png@40.0x40.0
11:41:24.307 [FXGL Background Thread 2 ] DEBUG AssetLoader          - Loading from cache: /assets/textures/brick.png@40.0x40.0
11:41:24.307 [FXGL Background Thread 2 ] DEBUG AssetLoader          - Loading from cache: /assets/textures/brick.png@40.0x40.0
11:41:24.307 [FXGL Background Thread 2 ] DEBUG AssetLoader          - Loading from cache: /assets/textures/brick.png@40.0x40.0
11:41:24.308 [FXGL Background Thread 2 ] DEBUG AssetLoader          - Loading from cache: /assets/textures/floor.png@600.0x600.0
11:41:24.308 [FXGL Background Thread 2 ] DEBUG AssetLoader          - Loading from cache: /assets/textures/floor.png@600.0x600.0
11:41:24.309 [FXGL Background Thread 2 ] DEBUG AssetLoader          - Loading from cache: /assets/textures/wall.png@40.0x40.0
11:41:24.309 [FXGL Background Thread 2 ] DEBUG AssetLoader          - Loading from cache: /assets/textures/wall.png@40.0x40.0
11:41:24.310 [FXGL Background Thread 2 ] DEBUG AssetLoader          - Loading from cache: /assets/textures/wall.png@40.0x40.0
11:41:24.310 [FXGL Background Thread 2 ] DEBUG AssetLoader          - Loading from cache: /assets/textures/wall.png@40.0x40.0
11:41:24.310 [FXGL Background Thread 2 ] DEBUG AssetLoader          - Loading from cache: /assets/textures/wall.png@40.0x40.0
11:41:24.311 [FXGL Background Thread 2 ] DEBUG AssetLoader          - Loading from cache: /assets/textures/wall.png@40.0x40.0
11:41:24.311 [FXGL Background Thread 2 ] DEBUG AssetLoader          - Loading from cache: /assets/textures/wall.png@40.0x40.0
11:41:24.312 [FXGL Background Thread 2 ] DEBUG AssetLoader          - Loading from cache: /assets/textures/wall.png@40.0x40.0
11:41:24.312 [FXGL Background Thread 2 ] DEBUG AssetLoader          - Loading from cache: /assets/textures/wall.png@40.0x40.0
11:41:24.312 [FXGL Background Thread 2 ] DEBUG AssetLoader          - Loading from cache: /assets/textures/wall.png@40.0x40.0
11:41:24.313 [FXGL Background Thread 2 ] DEBUG AssetLoader          - Loading from cache: /assets/textures/wall.png@40.0x40.0
11:41:24.313 [FXGL Background Thread 2 ] DEBUG AssetLoader          - Loading from cache: /assets/textures/wall.png@40.0x40.0
11:41:24.314 [FXGL Background Thread 2 ] DEBUG AssetLoader          - Loading from cache: /assets/textures/wall.png@40.0x40.0
11:41:24.314 [FXGL Background Thread 2 ] DEBUG AssetLoader          - Loading from cache: /assets/textures/wall.png@40.0x40.0
11:41:24.314 [FXGL Background Thread 2 ] DEBUG AssetLoader          - Loading from cache: /assets/textures/wall.png@40.0x40.0
11:41:24.315 [FXGL Background Thread 2 ] DEBUG AssetLoader          - Loading from cache: /assets/textures/wall.png@40.0x40.0
11:41:24.315 [FXGL Background Thread 2 ] DEBUG AssetLoader          - Loading from cache: /assets/textures/wall.png@40.0x40.0
11:41:24.316 [FXGL Background Thread 2 ] DEBUG GameWorld            - Clearing removable entities
11:41:24.319 [FXGL Background Thread 2 ] DEBUG GameWorld            - Setting level: com.almasb.fxgl.entity.level.Level@2a3c652c
11:41:24.335 [FXGL Background Thread 2 ] DEBUG InitAppTask          - Initializing Physics
11:41:24.336 [FXGL Background Thread 2 ] DEBUG InitAppTask          - Initializing UI
11:41:24.336 [FXGL Background Thread 2 ] DEBUG InitAppTask          - Initialization Complete
11:41:24.336 [FXGL Background Thread 2 ] INFO  InitAppTask          - Game initialization took: 0,230 sec
11:41:24.338 [JavaFX Application Thread] DEBUG Input                - Clearing active input actions
11:41:24.374 [JavaFX Application Thread] DEBUG Engine               - Removing overlay from LoadingScene and adding to GameScene
11:41:24.374 [JavaFX Application Thread] DEBUG MainWindow           - LoadingScene -> GameScene
11:44:32.379 [JavaFX Application Thread] DEBUG Engine               - Exiting FXGL
11:44:32.379 [JavaFX Application Thread] DEBUG Engine               - Shutting down background threads
11:44:32.381 [JavaFX Application Thread] DEBUG Engine               - Saving FXGL system data
11:44:32.383 [JavaFX Application Thread] DEBUG FSServiceImpl        - Writing to: C:\Users\Alejandro\Documents\DAD\Eclipse\Bomberdad\system\fxgl.bundle
11:44:32.386 [JavaFX Application Thread] DEBUG Engine               - Closing logger and exiting JavaFX
