10:10:36.345 [main                     ] DEBUG GameApplication      - Logger initialized
10:10:36.387 [main                     ] DEBUG GameApplication      - Logging settings
Title: BomberDAD
Version: 0.1
Width: 600
Height: 600
Fullscreen: false
Intro: false
Menus: true
Profiling: false
Single step:false
App Mode: DEVELOPER
Menu Key: ESCAPE
Stage Style: DECORATED
Scene Factory: class com.almasb.fxgl.app.SceneFactory
Dialog Factory: class com.almasb.fxgl.ui.FXGLDialogFactory
UI Factory: class com.almasb.fxgl.ui.FXGLUIFactory

10:10:36.928 [JavaFX Application Thread] DEBUG Engine               - Initializing FXGL
10:10:36.928 [JavaFX Application Thread] INFO  Engine               - FXGL-11.7 (05.01.2020 09.37) on WINDOWS (J:11.0.4 FX:11.0.1)
10:10:36.929 [JavaFX Application Thread] INFO  Engine               - Source code and latest versions at: https://github.com/AlmasB/FXGL
10:10:36.929 [JavaFX Application Thread] INFO  Engine               -              Join the FXGL chat at: https://gitter.im/AlmasB/FXGL
10:10:36.929 [JavaFX Application Thread] DEBUG Engine               - Initializing environment variables
10:10:36.932 [JavaFX Application Thread] DEBUG Engine               - Logging environment variables
10:10:36.933 [JavaFX Application Thread] DEBUG Engine               - achievements: []
10:10:36.933 [JavaFX Application Thread] DEBUG Engine               - sceneStack: com.almasb.fxgl.app.Engine@58bace7a
10:10:36.933 [JavaFX Application Thread] DEBUG Engine               - language: ObjectProperty [value: ENGLISH]
10:10:36.933 [JavaFX Application Thread] DEBUG Engine               - isCloseConfirmation: false
10:10:36.934 [JavaFX Application Thread] DEBUG Engine               - isProfilingEnabled: false
10:10:36.934 [JavaFX Application Thread] DEBUG Engine               - soundNotification: core/notification.wav
10:10:36.934 [JavaFX Application Thread] DEBUG Engine               - devShowBBoxProperty: BooleanProperty [value: false]
10:10:36.935 [JavaFX Application Thread] DEBUG Engine               - pixelsPerMeter: 50.0
10:10:36.936 [JavaFX Application Thread] DEBUG Engine               - overlayRoot: Group@79a5f66a
10:10:36.936 [JavaFX Application Thread] DEBUG Engine               - soundMenuBack: menu/back.wav
10:10:36.936 [JavaFX Application Thread] DEBUG Engine               - appIcon: fxgl_icon.png
10:10:36.936 [JavaFX Application Thread] DEBUG Engine               - isFullScreenAllowed: false
10:10:36.937 [JavaFX Application Thread] DEBUG Engine               - isIntroEnabled: false
10:10:36.937 [JavaFX Application Thread] DEBUG Engine               - eventBus: com.almasb.fxgl.event.EventBus@16463ff7
10:10:36.937 [JavaFX Application Thread] DEBUG Engine               - fontMono: lucida_console.ttf
10:10:36.937 [JavaFX Application Thread] DEBUG Engine               - soundMenuSelect: menu/select.wav
10:10:36.937 [JavaFX Application Thread] DEBUG Engine               - isWindows: true
10:10:36.937 [JavaFX Application Thread] DEBUG Engine               - isMobile: false
10:10:36.938 [JavaFX Application Thread] DEBUG Engine               - height: 600
10:10:36.938 [JavaFX Application Thread] DEBUG Engine               - isExperimentalNative: false
10:10:36.938 [JavaFX Application Thread] DEBUG Engine               - isSingleStep: false
10:10:36.938 [JavaFX Application Thread] DEBUG Engine               - cSSList: [fxgl_dark.css]
10:10:36.938 [JavaFX Application Thread] DEBUG Engine               - fontGame: Abel-Regular.ttf
10:10:36.938 [JavaFX Application Thread] DEBUG Engine               - menuKey: ESCAPE
10:10:36.939 [JavaFX Application Thread] DEBUG Engine               - devShowPositionProperty: BooleanProperty [value: false]
10:10:36.939 [JavaFX Application Thread] DEBUG Engine               - versionCheckDays: 7
10:10:36.939 [JavaFX Application Thread] DEBUG Engine               - masterTimer: com.almasb.fxgl.time.Timer@1801ea5b
10:10:36.939 [JavaFX Application Thread] DEBUG Engine               - configClass: Optional.empty
10:10:36.939 [JavaFX Application Thread] DEBUG Engine               - isFullScreenFromStart: false
10:10:36.939 [JavaFX Application Thread] DEBUG Engine               - version: 0.1
10:10:36.939 [JavaFX Application Thread] DEBUG Engine               - fullScreen: BooleanProperty [value: false]
10:10:36.939 [JavaFX Application Thread] DEBUG Engine               - randomSeed: -1
10:10:36.940 [JavaFX Application Thread] DEBUG Engine               - dialogFactory: com.almasb.fxgl.ui.FXGLDialogFactory@f36eb9d
10:10:36.940 [JavaFX Application Thread] DEBUG Engine               - applicationMode: DEVELOPER
10:10:36.940 [JavaFX Application Thread] DEBUG Engine               - isMac: false
10:10:36.940 [JavaFX Application Thread] DEBUG Engine               - urlGoogleForms: https://goo.gl/forms/6wrMnOBxTE1fEpOy2
10:10:36.940 [JavaFX Application Thread] DEBUG Engine               - isMenuEnabled: true
10:10:36.941 [JavaFX Application Thread] DEBUG Engine               - profileName: user.profile
10:10:36.941 [JavaFX Application Thread] DEBUG Engine               - urlPOM: https://raw.githubusercontent.com/AlmasB/FXGL/master/pom.xml
10:10:36.941 [JavaFX Application Thread] DEBUG Engine               - notificationViewClass: class com.almasb.fxgl.notification.view.XboxNotificationView
10:10:36.941 [JavaFX Application Thread] DEBUG Engine               - devSensorColorProperty: ObjectProperty [value: 0xffff00ff]
10:10:36.941 [JavaFX Application Thread] DEBUG Engine               - sceneFactory: com.almasb.fxgl.app.SceneFactory@59764ab7
10:10:36.942 [JavaFX Application Thread] DEBUG Engine               - dataFileExt: .dat
10:10:36.942 [JavaFX Application Thread] DEBUG Engine               - stageStyle: DECORATED
10:10:36.942 [JavaFX Application Thread] DEBUG Engine               - isManualResizeEnabled: false
10:10:36.942 [JavaFX Application Thread] DEBUG Engine               - title: BomberDAD
10:10:36.942 [JavaFX Application Thread] DEBUG Engine               - platform: WINDOWS
10:10:36.942 [JavaFX Application Thread] DEBUG Engine               - devBBoxColorProperty: ObjectProperty [value: 0xff0000ff]
10:10:36.943 [JavaFX Application Thread] DEBUG Engine               - isDesktop: true
10:10:36.943 [JavaFX Application Thread] DEBUG Engine               - credits: []
10:10:36.943 [JavaFX Application Thread] DEBUG Engine               - globalMusicVolumeProperty: DoubleProperty [value: 0.5]
10:10:36.943 [JavaFX Application Thread] DEBUG Engine               - isPreserveResizeRatio: false
10:10:36.943 [JavaFX Application Thread] DEBUG Engine               - uIFactory: com.almasb.fxgl.ui.FXGLUIFactory@7ee86fe9
10:10:36.944 [JavaFX Application Thread] DEBUG Engine               - fontText: Courier-Prime.ttf
10:10:36.944 [JavaFX Application Thread] DEBUG Engine               - isExperimentalTiledLargeMap: false
10:10:36.944 [JavaFX Application Thread] DEBUG Engine               - secondsIn24h: 60
10:10:36.944 [JavaFX Application Thread] DEBUG Engine               - runtimeInfo: RuntimeInfo(platform=WINDOWS, version=11.7, build=05.01.2020 09.37)
10:10:36.944 [JavaFX Application Thread] DEBUG Engine               - isLinux: false
10:10:36.944 [JavaFX Application Thread] DEBUG Engine               - soundMenuPress: menu/press.wav
10:10:36.944 [JavaFX Application Thread] DEBUG Engine               - urlGithub: https://github.com/AlmasB/FXGL
10:10:36.944 [JavaFX Application Thread] DEBUG Engine               - profileDir: profiles/
10:10:36.944 [JavaFX Application Thread] DEBUG Engine               - isDeveloperMenuEnabled: false
10:10:36.945 [JavaFX Application Thread] DEBUG Engine               - globalSoundVolumeProperty: DoubleProperty [value: 0.5]
10:10:36.945 [JavaFX Application Thread] DEBUG Engine               - isBrowser: false
10:10:36.945 [JavaFX Application Thread] DEBUG Engine               - urlLeaderboard: http://fxgl-top.herokuapp.com/
10:10:36.945 [JavaFX Application Thread] DEBUG Engine               - globalSoundVolume: 0.5
10:10:36.945 [JavaFX Application Thread] DEBUG Engine               - saveDir: saves/
10:10:36.945 [JavaFX Application Thread] DEBUG Engine               - engineServices: [class com.almasb.fxgl.audio.AudioPlayer, class com.almasb.fxgl.notification.impl.NotificationServiceProvider, class com.almasb.fxgl.achievement.AchievementManager, class com.almasb.fxgl.cutscene.CutsceneService, class com.almasb.fxgl.minigames.MiniGameService]
10:10:36.945 [JavaFX Application Thread] DEBUG Engine               - globalMusicVolume: 0.5
10:10:36.945 [JavaFX Application Thread] DEBUG Engine               - width: 600
10:10:36.945 [JavaFX Application Thread] DEBUG Engine               - saveFileExt: .sav
10:10:36.946 [JavaFX Application Thread] DEBUG Engine               - isAndroid: false
10:10:36.946 [JavaFX Application Thread] DEBUG Engine               - fontUI: VarelaRound-Regular.ttf
10:10:36.946 [JavaFX Application Thread] DEBUG Engine               - enabledMenuItems: []
10:10:36.946 [JavaFX Application Thread] DEBUG Engine               - isIOS: false
10:10:36.949 [JavaFX Application Thread] DEBUG Engine               - Adding new engine service: class com.almasb.fxgl.audio.AudioPlayer
10:10:36.950 [JavaFX Application Thread] DEBUG Engine               - Adding new engine service: class com.almasb.fxgl.notification.impl.NotificationServiceProvider
10:10:36.950 [JavaFX Application Thread] DEBUG Engine               - Adding new engine service: class com.almasb.fxgl.achievement.AchievementManager
10:10:36.952 [JavaFX Application Thread] DEBUG Engine               - Adding new engine service: class com.almasb.fxgl.cutscene.CutsceneService
10:10:36.952 [JavaFX Application Thread] DEBUG Engine               - Adding new engine service: class com.almasb.fxgl.minigames.MiniGameService
10:10:36.956 [JavaFX Application Thread] DEBUG Engine               - Loading localizations
10:10:36.959 [JavaFX Application Thread] DEBUG AssetLoader          - Loading from file system: /assets/properties/languages/english.properties
10:10:36.962 [JavaFX Application Thread] DEBUG AssetLoader          - Loading from file system: /assets/properties/languages/french.properties
10:10:36.965 [JavaFX Application Thread] DEBUG AssetLoader          - Loading from file system: /assets/properties/languages/german.properties
10:10:36.967 [JavaFX Application Thread] DEBUG AssetLoader          - Loading from file system: /assets/properties/languages/russian.properties
10:10:36.969 [JavaFX Application Thread] DEBUG AssetLoader          - Loading from file system: /assets/properties/languages/hungarian.properties
10:10:36.972 [JavaFX Application Thread] DEBUG Engine               - Registering font factories
10:10:36.973 [JavaFX Application Thread] DEBUG AssetLoader          - Loading from file system: /assets/ui/fonts/VarelaRound-Regular.ttf
10:10:37.351 [JavaFX Application Thread] DEBUG AssetLoader          - Loading from file system: /assets/ui/fonts/Abel-Regular.ttf
10:10:37.354 [JavaFX Application Thread] DEBUG AssetLoader          - Loading from file system: /assets/ui/fonts/lucida_console.ttf
10:10:37.359 [JavaFX Application Thread] DEBUG AssetLoader          - Loading from file system: /assets/ui/fonts/Courier-Prime.ttf
10:10:37.362 [JavaFX Application Thread] DEBUG Engine               - Setting UI factory
10:10:37.479 [JavaFX Application Thread] DEBUG AssetLoader          - Loading from file system: /assets/textures/fxgl_logo.png
10:10:37.570 [JavaFX Application Thread] DEBUG MainWindow           - Creating a JavaFX scene
10:10:37.637 [JavaFX Application Thread] DEBUG MainWindow           - Target settings size: 600.0 x 600.0
10:10:37.637 [JavaFX Application Thread] DEBUG MainWindow           - Scaled scene size:    600.0 x 600.0
10:10:37.638 [JavaFX Application Thread] DEBUG MainWindow           - Scaled ratio: (1.0, 1.0)
10:10:37.640 [JavaFX Application Thread] DEBUG MainWindow           - Set initial scene to FXGLStartupScene
10:10:37.651 [JavaFX Application Thread] DEBUG AssetLoader          - Loading from file system: /assets/textures/fxgl_icon.png
10:10:37.672 [JavaFX Application Thread] DEBUG Engine               - Applying CSS: fxgl_dark.css
10:10:37.673 [JavaFX Application Thread] DEBUG AssetLoader          - Loading from file system: /assets/ui/css/fxgl_dark.css
10:10:37.678 [JavaFX Application Thread] DEBUG AssetLoader          - Loading from file system: /assets/ui/cursors/fxgl_default.png
10:10:37.681 [JavaFX Application Thread] DEBUG MainWindow           - Opening main window
10:10:37.885 [JavaFX Application Thread] DEBUG MainWindow           - Window border size: (16.0, 39.0)
10:10:37.886 [JavaFX Application Thread] DEBUG MainWindow           - Scaled size: 600.0 x 600.0
10:10:37.886 [JavaFX Application Thread] DEBUG MainWindow           - Scaled ratio: (1.0, 1.0)
10:10:37.886 [JavaFX Application Thread] DEBUG MainWindow           - Scene size: 600.0 x 600.0
10:10:37.886 [JavaFX Application Thread] DEBUG MainWindow           - Stage size: 616.0 x 639.0
10:10:37.924 [FXGL Background Thread 1 ] DEBUG FS                   - Loaded FSServiceImpl
10:10:37.938 [FXGL Background Thread 1 ] DEBUG Engine               - Loading FXGL system data
10:10:37.950 [FXGL Background Thread 1 ] DEBUG FSServiceImpl        - Reading from: C:\Users\Pablo\Desktop\OneDrive\DAM2\DAD\Eclipse19\Bomberdad\system\fxgl.bundle
10:10:37.962 [FXGL Background Thread 1 ] DEBUG Engine               - Bundle FXGL: {}
10:10:37.962 [FXGL Background Thread 1 ] DEBUG Engine               - Initializing application scenes
10:10:38.062 [FXGL Background Thread 1 ] DEBUG GameWorld            - Game world initialized
10:10:38.138 [FXGL Background Thread 1 ] DEBUG PhysicsWorld         - Physics world initialized: appHeight=600, physics.ppm=50,0
10:10:38.141 [FXGL Background Thread 1 ] DEBUG GameScene            - Game scene initialized: 600x600
10:10:38.239 [FXGL Background Thread 1 ] DEBUG AssetLoader          - Loading from file system: /assets/textures/particles/trace_horizontal.png
10:10:38.261 [FXGL Background Thread 1 ] DEBUG FXGL.DefaultMenu     - createMenuBodyMainMenu()
10:10:38.299 [FXGL Background Thread 1 ] DEBUG FXGL.DefaultMenu     - createOptionsMenu()
10:10:38.309 [FXGL Background Thread 1 ] DEBUG AssetLoader          - Loading from file system: /assets/textures/particles/smoke.png
10:10:38.393 [FXGL Background Thread 1 ] DEBUG AssetLoader          - Loading from cache: /assets/textures/particles/trace_horizontal.png@64.0x64.0
10:10:38.394 [FXGL Background Thread 1 ] DEBUG FXGL.DefaultMenu     - createMenuBodyGameMenu()
10:10:38.396 [FXGL Background Thread 1 ] DEBUG FXGL.DefaultMenu     - createOptionsMenu()
10:10:38.399 [FXGL Background Thread 1 ] DEBUG AssetLoader          - Loading from cache: /assets/textures/particles/smoke.png@128.0x128.0
10:10:38.442 [FXGL Background Thread 1 ] DEBUG Engine               - Application scenes initialized
10:10:38.447 [JavaFX Application Thread] DEBUG Engine               - Running preInit()
10:10:38.463 [JavaFX Application Thread] DEBUG Input                - Registered new binding: Move Up - W
10:10:38.463 [JavaFX Application Thread] DEBUG Input                - Registered new binding: Move Left - A
10:10:38.463 [JavaFX Application Thread] DEBUG Input                - Registered new binding: Move Down - S
10:10:38.464 [JavaFX Application Thread] DEBUG Input                - Registered new binding: Move Right - D
10:10:38.464 [JavaFX Application Thread] DEBUG Input                - Registered new binding: Place Bomb - Space
10:10:38.464 [JavaFX Application Thread] DEBUG Input                - Registered new binding: Move Up2 - Up
10:10:38.464 [JavaFX Application Thread] DEBUG Input                - Registered new binding: Move Left2 - Left
10:10:38.464 [JavaFX Application Thread] DEBUG Input                - Registered new binding: Move Down2 - Down
10:10:38.464 [JavaFX Application Thread] DEBUG Input                - Registered new binding: Move Right2 - Right
10:10:38.465 [JavaFX Application Thread] DEBUG Input                - Registered new binding: Place Bomb2S - Enter
10:10:38.466 [JavaFX Application Thread] DEBUG Input                - Registered new binding: Screenshot - P
10:10:38.466 [JavaFX Application Thread] DEBUG Input                - Registered new binding: System info dump - CTRL+9
10:10:38.467 [JavaFX Application Thread] DEBUG Input                - Registered new binding: Restart - CTRL+R
10:10:38.467 [JavaFX Application Thread] DEBUG Engine               - generateDefaultProfile()
10:10:38.467 [JavaFX Application Thread] DEBUG Engine               - Creating default profile
10:10:38.467 [JavaFX Application Thread] DEBUG EventBus             - Firing event: SaveEvent
10:10:38.488 [JavaFX Application Thread] INFO  Engine               - FXGL initialization took: 1,531 sec
10:10:38.488 [JavaFX Application Thread] DEBUG LoopRunner           - Starting loop
10:10:38.509 [JavaFX Application Thread] DEBUG FXGLStartupScene     - STARTUP
10:10:38.517 [JavaFX Application Thread] DEBUG Input                - Clearing active input actions
10:10:38.553 [JavaFX Application Thread] DEBUG Engine               - Removing overlay from FXGLStartupScene and adding to FXGLDefaultMenu
10:10:38.553 [JavaFX Application Thread] DEBUG MainWindow           - FXGLStartupScene -> FXGLDefaultMenu
10:10:39.991 [JavaFX Application Thread] DEBUG Menu                 - fireNewGame()
10:10:39.991 [JavaFX Application Thread] DEBUG Engine               - Starting new game
10:10:40.003 [JavaFX Application Thread] DEBUG Input                - Clearing active input actions
10:10:40.004 [FXGL Background Thread 1 ] DEBUG InitAppTask          - Clearing previous game
10:10:40.004 [FXGL Background Thread 1 ] DEBUG GameWorld            - Clearing game world
10:10:40.005 [FXGL Background Thread 1 ] DEBUG PhysicsWorld         - Clearing physics world
10:10:40.005 [FXGL Background Thread 1 ] DEBUG GameScene            - Clearing game scene
10:10:40.005 [FXGL Background Thread 1 ] DEBUG InitAppTask          - Initializing Game
10:10:40.023 [FXGL Background Thread 1 ] DEBUG AssetLoader          - Loading from file system: /assets/textures/floor.png
10:10:40.025 [JavaFX Application Thread] DEBUG Engine               - Removing overlay from FXGLDefaultMenu and adding to LoadingScene
10:10:40.025 [JavaFX Application Thread] DEBUG MainWindow           - FXGLDefaultMenu -> LoadingScene
10:10:40.041 [FXGL Background Thread 1 ] DEBUG AssetLoader          - Loading from file system: /assets/levels/0.txt
10:10:40.059 [FXGL Background Thread 1 ] DEBUG AssetLoader          - Loading from cache: /assets/textures/floor.png@40.0x40.0
10:10:40.061 [FXGL Background Thread 1 ] DEBUG AssetLoader          - Loading from cache: /assets/textures/floor.png@40.0x40.0
10:10:40.061 [FXGL Background Thread 1 ] DEBUG AssetLoader          - Loading from file system: /assets/textures/brick.png
10:10:40.064 [FXGL Background Thread 1 ] DEBUG AssetLoader          - Loading from cache: /assets/textures/brick.png@40.0x40.0
10:10:40.065 [FXGL Background Thread 1 ] DEBUG AssetLoader          - Loading from cache: /assets/textures/brick.png@40.0x40.0
10:10:40.065 [FXGL Background Thread 1 ] DEBUG AssetLoader          - Loading from cache: /assets/textures/brick.png@40.0x40.0
10:10:40.066 [FXGL Background Thread 1 ] DEBUG AssetLoader          - Loading from cache: /assets/textures/brick.png@40.0x40.0
10:10:40.067 [FXGL Background Thread 1 ] DEBUG AssetLoader          - Loading from cache: /assets/textures/brick.png@40.0x40.0
10:10:40.068 [FXGL Background Thread 1 ] DEBUG AssetLoader          - Loading from cache: /assets/textures/brick.png@40.0x40.0
10:10:40.068 [FXGL Background Thread 1 ] DEBUG AssetLoader          - Loading from cache: /assets/textures/brick.png@40.0x40.0
10:10:40.069 [FXGL Background Thread 1 ] DEBUG AssetLoader          - Loading from cache: /assets/textures/brick.png@40.0x40.0
10:10:40.070 [FXGL Background Thread 1 ] DEBUG AssetLoader          - Loading from cache: /assets/textures/brick.png@40.0x40.0
10:10:40.071 [FXGL Background Thread 1 ] DEBUG AssetLoader          - Loading from cache: /assets/textures/brick.png@40.0x40.0
10:10:40.072 [FXGL Background Thread 1 ] DEBUG AssetLoader          - Loading from cache: /assets/textures/floor.png@40.0x40.0
10:10:40.073 [FXGL Background Thread 1 ] DEBUG AssetLoader          - Loading from cache: /assets/textures/floor.png@40.0x40.0
10:10:40.074 [FXGL Background Thread 1 ] DEBUG AssetLoader          - Loading from file system: /assets/textures/wall.png
10:10:40.076 [FXGL Background Thread 1 ] DEBUG AssetLoader          - Loading from cache: /assets/textures/floor.png@40.0x40.0
10:10:40.077 [FXGL Background Thread 1 ] DEBUG AssetLoader          - Loading from cache: /assets/textures/wall.png@40.0x40.0
10:10:40.078 [FXGL Background Thread 1 ] DEBUG AssetLoader          - Loading from cache: /assets/textures/floor.png@40.0x40.0
10:10:40.079 [FXGL Background Thread 1 ] DEBUG AssetLoader          - Loading from cache: /assets/textures/wall.png@40.0x40.0
10:10:40.080 [FXGL Background Thread 1 ] DEBUG AssetLoader          - Loading from cache: /assets/textures/floor.png@40.0x40.0
10:10:40.082 [FXGL Background Thread 1 ] DEBUG AssetLoader          - Loading from cache: /assets/textures/wall.png@40.0x40.0
10:10:40.083 [FXGL Background Thread 1 ] DEBUG AssetLoader          - Loading from cache: /assets/textures/floor.png@40.0x40.0
10:10:40.084 [FXGL Background Thread 1 ] DEBUG AssetLoader          - Loading from cache: /assets/textures/wall.png@40.0x40.0
10:10:40.085 [FXGL Background Thread 1 ] DEBUG AssetLoader          - Loading from cache: /assets/textures/floor.png@40.0x40.0
10:10:40.086 [FXGL Background Thread 1 ] DEBUG AssetLoader          - Loading from cache: /assets/textures/wall.png@40.0x40.0
10:10:40.087 [FXGL Background Thread 1 ] DEBUG AssetLoader          - Loading from cache: /assets/textures/floor.png@40.0x40.0
10:10:40.088 [FXGL Background Thread 1 ] DEBUG AssetLoader          - Loading from cache: /assets/textures/wall.png@40.0x40.0
10:10:40.089 [FXGL Background Thread 1 ] DEBUG AssetLoader          - Loading from cache: /assets/textures/floor.png@40.0x40.0
10:10:40.089 [FXGL Background Thread 1 ] DEBUG AssetLoader          - Loading from cache: /assets/textures/wall.png@40.0x40.0
10:10:40.090 [FXGL Background Thread 1 ] DEBUG AssetLoader          - Loading from cache: /assets/textures/floor.png@40.0x40.0
10:10:40.091 [FXGL Background Thread 1 ] DEBUG AssetLoader          - Loading from cache: /assets/textures/wall.png@40.0x40.0
10:10:40.092 [FXGL Background Thread 1 ] DEBUG AssetLoader          - Loading from cache: /assets/textures/brick.png@40.0x40.0
10:10:40.092 [FXGL Background Thread 1 ] DEBUG AssetLoader          - Loading from cache: /assets/textures/floor.png@40.0x40.0
10:10:40.093 [FXGL Background Thread 1 ] DEBUG AssetLoader          - Loading from cache: /assets/textures/floor.png@40.0x40.0
10:10:40.106 [FXGL Background Thread 1 ] DEBUG AssetLoader          - Loading from cache: /assets/textures/floor.png@40.0x40.0
10:10:40.117 [FXGL Background Thread 1 ] DEBUG AssetLoader          - Loading from cache: /assets/textures/floor.png@40.0x40.0
10:10:40.119 [FXGL Background Thread 1 ] DEBUG AssetLoader          - Loading from cache: /assets/textures/floor.png@40.0x40.0
10:10:40.120 [FXGL Background Thread 1 ] DEBUG AssetLoader          - Loading from cache: /assets/textures/floor.png@40.0x40.0
10:10:40.121 [FXGL Background Thread 1 ] DEBUG AssetLoader          - Loading from cache: /assets/textures/floor.png@40.0x40.0
10:10:40.122 [FXGL Background Thread 1 ] DEBUG AssetLoader          - Loading from cache: /assets/textures/floor.png@40.0x40.0
10:10:40.122 [FXGL Background Thread 1 ] DEBUG AssetLoader          - Loading from cache: /assets/textures/floor.png@40.0x40.0
10:10:40.123 [FXGL Background Thread 1 ] DEBUG AssetLoader          - Loading from cache: /assets/textures/floor.png@40.0x40.0
10:10:40.124 [FXGL Background Thread 1 ] DEBUG AssetLoader          - Loading from cache: /assets/textures/floor.png@40.0x40.0
10:10:40.124 [FXGL Background Thread 1 ] DEBUG AssetLoader          - Loading from cache: /assets/textures/floor.png@40.0x40.0
10:10:40.125 [FXGL Background Thread 1 ] DEBUG AssetLoader          - Loading from cache: /assets/textures/floor.png@40.0x40.0
10:10:40.126 [FXGL Background Thread 1 ] DEBUG AssetLoader          - Loading from cache: /assets/textures/brick.png@40.0x40.0
10:10:40.126 [FXGL Background Thread 1 ] DEBUG AssetLoader          - Loading from cache: /assets/textures/wall.png@40.0x40.0
10:10:40.127 [FXGL Background Thread 1 ] DEBUG AssetLoader          - Loading from cache: /assets/textures/floor.png@40.0x40.0
10:10:40.128 [FXGL Background Thread 1 ] DEBUG AssetLoader          - Loading from cache: /assets/textures/wall.png@40.0x40.0
10:10:40.129 [FXGL Background Thread 1 ] DEBUG AssetLoader          - Loading from cache: /assets/textures/floor.png@40.0x40.0
10:10:40.130 [FXGL Background Thread 1 ] DEBUG AssetLoader          - Loading from cache: /assets/textures/wall.png@40.0x40.0
10:10:40.131 [FXGL Background Thread 1 ] DEBUG AssetLoader          - Loading from cache: /assets/textures/floor.png@40.0x40.0
10:10:40.131 [FXGL Background Thread 1 ] DEBUG AssetLoader          - Loading from cache: /assets/textures/wall.png@40.0x40.0
10:10:40.132 [FXGL Background Thread 1 ] DEBUG AssetLoader          - Loading from cache: /assets/textures/floor.png@40.0x40.0
10:10:40.133 [FXGL Background Thread 1 ] DEBUG AssetLoader          - Loading from cache: /assets/textures/wall.png@40.0x40.0
10:10:40.133 [FXGL Background Thread 1 ] DEBUG AssetLoader          - Loading from cache: /assets/textures/floor.png@40.0x40.0
10:10:40.134 [FXGL Background Thread 1 ] DEBUG AssetLoader          - Loading from cache: /assets/textures/wall.png@40.0x40.0
10:10:40.135 [FXGL Background Thread 1 ] DEBUG AssetLoader          - Loading from cache: /assets/textures/floor.png@40.0x40.0
10:10:40.136 [FXGL Background Thread 1 ] DEBUG AssetLoader          - Loading from cache: /assets/textures/wall.png@40.0x40.0
10:10:40.137 [FXGL Background Thread 1 ] DEBUG AssetLoader          - Loading from cache: /assets/textures/floor.png@40.0x40.0
10:10:40.137 [FXGL Background Thread 1 ] DEBUG AssetLoader          - Loading from cache: /assets/textures/wall.png@40.0x40.0
10:10:40.138 [FXGL Background Thread 1 ] DEBUG AssetLoader          - Loading from cache: /assets/textures/floor.png@40.0x40.0
10:10:40.139 [FXGL Background Thread 1 ] DEBUG AssetLoader          - Loading from cache: /assets/textures/wall.png@40.0x40.0
10:10:40.139 [FXGL Background Thread 1 ] DEBUG AssetLoader          - Loading from cache: /assets/textures/floor.png@40.0x40.0
10:10:40.140 [FXGL Background Thread 1 ] DEBUG AssetLoader          - Loading from cache: /assets/textures/floor.png@40.0x40.0
10:10:40.141 [FXGL Background Thread 1 ] DEBUG AssetLoader          - Loading from cache: /assets/textures/floor.png@40.0x40.0
10:10:40.141 [FXGL Background Thread 1 ] DEBUG AssetLoader          - Loading from cache: /assets/textures/floor.png@40.0x40.0
10:10:40.142 [FXGL Background Thread 1 ] DEBUG AssetLoader          - Loading from cache: /assets/textures/floor.png@40.0x40.0
10:10:40.142 [FXGL Background Thread 1 ] DEBUG AssetLoader          - Loading from cache: /assets/textures/floor.png@40.0x40.0
10:10:40.143 [FXGL Background Thread 1 ] DEBUG AssetLoader          - Loading from cache: /assets/textures/floor.png@40.0x40.0
10:10:40.143 [FXGL Background Thread 1 ] DEBUG AssetLoader          - Loading from cache: /assets/textures/floor.png@40.0x40.0
10:10:40.144 [FXGL Background Thread 1 ] DEBUG AssetLoader          - Loading from cache: /assets/textures/floor.png@40.0x40.0
10:10:40.145 [FXGL Background Thread 1 ] DEBUG AssetLoader          - Loading from cache: /assets/textures/floor.png@40.0x40.0
10:10:40.145 [FXGL Background Thread 1 ] DEBUG AssetLoader          - Loading from cache: /assets/textures/floor.png@40.0x40.0
10:10:40.146 [FXGL Background Thread 1 ] DEBUG AssetLoader          - Loading from cache: /assets/textures/floor.png@40.0x40.0
10:10:40.147 [FXGL Background Thread 1 ] DEBUG AssetLoader          - Loading from cache: /assets/textures/floor.png@40.0x40.0
10:10:40.147 [FXGL Background Thread 1 ] DEBUG AssetLoader          - Loading from cache: /assets/textures/floor.png@40.0x40.0
10:10:40.148 [FXGL Background Thread 1 ] DEBUG AssetLoader          - Loading from cache: /assets/textures/floor.png@40.0x40.0
10:10:40.149 [FXGL Background Thread 1 ] DEBUG AssetLoader          - Loading from cache: /assets/textures/wall.png@40.0x40.0
10:10:40.149 [FXGL Background Thread 1 ] DEBUG AssetLoader          - Loading from cache: /assets/textures/floor.png@40.0x40.0
10:10:40.150 [FXGL Background Thread 1 ] DEBUG AssetLoader          - Loading from cache: /assets/textures/wall.png@40.0x40.0
10:10:40.150 [FXGL Background Thread 1 ] DEBUG AssetLoader          - Loading from cache: /assets/textures/floor.png@40.0x40.0
10:10:40.151 [FXGL Background Thread 1 ] DEBUG AssetLoader          - Loading from cache: /assets/textures/wall.png@40.0x40.0
10:10:40.151 [FXGL Background Thread 1 ] DEBUG AssetLoader          - Loading from cache: /assets/textures/floor.png@40.0x40.0
10:10:40.152 [FXGL Background Thread 1 ] DEBUG AssetLoader          - Loading from cache: /assets/textures/wall.png@40.0x40.0
10:10:40.153 [FXGL Background Thread 1 ] DEBUG AssetLoader          - Loading from cache: /assets/textures/floor.png@40.0x40.0
10:10:40.153 [FXGL Background Thread 1 ] DEBUG AssetLoader          - Loading from cache: /assets/textures/wall.png@40.0x40.0
10:10:40.154 [FXGL Background Thread 1 ] DEBUG AssetLoader          - Loading from cache: /assets/textures/floor.png@40.0x40.0
10:10:40.154 [FXGL Background Thread 1 ] DEBUG AssetLoader          - Loading from cache: /assets/textures/wall.png@40.0x40.0
10:10:40.155 [FXGL Background Thread 1 ] DEBUG AssetLoader          - Loading from cache: /assets/textures/floor.png@40.0x40.0
10:10:40.155 [FXGL Background Thread 1 ] DEBUG AssetLoader          - Loading from cache: /assets/textures/wall.png@40.0x40.0
10:10:40.156 [FXGL Background Thread 1 ] DEBUG AssetLoader          - Loading from cache: /assets/textures/floor.png@40.0x40.0
10:10:40.156 [FXGL Background Thread 1 ] DEBUG AssetLoader          - Loading from cache: /assets/textures/wall.png@40.0x40.0
10:10:40.157 [FXGL Background Thread 1 ] DEBUG AssetLoader          - Loading from cache: /assets/textures/floor.png@40.0x40.0
10:10:40.157 [FXGL Background Thread 1 ] DEBUG AssetLoader          - Loading from cache: /assets/textures/wall.png@40.0x40.0
10:10:40.158 [FXGL Background Thread 1 ] DEBUG AssetLoader          - Loading from cache: /assets/textures/floor.png@40.0x40.0
10:10:40.159 [FXGL Background Thread 1 ] DEBUG AssetLoader          - Loading from cache: /assets/textures/floor.png@40.0x40.0
10:10:40.159 [FXGL Background Thread 1 ] DEBUG AssetLoader          - Loading from cache: /assets/textures/floor.png@40.0x40.0
10:10:40.160 [FXGL Background Thread 1 ] DEBUG AssetLoader          - Loading from cache: /assets/textures/floor.png@40.0x40.0
10:10:40.160 [FXGL Background Thread 1 ] DEBUG AssetLoader          - Loading from cache: /assets/textures/floor.png@40.0x40.0
10:10:40.161 [FXGL Background Thread 1 ] DEBUG AssetLoader          - Loading from cache: /assets/textures/floor.png@40.0x40.0
10:10:40.161 [FXGL Background Thread 1 ] DEBUG AssetLoader          - Loading from cache: /assets/textures/brick.png@40.0x40.0
10:10:40.162 [FXGL Background Thread 1 ] DEBUG AssetLoader          - Loading from cache: /assets/textures/brick.png@40.0x40.0
10:10:40.162 [FXGL Background Thread 1 ] DEBUG AssetLoader          - Loading from cache: /assets/textures/floor.png@40.0x40.0
10:10:40.163 [FXGL Background Thread 1 ] DEBUG AssetLoader          - Loading from cache: /assets/textures/floor.png@40.0x40.0
10:10:40.164 [FXGL Background Thread 1 ] DEBUG AssetLoader          - Loading from cache: /assets/textures/floor.png@40.0x40.0
10:10:40.165 [FXGL Background Thread 1 ] DEBUG AssetLoader          - Loading from cache: /assets/textures/floor.png@40.0x40.0
10:10:40.165 [FXGL Background Thread 1 ] DEBUG AssetLoader          - Loading from cache: /assets/textures/floor.png@40.0x40.0
10:10:40.166 [FXGL Background Thread 1 ] DEBUG AssetLoader          - Loading from cache: /assets/textures/floor.png@40.0x40.0
10:10:40.166 [FXGL Background Thread 1 ] DEBUG AssetLoader          - Loading from cache: /assets/textures/floor.png@40.0x40.0
10:10:40.167 [FXGL Background Thread 1 ] DEBUG AssetLoader          - Loading from cache: /assets/textures/wall.png@40.0x40.0
10:10:40.167 [FXGL Background Thread 1 ] DEBUG AssetLoader          - Loading from cache: /assets/textures/floor.png@40.0x40.0
10:10:40.168 [FXGL Background Thread 1 ] DEBUG AssetLoader          - Loading from cache: /assets/textures/wall.png@40.0x40.0
10:10:40.169 [FXGL Background Thread 1 ] DEBUG AssetLoader          - Loading from cache: /assets/textures/floor.png@40.0x40.0
10:10:40.169 [FXGL Background Thread 1 ] DEBUG AssetLoader          - Loading from cache: /assets/textures/wall.png@40.0x40.0
10:10:40.170 [FXGL Background Thread 1 ] DEBUG AssetLoader          - Loading from cache: /assets/textures/floor.png@40.0x40.0
10:10:40.170 [FXGL Background Thread 1 ] DEBUG AssetLoader          - Loading from cache: /assets/textures/wall.png@40.0x40.0
10:10:40.171 [FXGL Background Thread 1 ] DEBUG AssetLoader          - Loading from cache: /assets/textures/brick.png@40.0x40.0
10:10:40.172 [FXGL Background Thread 1 ] DEBUG AssetLoader          - Loading from cache: /assets/textures/wall.png@40.0x40.0
10:10:40.173 [FXGL Background Thread 1 ] DEBUG AssetLoader          - Loading from cache: /assets/textures/floor.png@40.0x40.0
10:10:40.173 [FXGL Background Thread 1 ] DEBUG AssetLoader          - Loading from cache: /assets/textures/wall.png@40.0x40.0
10:10:40.174 [FXGL Background Thread 1 ] DEBUG AssetLoader          - Loading from cache: /assets/textures/floor.png@40.0x40.0
10:10:40.175 [FXGL Background Thread 1 ] DEBUG AssetLoader          - Loading from cache: /assets/textures/wall.png@40.0x40.0
10:10:40.175 [FXGL Background Thread 1 ] DEBUG AssetLoader          - Loading from cache: /assets/textures/floor.png@40.0x40.0
10:10:40.176 [FXGL Background Thread 1 ] DEBUG AssetLoader          - Loading from cache: /assets/textures/wall.png@40.0x40.0
10:10:40.177 [FXGL Background Thread 1 ] DEBUG AssetLoader          - Loading from cache: /assets/textures/floor.png@40.0x40.0
10:10:40.178 [FXGL Background Thread 1 ] DEBUG AssetLoader          - Loading from cache: /assets/textures/wall.png@40.0x40.0
10:10:40.178 [FXGL Background Thread 1 ] DEBUG AssetLoader          - Loading from cache: /assets/textures/floor.png@40.0x40.0
10:10:40.179 [FXGL Background Thread 1 ] DEBUG AssetLoader          - Loading from cache: /assets/textures/floor.png@40.0x40.0
10:10:40.179 [FXGL Background Thread 1 ] DEBUG AssetLoader          - Loading from cache: /assets/textures/floor.png@40.0x40.0
10:10:40.181 [FXGL Background Thread 1 ] DEBUG AssetLoader          - Loading from cache: /assets/textures/floor.png@40.0x40.0
10:10:40.181 [FXGL Background Thread 1 ] DEBUG AssetLoader          - Loading from cache: /assets/textures/floor.png@40.0x40.0
10:10:40.182 [FXGL Background Thread 1 ] DEBUG AssetLoader          - Loading from cache: /assets/textures/brick.png@40.0x40.0
10:10:40.182 [FXGL Background Thread 1 ] DEBUG AssetLoader          - Loading from cache: /assets/textures/brick.png@40.0x40.0
10:10:40.183 [FXGL Background Thread 1 ] DEBUG AssetLoader          - Loading from cache: /assets/textures/brick.png@40.0x40.0
10:10:40.183 [FXGL Background Thread 1 ] DEBUG AssetLoader          - Loading from cache: /assets/textures/floor.png@40.0x40.0
10:10:40.184 [FXGL Background Thread 1 ] DEBUG AssetLoader          - Loading from cache: /assets/textures/floor.png@40.0x40.0
10:10:40.185 [FXGL Background Thread 1 ] DEBUG AssetLoader          - Loading from cache: /assets/textures/floor.png@40.0x40.0
10:10:40.185 [FXGL Background Thread 1 ] DEBUG AssetLoader          - Loading from cache: /assets/textures/floor.png@40.0x40.0
10:10:40.186 [FXGL Background Thread 1 ] DEBUG AssetLoader          - Loading from cache: /assets/textures/floor.png@40.0x40.0
10:10:40.186 [FXGL Background Thread 1 ] DEBUG AssetLoader          - Loading from cache: /assets/textures/floor.png@40.0x40.0
10:10:40.188 [FXGL Background Thread 1 ] DEBUG AssetLoader          - Loading from cache: /assets/textures/floor.png@40.0x40.0
10:10:40.190 [FXGL Background Thread 1 ] DEBUG AssetLoader          - Loading from cache: /assets/textures/wall.png@40.0x40.0
10:10:40.192 [FXGL Background Thread 1 ] DEBUG AssetLoader          - Loading from cache: /assets/textures/floor.png@40.0x40.0
10:10:40.194 [FXGL Background Thread 1 ] DEBUG AssetLoader          - Loading from cache: /assets/textures/wall.png@40.0x40.0
10:10:40.195 [FXGL Background Thread 1 ] DEBUG AssetLoader          - Loading from cache: /assets/textures/floor.png@40.0x40.0
10:10:40.195 [FXGL Background Thread 1 ] DEBUG AssetLoader          - Loading from cache: /assets/textures/wall.png@40.0x40.0
10:10:40.196 [FXGL Background Thread 1 ] DEBUG AssetLoader          - Loading from cache: /assets/textures/floor.png@40.0x40.0
10:10:40.197 [FXGL Background Thread 1 ] DEBUG AssetLoader          - Loading from cache: /assets/textures/wall.png@40.0x40.0
10:10:40.197 [FXGL Background Thread 1 ] DEBUG AssetLoader          - Loading from cache: /assets/textures/floor.png@40.0x40.0
10:10:40.198 [FXGL Background Thread 1 ] DEBUG AssetLoader          - Loading from cache: /assets/textures/wall.png@40.0x40.0
10:10:40.198 [FXGL Background Thread 1 ] DEBUG AssetLoader          - Loading from cache: /assets/textures/floor.png@40.0x40.0
10:10:40.199 [FXGL Background Thread 1 ] DEBUG AssetLoader          - Loading from cache: /assets/textures/wall.png@40.0x40.0
10:10:40.200 [FXGL Background Thread 1 ] DEBUG AssetLoader          - Loading from cache: /assets/textures/floor.png@40.0x40.0
10:10:40.201 [FXGL Background Thread 1 ] DEBUG AssetLoader          - Loading from cache: /assets/textures/wall.png@40.0x40.0
10:10:40.201 [FXGL Background Thread 1 ] DEBUG AssetLoader          - Loading from cache: /assets/textures/floor.png@40.0x40.0
10:10:40.202 [FXGL Background Thread 1 ] DEBUG AssetLoader          - Loading from cache: /assets/textures/wall.png@40.0x40.0
10:10:40.203 [FXGL Background Thread 1 ] DEBUG AssetLoader          - Loading from cache: /assets/textures/floor.png@40.0x40.0
10:10:40.203 [FXGL Background Thread 1 ] DEBUG AssetLoader          - Loading from cache: /assets/textures/wall.png@40.0x40.0
10:10:40.204 [FXGL Background Thread 1 ] DEBUG AssetLoader          - Loading from cache: /assets/textures/floor.png@40.0x40.0
10:10:40.204 [FXGL Background Thread 1 ] DEBUG AssetLoader          - Loading from cache: /assets/textures/floor.png@40.0x40.0
10:10:40.205 [FXGL Background Thread 1 ] DEBUG AssetLoader          - Loading from cache: /assets/textures/floor.png@40.0x40.0
10:10:40.205 [FXGL Background Thread 1 ] DEBUG AssetLoader          - Loading from cache: /assets/textures/floor.png@40.0x40.0
10:10:40.206 [FXGL Background Thread 1 ] DEBUG AssetLoader          - Loading from cache: /assets/textures/floor.png@40.0x40.0
10:10:40.207 [FXGL Background Thread 1 ] DEBUG AssetLoader          - Loading from cache: /assets/textures/floor.png@40.0x40.0
10:10:40.208 [FXGL Background Thread 1 ] DEBUG AssetLoader          - Loading from cache: /assets/textures/floor.png@40.0x40.0
10:10:40.208 [FXGL Background Thread 1 ] DEBUG AssetLoader          - Loading from cache: /assets/textures/floor.png@40.0x40.0
10:10:40.209 [FXGL Background Thread 1 ] DEBUG AssetLoader          - Loading from cache: /assets/textures/floor.png@40.0x40.0
10:10:40.211 [FXGL Background Thread 1 ] DEBUG AssetLoader          - Loading from cache: /assets/textures/floor.png@40.0x40.0
10:10:40.212 [FXGL Background Thread 1 ] DEBUG AssetLoader          - Loading from cache: /assets/textures/floor.png@40.0x40.0
10:10:40.213 [FXGL Background Thread 1 ] DEBUG AssetLoader          - Loading from cache: /assets/textures/floor.png@40.0x40.0
10:10:40.214 [FXGL Background Thread 1 ] DEBUG AssetLoader          - Loading from cache: /assets/textures/floor.png@40.0x40.0
10:10:40.214 [FXGL Background Thread 1 ] DEBUG AssetLoader          - Loading from cache: /assets/textures/floor.png@40.0x40.0
10:10:40.215 [FXGL Background Thread 1 ] DEBUG AssetLoader          - Loading from cache: /assets/textures/floor.png@40.0x40.0
10:10:40.216 [FXGL Background Thread 1 ] DEBUG AssetLoader          - Loading from cache: /assets/textures/wall.png@40.0x40.0
10:10:40.221 [FXGL Background Thread 1 ] DEBUG AssetLoader          - Loading from cache: /assets/textures/floor.png@40.0x40.0
10:10:40.223 [FXGL Background Thread 1 ] DEBUG AssetLoader          - Loading from cache: /assets/textures/wall.png@40.0x40.0
10:10:40.225 [FXGL Background Thread 1 ] DEBUG AssetLoader          - Loading from cache: /assets/textures/floor.png@40.0x40.0
10:10:40.226 [FXGL Background Thread 1 ] DEBUG AssetLoader          - Loading from cache: /assets/textures/wall.png@40.0x40.0
10:10:40.227 [FXGL Background Thread 1 ] DEBUG AssetLoader          - Loading from cache: /assets/textures/floor.png@40.0x40.0
10:10:40.229 [FXGL Background Thread 1 ] DEBUG AssetLoader          - Loading from cache: /assets/textures/wall.png@40.0x40.0
10:10:40.229 [FXGL Background Thread 1 ] DEBUG AssetLoader          - Loading from cache: /assets/textures/floor.png@40.0x40.0
10:10:40.230 [FXGL Background Thread 1 ] DEBUG AssetLoader          - Loading from cache: /assets/textures/wall.png@40.0x40.0
10:10:40.230 [FXGL Background Thread 1 ] DEBUG AssetLoader          - Loading from cache: /assets/textures/floor.png@40.0x40.0
10:10:40.231 [FXGL Background Thread 1 ] DEBUG AssetLoader          - Loading from cache: /assets/textures/wall.png@40.0x40.0
10:10:40.232 [FXGL Background Thread 1 ] DEBUG AssetLoader          - Loading from cache: /assets/textures/floor.png@40.0x40.0
10:10:40.232 [FXGL Background Thread 1 ] DEBUG AssetLoader          - Loading from cache: /assets/textures/wall.png@40.0x40.0
10:10:40.233 [FXGL Background Thread 1 ] DEBUG AssetLoader          - Loading from cache: /assets/textures/floor.png@40.0x40.0
10:10:40.234 [FXGL Background Thread 1 ] DEBUG AssetLoader          - Loading from cache: /assets/textures/wall.png@40.0x40.0
10:10:40.234 [FXGL Background Thread 1 ] DEBUG AssetLoader          - Loading from cache: /assets/textures/floor.png@40.0x40.0
10:10:40.235 [FXGL Background Thread 1 ] DEBUG AssetLoader          - Loading from cache: /assets/textures/wall.png@40.0x40.0
10:10:40.235 [FXGL Background Thread 1 ] DEBUG AssetLoader          - Loading from cache: /assets/textures/brick.png@40.0x40.0
10:10:40.236 [FXGL Background Thread 1 ] DEBUG AssetLoader          - Loading from cache: /assets/textures/floor.png@40.0x40.0
10:10:40.237 [FXGL Background Thread 1 ] DEBUG AssetLoader          - Loading from cache: /assets/textures/floor.png@40.0x40.0
10:10:40.237 [FXGL Background Thread 1 ] DEBUG AssetLoader          - Loading from cache: /assets/textures/floor.png@40.0x40.0
10:10:40.238 [FXGL Background Thread 1 ] DEBUG AssetLoader          - Loading from cache: /assets/textures/floor.png@40.0x40.0
10:10:40.238 [FXGL Background Thread 1 ] DEBUG AssetLoader          - Loading from cache: /assets/textures/floor.png@40.0x40.0
10:10:40.239 [FXGL Background Thread 1 ] DEBUG AssetLoader          - Loading from cache: /assets/textures/floor.png@40.0x40.0
10:10:40.239 [FXGL Background Thread 1 ] DEBUG AssetLoader          - Loading from cache: /assets/textures/floor.png@40.0x40.0
10:10:40.240 [FXGL Background Thread 1 ] DEBUG AssetLoader          - Loading from cache: /assets/textures/floor.png@40.0x40.0
10:10:40.240 [FXGL Background Thread 1 ] DEBUG AssetLoader          - Loading from cache: /assets/textures/floor.png@40.0x40.0
10:10:40.241 [FXGL Background Thread 1 ] DEBUG AssetLoader          - Loading from cache: /assets/textures/floor.png@40.0x40.0
10:10:40.241 [FXGL Background Thread 1 ] DEBUG AssetLoader          - Loading from cache: /assets/textures/floor.png@40.0x40.0
10:10:40.242 [FXGL Background Thread 1 ] DEBUG AssetLoader          - Loading from cache: /assets/textures/floor.png@40.0x40.0
10:10:40.242 [FXGL Background Thread 1 ] DEBUG AssetLoader          - Loading from cache: /assets/textures/floor.png@40.0x40.0
10:10:40.244 [FXGL Background Thread 1 ] DEBUG AssetLoader          - Loading from cache: /assets/textures/brick.png@40.0x40.0
10:10:40.245 [FXGL Background Thread 1 ] DEBUG AssetLoader          - Loading from cache: /assets/textures/wall.png@40.0x40.0
10:10:40.246 [FXGL Background Thread 1 ] DEBUG AssetLoader          - Loading from cache: /assets/textures/floor.png@40.0x40.0
10:10:40.246 [FXGL Background Thread 1 ] DEBUG AssetLoader          - Loading from cache: /assets/textures/wall.png@40.0x40.0
10:10:40.247 [FXGL Background Thread 1 ] DEBUG AssetLoader          - Loading from cache: /assets/textures/floor.png@40.0x40.0
10:10:40.247 [FXGL Background Thread 1 ] DEBUG AssetLoader          - Loading from cache: /assets/textures/wall.png@40.0x40.0
10:10:40.248 [FXGL Background Thread 1 ] DEBUG AssetLoader          - Loading from cache: /assets/textures/floor.png@40.0x40.0
10:10:40.248 [FXGL Background Thread 1 ] DEBUG AssetLoader          - Loading from cache: /assets/textures/wall.png@40.0x40.0
10:10:40.249 [FXGL Background Thread 1 ] DEBUG AssetLoader          - Loading from cache: /assets/textures/floor.png@40.0x40.0
10:10:40.249 [FXGL Background Thread 1 ] DEBUG AssetLoader          - Loading from cache: /assets/textures/wall.png@40.0x40.0
10:10:40.250 [FXGL Background Thread 1 ] DEBUG AssetLoader          - Loading from cache: /assets/textures/floor.png@40.0x40.0
10:10:40.250 [FXGL Background Thread 1 ] DEBUG AssetLoader          - Loading from cache: /assets/textures/wall.png@40.0x40.0
10:10:40.251 [FXGL Background Thread 1 ] DEBUG AssetLoader          - Loading from cache: /assets/textures/floor.png@40.0x40.0
10:10:40.251 [FXGL Background Thread 1 ] DEBUG AssetLoader          - Loading from cache: /assets/textures/wall.png@40.0x40.0
10:10:40.252 [FXGL Background Thread 1 ] DEBUG AssetLoader          - Loading from cache: /assets/textures/floor.png@40.0x40.0
10:10:40.253 [FXGL Background Thread 1 ] DEBUG AssetLoader          - Loading from cache: /assets/textures/wall.png@40.0x40.0
10:10:40.253 [FXGL Background Thread 1 ] DEBUG AssetLoader          - Loading from cache: /assets/textures/floor.png@40.0x40.0
10:10:40.253 [FXGL Background Thread 1 ] DEBUG AssetLoader          - Loading from cache: /assets/textures/wall.png@40.0x40.0
10:10:40.254 [FXGL Background Thread 1 ] DEBUG AssetLoader          - Loading from cache: /assets/textures/floor.png@40.0x40.0
10:10:40.254 [FXGL Background Thread 1 ] DEBUG AssetLoader          - Loading from cache: /assets/textures/floor.png@40.0x40.0
10:10:40.255 [FXGL Background Thread 1 ] DEBUG AssetLoader          - Loading from cache: /assets/textures/brick.png@40.0x40.0
10:10:40.255 [FXGL Background Thread 1 ] DEBUG AssetLoader          - Loading from cache: /assets/textures/brick.png@40.0x40.0
10:10:40.256 [FXGL Background Thread 1 ] DEBUG AssetLoader          - Loading from cache: /assets/textures/brick.png@40.0x40.0
10:10:40.256 [FXGL Background Thread 1 ] DEBUG AssetLoader          - Loading from cache: /assets/textures/brick.png@40.0x40.0
10:10:40.257 [FXGL Background Thread 1 ] DEBUG AssetLoader          - Loading from cache: /assets/textures/brick.png@40.0x40.0
10:10:40.257 [FXGL Background Thread 1 ] DEBUG AssetLoader          - Loading from cache: /assets/textures/brick.png@40.0x40.0
10:10:40.258 [FXGL Background Thread 1 ] DEBUG AssetLoader          - Loading from cache: /assets/textures/brick.png@40.0x40.0
10:10:40.258 [FXGL Background Thread 1 ] DEBUG AssetLoader          - Loading from cache: /assets/textures/brick.png@40.0x40.0
10:10:40.259 [FXGL Background Thread 1 ] DEBUG AssetLoader          - Loading from cache: /assets/textures/brick.png@40.0x40.0
10:10:40.259 [FXGL Background Thread 1 ] DEBUG AssetLoader          - Loading from cache: /assets/textures/brick.png@40.0x40.0
10:10:40.260 [FXGL Background Thread 1 ] DEBUG AssetLoader          - Loading from cache: /assets/textures/brick.png@40.0x40.0
10:10:40.261 [FXGL Background Thread 1 ] DEBUG AssetLoader          - Loading from cache: /assets/textures/floor.png@40.0x40.0
10:10:40.261 [FXGL Background Thread 1 ] DEBUG AssetLoader          - Loading from cache: /assets/textures/floor.png@40.0x40.0
10:10:40.262 [FXGL Background Thread 1 ] DEBUG AssetLoader          - Loading from cache: /assets/textures/wall.png@40.0x40.0
10:10:40.263 [FXGL Background Thread 1 ] DEBUG AssetLoader          - Loading from cache: /assets/textures/wall.png@40.0x40.0
10:10:40.263 [FXGL Background Thread 1 ] DEBUG AssetLoader          - Loading from cache: /assets/textures/wall.png@40.0x40.0
10:10:40.264 [FXGL Background Thread 1 ] DEBUG AssetLoader          - Loading from cache: /assets/textures/wall.png@40.0x40.0
10:10:40.264 [FXGL Background Thread 1 ] DEBUG AssetLoader          - Loading from cache: /assets/textures/wall.png@40.0x40.0
10:10:40.265 [FXGL Background Thread 1 ] DEBUG AssetLoader          - Loading from cache: /assets/textures/wall.png@40.0x40.0
10:10:40.265 [FXGL Background Thread 1 ] DEBUG AssetLoader          - Loading from cache: /assets/textures/wall.png@40.0x40.0
10:10:40.266 [FXGL Background Thread 1 ] DEBUG AssetLoader          - Loading from cache: /assets/textures/wall.png@40.0x40.0
10:10:40.266 [FXGL Background Thread 1 ] DEBUG AssetLoader          - Loading from cache: /assets/textures/wall.png@40.0x40.0
10:10:40.267 [FXGL Background Thread 1 ] DEBUG AssetLoader          - Loading from cache: /assets/textures/wall.png@40.0x40.0
10:10:40.267 [FXGL Background Thread 1 ] DEBUG AssetLoader          - Loading from cache: /assets/textures/wall.png@40.0x40.0
10:10:40.268 [FXGL Background Thread 1 ] DEBUG AssetLoader          - Loading from cache: /assets/textures/wall.png@40.0x40.0
10:10:40.268 [FXGL Background Thread 1 ] DEBUG AssetLoader          - Loading from cache: /assets/textures/wall.png@40.0x40.0
10:10:40.269 [FXGL Background Thread 1 ] DEBUG AssetLoader          - Loading from cache: /assets/textures/wall.png@40.0x40.0
10:10:40.270 [FXGL Background Thread 1 ] DEBUG AssetLoader          - Loading from cache: /assets/textures/wall.png@40.0x40.0
10:10:40.270 [FXGL Background Thread 1 ] DEBUG AssetLoader          - Loading from cache: /assets/textures/wall.png@40.0x40.0
10:10:40.271 [FXGL Background Thread 1 ] DEBUG AssetLoader          - Loading from cache: /assets/textures/wall.png@40.0x40.0
10:10:40.271 [FXGL Background Thread 1 ] DEBUG GameWorld            - Clearing removable entities
10:10:40.274 [FXGL Background Thread 1 ] DEBUG GameWorld            - Setting level: com.almasb.fxgl.entity.level.Level@6d5f9a05
10:10:40.293 [FXGL Background Thread 1 ] DEBUG InitAppTask          - Initializing Physics
10:10:40.295 [FXGL Background Thread 1 ] DEBUG InitAppTask          - Initializing UI
10:10:40.310 [FXGL Background Thread 1 ] DEBUG InitAppTask          - Initialization Complete
10:10:40.311 [FXGL Background Thread 1 ] INFO  InitAppTask          - Game initialization took: 0,307 sec
10:10:40.322 [JavaFX Application Thread] DEBUG Input                - Clearing active input actions
10:10:40.384 [JavaFX Application Thread] DEBUG Engine               - Removing overlay from LoadingScene and adding to GameScene
10:10:40.385 [JavaFX Application Thread] DEBUG MainWindow           - LoadingScene -> GameScene
10:10:53.814 [JavaFX Application Thread] DEBUG Engine               - Exiting FXGL
10:10:53.814 [JavaFX Application Thread] DEBUG Engine               - Shutting down background threads
10:10:53.814 [JavaFX Application Thread] DEBUG Engine               - Saving FXGL system data
10:10:53.817 [JavaFX Application Thread] DEBUG FSServiceImpl        - Writing to: C:\Users\Pablo\Desktop\OneDrive\DAM2\DAD\Eclipse19\Bomberdad\system\fxgl.bundle
10:10:53.820 [JavaFX Application Thread] DEBUG Engine               - Closing logger and exiting JavaFX
