12:25:06.287 [main                     ] DEBUG GameApplication      - Logger initialized
12:25:06.334 [main                     ] DEBUG GameApplication      - Logging settings
Title: BomberDAD
Version: 0.1
Width: 600
Height: 600
Fullscreen: false
Intro: false
Menus: true
Profiling: false
Single step:false
App Mode: DEVELOPER
Menu Key: ESCAPE
Stage Style: DECORATED
Scene Factory: class com.almasb.fxgl.app.SceneFactory
Dialog Factory: class com.almasb.fxgl.ui.FXGLDialogFactory
UI Factory: class com.almasb.fxgl.ui.FXGLUIFactory

12:25:06.840 [JavaFX Application Thread] DEBUG Engine               - Initializing FXGL
12:25:06.840 [JavaFX Application Thread] INFO  Engine               - FXGL-11.7 (05.01.2020 09.37) on WINDOWS (J:11.0.5 FX:11.0.1)
12:25:06.840 [JavaFX Application Thread] INFO  Engine               - Source code and latest versions at: https://github.com/AlmasB/FXGL
12:25:06.841 [JavaFX Application Thread] INFO  Engine               -              Join the FXGL chat at: https://gitter.im/AlmasB/FXGL
12:25:06.841 [JavaFX Application Thread] DEBUG Engine               - Initializing environment variables
12:25:06.844 [JavaFX Application Thread] DEBUG Engine               - Logging environment variables
12:25:06.845 [JavaFX Application Thread] DEBUG Engine               - achievements: []
12:25:06.845 [JavaFX Application Thread] DEBUG Engine               - sceneStack: com.almasb.fxgl.app.Engine@4fafe136
12:25:06.845 [JavaFX Application Thread] DEBUG Engine               - isCloseConfirmation: false
12:25:06.846 [JavaFX Application Thread] DEBUG Engine               - language: ObjectProperty [value: ENGLISH]
12:25:06.846 [JavaFX Application Thread] DEBUG Engine               - isProfilingEnabled: false
12:25:06.846 [JavaFX Application Thread] DEBUG Engine               - soundNotification: core/notification.wav
12:25:06.846 [JavaFX Application Thread] DEBUG Engine               - devShowBBoxProperty: BooleanProperty [value: false]
12:25:06.848 [JavaFX Application Thread] DEBUG Engine               - pixelsPerMeter: 50.0
12:25:06.849 [JavaFX Application Thread] DEBUG Engine               - overlayRoot: Group@5b3bea6a
12:25:06.849 [JavaFX Application Thread] DEBUG Engine               - soundMenuBack: menu/back.wav
12:25:06.849 [JavaFX Application Thread] DEBUG Engine               - appIcon: fxgl_icon.png
12:25:06.849 [JavaFX Application Thread] DEBUG Engine               - isFullScreenAllowed: false
12:25:06.850 [JavaFX Application Thread] DEBUG Engine               - isIntroEnabled: false
12:25:06.850 [JavaFX Application Thread] DEBUG Engine               - eventBus: com.almasb.fxgl.event.EventBus@422b8f03
12:25:06.851 [JavaFX Application Thread] DEBUG Engine               - fontMono: lucida_console.ttf
12:25:06.851 [JavaFX Application Thread] DEBUG Engine               - soundMenuSelect: menu/select.wav
12:25:06.851 [JavaFX Application Thread] DEBUG Engine               - isWindows: true
12:25:06.851 [JavaFX Application Thread] DEBUG Engine               - isMobile: false
12:25:06.851 [JavaFX Application Thread] DEBUG Engine               - height: 600
12:25:06.852 [JavaFX Application Thread] DEBUG Engine               - isExperimentalNative: false
12:25:06.852 [JavaFX Application Thread] DEBUG Engine               - isSingleStep: false
12:25:06.852 [JavaFX Application Thread] DEBUG Engine               - cSSList: [fxgl_dark.css]
12:25:06.852 [JavaFX Application Thread] DEBUG Engine               - fontGame: Abel-Regular.ttf
12:25:06.852 [JavaFX Application Thread] DEBUG Engine               - menuKey: ESCAPE
12:25:06.853 [JavaFX Application Thread] DEBUG Engine               - devShowPositionProperty: BooleanProperty [value: false]
12:25:06.853 [JavaFX Application Thread] DEBUG Engine               - versionCheckDays: 7
12:25:06.853 [JavaFX Application Thread] DEBUG Engine               - masterTimer: com.almasb.fxgl.time.Timer@723d7021
12:25:06.853 [JavaFX Application Thread] DEBUG Engine               - configClass: Optional.empty
12:25:06.853 [JavaFX Application Thread] DEBUG Engine               - isFullScreenFromStart: false
12:25:06.854 [JavaFX Application Thread] DEBUG Engine               - version: 0.1
12:25:06.854 [JavaFX Application Thread] DEBUG Engine               - fullScreen: BooleanProperty [value: false]
12:25:06.854 [JavaFX Application Thread] DEBUG Engine               - randomSeed: -1
12:25:06.854 [JavaFX Application Thread] DEBUG Engine               - dialogFactory: com.almasb.fxgl.ui.FXGLDialogFactory@3d6d12d9
12:25:06.854 [JavaFX Application Thread] DEBUG Engine               - applicationMode: DEVELOPER
12:25:06.854 [JavaFX Application Thread] DEBUG Engine               - isMac: false
12:25:06.854 [JavaFX Application Thread] DEBUG Engine               - urlGoogleForms: https://goo.gl/forms/6wrMnOBxTE1fEpOy2
12:25:06.855 [JavaFX Application Thread] DEBUG Engine               - isMenuEnabled: true
12:25:06.855 [JavaFX Application Thread] DEBUG Engine               - urlPOM: https://raw.githubusercontent.com/AlmasB/FXGL/master/pom.xml
12:25:06.855 [JavaFX Application Thread] DEBUG Engine               - profileName: user.profile
12:25:06.855 [JavaFX Application Thread] DEBUG Engine               - notificationViewClass: class com.almasb.fxgl.notification.view.XboxNotificationView
12:25:06.856 [JavaFX Application Thread] DEBUG Engine               - devSensorColorProperty: ObjectProperty [value: 0xffff00ff]
12:25:06.856 [JavaFX Application Thread] DEBUG Engine               - sceneFactory: com.almasb.fxgl.app.SceneFactory@3981c7a4
12:25:06.856 [JavaFX Application Thread] DEBUG Engine               - dataFileExt: .dat
12:25:06.856 [JavaFX Application Thread] DEBUG Engine               - stageStyle: DECORATED
12:25:06.856 [JavaFX Application Thread] DEBUG Engine               - isManualResizeEnabled: false
12:25:06.856 [JavaFX Application Thread] DEBUG Engine               - title: BomberDAD
12:25:06.857 [JavaFX Application Thread] DEBUG Engine               - platform: WINDOWS
12:25:06.857 [JavaFX Application Thread] DEBUG Engine               - devBBoxColorProperty: ObjectProperty [value: 0xff0000ff]
12:25:06.857 [JavaFX Application Thread] DEBUG Engine               - isDesktop: true
12:25:06.857 [JavaFX Application Thread] DEBUG Engine               - globalMusicVolumeProperty: DoubleProperty [value: 0.5]
12:25:06.857 [JavaFX Application Thread] DEBUG Engine               - credits: []
12:25:06.857 [JavaFX Application Thread] DEBUG Engine               - isPreserveResizeRatio: false
12:25:06.858 [JavaFX Application Thread] DEBUG Engine               - uIFactory: com.almasb.fxgl.ui.FXGLUIFactory@27cc1400
12:25:06.858 [JavaFX Application Thread] DEBUG Engine               - fontText: Courier-Prime.ttf
12:25:06.858 [JavaFX Application Thread] DEBUG Engine               - isExperimentalTiledLargeMap: false
12:25:06.858 [JavaFX Application Thread] DEBUG Engine               - secondsIn24h: 60
12:25:06.858 [JavaFX Application Thread] DEBUG Engine               - runtimeInfo: RuntimeInfo(platform=WINDOWS, version=11.7, build=05.01.2020 09.37)
12:25:06.859 [JavaFX Application Thread] DEBUG Engine               - soundMenuPress: menu/press.wav
12:25:06.859 [JavaFX Application Thread] DEBUG Engine               - urlGithub: https://github.com/AlmasB/FXGL
12:25:06.859 [JavaFX Application Thread] DEBUG Engine               - isLinux: false
12:25:06.859 [JavaFX Application Thread] DEBUG Engine               - profileDir: profiles/
12:25:06.859 [JavaFX Application Thread] DEBUG Engine               - globalSoundVolumeProperty: DoubleProperty [value: 0.5]
12:25:06.859 [JavaFX Application Thread] DEBUG Engine               - isDeveloperMenuEnabled: false
12:25:06.859 [JavaFX Application Thread] DEBUG Engine               - globalSoundVolume: 0.5
12:25:06.860 [JavaFX Application Thread] DEBUG Engine               - urlLeaderboard: http://fxgl-top.herokuapp.com/
12:25:06.860 [JavaFX Application Thread] DEBUG Engine               - isBrowser: false
12:25:06.860 [JavaFX Application Thread] DEBUG Engine               - saveDir: saves/
12:25:06.860 [JavaFX Application Thread] DEBUG Engine               - engineServices: [class com.almasb.fxgl.audio.AudioPlayer, class com.almasb.fxgl.notification.impl.NotificationServiceProvider, class com.almasb.fxgl.achievement.AchievementManager, class com.almasb.fxgl.cutscene.CutsceneService, class com.almasb.fxgl.minigames.MiniGameService]
12:25:06.860 [JavaFX Application Thread] DEBUG Engine               - globalMusicVolume: 0.5
12:25:06.860 [JavaFX Application Thread] DEBUG Engine               - width: 600
12:25:06.861 [JavaFX Application Thread] DEBUG Engine               - saveFileExt: .sav
12:25:06.861 [JavaFX Application Thread] DEBUG Engine               - isAndroid: false
12:25:06.861 [JavaFX Application Thread] DEBUG Engine               - fontUI: VarelaRound-Regular.ttf
12:25:06.861 [JavaFX Application Thread] DEBUG Engine               - enabledMenuItems: []
12:25:06.861 [JavaFX Application Thread] DEBUG Engine               - isIOS: false
12:25:06.865 [JavaFX Application Thread] DEBUG Engine               - Adding new engine service: class com.almasb.fxgl.audio.AudioPlayer
12:25:06.867 [JavaFX Application Thread] DEBUG Engine               - Adding new engine service: class com.almasb.fxgl.notification.impl.NotificationServiceProvider
12:25:06.867 [JavaFX Application Thread] DEBUG Engine               - Adding new engine service: class com.almasb.fxgl.achievement.AchievementManager
12:25:06.869 [JavaFX Application Thread] DEBUG Engine               - Adding new engine service: class com.almasb.fxgl.cutscene.CutsceneService
12:25:06.870 [JavaFX Application Thread] DEBUG Engine               - Adding new engine service: class com.almasb.fxgl.minigames.MiniGameService
12:25:06.873 [JavaFX Application Thread] DEBUG Engine               - Loading localizations
12:25:06.877 [JavaFX Application Thread] DEBUG AssetLoader          - Loading from file system: /assets/properties/languages/english.properties
12:25:06.880 [JavaFX Application Thread] DEBUG AssetLoader          - Loading from file system: /assets/properties/languages/french.properties
12:25:06.881 [JavaFX Application Thread] DEBUG AssetLoader          - Loading from file system: /assets/properties/languages/german.properties
12:25:06.884 [JavaFX Application Thread] DEBUG AssetLoader          - Loading from file system: /assets/properties/languages/russian.properties
12:25:06.886 [JavaFX Application Thread] DEBUG AssetLoader          - Loading from file system: /assets/properties/languages/hungarian.properties
12:25:06.890 [JavaFX Application Thread] DEBUG Engine               - Registering font factories
12:25:06.891 [JavaFX Application Thread] DEBUG AssetLoader          - Loading from file system: /assets/ui/fonts/VarelaRound-Regular.ttf
12:25:07.291 [JavaFX Application Thread] DEBUG AssetLoader          - Loading from file system: /assets/ui/fonts/Abel-Regular.ttf
12:25:07.301 [JavaFX Application Thread] DEBUG AssetLoader          - Loading from file system: /assets/ui/fonts/lucida_console.ttf
12:25:07.315 [JavaFX Application Thread] DEBUG AssetLoader          - Loading from file system: /assets/ui/fonts/Courier-Prime.ttf
12:25:07.326 [JavaFX Application Thread] DEBUG Engine               - Setting UI factory
12:25:07.431 [JavaFX Application Thread] DEBUG AssetLoader          - Loading from file system: /assets/textures/fxgl_logo.png
12:25:07.497 [JavaFX Application Thread] DEBUG MainWindow           - Creating a JavaFX scene
12:25:07.553 [JavaFX Application Thread] DEBUG MainWindow           - Target settings size: 600.0 x 600.0
12:25:07.553 [JavaFX Application Thread] DEBUG MainWindow           - Scaled scene size:    600.0 x 600.0
12:25:07.553 [JavaFX Application Thread] DEBUG MainWindow           - Scaled ratio: (1.0, 1.0)
12:25:07.556 [JavaFX Application Thread] DEBUG MainWindow           - Set initial scene to FXGLStartupScene
12:25:07.565 [JavaFX Application Thread] DEBUG AssetLoader          - Loading from file system: /assets/textures/fxgl_icon.png
12:25:07.580 [JavaFX Application Thread] DEBUG Engine               - Applying CSS: fxgl_dark.css
12:25:07.580 [JavaFX Application Thread] DEBUG AssetLoader          - Loading from file system: /assets/ui/css/fxgl_dark.css
12:25:07.584 [JavaFX Application Thread] DEBUG AssetLoader          - Loading from file system: /assets/ui/cursors/fxgl_default.png
12:25:07.587 [JavaFX Application Thread] DEBUG MainWindow           - Opening main window
12:25:07.785 [JavaFX Application Thread] DEBUG MainWindow           - Window border size: (16.0, 39.0)
12:25:07.785 [JavaFX Application Thread] DEBUG MainWindow           - Scaled size: 600.0 x 600.0
12:25:07.785 [JavaFX Application Thread] DEBUG MainWindow           - Scaled ratio: (1.0, 1.0)
12:25:07.786 [JavaFX Application Thread] DEBUG MainWindow           - Scene size: 600.0 x 600.0
12:25:07.786 [JavaFX Application Thread] DEBUG MainWindow           - Stage size: 616.0 x 639.0
12:25:07.810 [FXGL Background Thread 1 ] DEBUG FS                   - Loaded FSServiceImpl
12:25:07.811 [FXGL Background Thread 1 ] DEBUG Engine               - Loading FXGL system data
12:25:07.829 [FXGL Background Thread 1 ] DEBUG FSServiceImpl        - Reading from: C:\Users\Alejandro\Documents\DAD\Eclipse\Bomberdad\system\fxgl.bundle
12:25:07.848 [FXGL Background Thread 1 ] DEBUG Engine               - Bundle FXGL: {}
12:25:07.848 [FXGL Background Thread 1 ] DEBUG Engine               - Initializing application scenes
12:25:07.948 [FXGL Background Thread 1 ] DEBUG GameWorld            - Game world initialized
12:25:08.028 [FXGL Background Thread 1 ] DEBUG PhysicsWorld         - Physics world initialized: appHeight=600, physics.ppm=50,0
12:25:08.031 [FXGL Background Thread 1 ] DEBUG GameScene            - Game scene initialized: 600x600
12:25:08.098 [FXGL Background Thread 1 ] DEBUG AssetLoader          - Loading from file system: /assets/textures/particles/trace_horizontal.png
12:25:08.129 [FXGL Background Thread 1 ] DEBUG FXGL.DefaultMenu     - createMenuBodyMainMenu()
12:25:08.154 [FXGL Background Thread 1 ] DEBUG FXGL.DefaultMenu     - createOptionsMenu()
12:25:08.162 [FXGL Background Thread 1 ] DEBUG AssetLoader          - Loading from file system: /assets/textures/particles/smoke.png
12:25:08.246 [FXGL Background Thread 1 ] DEBUG AssetLoader          - Loading from cache: /assets/textures/particles/trace_horizontal.png@64.0x64.0
12:25:08.246 [FXGL Background Thread 1 ] DEBUG FXGL.DefaultMenu     - createMenuBodyGameMenu()
12:25:08.248 [FXGL Background Thread 1 ] DEBUG FXGL.DefaultMenu     - createOptionsMenu()
12:25:08.252 [FXGL Background Thread 1 ] DEBUG AssetLoader          - Loading from cache: /assets/textures/particles/smoke.png@128.0x128.0
12:25:08.282 [FXGL Background Thread 1 ] DEBUG Engine               - Application scenes initialized
12:25:08.287 [JavaFX Application Thread] DEBUG Engine               - Running preInit()
12:25:08.302 [JavaFX Application Thread] DEBUG Input                - Registered new binding: Move Up - W
12:25:08.303 [JavaFX Application Thread] DEBUG Input                - Registered new binding: Move Left - A
12:25:08.303 [JavaFX Application Thread] DEBUG Input                - Registered new binding: Move Down - S
12:25:08.303 [JavaFX Application Thread] DEBUG Input                - Registered new binding: Move Right - D
12:25:08.303 [JavaFX Application Thread] DEBUG Input                - Registered new binding: Place Bomb - Space
12:25:08.303 [JavaFX Application Thread] DEBUG Input                - Registered new binding: Move Up2 - Up
12:25:08.303 [JavaFX Application Thread] DEBUG Input                - Registered new binding: Move Left2 - Left
12:25:08.304 [JavaFX Application Thread] DEBUG Input                - Registered new binding: Move Down2 - Down
12:25:08.304 [JavaFX Application Thread] DEBUG Input                - Registered new binding: Move Right2 - Right
12:25:08.304 [JavaFX Application Thread] DEBUG Input                - Registered new binding: Place Bomb2S - Enter
12:25:08.305 [JavaFX Application Thread] DEBUG Input                - Registered new binding: Screenshot - P
12:25:08.306 [JavaFX Application Thread] DEBUG Input                - Registered new binding: System info dump - CTRL+9
12:25:08.306 [JavaFX Application Thread] DEBUG Input                - Registered new binding: Restart - CTRL+R
12:25:08.306 [JavaFX Application Thread] DEBUG Engine               - generateDefaultProfile()
12:25:08.306 [JavaFX Application Thread] DEBUG Engine               - Creating default profile
12:25:08.307 [JavaFX Application Thread] DEBUG EventBus             - Firing event: SaveEvent
12:25:08.319 [JavaFX Application Thread] INFO  Engine               - FXGL initialization took: 1,447 sec
12:25:08.320 [JavaFX Application Thread] DEBUG LoopRunner           - Starting loop
12:25:08.338 [JavaFX Application Thread] DEBUG FXGLStartupScene     - STARTUP
12:25:08.343 [JavaFX Application Thread] DEBUG Input                - Clearing active input actions
12:25:08.376 [JavaFX Application Thread] DEBUG Engine               - Removing overlay from FXGLStartupScene and adding to FXGLDefaultMenu
12:25:08.377 [JavaFX Application Thread] DEBUG MainWindow           - FXGLStartupScene -> FXGLDefaultMenu
12:25:09.658 [JavaFX Application Thread] DEBUG Menu                 - fireNewGame()
12:25:09.659 [JavaFX Application Thread] DEBUG Engine               - Starting new game
12:25:09.665 [JavaFX Application Thread] DEBUG Input                - Clearing active input actions
12:25:09.665 [FXGL Background Thread 1 ] DEBUG InitAppTask          - Clearing previous game
12:25:09.665 [FXGL Background Thread 1 ] DEBUG GameWorld            - Clearing game world
12:25:09.665 [FXGL Background Thread 1 ] DEBUG PhysicsWorld         - Clearing physics world
12:25:09.666 [FXGL Background Thread 1 ] DEBUG GameScene            - Clearing game scene
12:25:09.666 [FXGL Background Thread 1 ] DEBUG InitAppTask          - Initializing Game
12:25:09.680 [JavaFX Application Thread] DEBUG Engine               - Removing overlay from FXGLDefaultMenu and adding to LoadingScene
12:25:09.681 [JavaFX Application Thread] DEBUG MainWindow           - FXGLDefaultMenu -> LoadingScene
12:25:09.691 [FXGL Background Thread 1 ] DEBUG AssetLoader          - Loading from file system: /assets/textures/floor.png
12:25:09.722 [FXGL Background Thread 1 ] DEBUG AssetLoader          - Loading from file system: /assets/levels/0.txt
12:25:09.735 [FXGL Background Thread 1 ] DEBUG AssetLoader          - Loading from cache: /assets/textures/floor.png@600.0x600.0
12:25:09.736 [FXGL Background Thread 1 ] DEBUG AssetLoader          - Loading from cache: /assets/textures/floor.png@600.0x600.0
12:25:09.737 [FXGL Background Thread 1 ] DEBUG AssetLoader          - Loading from file system: /assets/textures/brick.png
12:25:09.739 [FXGL Background Thread 1 ] DEBUG AssetLoader          - Loading from cache: /assets/textures/brick.png@40.0x40.0
12:25:09.740 [FXGL Background Thread 1 ] DEBUG AssetLoader          - Loading from cache: /assets/textures/brick.png@40.0x40.0
12:25:09.741 [FXGL Background Thread 1 ] DEBUG AssetLoader          - Loading from cache: /assets/textures/brick.png@40.0x40.0
12:25:09.742 [FXGL Background Thread 1 ] DEBUG AssetLoader          - Loading from cache: /assets/textures/brick.png@40.0x40.0
12:25:09.743 [FXGL Background Thread 1 ] DEBUG AssetLoader          - Loading from cache: /assets/textures/brick.png@40.0x40.0
12:25:09.744 [FXGL Background Thread 1 ] DEBUG AssetLoader          - Loading from cache: /assets/textures/brick.png@40.0x40.0
12:25:09.745 [FXGL Background Thread 1 ] DEBUG AssetLoader          - Loading from cache: /assets/textures/brick.png@40.0x40.0
12:25:09.746 [FXGL Background Thread 1 ] DEBUG AssetLoader          - Loading from cache: /assets/textures/brick.png@40.0x40.0
12:25:09.747 [FXGL Background Thread 1 ] DEBUG AssetLoader          - Loading from cache: /assets/textures/brick.png@40.0x40.0
12:25:09.748 [FXGL Background Thread 1 ] DEBUG AssetLoader          - Loading from cache: /assets/textures/brick.png@40.0x40.0
12:25:09.749 [FXGL Background Thread 1 ] DEBUG AssetLoader          - Loading from cache: /assets/textures/floor.png@600.0x600.0
12:25:09.749 [FXGL Background Thread 1 ] DEBUG AssetLoader          - Loading from cache: /assets/textures/floor.png@600.0x600.0
12:25:09.750 [FXGL Background Thread 1 ] DEBUG AssetLoader          - Loading from file system: /assets/textures/wall.png
12:25:09.752 [FXGL Background Thread 1 ] DEBUG AssetLoader          - Loading from cache: /assets/textures/floor.png@600.0x600.0
12:25:09.753 [FXGL Background Thread 1 ] DEBUG AssetLoader          - Loading from cache: /assets/textures/wall.png@40.0x40.0
12:25:09.754 [FXGL Background Thread 1 ] DEBUG AssetLoader          - Loading from cache: /assets/textures/floor.png@600.0x600.0
12:25:09.755 [FXGL Background Thread 1 ] DEBUG AssetLoader          - Loading from cache: /assets/textures/wall.png@40.0x40.0
12:25:09.756 [FXGL Background Thread 1 ] DEBUG AssetLoader          - Loading from cache: /assets/textures/floor.png@600.0x600.0
12:25:09.757 [FXGL Background Thread 1 ] DEBUG AssetLoader          - Loading from cache: /assets/textures/wall.png@40.0x40.0
12:25:09.758 [FXGL Background Thread 1 ] DEBUG AssetLoader          - Loading from cache: /assets/textures/floor.png@600.0x600.0
12:25:09.759 [FXGL Background Thread 1 ] DEBUG AssetLoader          - Loading from cache: /assets/textures/wall.png@40.0x40.0
12:25:09.759 [FXGL Background Thread 1 ] DEBUG AssetLoader          - Loading from cache: /assets/textures/floor.png@600.0x600.0
12:25:09.760 [FXGL Background Thread 1 ] DEBUG AssetLoader          - Loading from cache: /assets/textures/wall.png@40.0x40.0
12:25:09.761 [FXGL Background Thread 1 ] DEBUG AssetLoader          - Loading from cache: /assets/textures/floor.png@600.0x600.0
12:25:09.762 [FXGL Background Thread 1 ] DEBUG AssetLoader          - Loading from cache: /assets/textures/wall.png@40.0x40.0
12:25:09.763 [FXGL Background Thread 1 ] DEBUG AssetLoader          - Loading from cache: /assets/textures/floor.png@600.0x600.0
12:25:09.764 [FXGL Background Thread 1 ] DEBUG AssetLoader          - Loading from cache: /assets/textures/wall.png@40.0x40.0
12:25:09.765 [FXGL Background Thread 1 ] DEBUG AssetLoader          - Loading from cache: /assets/textures/floor.png@600.0x600.0
12:25:09.766 [FXGL Background Thread 1 ] DEBUG AssetLoader          - Loading from cache: /assets/textures/wall.png@40.0x40.0
12:25:09.767 [FXGL Background Thread 1 ] DEBUG AssetLoader          - Loading from cache: /assets/textures/brick.png@40.0x40.0
12:25:09.768 [FXGL Background Thread 1 ] DEBUG AssetLoader          - Loading from cache: /assets/textures/floor.png@600.0x600.0
12:25:09.769 [FXGL Background Thread 1 ] DEBUG AssetLoader          - Loading from cache: /assets/textures/floor.png@600.0x600.0
12:25:09.771 [FXGL Background Thread 1 ] DEBUG AssetLoader          - Loading from cache: /assets/textures/floor.png@600.0x600.0
12:25:09.772 [FXGL Background Thread 1 ] DEBUG AssetLoader          - Loading from cache: /assets/textures/floor.png@600.0x600.0
12:25:09.773 [FXGL Background Thread 1 ] DEBUG AssetLoader          - Loading from cache: /assets/textures/floor.png@600.0x600.0
12:25:09.774 [FXGL Background Thread 1 ] DEBUG AssetLoader          - Loading from cache: /assets/textures/floor.png@600.0x600.0
12:25:09.775 [FXGL Background Thread 1 ] DEBUG AssetLoader          - Loading from cache: /assets/textures/floor.png@600.0x600.0
12:25:09.775 [FXGL Background Thread 1 ] DEBUG AssetLoader          - Loading from cache: /assets/textures/floor.png@600.0x600.0
12:25:09.776 [FXGL Background Thread 1 ] DEBUG AssetLoader          - Loading from cache: /assets/textures/floor.png@600.0x600.0
12:25:09.777 [FXGL Background Thread 1 ] DEBUG AssetLoader          - Loading from cache: /assets/textures/floor.png@600.0x600.0
12:25:09.778 [FXGL Background Thread 1 ] DEBUG AssetLoader          - Loading from cache: /assets/textures/floor.png@600.0x600.0
12:25:09.779 [FXGL Background Thread 1 ] DEBUG AssetLoader          - Loading from cache: /assets/textures/floor.png@600.0x600.0
12:25:09.780 [FXGL Background Thread 1 ] DEBUG AssetLoader          - Loading from cache: /assets/textures/floor.png@600.0x600.0
12:25:09.781 [FXGL Background Thread 1 ] DEBUG AssetLoader          - Loading from cache: /assets/textures/brick.png@40.0x40.0
12:25:09.782 [FXGL Background Thread 1 ] DEBUG AssetLoader          - Loading from cache: /assets/textures/wall.png@40.0x40.0
12:25:09.783 [FXGL Background Thread 1 ] DEBUG AssetLoader          - Loading from cache: /assets/textures/floor.png@600.0x600.0
12:25:09.784 [FXGL Background Thread 1 ] DEBUG AssetLoader          - Loading from cache: /assets/textures/wall.png@40.0x40.0
12:25:09.785 [FXGL Background Thread 1 ] DEBUG AssetLoader          - Loading from cache: /assets/textures/floor.png@600.0x600.0
12:25:09.785 [FXGL Background Thread 1 ] DEBUG AssetLoader          - Loading from cache: /assets/textures/wall.png@40.0x40.0
12:25:09.787 [FXGL Background Thread 1 ] DEBUG AssetLoader          - Loading from cache: /assets/textures/floor.png@600.0x600.0
12:25:09.788 [FXGL Background Thread 1 ] DEBUG AssetLoader          - Loading from cache: /assets/textures/wall.png@40.0x40.0
12:25:09.789 [FXGL Background Thread 1 ] DEBUG AssetLoader          - Loading from cache: /assets/textures/floor.png@600.0x600.0
12:25:09.790 [FXGL Background Thread 1 ] DEBUG AssetLoader          - Loading from cache: /assets/textures/wall.png@40.0x40.0
12:25:09.791 [FXGL Background Thread 1 ] DEBUG AssetLoader          - Loading from cache: /assets/textures/floor.png@600.0x600.0
12:25:09.792 [FXGL Background Thread 1 ] DEBUG AssetLoader          - Loading from cache: /assets/textures/wall.png@40.0x40.0
12:25:09.792 [FXGL Background Thread 1 ] DEBUG AssetLoader          - Loading from cache: /assets/textures/floor.png@600.0x600.0
12:25:09.797 [FXGL Background Thread 1 ] DEBUG AssetLoader          - Loading from cache: /assets/textures/wall.png@40.0x40.0
12:25:09.800 [FXGL Background Thread 1 ] DEBUG AssetLoader          - Loading from cache: /assets/textures/floor.png@600.0x600.0
12:25:09.801 [FXGL Background Thread 1 ] DEBUG AssetLoader          - Loading from cache: /assets/textures/wall.png@40.0x40.0
12:25:09.803 [FXGL Background Thread 1 ] DEBUG AssetLoader          - Loading from cache: /assets/textures/floor.png@600.0x600.0
12:25:09.805 [FXGL Background Thread 1 ] DEBUG AssetLoader          - Loading from cache: /assets/textures/wall.png@40.0x40.0
12:25:09.806 [FXGL Background Thread 1 ] DEBUG AssetLoader          - Loading from cache: /assets/textures/floor.png@600.0x600.0
12:25:09.807 [FXGL Background Thread 1 ] DEBUG AssetLoader          - Loading from cache: /assets/textures/floor.png@600.0x600.0
12:25:09.807 [FXGL Background Thread 1 ] DEBUG AssetLoader          - Loading from cache: /assets/textures/floor.png@600.0x600.0
12:25:09.808 [FXGL Background Thread 1 ] DEBUG AssetLoader          - Loading from cache: /assets/textures/floor.png@600.0x600.0
12:25:09.809 [FXGL Background Thread 1 ] DEBUG AssetLoader          - Loading from cache: /assets/textures/floor.png@600.0x600.0
12:25:09.810 [FXGL Background Thread 1 ] DEBUG AssetLoader          - Loading from cache: /assets/textures/floor.png@600.0x600.0
12:25:09.811 [FXGL Background Thread 1 ] DEBUG AssetLoader          - Loading from cache: /assets/textures/floor.png@600.0x600.0
12:25:09.812 [FXGL Background Thread 1 ] DEBUG AssetLoader          - Loading from cache: /assets/textures/floor.png@600.0x600.0
12:25:09.813 [FXGL Background Thread 1 ] DEBUG AssetLoader          - Loading from cache: /assets/textures/floor.png@600.0x600.0
12:25:09.813 [FXGL Background Thread 1 ] DEBUG AssetLoader          - Loading from cache: /assets/textures/floor.png@600.0x600.0
12:25:09.814 [FXGL Background Thread 1 ] DEBUG AssetLoader          - Loading from cache: /assets/textures/floor.png@600.0x600.0
12:25:09.815 [FXGL Background Thread 1 ] DEBUG AssetLoader          - Loading from cache: /assets/textures/floor.png@600.0x600.0
12:25:09.815 [FXGL Background Thread 1 ] DEBUG AssetLoader          - Loading from cache: /assets/textures/floor.png@600.0x600.0
12:25:09.816 [FXGL Background Thread 1 ] DEBUG AssetLoader          - Loading from cache: /assets/textures/floor.png@600.0x600.0
12:25:09.817 [FXGL Background Thread 1 ] DEBUG AssetLoader          - Loading from cache: /assets/textures/floor.png@600.0x600.0
12:25:09.818 [FXGL Background Thread 1 ] DEBUG AssetLoader          - Loading from cache: /assets/textures/wall.png@40.0x40.0
12:25:09.819 [FXGL Background Thread 1 ] DEBUG AssetLoader          - Loading from cache: /assets/textures/floor.png@600.0x600.0
12:25:09.820 [FXGL Background Thread 1 ] DEBUG AssetLoader          - Loading from cache: /assets/textures/wall.png@40.0x40.0
12:25:09.821 [FXGL Background Thread 1 ] DEBUG AssetLoader          - Loading from cache: /assets/textures/floor.png@600.0x600.0
12:25:09.821 [FXGL Background Thread 1 ] DEBUG AssetLoader          - Loading from cache: /assets/textures/wall.png@40.0x40.0
12:25:09.822 [FXGL Background Thread 1 ] DEBUG AssetLoader          - Loading from cache: /assets/textures/floor.png@600.0x600.0
12:25:09.823 [FXGL Background Thread 1 ] DEBUG AssetLoader          - Loading from cache: /assets/textures/wall.png@40.0x40.0
12:25:09.823 [FXGL Background Thread 1 ] DEBUG AssetLoader          - Loading from cache: /assets/textures/floor.png@600.0x600.0
12:25:09.824 [FXGL Background Thread 1 ] DEBUG AssetLoader          - Loading from cache: /assets/textures/wall.png@40.0x40.0
12:25:09.825 [FXGL Background Thread 1 ] DEBUG AssetLoader          - Loading from cache: /assets/textures/floor.png@600.0x600.0
12:25:09.825 [FXGL Background Thread 1 ] DEBUG AssetLoader          - Loading from cache: /assets/textures/wall.png@40.0x40.0
12:25:09.826 [FXGL Background Thread 1 ] DEBUG AssetLoader          - Loading from cache: /assets/textures/floor.png@600.0x600.0
12:25:09.827 [FXGL Background Thread 1 ] DEBUG AssetLoader          - Loading from cache: /assets/textures/wall.png@40.0x40.0
12:25:09.828 [FXGL Background Thread 1 ] DEBUG AssetLoader          - Loading from cache: /assets/textures/floor.png@600.0x600.0
12:25:09.828 [FXGL Background Thread 1 ] DEBUG AssetLoader          - Loading from cache: /assets/textures/wall.png@40.0x40.0
12:25:09.829 [FXGL Background Thread 1 ] DEBUG AssetLoader          - Loading from cache: /assets/textures/floor.png@600.0x600.0
12:25:09.829 [FXGL Background Thread 1 ] DEBUG AssetLoader          - Loading from cache: /assets/textures/wall.png@40.0x40.0
12:25:09.830 [FXGL Background Thread 1 ] DEBUG AssetLoader          - Loading from cache: /assets/textures/floor.png@600.0x600.0
12:25:09.830 [FXGL Background Thread 1 ] DEBUG AssetLoader          - Loading from cache: /assets/textures/floor.png@600.0x600.0
12:25:09.831 [FXGL Background Thread 1 ] DEBUG AssetLoader          - Loading from cache: /assets/textures/floor.png@600.0x600.0
12:25:09.831 [FXGL Background Thread 1 ] DEBUG AssetLoader          - Loading from cache: /assets/textures/floor.png@600.0x600.0
12:25:09.832 [FXGL Background Thread 1 ] DEBUG AssetLoader          - Loading from cache: /assets/textures/floor.png@600.0x600.0
12:25:09.833 [FXGL Background Thread 1 ] DEBUG AssetLoader          - Loading from cache: /assets/textures/floor.png@600.0x600.0
12:25:09.834 [FXGL Background Thread 1 ] DEBUG AssetLoader          - Loading from cache: /assets/textures/brick.png@40.0x40.0
12:25:09.835 [FXGL Background Thread 1 ] DEBUG AssetLoader          - Loading from cache: /assets/textures/brick.png@40.0x40.0
12:25:09.836 [FXGL Background Thread 1 ] DEBUG AssetLoader          - Loading from cache: /assets/textures/floor.png@600.0x600.0
12:25:09.836 [FXGL Background Thread 1 ] DEBUG AssetLoader          - Loading from cache: /assets/textures/floor.png@600.0x600.0
12:25:09.837 [FXGL Background Thread 1 ] DEBUG AssetLoader          - Loading from cache: /assets/textures/floor.png@600.0x600.0
12:25:09.838 [FXGL Background Thread 1 ] DEBUG AssetLoader          - Loading from cache: /assets/textures/floor.png@600.0x600.0
12:25:09.839 [FXGL Background Thread 1 ] DEBUG AssetLoader          - Loading from cache: /assets/textures/floor.png@600.0x600.0
12:25:09.839 [FXGL Background Thread 1 ] DEBUG AssetLoader          - Loading from cache: /assets/textures/floor.png@600.0x600.0
12:25:09.840 [FXGL Background Thread 1 ] DEBUG AssetLoader          - Loading from cache: /assets/textures/floor.png@600.0x600.0
12:25:09.841 [FXGL Background Thread 1 ] DEBUG AssetLoader          - Loading from cache: /assets/textures/wall.png@40.0x40.0
12:25:09.841 [FXGL Background Thread 1 ] DEBUG AssetLoader          - Loading from cache: /assets/textures/floor.png@600.0x600.0
12:25:09.842 [FXGL Background Thread 1 ] DEBUG AssetLoader          - Loading from cache: /assets/textures/wall.png@40.0x40.0
12:25:09.843 [FXGL Background Thread 1 ] DEBUG AssetLoader          - Loading from cache: /assets/textures/floor.png@600.0x600.0
12:25:09.844 [FXGL Background Thread 1 ] DEBUG AssetLoader          - Loading from cache: /assets/textures/wall.png@40.0x40.0
12:25:09.844 [FXGL Background Thread 1 ] DEBUG AssetLoader          - Loading from cache: /assets/textures/floor.png@600.0x600.0
12:25:09.845 [FXGL Background Thread 1 ] DEBUG AssetLoader          - Loading from cache: /assets/textures/wall.png@40.0x40.0
12:25:09.846 [FXGL Background Thread 1 ] DEBUG AssetLoader          - Loading from cache: /assets/textures/brick.png@40.0x40.0
12:25:09.847 [FXGL Background Thread 1 ] DEBUG AssetLoader          - Loading from cache: /assets/textures/wall.png@40.0x40.0
12:25:09.847 [FXGL Background Thread 1 ] DEBUG AssetLoader          - Loading from cache: /assets/textures/floor.png@600.0x600.0
12:25:09.848 [FXGL Background Thread 1 ] DEBUG AssetLoader          - Loading from cache: /assets/textures/wall.png@40.0x40.0
12:25:09.849 [FXGL Background Thread 1 ] DEBUG AssetLoader          - Loading from cache: /assets/textures/floor.png@600.0x600.0
12:25:09.850 [FXGL Background Thread 1 ] DEBUG AssetLoader          - Loading from cache: /assets/textures/wall.png@40.0x40.0
12:25:09.850 [FXGL Background Thread 1 ] DEBUG AssetLoader          - Loading from cache: /assets/textures/floor.png@600.0x600.0
12:25:09.851 [FXGL Background Thread 1 ] DEBUG AssetLoader          - Loading from cache: /assets/textures/wall.png@40.0x40.0
12:25:09.852 [FXGL Background Thread 1 ] DEBUG AssetLoader          - Loading from cache: /assets/textures/floor.png@600.0x600.0
12:25:09.853 [FXGL Background Thread 1 ] DEBUG AssetLoader          - Loading from cache: /assets/textures/wall.png@40.0x40.0
12:25:09.853 [FXGL Background Thread 1 ] DEBUG AssetLoader          - Loading from cache: /assets/textures/floor.png@600.0x600.0
12:25:09.855 [FXGL Background Thread 1 ] DEBUG AssetLoader          - Loading from cache: /assets/textures/floor.png@600.0x600.0
12:25:09.855 [FXGL Background Thread 1 ] DEBUG AssetLoader          - Loading from cache: /assets/textures/floor.png@600.0x600.0
12:25:09.856 [FXGL Background Thread 1 ] DEBUG AssetLoader          - Loading from cache: /assets/textures/floor.png@600.0x600.0
12:25:09.856 [FXGL Background Thread 1 ] DEBUG AssetLoader          - Loading from cache: /assets/textures/floor.png@600.0x600.0
12:25:09.857 [FXGL Background Thread 1 ] DEBUG AssetLoader          - Loading from cache: /assets/textures/brick.png@40.0x40.0
12:25:09.858 [FXGL Background Thread 1 ] DEBUG AssetLoader          - Loading from cache: /assets/textures/brick.png@40.0x40.0
12:25:09.859 [FXGL Background Thread 1 ] DEBUG AssetLoader          - Loading from cache: /assets/textures/brick.png@40.0x40.0
12:25:09.860 [FXGL Background Thread 1 ] DEBUG AssetLoader          - Loading from cache: /assets/textures/floor.png@600.0x600.0
12:25:09.860 [FXGL Background Thread 1 ] DEBUG AssetLoader          - Loading from cache: /assets/textures/floor.png@600.0x600.0
12:25:09.861 [FXGL Background Thread 1 ] DEBUG AssetLoader          - Loading from cache: /assets/textures/floor.png@600.0x600.0
12:25:09.861 [FXGL Background Thread 1 ] DEBUG AssetLoader          - Loading from cache: /assets/textures/floor.png@600.0x600.0
12:25:09.861 [FXGL Background Thread 1 ] DEBUG AssetLoader          - Loading from cache: /assets/textures/floor.png@600.0x600.0
12:25:09.862 [FXGL Background Thread 1 ] DEBUG AssetLoader          - Loading from cache: /assets/textures/floor.png@600.0x600.0
12:25:09.862 [FXGL Background Thread 1 ] DEBUG AssetLoader          - Loading from cache: /assets/textures/floor.png@600.0x600.0
12:25:09.863 [FXGL Background Thread 1 ] DEBUG AssetLoader          - Loading from cache: /assets/textures/wall.png@40.0x40.0
12:25:09.863 [FXGL Background Thread 1 ] DEBUG AssetLoader          - Loading from cache: /assets/textures/floor.png@600.0x600.0
12:25:09.864 [FXGL Background Thread 1 ] DEBUG AssetLoader          - Loading from cache: /assets/textures/wall.png@40.0x40.0
12:25:09.864 [FXGL Background Thread 1 ] DEBUG AssetLoader          - Loading from cache: /assets/textures/floor.png@600.0x600.0
12:25:09.865 [FXGL Background Thread 1 ] DEBUG AssetLoader          - Loading from cache: /assets/textures/wall.png@40.0x40.0
12:25:09.865 [FXGL Background Thread 1 ] DEBUG AssetLoader          - Loading from cache: /assets/textures/floor.png@600.0x600.0
12:25:09.866 [FXGL Background Thread 1 ] DEBUG AssetLoader          - Loading from cache: /assets/textures/wall.png@40.0x40.0
12:25:09.866 [FXGL Background Thread 1 ] DEBUG AssetLoader          - Loading from cache: /assets/textures/floor.png@600.0x600.0
12:25:09.867 [FXGL Background Thread 1 ] DEBUG AssetLoader          - Loading from cache: /assets/textures/wall.png@40.0x40.0
12:25:09.867 [FXGL Background Thread 1 ] DEBUG AssetLoader          - Loading from cache: /assets/textures/floor.png@600.0x600.0
12:25:09.868 [FXGL Background Thread 1 ] DEBUG AssetLoader          - Loading from cache: /assets/textures/wall.png@40.0x40.0
12:25:09.868 [FXGL Background Thread 1 ] DEBUG AssetLoader          - Loading from cache: /assets/textures/floor.png@600.0x600.0
12:25:09.869 [FXGL Background Thread 1 ] DEBUG AssetLoader          - Loading from cache: /assets/textures/wall.png@40.0x40.0
12:25:09.869 [FXGL Background Thread 1 ] DEBUG AssetLoader          - Loading from cache: /assets/textures/floor.png@600.0x600.0
12:25:09.870 [FXGL Background Thread 1 ] DEBUG AssetLoader          - Loading from cache: /assets/textures/wall.png@40.0x40.0
12:25:09.871 [FXGL Background Thread 1 ] DEBUG AssetLoader          - Loading from cache: /assets/textures/floor.png@600.0x600.0
12:25:09.872 [FXGL Background Thread 1 ] DEBUG AssetLoader          - Loading from cache: /assets/textures/wall.png@40.0x40.0
12:25:09.872 [FXGL Background Thread 1 ] DEBUG AssetLoader          - Loading from cache: /assets/textures/floor.png@600.0x600.0
12:25:09.873 [FXGL Background Thread 1 ] DEBUG AssetLoader          - Loading from cache: /assets/textures/floor.png@600.0x600.0
12:25:09.874 [FXGL Background Thread 1 ] DEBUG AssetLoader          - Loading from cache: /assets/textures/floor.png@600.0x600.0
12:25:09.875 [FXGL Background Thread 1 ] DEBUG AssetLoader          - Loading from cache: /assets/textures/floor.png@600.0x600.0
12:25:09.876 [FXGL Background Thread 1 ] DEBUG AssetLoader          - Loading from cache: /assets/textures/floor.png@600.0x600.0
12:25:09.877 [FXGL Background Thread 1 ] DEBUG AssetLoader          - Loading from cache: /assets/textures/floor.png@600.0x600.0
12:25:09.877 [FXGL Background Thread 1 ] DEBUG AssetLoader          - Loading from cache: /assets/textures/floor.png@600.0x600.0
12:25:09.878 [FXGL Background Thread 1 ] DEBUG AssetLoader          - Loading from cache: /assets/textures/floor.png@600.0x600.0
12:25:09.878 [FXGL Background Thread 1 ] DEBUG AssetLoader          - Loading from cache: /assets/textures/floor.png@600.0x600.0
12:25:09.878 [FXGL Background Thread 1 ] DEBUG AssetLoader          - Loading from cache: /assets/textures/floor.png@600.0x600.0
12:25:09.879 [FXGL Background Thread 1 ] DEBUG AssetLoader          - Loading from cache: /assets/textures/floor.png@600.0x600.0
12:25:09.880 [FXGL Background Thread 1 ] DEBUG AssetLoader          - Loading from cache: /assets/textures/floor.png@600.0x600.0
12:25:09.880 [FXGL Background Thread 1 ] DEBUG AssetLoader          - Loading from cache: /assets/textures/floor.png@600.0x600.0
12:25:09.881 [FXGL Background Thread 1 ] DEBUG AssetLoader          - Loading from cache: /assets/textures/floor.png@600.0x600.0
12:25:09.881 [FXGL Background Thread 1 ] DEBUG AssetLoader          - Loading from cache: /assets/textures/floor.png@600.0x600.0
12:25:09.882 [FXGL Background Thread 1 ] DEBUG AssetLoader          - Loading from cache: /assets/textures/wall.png@40.0x40.0
12:25:09.883 [FXGL Background Thread 1 ] DEBUG AssetLoader          - Loading from cache: /assets/textures/floor.png@600.0x600.0
12:25:09.883 [FXGL Background Thread 1 ] DEBUG AssetLoader          - Loading from cache: /assets/textures/wall.png@40.0x40.0
12:25:09.883 [FXGL Background Thread 1 ] DEBUG AssetLoader          - Loading from cache: /assets/textures/floor.png@600.0x600.0
12:25:09.884 [FXGL Background Thread 1 ] DEBUG AssetLoader          - Loading from cache: /assets/textures/wall.png@40.0x40.0
12:25:09.884 [FXGL Background Thread 1 ] DEBUG AssetLoader          - Loading from cache: /assets/textures/floor.png@600.0x600.0
12:25:09.885 [FXGL Background Thread 1 ] DEBUG AssetLoader          - Loading from cache: /assets/textures/wall.png@40.0x40.0
12:25:09.886 [FXGL Background Thread 1 ] DEBUG AssetLoader          - Loading from cache: /assets/textures/floor.png@600.0x600.0
12:25:09.887 [FXGL Background Thread 1 ] DEBUG AssetLoader          - Loading from cache: /assets/textures/wall.png@40.0x40.0
12:25:09.888 [FXGL Background Thread 1 ] DEBUG AssetLoader          - Loading from cache: /assets/textures/floor.png@600.0x600.0
12:25:09.888 [FXGL Background Thread 1 ] DEBUG AssetLoader          - Loading from cache: /assets/textures/wall.png@40.0x40.0
12:25:09.889 [FXGL Background Thread 1 ] DEBUG AssetLoader          - Loading from cache: /assets/textures/floor.png@600.0x600.0
12:25:09.890 [FXGL Background Thread 1 ] DEBUG AssetLoader          - Loading from cache: /assets/textures/wall.png@40.0x40.0
12:25:09.891 [FXGL Background Thread 1 ] DEBUG AssetLoader          - Loading from cache: /assets/textures/floor.png@600.0x600.0
12:25:09.891 [FXGL Background Thread 1 ] DEBUG AssetLoader          - Loading from cache: /assets/textures/wall.png@40.0x40.0
12:25:09.892 [FXGL Background Thread 1 ] DEBUG AssetLoader          - Loading from cache: /assets/textures/floor.png@600.0x600.0
12:25:09.892 [FXGL Background Thread 1 ] DEBUG AssetLoader          - Loading from cache: /assets/textures/wall.png@40.0x40.0
12:25:09.893 [FXGL Background Thread 1 ] DEBUG AssetLoader          - Loading from cache: /assets/textures/brick.png@40.0x40.0
12:25:09.894 [FXGL Background Thread 1 ] DEBUG AssetLoader          - Loading from cache: /assets/textures/floor.png@600.0x600.0
12:25:09.894 [FXGL Background Thread 1 ] DEBUG AssetLoader          - Loading from cache: /assets/textures/floor.png@600.0x600.0
12:25:09.895 [FXGL Background Thread 1 ] DEBUG AssetLoader          - Loading from cache: /assets/textures/floor.png@600.0x600.0
12:25:09.896 [FXGL Background Thread 1 ] DEBUG AssetLoader          - Loading from cache: /assets/textures/floor.png@600.0x600.0
12:25:09.896 [FXGL Background Thread 1 ] DEBUG AssetLoader          - Loading from cache: /assets/textures/floor.png@600.0x600.0
12:25:09.897 [FXGL Background Thread 1 ] DEBUG AssetLoader          - Loading from cache: /assets/textures/floor.png@600.0x600.0
12:25:09.897 [FXGL Background Thread 1 ] DEBUG AssetLoader          - Loading from cache: /assets/textures/floor.png@600.0x600.0
12:25:09.898 [FXGL Background Thread 1 ] DEBUG AssetLoader          - Loading from cache: /assets/textures/floor.png@600.0x600.0
12:25:09.899 [FXGL Background Thread 1 ] DEBUG AssetLoader          - Loading from cache: /assets/textures/floor.png@600.0x600.0
12:25:09.899 [FXGL Background Thread 1 ] DEBUG AssetLoader          - Loading from cache: /assets/textures/floor.png@600.0x600.0
12:25:09.900 [FXGL Background Thread 1 ] DEBUG AssetLoader          - Loading from cache: /assets/textures/floor.png@600.0x600.0
12:25:09.900 [FXGL Background Thread 1 ] DEBUG AssetLoader          - Loading from cache: /assets/textures/floor.png@600.0x600.0
12:25:09.903 [FXGL Background Thread 1 ] DEBUG AssetLoader          - Loading from cache: /assets/textures/floor.png@600.0x600.0
12:25:09.903 [FXGL Background Thread 1 ] DEBUG AssetLoader          - Loading from cache: /assets/textures/brick.png@40.0x40.0
12:25:09.904 [FXGL Background Thread 1 ] DEBUG AssetLoader          - Loading from cache: /assets/textures/wall.png@40.0x40.0
12:25:09.905 [FXGL Background Thread 1 ] DEBUG AssetLoader          - Loading from cache: /assets/textures/floor.png@600.0x600.0
12:25:09.905 [FXGL Background Thread 1 ] DEBUG AssetLoader          - Loading from cache: /assets/textures/wall.png@40.0x40.0
12:25:09.906 [FXGL Background Thread 1 ] DEBUG AssetLoader          - Loading from cache: /assets/textures/floor.png@600.0x600.0
12:25:09.907 [FXGL Background Thread 1 ] DEBUG AssetLoader          - Loading from cache: /assets/textures/wall.png@40.0x40.0
12:25:09.907 [FXGL Background Thread 1 ] DEBUG AssetLoader          - Loading from cache: /assets/textures/floor.png@600.0x600.0
12:25:09.908 [FXGL Background Thread 1 ] DEBUG AssetLoader          - Loading from cache: /assets/textures/wall.png@40.0x40.0
12:25:09.908 [FXGL Background Thread 1 ] DEBUG AssetLoader          - Loading from cache: /assets/textures/floor.png@600.0x600.0
12:25:09.908 [FXGL Background Thread 1 ] DEBUG AssetLoader          - Loading from cache: /assets/textures/wall.png@40.0x40.0
12:25:09.909 [FXGL Background Thread 1 ] DEBUG AssetLoader          - Loading from cache: /assets/textures/floor.png@600.0x600.0
12:25:09.909 [FXGL Background Thread 1 ] DEBUG AssetLoader          - Loading from cache: /assets/textures/wall.png@40.0x40.0
12:25:09.910 [FXGL Background Thread 1 ] DEBUG AssetLoader          - Loading from cache: /assets/textures/floor.png@600.0x600.0
12:25:09.911 [FXGL Background Thread 1 ] DEBUG AssetLoader          - Loading from cache: /assets/textures/wall.png@40.0x40.0
12:25:09.911 [FXGL Background Thread 1 ] DEBUG AssetLoader          - Loading from cache: /assets/textures/floor.png@600.0x600.0
12:25:09.911 [FXGL Background Thread 1 ] DEBUG AssetLoader          - Loading from cache: /assets/textures/wall.png@40.0x40.0
12:25:09.912 [FXGL Background Thread 1 ] DEBUG AssetLoader          - Loading from cache: /assets/textures/floor.png@600.0x600.0
12:25:09.912 [FXGL Background Thread 1 ] DEBUG AssetLoader          - Loading from cache: /assets/textures/wall.png@40.0x40.0
12:25:09.913 [FXGL Background Thread 1 ] DEBUG AssetLoader          - Loading from cache: /assets/textures/floor.png@600.0x600.0
12:25:09.913 [FXGL Background Thread 1 ] DEBUG AssetLoader          - Loading from cache: /assets/textures/floor.png@600.0x600.0
12:25:09.914 [FXGL Background Thread 1 ] DEBUG AssetLoader          - Loading from cache: /assets/textures/brick.png@40.0x40.0
12:25:09.915 [FXGL Background Thread 1 ] DEBUG AssetLoader          - Loading from cache: /assets/textures/brick.png@40.0x40.0
12:25:09.916 [FXGL Background Thread 1 ] DEBUG AssetLoader          - Loading from cache: /assets/textures/brick.png@40.0x40.0
12:25:09.916 [FXGL Background Thread 1 ] DEBUG AssetLoader          - Loading from cache: /assets/textures/brick.png@40.0x40.0
12:25:09.917 [FXGL Background Thread 1 ] DEBUG AssetLoader          - Loading from cache: /assets/textures/brick.png@40.0x40.0
12:25:09.918 [FXGL Background Thread 1 ] DEBUG AssetLoader          - Loading from cache: /assets/textures/brick.png@40.0x40.0
12:25:09.918 [FXGL Background Thread 1 ] DEBUG AssetLoader          - Loading from cache: /assets/textures/brick.png@40.0x40.0
12:25:09.919 [FXGL Background Thread 1 ] DEBUG AssetLoader          - Loading from cache: /assets/textures/brick.png@40.0x40.0
12:25:09.919 [FXGL Background Thread 1 ] DEBUG AssetLoader          - Loading from cache: /assets/textures/brick.png@40.0x40.0
12:25:09.920 [FXGL Background Thread 1 ] DEBUG AssetLoader          - Loading from cache: /assets/textures/brick.png@40.0x40.0
12:25:09.920 [FXGL Background Thread 1 ] DEBUG AssetLoader          - Loading from cache: /assets/textures/brick.png@40.0x40.0
12:25:09.921 [FXGL Background Thread 1 ] DEBUG AssetLoader          - Loading from cache: /assets/textures/floor.png@600.0x600.0
12:25:09.922 [FXGL Background Thread 1 ] DEBUG AssetLoader          - Loading from cache: /assets/textures/floor.png@600.0x600.0
12:25:09.922 [FXGL Background Thread 1 ] DEBUG AssetLoader          - Loading from cache: /assets/textures/wall.png@40.0x40.0
12:25:09.923 [FXGL Background Thread 1 ] DEBUG AssetLoader          - Loading from cache: /assets/textures/wall.png@40.0x40.0
12:25:09.924 [FXGL Background Thread 1 ] DEBUG AssetLoader          - Loading from cache: /assets/textures/wall.png@40.0x40.0
12:25:09.924 [FXGL Background Thread 1 ] DEBUG AssetLoader          - Loading from cache: /assets/textures/wall.png@40.0x40.0
12:25:09.924 [FXGL Background Thread 1 ] DEBUG AssetLoader          - Loading from cache: /assets/textures/wall.png@40.0x40.0
12:25:09.925 [FXGL Background Thread 1 ] DEBUG AssetLoader          - Loading from cache: /assets/textures/wall.png@40.0x40.0
12:25:09.925 [FXGL Background Thread 1 ] DEBUG AssetLoader          - Loading from cache: /assets/textures/wall.png@40.0x40.0
12:25:09.926 [FXGL Background Thread 1 ] DEBUG AssetLoader          - Loading from cache: /assets/textures/wall.png@40.0x40.0
12:25:09.926 [FXGL Background Thread 1 ] DEBUG AssetLoader          - Loading from cache: /assets/textures/wall.png@40.0x40.0
12:25:09.927 [FXGL Background Thread 1 ] DEBUG AssetLoader          - Loading from cache: /assets/textures/wall.png@40.0x40.0
12:25:09.927 [FXGL Background Thread 1 ] DEBUG AssetLoader          - Loading from cache: /assets/textures/wall.png@40.0x40.0
12:25:09.927 [FXGL Background Thread 1 ] DEBUG AssetLoader          - Loading from cache: /assets/textures/wall.png@40.0x40.0
12:25:09.928 [FXGL Background Thread 1 ] DEBUG AssetLoader          - Loading from cache: /assets/textures/wall.png@40.0x40.0
12:25:09.928 [FXGL Background Thread 1 ] DEBUG AssetLoader          - Loading from cache: /assets/textures/wall.png@40.0x40.0
12:25:09.929 [FXGL Background Thread 1 ] DEBUG AssetLoader          - Loading from cache: /assets/textures/wall.png@40.0x40.0
12:25:09.929 [FXGL Background Thread 1 ] DEBUG AssetLoader          - Loading from cache: /assets/textures/wall.png@40.0x40.0
12:25:09.930 [FXGL Background Thread 1 ] DEBUG AssetLoader          - Loading from cache: /assets/textures/wall.png@40.0x40.0
12:25:09.931 [FXGL Background Thread 1 ] DEBUG GameWorld            - Clearing removable entities
12:25:09.933 [FXGL Background Thread 1 ] DEBUG GameWorld            - Setting level: com.almasb.fxgl.entity.level.Level@4eec1cad
12:25:09.952 [FXGL Background Thread 1 ] DEBUG InitAppTask          - Initializing Physics
12:25:09.953 [FXGL Background Thread 1 ] DEBUG InitAppTask          - Initializing UI
12:25:09.953 [FXGL Background Thread 1 ] DEBUG InitAppTask          - Initialization Complete
12:25:09.954 [FXGL Background Thread 1 ] INFO  InitAppTask          - Game initialization took: 0,287 sec
12:25:09.965 [JavaFX Application Thread] DEBUG Input                - Clearing active input actions
12:25:10.035 [JavaFX Application Thread] DEBUG Engine               - Removing overlay from LoadingScene and adding to GameScene
12:25:10.035 [JavaFX Application Thread] DEBUG MainWindow           - LoadingScene -> GameScene
12:25:43.338 [JavaFX Application Thread] DEBUG Engine               - Exiting FXGL
12:25:43.338 [JavaFX Application Thread] DEBUG Engine               - Shutting down background threads
12:25:43.339 [JavaFX Application Thread] DEBUG Engine               - Saving FXGL system data
12:25:43.342 [JavaFX Application Thread] DEBUG FSServiceImpl        - Writing to: C:\Users\Alejandro\Documents\DAD\Eclipse\Bomberdad\system\fxgl.bundle
12:25:43.345 [JavaFX Application Thread] DEBUG Engine               - Closing logger and exiting JavaFX
