10:54:35.281 [main                     ] DEBUG GameApplication      - Logger initialized
10:54:35.328 [main                     ] DEBUG GameApplication      - Logging settings
Title: BomberDAD
Version: 0.1
Width: 600
Height: 600
Fullscreen: false
Intro: false
Menus: true
Profiling: false
Single step:false
App Mode: DEVELOPER
Menu Key: ESCAPE
Stage Style: DECORATED
Scene Factory: class com.almasb.fxgl.app.SceneFactory
Dialog Factory: class com.almasb.fxgl.ui.FXGLDialogFactory
UI Factory: class com.almasb.fxgl.ui.FXGLUIFactory

10:54:35.826 [JavaFX Application Thread] DEBUG Engine               - Initializing FXGL
10:54:35.826 [JavaFX Application Thread] INFO  Engine               - FXGL-11.7 (05.01.2020 09.37) on WINDOWS (J:11.0.5 FX:11.0.1)
10:54:35.827 [JavaFX Application Thread] INFO  Engine               - Source code and latest versions at: https://github.com/AlmasB/FXGL
10:54:35.827 [JavaFX Application Thread] INFO  Engine               -              Join the FXGL chat at: https://gitter.im/AlmasB/FXGL
10:54:35.827 [JavaFX Application Thread] DEBUG Engine               - Initializing environment variables
10:54:35.830 [JavaFX Application Thread] DEBUG Engine               - Logging environment variables
10:54:35.830 [JavaFX Application Thread] DEBUG Engine               - achievements: []
10:54:35.830 [JavaFX Application Thread] DEBUG Engine               - sceneStack: com.almasb.fxgl.app.Engine@2c1936f0
10:54:35.831 [JavaFX Application Thread] DEBUG Engine               - language: ObjectProperty [value: ENGLISH]
10:54:35.831 [JavaFX Application Thread] DEBUG Engine               - isCloseConfirmation: false
10:54:35.831 [JavaFX Application Thread] DEBUG Engine               - isProfilingEnabled: false
10:54:35.831 [JavaFX Application Thread] DEBUG Engine               - soundNotification: core/notification.wav
10:54:35.831 [JavaFX Application Thread] DEBUG Engine               - devShowBBoxProperty: BooleanProperty [value: false]
10:54:35.833 [JavaFX Application Thread] DEBUG Engine               - pixelsPerMeter: 50.0
10:54:35.833 [JavaFX Application Thread] DEBUG Engine               - overlayRoot: Group@28d4a464
10:54:35.833 [JavaFX Application Thread] DEBUG Engine               - appIcon: fxgl_icon.png
10:54:35.833 [JavaFX Application Thread] DEBUG Engine               - soundMenuBack: menu/back.wav
10:54:35.833 [JavaFX Application Thread] DEBUG Engine               - isFullScreenAllowed: false
10:54:35.833 [JavaFX Application Thread] DEBUG Engine               - isIntroEnabled: false
10:54:35.834 [JavaFX Application Thread] DEBUG Engine               - eventBus: com.almasb.fxgl.event.EventBus@25ed05a7
10:54:35.834 [JavaFX Application Thread] DEBUG Engine               - fontMono: lucida_console.ttf
10:54:35.834 [JavaFX Application Thread] DEBUG Engine               - soundMenuSelect: menu/select.wav
10:54:35.834 [JavaFX Application Thread] DEBUG Engine               - isWindows: true
10:54:35.834 [JavaFX Application Thread] DEBUG Engine               - isMobile: false
10:54:35.834 [JavaFX Application Thread] DEBUG Engine               - height: 600
10:54:35.835 [JavaFX Application Thread] DEBUG Engine               - isExperimentalNative: false
10:54:35.835 [JavaFX Application Thread] DEBUG Engine               - cSSList: [fxgl_dark.css]
10:54:35.835 [JavaFX Application Thread] DEBUG Engine               - isSingleStep: false
10:54:35.835 [JavaFX Application Thread] DEBUG Engine               - fontGame: Abel-Regular.ttf
10:54:35.835 [JavaFX Application Thread] DEBUG Engine               - menuKey: ESCAPE
10:54:35.835 [JavaFX Application Thread] DEBUG Engine               - devShowPositionProperty: BooleanProperty [value: false]
10:54:35.835 [JavaFX Application Thread] DEBUG Engine               - versionCheckDays: 7
10:54:35.836 [JavaFX Application Thread] DEBUG Engine               - masterTimer: com.almasb.fxgl.time.Timer@40a6195c
10:54:35.836 [JavaFX Application Thread] DEBUG Engine               - configClass: Optional.empty
10:54:35.836 [JavaFX Application Thread] DEBUG Engine               - isFullScreenFromStart: false
10:54:35.836 [JavaFX Application Thread] DEBUG Engine               - version: 0.1
10:54:35.836 [JavaFX Application Thread] DEBUG Engine               - fullScreen: BooleanProperty [value: false]
10:54:35.836 [JavaFX Application Thread] DEBUG Engine               - randomSeed: -1
10:54:35.836 [JavaFX Application Thread] DEBUG Engine               - dialogFactory: com.almasb.fxgl.ui.FXGLDialogFactory@75ae0315
10:54:35.837 [JavaFX Application Thread] DEBUG Engine               - applicationMode: DEVELOPER
10:54:35.837 [JavaFX Application Thread] DEBUG Engine               - isMac: false
10:54:35.837 [JavaFX Application Thread] DEBUG Engine               - urlGoogleForms: https://goo.gl/forms/6wrMnOBxTE1fEpOy2
10:54:35.837 [JavaFX Application Thread] DEBUG Engine               - isMenuEnabled: true
10:54:35.837 [JavaFX Application Thread] DEBUG Engine               - profileName: user.profile
10:54:35.837 [JavaFX Application Thread] DEBUG Engine               - urlPOM: https://raw.githubusercontent.com/AlmasB/FXGL/master/pom.xml
10:54:35.837 [JavaFX Application Thread] DEBUG Engine               - notificationViewClass: class com.almasb.fxgl.notification.view.XboxNotificationView
10:54:35.837 [JavaFX Application Thread] DEBUG Engine               - devSensorColorProperty: ObjectProperty [value: 0xffff00ff]
10:54:35.838 [JavaFX Application Thread] DEBUG Engine               - sceneFactory: com.almasb.fxgl.app.SceneFactory@78546e40
10:54:35.838 [JavaFX Application Thread] DEBUG Engine               - dataFileExt: .dat
10:54:35.838 [JavaFX Application Thread] DEBUG Engine               - stageStyle: DECORATED
10:54:35.838 [JavaFX Application Thread] DEBUG Engine               - isManualResizeEnabled: false
10:54:35.838 [JavaFX Application Thread] DEBUG Engine               - title: BomberDAD
10:54:35.838 [JavaFX Application Thread] DEBUG Engine               - platform: WINDOWS
10:54:35.838 [JavaFX Application Thread] DEBUG Engine               - devBBoxColorProperty: ObjectProperty [value: 0xff0000ff]
10:54:35.838 [JavaFX Application Thread] DEBUG Engine               - isDesktop: true
10:54:35.839 [JavaFX Application Thread] DEBUG Engine               - credits: []
10:54:35.839 [JavaFX Application Thread] DEBUG Engine               - globalMusicVolumeProperty: DoubleProperty [value: 0.5]
10:54:35.839 [JavaFX Application Thread] DEBUG Engine               - uIFactory: com.almasb.fxgl.ui.FXGLUIFactory@35d98cd0
10:54:35.839 [JavaFX Application Thread] DEBUG Engine               - isPreserveResizeRatio: false
10:54:35.839 [JavaFX Application Thread] DEBUG Engine               - fontText: Courier-Prime.ttf
10:54:35.839 [JavaFX Application Thread] DEBUG Engine               - isExperimentalTiledLargeMap: false
10:54:35.839 [JavaFX Application Thread] DEBUG Engine               - secondsIn24h: 60
10:54:35.840 [JavaFX Application Thread] DEBUG Engine               - runtimeInfo: RuntimeInfo(platform=WINDOWS, version=11.7, build=05.01.2020 09.37)
10:54:35.840 [JavaFX Application Thread] DEBUG Engine               - isLinux: false
10:54:35.840 [JavaFX Application Thread] DEBUG Engine               - soundMenuPress: menu/press.wav
10:54:35.840 [JavaFX Application Thread] DEBUG Engine               - urlGithub: https://github.com/AlmasB/FXGL
10:54:35.840 [JavaFX Application Thread] DEBUG Engine               - profileDir: profiles/
10:54:35.840 [JavaFX Application Thread] DEBUG Engine               - isDeveloperMenuEnabled: false
10:54:35.841 [JavaFX Application Thread] DEBUG Engine               - globalSoundVolumeProperty: DoubleProperty [value: 0.5]
10:54:35.841 [JavaFX Application Thread] DEBUG Engine               - isBrowser: false
10:54:35.841 [JavaFX Application Thread] DEBUG Engine               - globalSoundVolume: 0.5
10:54:35.841 [JavaFX Application Thread] DEBUG Engine               - urlLeaderboard: http://fxgl-top.herokuapp.com/
10:54:35.841 [JavaFX Application Thread] DEBUG Engine               - saveDir: saves/
10:54:35.841 [JavaFX Application Thread] DEBUG Engine               - engineServices: [class com.almasb.fxgl.audio.AudioPlayer, class com.almasb.fxgl.notification.impl.NotificationServiceProvider, class com.almasb.fxgl.achievement.AchievementManager, class com.almasb.fxgl.cutscene.CutsceneService, class com.almasb.fxgl.minigames.MiniGameService]
10:54:35.841 [JavaFX Application Thread] DEBUG Engine               - globalMusicVolume: 0.5
10:54:35.841 [JavaFX Application Thread] DEBUG Engine               - width: 600
10:54:35.842 [JavaFX Application Thread] DEBUG Engine               - saveFileExt: .sav
10:54:35.842 [JavaFX Application Thread] DEBUG Engine               - isAndroid: false
10:54:35.842 [JavaFX Application Thread] DEBUG Engine               - fontUI: VarelaRound-Regular.ttf
10:54:35.842 [JavaFX Application Thread] DEBUG Engine               - enabledMenuItems: []
10:54:35.842 [JavaFX Application Thread] DEBUG Engine               - isIOS: false
10:54:35.845 [JavaFX Application Thread] DEBUG Engine               - Adding new engine service: class com.almasb.fxgl.audio.AudioPlayer
10:54:35.846 [JavaFX Application Thread] DEBUG Engine               - Adding new engine service: class com.almasb.fxgl.notification.impl.NotificationServiceProvider
10:54:35.847 [JavaFX Application Thread] DEBUG Engine               - Adding new engine service: class com.almasb.fxgl.achievement.AchievementManager
10:54:35.848 [JavaFX Application Thread] DEBUG Engine               - Adding new engine service: class com.almasb.fxgl.cutscene.CutsceneService
10:54:35.848 [JavaFX Application Thread] DEBUG Engine               - Adding new engine service: class com.almasb.fxgl.minigames.MiniGameService
10:54:35.852 [JavaFX Application Thread] DEBUG Engine               - Loading localizations
10:54:35.855 [JavaFX Application Thread] DEBUG AssetLoader          - Loading from file system: /assets/properties/languages/english.properties
10:54:35.859 [JavaFX Application Thread] DEBUG AssetLoader          - Loading from file system: /assets/properties/languages/french.properties
10:54:35.860 [JavaFX Application Thread] DEBUG AssetLoader          - Loading from file system: /assets/properties/languages/german.properties
10:54:35.862 [JavaFX Application Thread] DEBUG AssetLoader          - Loading from file system: /assets/properties/languages/russian.properties
10:54:35.864 [JavaFX Application Thread] DEBUG AssetLoader          - Loading from file system: /assets/properties/languages/hungarian.properties
10:54:35.868 [JavaFX Application Thread] DEBUG Engine               - Registering font factories
10:54:35.869 [JavaFX Application Thread] DEBUG AssetLoader          - Loading from file system: /assets/ui/fonts/VarelaRound-Regular.ttf
10:54:36.276 [JavaFX Application Thread] DEBUG AssetLoader          - Loading from file system: /assets/ui/fonts/Abel-Regular.ttf
10:54:36.287 [JavaFX Application Thread] DEBUG AssetLoader          - Loading from file system: /assets/ui/fonts/lucida_console.ttf
10:54:36.304 [JavaFX Application Thread] DEBUG AssetLoader          - Loading from file system: /assets/ui/fonts/Courier-Prime.ttf
10:54:36.315 [JavaFX Application Thread] DEBUG Engine               - Setting UI factory
10:54:36.422 [JavaFX Application Thread] DEBUG AssetLoader          - Loading from file system: /assets/textures/fxgl_logo.png
10:54:36.490 [JavaFX Application Thread] DEBUG MainWindow           - Creating a JavaFX scene
10:54:36.543 [JavaFX Application Thread] DEBUG MainWindow           - Target settings size: 600.0 x 600.0
10:54:36.543 [JavaFX Application Thread] DEBUG MainWindow           - Scaled scene size:    600.0 x 600.0
10:54:36.543 [JavaFX Application Thread] DEBUG MainWindow           - Scaled ratio: (1.0, 1.0)
10:54:36.545 [JavaFX Application Thread] DEBUG MainWindow           - Set initial scene to FXGLStartupScene
10:54:36.554 [JavaFX Application Thread] DEBUG AssetLoader          - Loading from file system: /assets/textures/fxgl_icon.png
10:54:36.577 [JavaFX Application Thread] DEBUG Engine               - Applying CSS: fxgl_dark.css
10:54:36.577 [JavaFX Application Thread] DEBUG AssetLoader          - Loading from file system: /assets/ui/css/fxgl_dark.css
10:54:36.581 [JavaFX Application Thread] DEBUG AssetLoader          - Loading from file system: /assets/ui/cursors/fxgl_default.png
10:54:36.582 [JavaFX Application Thread] DEBUG MainWindow           - Opening main window
10:54:36.791 [JavaFX Application Thread] DEBUG MainWindow           - Window border size: (16.0, 39.0)
10:54:36.791 [JavaFX Application Thread] DEBUG MainWindow           - Scaled size: 600.0 x 600.0
10:54:36.791 [JavaFX Application Thread] DEBUG MainWindow           - Scaled ratio: (1.0, 1.0)
10:54:36.791 [JavaFX Application Thread] DEBUG MainWindow           - Scene size: 600.0 x 600.0
10:54:36.791 [JavaFX Application Thread] DEBUG MainWindow           - Stage size: 616.0 x 639.0
10:54:36.809 [FXGL Background Thread 1 ] DEBUG FS                   - Loaded FSServiceImpl
10:54:36.810 [FXGL Background Thread 1 ] DEBUG Engine               - Loading FXGL system data
10:54:36.820 [FXGL Background Thread 1 ] DEBUG FSServiceImpl        - Reading from: C:\Users\Alejandro\Documents\DAD\Eclipse\Bomberdad\system\fxgl.bundle
10:54:36.849 [FXGL Background Thread 1 ] DEBUG Engine               - Bundle FXGL: {}
10:54:36.849 [FXGL Background Thread 1 ] DEBUG Engine               - Initializing application scenes
10:54:36.945 [FXGL Background Thread 1 ] DEBUG GameWorld            - Game world initialized
10:54:37.027 [FXGL Background Thread 1 ] DEBUG PhysicsWorld         - Physics world initialized: appHeight=600, physics.ppm=50,0
10:54:37.030 [FXGL Background Thread 1 ] DEBUG GameScene            - Game scene initialized: 600x600
10:54:37.109 [FXGL Background Thread 1 ] DEBUG AssetLoader          - Loading from file system: /assets/textures/particles/trace_horizontal.png
10:54:37.127 [FXGL Background Thread 1 ] DEBUG FXGL.DefaultMenu     - createMenuBodyMainMenu()
10:54:37.153 [FXGL Background Thread 1 ] DEBUG FXGL.DefaultMenu     - createOptionsMenu()
10:54:37.162 [FXGL Background Thread 1 ] DEBUG AssetLoader          - Loading from file system: /assets/textures/particles/smoke.png
10:54:37.235 [FXGL Background Thread 1 ] DEBUG AssetLoader          - Loading from cache: /assets/textures/particles/trace_horizontal.png@64.0x64.0
10:54:37.235 [FXGL Background Thread 1 ] DEBUG FXGL.DefaultMenu     - createMenuBodyGameMenu()
10:54:37.237 [FXGL Background Thread 1 ] DEBUG FXGL.DefaultMenu     - createOptionsMenu()
10:54:37.240 [FXGL Background Thread 1 ] DEBUG AssetLoader          - Loading from cache: /assets/textures/particles/smoke.png@128.0x128.0
10:54:37.278 [FXGL Background Thread 1 ] DEBUG Engine               - Application scenes initialized
10:54:37.282 [JavaFX Application Thread] DEBUG Engine               - Running preInit()
10:54:37.297 [JavaFX Application Thread] DEBUG Input                - Registered new binding: Move Up - W
10:54:37.298 [JavaFX Application Thread] DEBUG Input                - Registered new binding: Move Left - A
10:54:37.298 [JavaFX Application Thread] DEBUG Input                - Registered new binding: Move Down - S
10:54:37.298 [JavaFX Application Thread] DEBUG Input                - Registered new binding: Move Right - D
10:54:37.298 [JavaFX Application Thread] DEBUG Input                - Registered new binding: Place Bomb - Space
10:54:37.298 [JavaFX Application Thread] DEBUG Input                - Registered new binding: Move Up2 - Up
10:54:37.298 [JavaFX Application Thread] DEBUG Input                - Registered new binding: Move Left2 - Left
10:54:37.299 [JavaFX Application Thread] DEBUG Input                - Registered new binding: Move Down2 - Down
10:54:37.299 [JavaFX Application Thread] DEBUG Input                - Registered new binding: Move Right2 - Right
10:54:37.299 [JavaFX Application Thread] DEBUG Input                - Registered new binding: Place Bomb2S - Enter
10:54:37.300 [JavaFX Application Thread] DEBUG Input                - Registered new binding: Screenshot - P
10:54:37.301 [JavaFX Application Thread] DEBUG Input                - Registered new binding: System info dump - CTRL+9
10:54:37.301 [JavaFX Application Thread] DEBUG Input                - Registered new binding: Restart - CTRL+R
10:54:37.301 [JavaFX Application Thread] DEBUG Engine               - generateDefaultProfile()
10:54:37.301 [JavaFX Application Thread] DEBUG Engine               - Creating default profile
10:54:37.301 [JavaFX Application Thread] DEBUG EventBus             - Firing event: SaveEvent
10:54:37.316 [JavaFX Application Thread] INFO  Engine               - FXGL initialization took: 1,463 sec
10:54:37.316 [JavaFX Application Thread] DEBUG LoopRunner           - Starting loop
10:54:37.339 [JavaFX Application Thread] DEBUG FXGLStartupScene     - STARTUP
10:54:37.345 [JavaFX Application Thread] DEBUG Input                - Clearing active input actions
10:54:37.380 [JavaFX Application Thread] DEBUG Engine               - Removing overlay from FXGLStartupScene and adding to FXGLDefaultMenu
10:54:37.381 [JavaFX Application Thread] DEBUG MainWindow           - FXGLStartupScene -> FXGLDefaultMenu
10:54:39.802 [JavaFX Application Thread] DEBUG Menu                 - fireNewGame()
10:54:39.803 [JavaFX Application Thread] DEBUG Engine               - Starting new game
10:54:39.810 [JavaFX Application Thread] DEBUG Input                - Clearing active input actions
10:54:39.810 [FXGL Background Thread 1 ] DEBUG InitAppTask          - Clearing previous game
10:54:39.811 [FXGL Background Thread 1 ] DEBUG GameWorld            - Clearing game world
10:54:39.811 [FXGL Background Thread 1 ] DEBUG PhysicsWorld         - Clearing physics world
10:54:39.811 [FXGL Background Thread 1 ] DEBUG GameScene            - Clearing game scene
10:54:39.811 [FXGL Background Thread 1 ] DEBUG InitAppTask          - Initializing Game
10:54:39.826 [FXGL Background Thread 1 ] DEBUG AssetLoader          - Loading from file system: /assets/textures/floor.png
10:54:39.830 [JavaFX Application Thread] DEBUG Engine               - Removing overlay from FXGLDefaultMenu and adding to LoadingScene
10:54:39.830 [JavaFX Application Thread] DEBUG MainWindow           - FXGLDefaultMenu -> LoadingScene
10:54:39.865 [FXGL Background Thread 1 ] DEBUG AssetLoader          - Loading from file system: /assets/levels/0.txt
10:54:39.897 [FXGL Background Thread 1 ] DEBUG AssetLoader          - Loading from cache: /assets/textures/floor.png@600.0x600.0
10:54:39.898 [FXGL Background Thread 1 ] DEBUG AssetLoader          - Loading from cache: /assets/textures/floor.png@600.0x600.0
10:54:39.899 [FXGL Background Thread 1 ] DEBUG AssetLoader          - Loading from file system: /assets/textures/brick.png
10:54:39.904 [FXGL Background Thread 1 ] DEBUG AssetLoader          - Loading from cache: /assets/textures/brick.png@40.0x40.0
10:54:39.905 [FXGL Background Thread 1 ] DEBUG AssetLoader          - Loading from cache: /assets/textures/brick.png@40.0x40.0
10:54:39.905 [FXGL Background Thread 1 ] DEBUG AssetLoader          - Loading from cache: /assets/textures/brick.png@40.0x40.0
10:54:39.906 [FXGL Background Thread 1 ] DEBUG AssetLoader          - Loading from cache: /assets/textures/brick.png@40.0x40.0
10:54:39.907 [FXGL Background Thread 1 ] DEBUG AssetLoader          - Loading from cache: /assets/textures/brick.png@40.0x40.0
10:54:39.908 [FXGL Background Thread 1 ] DEBUG AssetLoader          - Loading from cache: /assets/textures/brick.png@40.0x40.0
10:54:39.909 [FXGL Background Thread 1 ] DEBUG AssetLoader          - Loading from cache: /assets/textures/brick.png@40.0x40.0
10:54:39.910 [FXGL Background Thread 1 ] DEBUG AssetLoader          - Loading from cache: /assets/textures/brick.png@40.0x40.0
10:54:39.910 [FXGL Background Thread 1 ] DEBUG AssetLoader          - Loading from cache: /assets/textures/brick.png@40.0x40.0
10:54:39.911 [FXGL Background Thread 1 ] DEBUG AssetLoader          - Loading from cache: /assets/textures/brick.png@40.0x40.0
10:54:39.912 [FXGL Background Thread 1 ] DEBUG AssetLoader          - Loading from cache: /assets/textures/floor.png@600.0x600.0
10:54:39.913 [FXGL Background Thread 1 ] DEBUG AssetLoader          - Loading from cache: /assets/textures/floor.png@600.0x600.0
10:54:39.914 [FXGL Background Thread 1 ] DEBUG AssetLoader          - Loading from file system: /assets/textures/wall.png
10:54:39.918 [FXGL Background Thread 1 ] DEBUG AssetLoader          - Loading from cache: /assets/textures/floor.png@600.0x600.0
10:54:39.919 [FXGL Background Thread 1 ] DEBUG AssetLoader          - Loading from cache: /assets/textures/wall.png@40.0x40.0
10:54:39.919 [FXGL Background Thread 1 ] DEBUG AssetLoader          - Loading from cache: /assets/textures/floor.png@600.0x600.0
10:54:39.920 [FXGL Background Thread 1 ] DEBUG AssetLoader          - Loading from cache: /assets/textures/wall.png@40.0x40.0
10:54:39.921 [FXGL Background Thread 1 ] DEBUG AssetLoader          - Loading from cache: /assets/textures/floor.png@600.0x600.0
10:54:39.922 [FXGL Background Thread 1 ] DEBUG AssetLoader          - Loading from cache: /assets/textures/wall.png@40.0x40.0
10:54:39.923 [FXGL Background Thread 1 ] DEBUG AssetLoader          - Loading from cache: /assets/textures/floor.png@600.0x600.0
10:54:39.923 [FXGL Background Thread 1 ] DEBUG AssetLoader          - Loading from cache: /assets/textures/wall.png@40.0x40.0
10:54:39.924 [FXGL Background Thread 1 ] DEBUG AssetLoader          - Loading from cache: /assets/textures/floor.png@600.0x600.0
10:54:39.925 [FXGL Background Thread 1 ] DEBUG AssetLoader          - Loading from cache: /assets/textures/wall.png@40.0x40.0
10:54:39.926 [FXGL Background Thread 1 ] DEBUG AssetLoader          - Loading from cache: /assets/textures/floor.png@600.0x600.0
10:54:39.927 [FXGL Background Thread 1 ] DEBUG AssetLoader          - Loading from cache: /assets/textures/wall.png@40.0x40.0
10:54:39.927 [FXGL Background Thread 1 ] DEBUG AssetLoader          - Loading from cache: /assets/textures/floor.png@600.0x600.0
10:54:39.928 [FXGL Background Thread 1 ] DEBUG AssetLoader          - Loading from cache: /assets/textures/wall.png@40.0x40.0
10:54:39.929 [FXGL Background Thread 1 ] DEBUG AssetLoader          - Loading from cache: /assets/textures/floor.png@600.0x600.0
10:54:39.929 [FXGL Background Thread 1 ] DEBUG AssetLoader          - Loading from cache: /assets/textures/wall.png@40.0x40.0
10:54:39.930 [FXGL Background Thread 1 ] DEBUG AssetLoader          - Loading from cache: /assets/textures/brick.png@40.0x40.0
10:54:39.931 [FXGL Background Thread 1 ] DEBUG AssetLoader          - Loading from cache: /assets/textures/floor.png@600.0x600.0
10:54:39.931 [FXGL Background Thread 1 ] DEBUG AssetLoader          - Loading from cache: /assets/textures/floor.png@600.0x600.0
10:54:39.933 [FXGL Background Thread 1 ] DEBUG AssetLoader          - Loading from cache: /assets/textures/floor.png@600.0x600.0
10:54:39.933 [FXGL Background Thread 1 ] DEBUG AssetLoader          - Loading from cache: /assets/textures/floor.png@600.0x600.0
10:54:39.934 [FXGL Background Thread 1 ] DEBUG AssetLoader          - Loading from cache: /assets/textures/floor.png@600.0x600.0
10:54:39.935 [FXGL Background Thread 1 ] DEBUG AssetLoader          - Loading from cache: /assets/textures/floor.png@600.0x600.0
10:54:39.935 [FXGL Background Thread 1 ] DEBUG AssetLoader          - Loading from cache: /assets/textures/floor.png@600.0x600.0
10:54:39.936 [FXGL Background Thread 1 ] DEBUG AssetLoader          - Loading from cache: /assets/textures/floor.png@600.0x600.0
10:54:39.937 [FXGL Background Thread 1 ] DEBUG AssetLoader          - Loading from cache: /assets/textures/floor.png@600.0x600.0
10:54:39.937 [FXGL Background Thread 1 ] DEBUG AssetLoader          - Loading from cache: /assets/textures/floor.png@600.0x600.0
10:54:39.938 [FXGL Background Thread 1 ] DEBUG AssetLoader          - Loading from cache: /assets/textures/floor.png@600.0x600.0
10:54:39.938 [FXGL Background Thread 1 ] DEBUG AssetLoader          - Loading from cache: /assets/textures/floor.png@600.0x600.0
10:54:39.939 [FXGL Background Thread 1 ] DEBUG AssetLoader          - Loading from cache: /assets/textures/floor.png@600.0x600.0
10:54:39.940 [FXGL Background Thread 1 ] DEBUG AssetLoader          - Loading from cache: /assets/textures/brick.png@40.0x40.0
10:54:39.940 [FXGL Background Thread 1 ] DEBUG AssetLoader          - Loading from cache: /assets/textures/wall.png@40.0x40.0
10:54:39.941 [FXGL Background Thread 1 ] DEBUG AssetLoader          - Loading from cache: /assets/textures/floor.png@600.0x600.0
10:54:39.941 [FXGL Background Thread 1 ] DEBUG AssetLoader          - Loading from cache: /assets/textures/wall.png@40.0x40.0
10:54:39.942 [FXGL Background Thread 1 ] DEBUG AssetLoader          - Loading from cache: /assets/textures/floor.png@600.0x600.0
10:54:39.942 [FXGL Background Thread 1 ] DEBUG AssetLoader          - Loading from cache: /assets/textures/wall.png@40.0x40.0
10:54:39.943 [FXGL Background Thread 1 ] DEBUG AssetLoader          - Loading from cache: /assets/textures/floor.png@600.0x600.0
10:54:39.944 [FXGL Background Thread 1 ] DEBUG AssetLoader          - Loading from cache: /assets/textures/wall.png@40.0x40.0
10:54:39.944 [FXGL Background Thread 1 ] DEBUG AssetLoader          - Loading from cache: /assets/textures/floor.png@600.0x600.0
10:54:39.945 [FXGL Background Thread 1 ] DEBUG AssetLoader          - Loading from cache: /assets/textures/wall.png@40.0x40.0
10:54:39.946 [FXGL Background Thread 1 ] DEBUG AssetLoader          - Loading from cache: /assets/textures/floor.png@600.0x600.0
10:54:39.947 [FXGL Background Thread 1 ] DEBUG AssetLoader          - Loading from cache: /assets/textures/wall.png@40.0x40.0
10:54:39.948 [FXGL Background Thread 1 ] DEBUG AssetLoader          - Loading from cache: /assets/textures/floor.png@600.0x600.0
10:54:39.949 [FXGL Background Thread 1 ] DEBUG AssetLoader          - Loading from cache: /assets/textures/wall.png@40.0x40.0
10:54:39.950 [FXGL Background Thread 1 ] DEBUG AssetLoader          - Loading from cache: /assets/textures/floor.png@600.0x600.0
10:54:39.950 [FXGL Background Thread 1 ] DEBUG AssetLoader          - Loading from cache: /assets/textures/wall.png@40.0x40.0
10:54:39.951 [FXGL Background Thread 1 ] DEBUG AssetLoader          - Loading from cache: /assets/textures/floor.png@600.0x600.0
10:54:39.952 [FXGL Background Thread 1 ] DEBUG AssetLoader          - Loading from cache: /assets/textures/wall.png@40.0x40.0
10:54:39.952 [FXGL Background Thread 1 ] DEBUG AssetLoader          - Loading from cache: /assets/textures/floor.png@600.0x600.0
10:54:39.953 [FXGL Background Thread 1 ] DEBUG AssetLoader          - Loading from cache: /assets/textures/floor.png@600.0x600.0
10:54:39.953 [FXGL Background Thread 1 ] DEBUG AssetLoader          - Loading from cache: /assets/textures/floor.png@600.0x600.0
10:54:39.954 [FXGL Background Thread 1 ] DEBUG AssetLoader          - Loading from cache: /assets/textures/floor.png@600.0x600.0
10:54:39.955 [FXGL Background Thread 1 ] DEBUG AssetLoader          - Loading from cache: /assets/textures/floor.png@600.0x600.0
10:54:39.956 [FXGL Background Thread 1 ] DEBUG AssetLoader          - Loading from cache: /assets/textures/floor.png@600.0x600.0
10:54:39.956 [FXGL Background Thread 1 ] DEBUG AssetLoader          - Loading from cache: /assets/textures/floor.png@600.0x600.0
10:54:39.956 [FXGL Background Thread 1 ] DEBUG AssetLoader          - Loading from cache: /assets/textures/floor.png@600.0x600.0
10:54:39.957 [FXGL Background Thread 1 ] DEBUG AssetLoader          - Loading from cache: /assets/textures/floor.png@600.0x600.0
10:54:39.957 [FXGL Background Thread 1 ] DEBUG AssetLoader          - Loading from cache: /assets/textures/floor.png@600.0x600.0
10:54:39.958 [FXGL Background Thread 1 ] DEBUG AssetLoader          - Loading from cache: /assets/textures/floor.png@600.0x600.0
10:54:39.958 [FXGL Background Thread 1 ] DEBUG AssetLoader          - Loading from cache: /assets/textures/floor.png@600.0x600.0
10:54:39.959 [FXGL Background Thread 1 ] DEBUG AssetLoader          - Loading from cache: /assets/textures/floor.png@600.0x600.0
10:54:39.959 [FXGL Background Thread 1 ] DEBUG AssetLoader          - Loading from cache: /assets/textures/floor.png@600.0x600.0
10:54:39.960 [FXGL Background Thread 1 ] DEBUG AssetLoader          - Loading from cache: /assets/textures/floor.png@600.0x600.0
10:54:39.961 [FXGL Background Thread 1 ] DEBUG AssetLoader          - Loading from cache: /assets/textures/wall.png@40.0x40.0
10:54:39.961 [FXGL Background Thread 1 ] DEBUG AssetLoader          - Loading from cache: /assets/textures/floor.png@600.0x600.0
10:54:39.962 [FXGL Background Thread 1 ] DEBUG AssetLoader          - Loading from cache: /assets/textures/wall.png@40.0x40.0
10:54:39.962 [FXGL Background Thread 1 ] DEBUG AssetLoader          - Loading from cache: /assets/textures/floor.png@600.0x600.0
10:54:39.963 [FXGL Background Thread 1 ] DEBUG AssetLoader          - Loading from cache: /assets/textures/wall.png@40.0x40.0
10:54:39.963 [FXGL Background Thread 1 ] DEBUG AssetLoader          - Loading from cache: /assets/textures/floor.png@600.0x600.0
10:54:39.963 [FXGL Background Thread 1 ] DEBUG AssetLoader          - Loading from cache: /assets/textures/wall.png@40.0x40.0
10:54:39.964 [FXGL Background Thread 1 ] DEBUG AssetLoader          - Loading from cache: /assets/textures/floor.png@600.0x600.0
10:54:39.964 [FXGL Background Thread 1 ] DEBUG AssetLoader          - Loading from cache: /assets/textures/wall.png@40.0x40.0
10:54:39.965 [FXGL Background Thread 1 ] DEBUG AssetLoader          - Loading from cache: /assets/textures/floor.png@600.0x600.0
10:54:39.965 [FXGL Background Thread 1 ] DEBUG AssetLoader          - Loading from cache: /assets/textures/wall.png@40.0x40.0
10:54:39.966 [FXGL Background Thread 1 ] DEBUG AssetLoader          - Loading from cache: /assets/textures/floor.png@600.0x600.0
10:54:39.966 [FXGL Background Thread 1 ] DEBUG AssetLoader          - Loading from cache: /assets/textures/wall.png@40.0x40.0
10:54:39.967 [FXGL Background Thread 1 ] DEBUG AssetLoader          - Loading from cache: /assets/textures/floor.png@600.0x600.0
10:54:39.967 [FXGL Background Thread 1 ] DEBUG AssetLoader          - Loading from cache: /assets/textures/wall.png@40.0x40.0
10:54:39.968 [FXGL Background Thread 1 ] DEBUG AssetLoader          - Loading from cache: /assets/textures/floor.png@600.0x600.0
10:54:39.969 [FXGL Background Thread 1 ] DEBUG AssetLoader          - Loading from cache: /assets/textures/wall.png@40.0x40.0
10:54:39.969 [FXGL Background Thread 1 ] DEBUG AssetLoader          - Loading from cache: /assets/textures/floor.png@600.0x600.0
10:54:39.970 [FXGL Background Thread 1 ] DEBUG AssetLoader          - Loading from cache: /assets/textures/floor.png@600.0x600.0
10:54:39.970 [FXGL Background Thread 1 ] DEBUG AssetLoader          - Loading from cache: /assets/textures/floor.png@600.0x600.0
10:54:39.971 [FXGL Background Thread 1 ] DEBUG AssetLoader          - Loading from cache: /assets/textures/floor.png@600.0x600.0
10:54:39.972 [FXGL Background Thread 1 ] DEBUG AssetLoader          - Loading from cache: /assets/textures/floor.png@600.0x600.0
10:54:39.972 [FXGL Background Thread 1 ] DEBUG AssetLoader          - Loading from cache: /assets/textures/floor.png@600.0x600.0
10:54:39.973 [FXGL Background Thread 1 ] DEBUG AssetLoader          - Loading from cache: /assets/textures/brick.png@40.0x40.0
10:54:39.973 [FXGL Background Thread 1 ] DEBUG AssetLoader          - Loading from cache: /assets/textures/brick.png@40.0x40.0
10:54:39.974 [FXGL Background Thread 1 ] DEBUG AssetLoader          - Loading from cache: /assets/textures/floor.png@600.0x600.0
10:54:39.974 [FXGL Background Thread 1 ] DEBUG AssetLoader          - Loading from cache: /assets/textures/floor.png@600.0x600.0
10:54:39.975 [FXGL Background Thread 1 ] DEBUG AssetLoader          - Loading from cache: /assets/textures/floor.png@600.0x600.0
10:54:39.976 [FXGL Background Thread 1 ] DEBUG AssetLoader          - Loading from cache: /assets/textures/floor.png@600.0x600.0
10:54:39.976 [FXGL Background Thread 1 ] DEBUG AssetLoader          - Loading from cache: /assets/textures/floor.png@600.0x600.0
10:54:39.977 [FXGL Background Thread 1 ] DEBUG AssetLoader          - Loading from cache: /assets/textures/floor.png@600.0x600.0
10:54:39.978 [FXGL Background Thread 1 ] DEBUG AssetLoader          - Loading from cache: /assets/textures/floor.png@600.0x600.0
10:54:39.978 [FXGL Background Thread 1 ] DEBUG AssetLoader          - Loading from cache: /assets/textures/wall.png@40.0x40.0
10:54:39.979 [FXGL Background Thread 1 ] DEBUG AssetLoader          - Loading from cache: /assets/textures/floor.png@600.0x600.0
10:54:39.979 [FXGL Background Thread 1 ] DEBUG AssetLoader          - Loading from cache: /assets/textures/wall.png@40.0x40.0
10:54:39.980 [FXGL Background Thread 1 ] DEBUG AssetLoader          - Loading from cache: /assets/textures/floor.png@600.0x600.0
10:54:39.980 [FXGL Background Thread 1 ] DEBUG AssetLoader          - Loading from cache: /assets/textures/wall.png@40.0x40.0
10:54:39.981 [FXGL Background Thread 1 ] DEBUG AssetLoader          - Loading from cache: /assets/textures/floor.png@600.0x600.0
10:54:39.981 [FXGL Background Thread 1 ] DEBUG AssetLoader          - Loading from cache: /assets/textures/wall.png@40.0x40.0
10:54:39.982 [FXGL Background Thread 1 ] DEBUG AssetLoader          - Loading from cache: /assets/textures/brick.png@40.0x40.0
10:54:39.983 [FXGL Background Thread 1 ] DEBUG AssetLoader          - Loading from cache: /assets/textures/wall.png@40.0x40.0
10:54:39.984 [FXGL Background Thread 1 ] DEBUG AssetLoader          - Loading from cache: /assets/textures/floor.png@600.0x600.0
10:54:39.984 [FXGL Background Thread 1 ] DEBUG AssetLoader          - Loading from cache: /assets/textures/wall.png@40.0x40.0
10:54:39.985 [FXGL Background Thread 1 ] DEBUG AssetLoader          - Loading from cache: /assets/textures/floor.png@600.0x600.0
10:54:39.985 [FXGL Background Thread 1 ] DEBUG AssetLoader          - Loading from cache: /assets/textures/wall.png@40.0x40.0
10:54:39.986 [FXGL Background Thread 1 ] DEBUG AssetLoader          - Loading from cache: /assets/textures/floor.png@600.0x600.0
10:54:39.987 [FXGL Background Thread 1 ] DEBUG AssetLoader          - Loading from cache: /assets/textures/wall.png@40.0x40.0
10:54:39.987 [FXGL Background Thread 1 ] DEBUG AssetLoader          - Loading from cache: /assets/textures/floor.png@600.0x600.0
10:54:39.988 [FXGL Background Thread 1 ] DEBUG AssetLoader          - Loading from cache: /assets/textures/wall.png@40.0x40.0
10:54:39.988 [FXGL Background Thread 1 ] DEBUG AssetLoader          - Loading from cache: /assets/textures/floor.png@600.0x600.0
10:54:39.989 [FXGL Background Thread 1 ] DEBUG AssetLoader          - Loading from cache: /assets/textures/floor.png@600.0x600.0
10:54:39.990 [FXGL Background Thread 1 ] DEBUG AssetLoader          - Loading from cache: /assets/textures/floor.png@600.0x600.0
10:54:39.991 [FXGL Background Thread 1 ] DEBUG AssetLoader          - Loading from cache: /assets/textures/floor.png@600.0x600.0
10:54:39.991 [FXGL Background Thread 1 ] DEBUG AssetLoader          - Loading from cache: /assets/textures/floor.png@600.0x600.0
10:54:39.992 [FXGL Background Thread 1 ] DEBUG AssetLoader          - Loading from cache: /assets/textures/brick.png@40.0x40.0
10:54:39.992 [FXGL Background Thread 1 ] DEBUG AssetLoader          - Loading from cache: /assets/textures/brick.png@40.0x40.0
10:54:39.993 [FXGL Background Thread 1 ] DEBUG AssetLoader          - Loading from cache: /assets/textures/brick.png@40.0x40.0
10:54:39.993 [FXGL Background Thread 1 ] DEBUG AssetLoader          - Loading from cache: /assets/textures/floor.png@600.0x600.0
10:54:39.994 [FXGL Background Thread 1 ] DEBUG AssetLoader          - Loading from cache: /assets/textures/floor.png@600.0x600.0
10:54:39.994 [FXGL Background Thread 1 ] DEBUG AssetLoader          - Loading from cache: /assets/textures/floor.png@600.0x600.0
10:54:39.995 [FXGL Background Thread 1 ] DEBUG AssetLoader          - Loading from cache: /assets/textures/floor.png@600.0x600.0
10:54:39.995 [FXGL Background Thread 1 ] DEBUG AssetLoader          - Loading from cache: /assets/textures/floor.png@600.0x600.0
10:54:39.996 [FXGL Background Thread 1 ] DEBUG AssetLoader          - Loading from cache: /assets/textures/floor.png@600.0x600.0
10:54:39.996 [FXGL Background Thread 1 ] DEBUG AssetLoader          - Loading from cache: /assets/textures/floor.png@600.0x600.0
10:54:39.997 [FXGL Background Thread 1 ] DEBUG AssetLoader          - Loading from cache: /assets/textures/wall.png@40.0x40.0
10:54:39.998 [FXGL Background Thread 1 ] DEBUG AssetLoader          - Loading from cache: /assets/textures/floor.png@600.0x600.0
10:54:39.998 [FXGL Background Thread 1 ] DEBUG AssetLoader          - Loading from cache: /assets/textures/wall.png@40.0x40.0
10:54:39.999 [FXGL Background Thread 1 ] DEBUG AssetLoader          - Loading from cache: /assets/textures/floor.png@600.0x600.0
10:54:39.999 [FXGL Background Thread 1 ] DEBUG AssetLoader          - Loading from cache: /assets/textures/wall.png@40.0x40.0
10:54:40.000 [FXGL Background Thread 1 ] DEBUG AssetLoader          - Loading from cache: /assets/textures/floor.png@600.0x600.0
10:54:40.000 [FXGL Background Thread 1 ] DEBUG AssetLoader          - Loading from cache: /assets/textures/wall.png@40.0x40.0
10:54:40.001 [FXGL Background Thread 1 ] DEBUG AssetLoader          - Loading from cache: /assets/textures/floor.png@600.0x600.0
10:54:40.002 [FXGL Background Thread 1 ] DEBUG AssetLoader          - Loading from cache: /assets/textures/wall.png@40.0x40.0
10:54:40.002 [FXGL Background Thread 1 ] DEBUG AssetLoader          - Loading from cache: /assets/textures/floor.png@600.0x600.0
10:54:40.003 [FXGL Background Thread 1 ] DEBUG AssetLoader          - Loading from cache: /assets/textures/wall.png@40.0x40.0
10:54:40.004 [FXGL Background Thread 1 ] DEBUG AssetLoader          - Loading from cache: /assets/textures/floor.png@600.0x600.0
10:54:40.004 [FXGL Background Thread 1 ] DEBUG AssetLoader          - Loading from cache: /assets/textures/wall.png@40.0x40.0
10:54:40.005 [FXGL Background Thread 1 ] DEBUG AssetLoader          - Loading from cache: /assets/textures/floor.png@600.0x600.0
10:54:40.005 [FXGL Background Thread 1 ] DEBUG AssetLoader          - Loading from cache: /assets/textures/wall.png@40.0x40.0
10:54:40.006 [FXGL Background Thread 1 ] DEBUG AssetLoader          - Loading from cache: /assets/textures/floor.png@600.0x600.0
10:54:40.006 [FXGL Background Thread 1 ] DEBUG AssetLoader          - Loading from cache: /assets/textures/wall.png@40.0x40.0
10:54:40.007 [FXGL Background Thread 1 ] DEBUG AssetLoader          - Loading from cache: /assets/textures/floor.png@600.0x600.0
10:54:40.007 [FXGL Background Thread 1 ] DEBUG AssetLoader          - Loading from cache: /assets/textures/floor.png@600.0x600.0
10:54:40.008 [FXGL Background Thread 1 ] DEBUG AssetLoader          - Loading from cache: /assets/textures/floor.png@600.0x600.0
10:54:40.008 [FXGL Background Thread 1 ] DEBUG AssetLoader          - Loading from cache: /assets/textures/floor.png@600.0x600.0
10:54:40.009 [FXGL Background Thread 1 ] DEBUG AssetLoader          - Loading from cache: /assets/textures/floor.png@600.0x600.0
10:54:40.009 [FXGL Background Thread 1 ] DEBUG AssetLoader          - Loading from cache: /assets/textures/floor.png@600.0x600.0
10:54:40.010 [FXGL Background Thread 1 ] DEBUG AssetLoader          - Loading from cache: /assets/textures/floor.png@600.0x600.0
10:54:40.010 [FXGL Background Thread 1 ] DEBUG AssetLoader          - Loading from cache: /assets/textures/floor.png@600.0x600.0
10:54:40.011 [FXGL Background Thread 1 ] DEBUG AssetLoader          - Loading from cache: /assets/textures/floor.png@600.0x600.0
10:54:40.011 [FXGL Background Thread 1 ] DEBUG AssetLoader          - Loading from cache: /assets/textures/floor.png@600.0x600.0
10:54:40.012 [FXGL Background Thread 1 ] DEBUG AssetLoader          - Loading from cache: /assets/textures/floor.png@600.0x600.0
10:54:40.012 [FXGL Background Thread 1 ] DEBUG AssetLoader          - Loading from cache: /assets/textures/floor.png@600.0x600.0
10:54:40.013 [FXGL Background Thread 1 ] DEBUG AssetLoader          - Loading from cache: /assets/textures/floor.png@600.0x600.0
10:54:40.013 [FXGL Background Thread 1 ] DEBUG AssetLoader          - Loading from cache: /assets/textures/floor.png@600.0x600.0
10:54:40.014 [FXGL Background Thread 1 ] DEBUG AssetLoader          - Loading from cache: /assets/textures/floor.png@600.0x600.0
10:54:40.014 [FXGL Background Thread 1 ] DEBUG AssetLoader          - Loading from cache: /assets/textures/wall.png@40.0x40.0
10:54:40.015 [FXGL Background Thread 1 ] DEBUG AssetLoader          - Loading from cache: /assets/textures/floor.png@600.0x600.0
10:54:40.015 [FXGL Background Thread 1 ] DEBUG AssetLoader          - Loading from cache: /assets/textures/wall.png@40.0x40.0
10:54:40.016 [FXGL Background Thread 1 ] DEBUG AssetLoader          - Loading from cache: /assets/textures/floor.png@600.0x600.0
10:54:40.016 [FXGL Background Thread 1 ] DEBUG AssetLoader          - Loading from cache: /assets/textures/wall.png@40.0x40.0
10:54:40.017 [FXGL Background Thread 1 ] DEBUG AssetLoader          - Loading from cache: /assets/textures/floor.png@600.0x600.0
10:54:40.017 [FXGL Background Thread 1 ] DEBUG AssetLoader          - Loading from cache: /assets/textures/wall.png@40.0x40.0
10:54:40.018 [FXGL Background Thread 1 ] DEBUG AssetLoader          - Loading from cache: /assets/textures/floor.png@600.0x600.0
10:54:40.018 [FXGL Background Thread 1 ] DEBUG AssetLoader          - Loading from cache: /assets/textures/wall.png@40.0x40.0
10:54:40.019 [FXGL Background Thread 1 ] DEBUG AssetLoader          - Loading from cache: /assets/textures/floor.png@600.0x600.0
10:54:40.019 [FXGL Background Thread 1 ] DEBUG AssetLoader          - Loading from cache: /assets/textures/wall.png@40.0x40.0
10:54:40.020 [FXGL Background Thread 1 ] DEBUG AssetLoader          - Loading from cache: /assets/textures/floor.png@600.0x600.0
10:54:40.020 [FXGL Background Thread 1 ] DEBUG AssetLoader          - Loading from cache: /assets/textures/wall.png@40.0x40.0
10:54:40.021 [FXGL Background Thread 1 ] DEBUG AssetLoader          - Loading from cache: /assets/textures/floor.png@600.0x600.0
10:54:40.022 [FXGL Background Thread 1 ] DEBUG AssetLoader          - Loading from cache: /assets/textures/wall.png@40.0x40.0
10:54:40.022 [FXGL Background Thread 1 ] DEBUG AssetLoader          - Loading from cache: /assets/textures/floor.png@600.0x600.0
10:54:40.023 [FXGL Background Thread 1 ] DEBUG AssetLoader          - Loading from cache: /assets/textures/wall.png@40.0x40.0
10:54:40.023 [FXGL Background Thread 1 ] DEBUG AssetLoader          - Loading from cache: /assets/textures/brick.png@40.0x40.0
10:54:40.024 [FXGL Background Thread 1 ] DEBUG AssetLoader          - Loading from cache: /assets/textures/floor.png@600.0x600.0
10:54:40.024 [FXGL Background Thread 1 ] DEBUG AssetLoader          - Loading from cache: /assets/textures/floor.png@600.0x600.0
10:54:40.025 [FXGL Background Thread 1 ] DEBUG AssetLoader          - Loading from cache: /assets/textures/floor.png@600.0x600.0
10:54:40.025 [FXGL Background Thread 1 ] DEBUG AssetLoader          - Loading from cache: /assets/textures/floor.png@600.0x600.0
10:54:40.026 [FXGL Background Thread 1 ] DEBUG AssetLoader          - Loading from cache: /assets/textures/floor.png@600.0x600.0
10:54:40.027 [FXGL Background Thread 1 ] DEBUG AssetLoader          - Loading from cache: /assets/textures/floor.png@600.0x600.0
10:54:40.027 [FXGL Background Thread 1 ] DEBUG AssetLoader          - Loading from cache: /assets/textures/floor.png@600.0x600.0
10:54:40.028 [FXGL Background Thread 1 ] DEBUG AssetLoader          - Loading from cache: /assets/textures/floor.png@600.0x600.0
10:54:40.028 [FXGL Background Thread 1 ] DEBUG AssetLoader          - Loading from cache: /assets/textures/floor.png@600.0x600.0
10:54:40.029 [FXGL Background Thread 1 ] DEBUG AssetLoader          - Loading from cache: /assets/textures/floor.png@600.0x600.0
10:54:40.029 [FXGL Background Thread 1 ] DEBUG AssetLoader          - Loading from cache: /assets/textures/floor.png@600.0x600.0
10:54:40.030 [FXGL Background Thread 1 ] DEBUG AssetLoader          - Loading from cache: /assets/textures/floor.png@600.0x600.0
10:54:40.030 [FXGL Background Thread 1 ] DEBUG AssetLoader          - Loading from cache: /assets/textures/floor.png@600.0x600.0
10:54:40.031 [FXGL Background Thread 1 ] DEBUG AssetLoader          - Loading from cache: /assets/textures/brick.png@40.0x40.0
10:54:40.031 [FXGL Background Thread 1 ] DEBUG AssetLoader          - Loading from cache: /assets/textures/wall.png@40.0x40.0
10:54:40.032 [FXGL Background Thread 1 ] DEBUG AssetLoader          - Loading from cache: /assets/textures/floor.png@600.0x600.0
10:54:40.032 [FXGL Background Thread 1 ] DEBUG AssetLoader          - Loading from cache: /assets/textures/wall.png@40.0x40.0
10:54:40.033 [FXGL Background Thread 1 ] DEBUG AssetLoader          - Loading from cache: /assets/textures/floor.png@600.0x600.0
10:54:40.033 [FXGL Background Thread 1 ] DEBUG AssetLoader          - Loading from cache: /assets/textures/wall.png@40.0x40.0
10:54:40.034 [FXGL Background Thread 1 ] DEBUG AssetLoader          - Loading from cache: /assets/textures/floor.png@600.0x600.0
10:54:40.034 [FXGL Background Thread 1 ] DEBUG AssetLoader          - Loading from cache: /assets/textures/wall.png@40.0x40.0
10:54:40.035 [FXGL Background Thread 1 ] DEBUG AssetLoader          - Loading from cache: /assets/textures/floor.png@600.0x600.0
10:54:40.035 [FXGL Background Thread 1 ] DEBUG AssetLoader          - Loading from cache: /assets/textures/wall.png@40.0x40.0
10:54:40.036 [FXGL Background Thread 1 ] DEBUG AssetLoader          - Loading from cache: /assets/textures/floor.png@600.0x600.0
10:54:40.036 [FXGL Background Thread 1 ] DEBUG AssetLoader          - Loading from cache: /assets/textures/wall.png@40.0x40.0
10:54:40.037 [FXGL Background Thread 1 ] DEBUG AssetLoader          - Loading from cache: /assets/textures/floor.png@600.0x600.0
10:54:40.037 [FXGL Background Thread 1 ] DEBUG AssetLoader          - Loading from cache: /assets/textures/wall.png@40.0x40.0
10:54:40.038 [FXGL Background Thread 1 ] DEBUG AssetLoader          - Loading from cache: /assets/textures/floor.png@600.0x600.0
10:54:40.038 [FXGL Background Thread 1 ] DEBUG AssetLoader          - Loading from cache: /assets/textures/wall.png@40.0x40.0
10:54:40.039 [FXGL Background Thread 1 ] DEBUG AssetLoader          - Loading from cache: /assets/textures/floor.png@600.0x600.0
10:54:40.039 [FXGL Background Thread 1 ] DEBUG AssetLoader          - Loading from cache: /assets/textures/wall.png@40.0x40.0
10:54:40.040 [FXGL Background Thread 1 ] DEBUG AssetLoader          - Loading from cache: /assets/textures/floor.png@600.0x600.0
10:54:40.040 [FXGL Background Thread 1 ] DEBUG AssetLoader          - Loading from cache: /assets/textures/floor.png@600.0x600.0
10:54:40.041 [FXGL Background Thread 1 ] DEBUG AssetLoader          - Loading from cache: /assets/textures/brick.png@40.0x40.0
10:54:40.042 [FXGL Background Thread 1 ] DEBUG AssetLoader          - Loading from cache: /assets/textures/brick.png@40.0x40.0
10:54:40.042 [FXGL Background Thread 1 ] DEBUG AssetLoader          - Loading from cache: /assets/textures/brick.png@40.0x40.0
10:54:40.043 [FXGL Background Thread 1 ] DEBUG AssetLoader          - Loading from cache: /assets/textures/brick.png@40.0x40.0
10:54:40.043 [FXGL Background Thread 1 ] DEBUG AssetLoader          - Loading from cache: /assets/textures/brick.png@40.0x40.0
10:54:40.044 [FXGL Background Thread 1 ] DEBUG AssetLoader          - Loading from cache: /assets/textures/brick.png@40.0x40.0
10:54:40.044 [FXGL Background Thread 1 ] DEBUG AssetLoader          - Loading from cache: /assets/textures/brick.png@40.0x40.0
10:54:40.045 [FXGL Background Thread 1 ] DEBUG AssetLoader          - Loading from cache: /assets/textures/brick.png@40.0x40.0
10:54:40.045 [FXGL Background Thread 1 ] DEBUG AssetLoader          - Loading from cache: /assets/textures/brick.png@40.0x40.0
10:54:40.046 [FXGL Background Thread 1 ] DEBUG AssetLoader          - Loading from cache: /assets/textures/brick.png@40.0x40.0
10:54:40.046 [FXGL Background Thread 1 ] DEBUG AssetLoader          - Loading from cache: /assets/textures/brick.png@40.0x40.0
10:54:40.047 [FXGL Background Thread 1 ] DEBUG AssetLoader          - Loading from cache: /assets/textures/floor.png@600.0x600.0
10:54:40.047 [FXGL Background Thread 1 ] DEBUG AssetLoader          - Loading from cache: /assets/textures/floor.png@600.0x600.0
10:54:40.048 [FXGL Background Thread 1 ] DEBUG AssetLoader          - Loading from cache: /assets/textures/wall.png@40.0x40.0
10:54:40.048 [FXGL Background Thread 1 ] DEBUG AssetLoader          - Loading from cache: /assets/textures/wall.png@40.0x40.0
10:54:40.048 [FXGL Background Thread 1 ] DEBUG AssetLoader          - Loading from cache: /assets/textures/wall.png@40.0x40.0
10:54:40.049 [FXGL Background Thread 1 ] DEBUG AssetLoader          - Loading from cache: /assets/textures/wall.png@40.0x40.0
10:54:40.049 [FXGL Background Thread 1 ] DEBUG AssetLoader          - Loading from cache: /assets/textures/wall.png@40.0x40.0
10:54:40.049 [FXGL Background Thread 1 ] DEBUG AssetLoader          - Loading from cache: /assets/textures/wall.png@40.0x40.0
10:54:40.050 [FXGL Background Thread 1 ] DEBUG AssetLoader          - Loading from cache: /assets/textures/wall.png@40.0x40.0
10:54:40.050 [FXGL Background Thread 1 ] DEBUG AssetLoader          - Loading from cache: /assets/textures/wall.png@40.0x40.0
10:54:40.051 [FXGL Background Thread 1 ] DEBUG AssetLoader          - Loading from cache: /assets/textures/wall.png@40.0x40.0
10:54:40.051 [FXGL Background Thread 1 ] DEBUG AssetLoader          - Loading from cache: /assets/textures/wall.png@40.0x40.0
10:54:40.052 [FXGL Background Thread 1 ] DEBUG AssetLoader          - Loading from cache: /assets/textures/wall.png@40.0x40.0
10:54:40.052 [FXGL Background Thread 1 ] DEBUG AssetLoader          - Loading from cache: /assets/textures/wall.png@40.0x40.0
10:54:40.053 [FXGL Background Thread 1 ] DEBUG AssetLoader          - Loading from cache: /assets/textures/wall.png@40.0x40.0
10:54:40.053 [FXGL Background Thread 1 ] DEBUG AssetLoader          - Loading from cache: /assets/textures/wall.png@40.0x40.0
10:54:40.054 [FXGL Background Thread 1 ] DEBUG AssetLoader          - Loading from cache: /assets/textures/wall.png@40.0x40.0
10:54:40.054 [FXGL Background Thread 1 ] DEBUG AssetLoader          - Loading from cache: /assets/textures/wall.png@40.0x40.0
10:54:40.055 [FXGL Background Thread 1 ] DEBUG AssetLoader          - Loading from cache: /assets/textures/wall.png@40.0x40.0
10:54:40.055 [FXGL Background Thread 1 ] DEBUG GameWorld            - Clearing removable entities
10:54:40.058 [FXGL Background Thread 1 ] DEBUG GameWorld            - Setting level: com.almasb.fxgl.entity.level.Level@6a2a98b9
10:54:40.076 [JavaFX Application Thread] FATAL Engine               - Uncaught Exception:

Fatal exception occurred: java.lang.IllegalArgumentException : No EntityFactory has a method annotated @Spawns(Player2)
E: com.almasb.fxgl.entity.GameWorld.create(GameWorld.kt:386)
E: com.almasb.fxgl.entity.GameWorld.spawn(GameWorld.kt:369)
E: com.almasb.fxgl.entity.GameWorld.spawn(GameWorld.kt:357)
E: dad.javafx.bomberdad.BombermanApp.initGame(BombermanApp.java:115)
E: com.almasb.fxgl.app.LoadingScene$InitAppTask.initGame(LoadingScene.kt:137)
E: com.almasb.fxgl.app.LoadingScene$InitAppTask.call(LoadingScene.kt:106)
E: com.almasb.fxgl.app.LoadingScene$InitAppTask.call(LoadingScene.kt:94)
E: javafx.concurrent.Task$TaskCallable.call(Task.java:1425)
E: java.base/java.util.concurrent.FutureTask.run(FutureTask.java:264)
E: java.base/java.util.concurrent.Executors$RunnableAdapter.call(Executors.java:515)
E: java.base/java.util.concurrent.FutureTask.run(FutureTask.java:264)
E: java.base/java.util.concurrent.ThreadPoolExecutor.runWorker(ThreadPoolExecutor.java:1128)
E: java.base/java.util.concurrent.ThreadPoolExecutor$Worker.run(ThreadPoolExecutor.java:628)
E: java.base/java.lang.Thread.run(Thread.java:834)

10:54:40.077 [JavaFX Application Thread] FATAL Engine               - Application will now exit
10:54:40.077 [JavaFX Application Thread] DEBUG LoopRunner           - Stopping loop
10:54:49.210 [JavaFX Application Thread] DEBUG Engine               - Exiting FXGL
10:54:49.210 [JavaFX Application Thread] DEBUG Engine               - Shutting down background threads
10:54:49.211 [JavaFX Application Thread] DEBUG Engine               - Saving FXGL system data
10:54:49.214 [JavaFX Application Thread] DEBUG FSServiceImpl        - Writing to: C:\Users\Alejandro\Documents\DAD\Eclipse\Bomberdad\system\fxgl.bundle
10:54:49.219 [JavaFX Application Thread] DEBUG Engine               - Closing logger and exiting JavaFX
