13:16:56.536 [main                     ] DEBUG GameApplication      - Logger initialized
13:16:56.567 [main                     ] DEBUG GameApplication      - Logging settings
Title: BomberDAD
Version: 0.1
Width: 600
Height: 600
Fullscreen: false
Intro: false
Menus: true
Profiling: false
Single step:false
App Mode: DEVELOPER
Menu Key: ESCAPE
Stage Style: DECORATED
Scene Factory: class com.almasb.fxgl.app.SceneFactory
Dialog Factory: class com.almasb.fxgl.ui.FXGLDialogFactory
UI Factory: class com.almasb.fxgl.ui.FXGLUIFactory

13:16:57.064 [JavaFX Application Thread] DEBUG Engine               - Initializing FXGL
13:16:57.064 [JavaFX Application Thread] INFO  Engine               - FXGL-11.7 (05.01.2020 09.37) on WINDOWS (J:11.0.5 FX:11.0.1)
13:16:57.064 [JavaFX Application Thread] INFO  Engine               - Source code and latest versions at: https://github.com/AlmasB/FXGL
13:16:57.065 [JavaFX Application Thread] INFO  Engine               -              Join the FXGL chat at: https://gitter.im/AlmasB/FXGL
13:16:57.065 [JavaFX Application Thread] DEBUG Engine               - Initializing environment variables
13:16:57.068 [JavaFX Application Thread] DEBUG Engine               - Logging environment variables
13:16:57.068 [JavaFX Application Thread] DEBUG Engine               - achievements: []
13:16:57.069 [JavaFX Application Thread] DEBUG Engine               - sceneStack: com.almasb.fxgl.app.Engine@fe5a77d
13:16:57.069 [JavaFX Application Thread] DEBUG Engine               - language: ObjectProperty [value: ENGLISH]
13:16:57.069 [JavaFX Application Thread] DEBUG Engine               - isCloseConfirmation: false
13:16:57.069 [JavaFX Application Thread] DEBUG Engine               - isProfilingEnabled: false
13:16:57.070 [JavaFX Application Thread] DEBUG Engine               - soundNotification: core/notification.wav
13:16:57.070 [JavaFX Application Thread] DEBUG Engine               - devShowBBoxProperty: BooleanProperty [value: false]
13:16:57.071 [JavaFX Application Thread] DEBUG Engine               - pixelsPerMeter: 50.0
13:16:57.072 [JavaFX Application Thread] DEBUG Engine               - overlayRoot: Group@51cf696d
13:16:57.072 [JavaFX Application Thread] DEBUG Engine               - soundMenuBack: menu/back.wav
13:16:57.072 [JavaFX Application Thread] DEBUG Engine               - appIcon: fxgl_icon.png
13:16:57.072 [JavaFX Application Thread] DEBUG Engine               - isFullScreenAllowed: false
13:16:57.073 [JavaFX Application Thread] DEBUG Engine               - isIntroEnabled: false
13:16:57.073 [JavaFX Application Thread] DEBUG Engine               - eventBus: com.almasb.fxgl.event.EventBus@21989671
13:16:57.073 [JavaFX Application Thread] DEBUG Engine               - fontMono: lucida_console.ttf
13:16:57.073 [JavaFX Application Thread] DEBUG Engine               - soundMenuSelect: menu/select.wav
13:16:57.073 [JavaFX Application Thread] DEBUG Engine               - isWindows: true
13:16:57.074 [JavaFX Application Thread] DEBUG Engine               - isMobile: false
13:16:57.074 [JavaFX Application Thread] DEBUG Engine               - height: 600
13:16:57.074 [JavaFX Application Thread] DEBUG Engine               - isExperimentalNative: false
13:16:57.074 [JavaFX Application Thread] DEBUG Engine               - isSingleStep: false
13:16:57.075 [JavaFX Application Thread] DEBUG Engine               - cSSList: [fxgl_dark.css]
13:16:57.075 [JavaFX Application Thread] DEBUG Engine               - fontGame: Abel-Regular.ttf
13:16:57.075 [JavaFX Application Thread] DEBUG Engine               - menuKey: ESCAPE
13:16:57.075 [JavaFX Application Thread] DEBUG Engine               - devShowPositionProperty: BooleanProperty [value: false]
13:16:57.075 [JavaFX Application Thread] DEBUG Engine               - versionCheckDays: 7
13:16:57.076 [JavaFX Application Thread] DEBUG Engine               - masterTimer: com.almasb.fxgl.time.Timer@3640370
13:16:57.076 [JavaFX Application Thread] DEBUG Engine               - configClass: Optional.empty
13:16:57.076 [JavaFX Application Thread] DEBUG Engine               - isFullScreenFromStart: false
13:16:57.076 [JavaFX Application Thread] DEBUG Engine               - version: 0.1
13:16:57.076 [JavaFX Application Thread] DEBUG Engine               - fullScreen: BooleanProperty [value: false]
13:16:57.077 [JavaFX Application Thread] DEBUG Engine               - randomSeed: -1
13:16:57.077 [JavaFX Application Thread] DEBUG Engine               - dialogFactory: com.almasb.fxgl.ui.FXGLDialogFactory@5e709cfd
13:16:57.077 [JavaFX Application Thread] DEBUG Engine               - applicationMode: DEVELOPER
13:16:57.077 [JavaFX Application Thread] DEBUG Engine               - isMac: false
13:16:57.077 [JavaFX Application Thread] DEBUG Engine               - urlGoogleForms: https://goo.gl/forms/6wrMnOBxTE1fEpOy2
13:16:57.077 [JavaFX Application Thread] DEBUG Engine               - isMenuEnabled: true
13:16:57.078 [JavaFX Application Thread] DEBUG Engine               - profileName: user.profile
13:16:57.078 [JavaFX Application Thread] DEBUG Engine               - urlPOM: https://raw.githubusercontent.com/AlmasB/FXGL/master/pom.xml
13:16:57.078 [JavaFX Application Thread] DEBUG Engine               - notificationViewClass: class com.almasb.fxgl.notification.view.XboxNotificationView
13:16:57.078 [JavaFX Application Thread] DEBUG Engine               - devSensorColorProperty: ObjectProperty [value: 0xffff00ff]
13:16:57.078 [JavaFX Application Thread] DEBUG Engine               - sceneFactory: com.almasb.fxgl.app.SceneFactory@745e025f
13:16:57.079 [JavaFX Application Thread] DEBUG Engine               - dataFileExt: .dat
13:16:57.079 [JavaFX Application Thread] DEBUG Engine               - stageStyle: DECORATED
13:16:57.079 [JavaFX Application Thread] DEBUG Engine               - isManualResizeEnabled: false
13:16:57.079 [JavaFX Application Thread] DEBUG Engine               - title: BomberDAD
13:16:57.079 [JavaFX Application Thread] DEBUG Engine               - platform: WINDOWS
13:16:57.079 [JavaFX Application Thread] DEBUG Engine               - devBBoxColorProperty: ObjectProperty [value: 0xff0000ff]
13:16:57.080 [JavaFX Application Thread] DEBUG Engine               - isDesktop: true
13:16:57.080 [JavaFX Application Thread] DEBUG Engine               - globalMusicVolumeProperty: DoubleProperty [value: 0.5]
13:16:57.080 [JavaFX Application Thread] DEBUG Engine               - credits: []
13:16:57.080 [JavaFX Application Thread] DEBUG Engine               - isPreserveResizeRatio: false
13:16:57.080 [JavaFX Application Thread] DEBUG Engine               - uIFactory: com.almasb.fxgl.ui.FXGLUIFactory@119039bb
13:16:57.080 [JavaFX Application Thread] DEBUG Engine               - fontText: Courier-Prime.ttf
13:16:57.081 [JavaFX Application Thread] DEBUG Engine               - isExperimentalTiledLargeMap: false
13:16:57.081 [JavaFX Application Thread] DEBUG Engine               - secondsIn24h: 60
13:16:57.081 [JavaFX Application Thread] DEBUG Engine               - runtimeInfo: RuntimeInfo(platform=WINDOWS, version=11.7, build=05.01.2020 09.37)
13:16:57.081 [JavaFX Application Thread] DEBUG Engine               - isLinux: false
13:16:57.081 [JavaFX Application Thread] DEBUG Engine               - soundMenuPress: menu/press.wav
13:16:57.081 [JavaFX Application Thread] DEBUG Engine               - urlGithub: https://github.com/AlmasB/FXGL
13:16:57.081 [JavaFX Application Thread] DEBUG Engine               - profileDir: profiles/
13:16:57.082 [JavaFX Application Thread] DEBUG Engine               - globalSoundVolumeProperty: DoubleProperty [value: 0.5]
13:16:57.082 [JavaFX Application Thread] DEBUG Engine               - isDeveloperMenuEnabled: false
13:16:57.082 [JavaFX Application Thread] DEBUG Engine               - isBrowser: false
13:16:57.082 [JavaFX Application Thread] DEBUG Engine               - globalSoundVolume: 0.5
13:16:57.082 [JavaFX Application Thread] DEBUG Engine               - urlLeaderboard: http://fxgl-top.herokuapp.com/
13:16:57.082 [JavaFX Application Thread] DEBUG Engine               - saveDir: saves/
13:16:57.082 [JavaFX Application Thread] DEBUG Engine               - engineServices: [class com.almasb.fxgl.audio.AudioPlayer, class com.almasb.fxgl.notification.impl.NotificationServiceProvider, class com.almasb.fxgl.achievement.AchievementManager, class com.almasb.fxgl.cutscene.CutsceneService, class com.almasb.fxgl.minigames.MiniGameService]
13:16:57.083 [JavaFX Application Thread] DEBUG Engine               - globalMusicVolume: 0.5
13:16:57.083 [JavaFX Application Thread] DEBUG Engine               - width: 600
13:16:57.083 [JavaFX Application Thread] DEBUG Engine               - saveFileExt: .sav
13:16:57.083 [JavaFX Application Thread] DEBUG Engine               - isAndroid: false
13:16:57.083 [JavaFX Application Thread] DEBUG Engine               - fontUI: VarelaRound-Regular.ttf
13:16:57.084 [JavaFX Application Thread] DEBUG Engine               - enabledMenuItems: []
13:16:57.084 [JavaFX Application Thread] DEBUG Engine               - isIOS: false
13:16:57.087 [JavaFX Application Thread] DEBUG Engine               - Adding new engine service: class com.almasb.fxgl.audio.AudioPlayer
13:16:57.089 [JavaFX Application Thread] DEBUG Engine               - Adding new engine service: class com.almasb.fxgl.notification.impl.NotificationServiceProvider
13:16:57.089 [JavaFX Application Thread] DEBUG Engine               - Adding new engine service: class com.almasb.fxgl.achievement.AchievementManager
13:16:57.091 [JavaFX Application Thread] DEBUG Engine               - Adding new engine service: class com.almasb.fxgl.cutscene.CutsceneService
13:16:57.091 [JavaFX Application Thread] DEBUG Engine               - Adding new engine service: class com.almasb.fxgl.minigames.MiniGameService
13:16:57.096 [JavaFX Application Thread] DEBUG Engine               - Loading localizations
13:16:57.099 [JavaFX Application Thread] DEBUG AssetLoader          - Loading from file system: /assets/properties/languages/english.properties
13:16:57.103 [JavaFX Application Thread] DEBUG AssetLoader          - Loading from file system: /assets/properties/languages/french.properties
13:16:57.105 [JavaFX Application Thread] DEBUG AssetLoader          - Loading from file system: /assets/properties/languages/german.properties
13:16:57.106 [JavaFX Application Thread] DEBUG AssetLoader          - Loading from file system: /assets/properties/languages/russian.properties
13:16:57.108 [JavaFX Application Thread] DEBUG AssetLoader          - Loading from file system: /assets/properties/languages/hungarian.properties
13:16:57.111 [JavaFX Application Thread] DEBUG Engine               - Registering font factories
13:16:57.112 [JavaFX Application Thread] DEBUG AssetLoader          - Loading from file system: /assets/ui/fonts/VarelaRound-Regular.ttf
13:16:57.509 [JavaFX Application Thread] DEBUG AssetLoader          - Loading from file system: /assets/ui/fonts/Abel-Regular.ttf
13:16:57.519 [JavaFX Application Thread] DEBUG AssetLoader          - Loading from file system: /assets/ui/fonts/lucida_console.ttf
13:16:57.534 [JavaFX Application Thread] DEBUG AssetLoader          - Loading from file system: /assets/ui/fonts/Courier-Prime.ttf
13:16:57.545 [JavaFX Application Thread] DEBUG Engine               - Setting UI factory
13:16:57.650 [JavaFX Application Thread] DEBUG AssetLoader          - Loading from file system: /assets/textures/fxgl_logo.png
13:16:57.717 [JavaFX Application Thread] DEBUG MainWindow           - Creating a JavaFX scene
13:16:57.770 [JavaFX Application Thread] DEBUG MainWindow           - Target settings size: 600.0 x 600.0
13:16:57.771 [JavaFX Application Thread] DEBUG MainWindow           - Scaled scene size:    600.0 x 600.0
13:16:57.771 [JavaFX Application Thread] DEBUG MainWindow           - Scaled ratio: (1.0, 1.0)
13:16:57.773 [JavaFX Application Thread] DEBUG MainWindow           - Set initial scene to FXGLStartupScene
13:16:57.782 [JavaFX Application Thread] DEBUG AssetLoader          - Loading from file system: /assets/textures/fxgl_icon.png
13:16:57.795 [JavaFX Application Thread] DEBUG Engine               - Applying CSS: fxgl_dark.css
13:16:57.795 [JavaFX Application Thread] DEBUG AssetLoader          - Loading from file system: /assets/ui/css/fxgl_dark.css
13:16:57.799 [JavaFX Application Thread] DEBUG AssetLoader          - Loading from file system: /assets/ui/cursors/fxgl_default.png
13:16:57.800 [JavaFX Application Thread] DEBUG MainWindow           - Opening main window
13:16:58.001 [JavaFX Application Thread] DEBUG MainWindow           - Window border size: (16.0, 39.0)
13:16:58.001 [JavaFX Application Thread] DEBUG MainWindow           - Scaled size: 600.0 x 600.0
13:16:58.001 [JavaFX Application Thread] DEBUG MainWindow           - Scaled ratio: (1.0, 1.0)
13:16:58.001 [JavaFX Application Thread] DEBUG MainWindow           - Scene size: 600.0 x 600.0
13:16:58.001 [JavaFX Application Thread] DEBUG MainWindow           - Stage size: 616.0 x 639.0
13:16:58.027 [FXGL Background Thread 1 ] DEBUG FS                   - Loaded FSServiceImpl
13:16:58.028 [FXGL Background Thread 1 ] DEBUG Engine               - Loading FXGL system data
13:16:58.054 [FXGL Background Thread 1 ] DEBUG FSServiceImpl        - Reading from: C:\Users\Alejandro\Documents\DAD\Eclipse\Bomberdad\system\fxgl.bundle
13:16:58.065 [FXGL Background Thread 1 ] DEBUG Engine               - Bundle FXGL: {}
13:16:58.066 [FXGL Background Thread 1 ] DEBUG Engine               - Initializing application scenes
13:16:58.175 [FXGL Background Thread 1 ] DEBUG GameWorld            - Game world initialized
13:16:58.248 [FXGL Background Thread 1 ] DEBUG PhysicsWorld         - Physics world initialized: appHeight=600, physics.ppm=50,0
13:16:58.251 [FXGL Background Thread 1 ] DEBUG GameScene            - Game scene initialized: 600x600
13:16:58.317 [FXGL Background Thread 1 ] DEBUG AssetLoader          - Loading from file system: /assets/textures/particles/trace_horizontal.png
13:16:58.352 [FXGL Background Thread 1 ] DEBUG FXGL.DefaultMenu     - createMenuBodyMainMenu()
13:16:58.373 [FXGL Background Thread 1 ] DEBUG FXGL.DefaultMenu     - createOptionsMenu()
13:16:58.380 [FXGL Background Thread 1 ] DEBUG AssetLoader          - Loading from file system: /assets/textures/particles/smoke.png
13:16:58.464 [FXGL Background Thread 1 ] DEBUG AssetLoader          - Loading from cache: /assets/textures/particles/trace_horizontal.png@64.0x64.0
13:16:58.465 [FXGL Background Thread 1 ] DEBUG FXGL.DefaultMenu     - createMenuBodyGameMenu()
13:16:58.467 [FXGL Background Thread 1 ] DEBUG FXGL.DefaultMenu     - createOptionsMenu()
13:16:58.470 [FXGL Background Thread 1 ] DEBUG AssetLoader          - Loading from cache: /assets/textures/particles/smoke.png@128.0x128.0
13:16:58.486 [FXGL Background Thread 1 ] DEBUG Engine               - Application scenes initialized
13:16:58.490 [JavaFX Application Thread] DEBUG Engine               - Running preInit()
13:16:58.504 [JavaFX Application Thread] DEBUG Input                - Registered new binding: Move Up - W
13:16:58.505 [JavaFX Application Thread] DEBUG Input                - Registered new binding: Move Left - A
13:16:58.505 [JavaFX Application Thread] DEBUG Input                - Registered new binding: Move Down - S
13:16:58.505 [JavaFX Application Thread] DEBUG Input                - Registered new binding: Move Right - D
13:16:58.505 [JavaFX Application Thread] DEBUG Input                - Registered new binding: Place Bomb - F
13:16:58.505 [JavaFX Application Thread] DEBUG Input                - Registered new binding: Move Up2 - Up
13:16:58.505 [JavaFX Application Thread] DEBUG Input                - Registered new binding: Move Left2 - Left
13:16:58.505 [JavaFX Application Thread] DEBUG Input                - Registered new binding: Move Down2 - Down
13:16:58.506 [JavaFX Application Thread] DEBUG Input                - Registered new binding: Move Right2 - Right
13:16:58.506 [JavaFX Application Thread] DEBUG Input                - Registered new binding: Place Bomb2S - Enter
13:16:58.507 [JavaFX Application Thread] DEBUG Input                - Registered new binding: Screenshot - P
13:16:58.507 [JavaFX Application Thread] DEBUG Input                - Registered new binding: System info dump - CTRL+9
13:16:58.508 [JavaFX Application Thread] DEBUG Input                - Registered new binding: Restart - CTRL+R
13:16:58.508 [JavaFX Application Thread] DEBUG Engine               - generateDefaultProfile()
13:16:58.508 [JavaFX Application Thread] DEBUG Engine               - Creating default profile
13:16:58.508 [JavaFX Application Thread] DEBUG EventBus             - Firing event: SaveEvent
13:16:58.525 [JavaFX Application Thread] INFO  Engine               - FXGL initialization took: 1,429 sec
13:16:58.525 [JavaFX Application Thread] DEBUG LoopRunner           - Starting loop
13:16:58.539 [JavaFX Application Thread] DEBUG FXGLStartupScene     - STARTUP
13:16:58.546 [JavaFX Application Thread] DEBUG Input                - Clearing active input actions
13:16:58.589 [JavaFX Application Thread] DEBUG Engine               - Removing overlay from FXGLStartupScene and adding to FXGLDefaultMenu
13:16:58.589 [JavaFX Application Thread] DEBUG MainWindow           - FXGLStartupScene -> FXGLDefaultMenu
13:17:01.302 [JavaFX Application Thread] DEBUG Menu                 - fireNewGame()
13:17:01.302 [JavaFX Application Thread] DEBUG Engine               - Starting new game
13:17:01.311 [JavaFX Application Thread] DEBUG Input                - Clearing active input actions
13:17:01.311 [FXGL Background Thread 1 ] DEBUG InitAppTask          - Clearing previous game
13:17:01.312 [FXGL Background Thread 1 ] DEBUG GameWorld            - Clearing game world
13:17:01.312 [FXGL Background Thread 1 ] DEBUG PhysicsWorld         - Clearing physics world
13:17:01.312 [FXGL Background Thread 1 ] DEBUG GameScene            - Clearing game scene
13:17:01.312 [FXGL Background Thread 1 ] DEBUG InitAppTask          - Initializing Game
13:17:01.333 [JavaFX Application Thread] DEBUG Engine               - Removing overlay from FXGLDefaultMenu and adding to LoadingScene
13:17:01.334 [JavaFX Application Thread] DEBUG MainWindow           - FXGLDefaultMenu -> LoadingScene
13:17:01.349 [FXGL Background Thread 1 ] DEBUG AssetLoader          - Loading from file system: /assets/levels/0.txt
13:17:01.378 [FXGL Background Thread 1 ] DEBUG AssetLoader          - Loading from file system: /assets/textures/floor.png
13:17:01.384 [FXGL Background Thread 1 ] DEBUG AssetLoader          - Loading from cache: /assets/textures/floor.png@40.0x40.0
13:17:01.385 [FXGL Background Thread 1 ] DEBUG AssetLoader          - Loading from file system: /assets/textures/brick.png
13:17:01.387 [FXGL Background Thread 1 ] DEBUG AssetLoader          - Loading from cache: /assets/textures/brick.png@40.0x40.0
13:17:01.388 [FXGL Background Thread 1 ] DEBUG AssetLoader          - Loading from cache: /assets/textures/brick.png@40.0x40.0
13:17:01.389 [FXGL Background Thread 1 ] DEBUG AssetLoader          - Loading from cache: /assets/textures/brick.png@40.0x40.0
13:17:01.390 [FXGL Background Thread 1 ] DEBUG AssetLoader          - Loading from cache: /assets/textures/brick.png@40.0x40.0
13:17:01.391 [FXGL Background Thread 1 ] DEBUG AssetLoader          - Loading from cache: /assets/textures/brick.png@40.0x40.0
13:17:01.392 [FXGL Background Thread 1 ] DEBUG AssetLoader          - Loading from cache: /assets/textures/brick.png@40.0x40.0
13:17:01.393 [FXGL Background Thread 1 ] DEBUG AssetLoader          - Loading from cache: /assets/textures/brick.png@40.0x40.0
13:17:01.394 [FXGL Background Thread 1 ] DEBUG AssetLoader          - Loading from cache: /assets/textures/brick.png@40.0x40.0
13:17:01.395 [FXGL Background Thread 1 ] DEBUG AssetLoader          - Loading from cache: /assets/textures/brick.png@40.0x40.0
13:17:01.398 [FXGL Background Thread 1 ] DEBUG AssetLoader          - Loading from cache: /assets/textures/brick.png@40.0x40.0
13:17:01.399 [FXGL Background Thread 1 ] DEBUG AssetLoader          - Loading from cache: /assets/textures/floor.png@40.0x40.0
13:17:01.400 [FXGL Background Thread 1 ] DEBUG AssetLoader          - Loading from cache: /assets/textures/floor.png@40.0x40.0
13:17:01.401 [FXGL Background Thread 1 ] DEBUG AssetLoader          - Loading from cache: /assets/textures/floor.png@40.0x40.0
13:17:01.402 [FXGL Background Thread 1 ] DEBUG AssetLoader          - Loading from file system: /assets/textures/wall.png
13:17:01.404 [FXGL Background Thread 1 ] DEBUG AssetLoader          - Loading from cache: /assets/textures/floor.png@40.0x40.0
13:17:01.404 [FXGL Background Thread 1 ] DEBUG AssetLoader          - Loading from cache: /assets/textures/wall.png@40.0x40.0
13:17:01.405 [FXGL Background Thread 1 ] DEBUG AssetLoader          - Loading from cache: /assets/textures/floor.png@40.0x40.0
13:17:01.406 [FXGL Background Thread 1 ] DEBUG AssetLoader          - Loading from cache: /assets/textures/wall.png@40.0x40.0
13:17:01.407 [FXGL Background Thread 1 ] DEBUG AssetLoader          - Loading from cache: /assets/textures/floor.png@40.0x40.0
13:17:01.408 [FXGL Background Thread 1 ] DEBUG AssetLoader          - Loading from cache: /assets/textures/wall.png@40.0x40.0
13:17:01.409 [FXGL Background Thread 1 ] DEBUG AssetLoader          - Loading from cache: /assets/textures/floor.png@40.0x40.0
13:17:01.409 [FXGL Background Thread 1 ] DEBUG AssetLoader          - Loading from cache: /assets/textures/wall.png@40.0x40.0
13:17:01.410 [FXGL Background Thread 1 ] DEBUG AssetLoader          - Loading from cache: /assets/textures/floor.png@40.0x40.0
13:17:01.411 [FXGL Background Thread 1 ] DEBUG AssetLoader          - Loading from cache: /assets/textures/wall.png@40.0x40.0
13:17:01.412 [FXGL Background Thread 1 ] DEBUG AssetLoader          - Loading from cache: /assets/textures/floor.png@40.0x40.0
13:17:01.413 [FXGL Background Thread 1 ] DEBUG AssetLoader          - Loading from cache: /assets/textures/wall.png@40.0x40.0
13:17:01.414 [FXGL Background Thread 1 ] DEBUG AssetLoader          - Loading from cache: /assets/textures/floor.png@40.0x40.0
13:17:01.415 [FXGL Background Thread 1 ] DEBUG AssetLoader          - Loading from cache: /assets/textures/brick.png@40.0x40.0
13:17:01.416 [FXGL Background Thread 1 ] DEBUG AssetLoader          - Loading from cache: /assets/textures/floor.png@40.0x40.0
13:17:01.417 [FXGL Background Thread 1 ] DEBUG AssetLoader          - Loading from cache: /assets/textures/floor.png@40.0x40.0
13:17:01.418 [FXGL Background Thread 1 ] DEBUG AssetLoader          - Loading from cache: /assets/textures/floor.png@40.0x40.0
13:17:01.420 [FXGL Background Thread 1 ] DEBUG AssetLoader          - Loading from cache: /assets/textures/floor.png@40.0x40.0
13:17:01.421 [FXGL Background Thread 1 ] DEBUG AssetLoader          - Loading from cache: /assets/textures/floor.png@40.0x40.0
13:17:01.421 [FXGL Background Thread 1 ] DEBUG AssetLoader          - Loading from cache: /assets/textures/floor.png@40.0x40.0
13:17:01.422 [FXGL Background Thread 1 ] DEBUG AssetLoader          - Loading from cache: /assets/textures/floor.png@40.0x40.0
13:17:01.423 [FXGL Background Thread 1 ] DEBUG AssetLoader          - Loading from cache: /assets/textures/floor.png@40.0x40.0
13:17:01.424 [FXGL Background Thread 1 ] DEBUG AssetLoader          - Loading from cache: /assets/textures/floor.png@40.0x40.0
13:17:01.425 [FXGL Background Thread 1 ] DEBUG AssetLoader          - Loading from cache: /assets/textures/floor.png@40.0x40.0
13:17:01.426 [FXGL Background Thread 1 ] DEBUG AssetLoader          - Loading from cache: /assets/textures/floor.png@40.0x40.0
13:17:01.427 [FXGL Background Thread 1 ] DEBUG AssetLoader          - Loading from cache: /assets/textures/floor.png@40.0x40.0
13:17:01.428 [FXGL Background Thread 1 ] DEBUG AssetLoader          - Loading from cache: /assets/textures/floor.png@40.0x40.0
13:17:01.429 [FXGL Background Thread 1 ] DEBUG AssetLoader          - Loading from cache: /assets/textures/brick.png@40.0x40.0
13:17:01.429 [FXGL Background Thread 1 ] DEBUG AssetLoader          - Loading from cache: /assets/textures/floor.png@40.0x40.0
13:17:01.430 [FXGL Background Thread 1 ] DEBUG AssetLoader          - Loading from cache: /assets/textures/wall.png@40.0x40.0
13:17:01.431 [FXGL Background Thread 1 ] DEBUG AssetLoader          - Loading from cache: /assets/textures/floor.png@40.0x40.0
13:17:01.432 [FXGL Background Thread 1 ] DEBUG AssetLoader          - Loading from cache: /assets/textures/wall.png@40.0x40.0
13:17:01.433 [FXGL Background Thread 1 ] DEBUG AssetLoader          - Loading from cache: /assets/textures/floor.png@40.0x40.0
13:17:01.434 [FXGL Background Thread 1 ] DEBUG AssetLoader          - Loading from cache: /assets/textures/wall.png@40.0x40.0
13:17:01.435 [FXGL Background Thread 1 ] DEBUG AssetLoader          - Loading from cache: /assets/textures/floor.png@40.0x40.0
13:17:01.437 [FXGL Background Thread 1 ] DEBUG AssetLoader          - Loading from cache: /assets/textures/wall.png@40.0x40.0
13:17:01.437 [FXGL Background Thread 1 ] DEBUG AssetLoader          - Loading from cache: /assets/textures/floor.png@40.0x40.0
13:17:01.438 [FXGL Background Thread 1 ] DEBUG AssetLoader          - Loading from cache: /assets/textures/wall.png@40.0x40.0
13:17:01.439 [FXGL Background Thread 1 ] DEBUG AssetLoader          - Loading from cache: /assets/textures/floor.png@40.0x40.0
13:17:01.440 [FXGL Background Thread 1 ] DEBUG AssetLoader          - Loading from cache: /assets/textures/wall.png@40.0x40.0
13:17:01.441 [FXGL Background Thread 1 ] DEBUG AssetLoader          - Loading from cache: /assets/textures/floor.png@40.0x40.0
13:17:01.442 [FXGL Background Thread 1 ] DEBUG AssetLoader          - Loading from cache: /assets/textures/wall.png@40.0x40.0
13:17:01.443 [FXGL Background Thread 1 ] DEBUG AssetLoader          - Loading from cache: /assets/textures/floor.png@40.0x40.0
13:17:01.444 [FXGL Background Thread 1 ] DEBUG AssetLoader          - Loading from cache: /assets/textures/floor.png@40.0x40.0
13:17:01.445 [FXGL Background Thread 1 ] DEBUG AssetLoader          - Loading from cache: /assets/textures/floor.png@40.0x40.0
13:17:01.446 [FXGL Background Thread 1 ] DEBUG AssetLoader          - Loading from cache: /assets/textures/floor.png@40.0x40.0
13:17:01.447 [FXGL Background Thread 1 ] DEBUG AssetLoader          - Loading from cache: /assets/textures/floor.png@40.0x40.0
13:17:01.448 [FXGL Background Thread 1 ] DEBUG AssetLoader          - Loading from cache: /assets/textures/floor.png@40.0x40.0
13:17:01.448 [FXGL Background Thread 1 ] DEBUG AssetLoader          - Loading from cache: /assets/textures/floor.png@40.0x40.0
13:17:01.449 [FXGL Background Thread 1 ] DEBUG AssetLoader          - Loading from cache: /assets/textures/floor.png@40.0x40.0
13:17:01.450 [FXGL Background Thread 1 ] DEBUG AssetLoader          - Loading from cache: /assets/textures/floor.png@40.0x40.0
13:17:01.451 [FXGL Background Thread 1 ] DEBUG AssetLoader          - Loading from cache: /assets/textures/floor.png@40.0x40.0
13:17:01.452 [FXGL Background Thread 1 ] DEBUG AssetLoader          - Loading from cache: /assets/textures/floor.png@40.0x40.0
13:17:01.453 [FXGL Background Thread 1 ] DEBUG AssetLoader          - Loading from cache: /assets/textures/floor.png@40.0x40.0
13:17:01.454 [FXGL Background Thread 1 ] DEBUG AssetLoader          - Loading from cache: /assets/textures/floor.png@40.0x40.0
13:17:01.454 [FXGL Background Thread 1 ] DEBUG AssetLoader          - Loading from cache: /assets/textures/floor.png@40.0x40.0
13:17:01.455 [FXGL Background Thread 1 ] DEBUG AssetLoader          - Loading from cache: /assets/textures/floor.png@40.0x40.0
13:17:01.456 [FXGL Background Thread 1 ] DEBUG AssetLoader          - Loading from cache: /assets/textures/floor.png@40.0x40.0
13:17:01.457 [FXGL Background Thread 1 ] DEBUG AssetLoader          - Loading from cache: /assets/textures/floor.png@40.0x40.0
13:17:01.457 [FXGL Background Thread 1 ] DEBUG AssetLoader          - Loading from cache: /assets/textures/wall.png@40.0x40.0
13:17:01.464 [FXGL Background Thread 1 ] DEBUG AssetLoader          - Loading from cache: /assets/textures/floor.png@40.0x40.0
13:17:01.465 [FXGL Background Thread 1 ] DEBUG AssetLoader          - Loading from cache: /assets/textures/wall.png@40.0x40.0
13:17:01.465 [FXGL Background Thread 1 ] DEBUG AssetLoader          - Loading from cache: /assets/textures/floor.png@40.0x40.0
13:17:01.468 [FXGL Background Thread 1 ] DEBUG AssetLoader          - Loading from cache: /assets/textures/wall.png@40.0x40.0
13:17:01.469 [FXGL Background Thread 1 ] DEBUG AssetLoader          - Loading from cache: /assets/textures/floor.png@40.0x40.0
13:17:01.470 [FXGL Background Thread 1 ] DEBUG AssetLoader          - Loading from cache: /assets/textures/wall.png@40.0x40.0
13:17:01.470 [FXGL Background Thread 1 ] DEBUG AssetLoader          - Loading from cache: /assets/textures/floor.png@40.0x40.0
13:17:01.471 [FXGL Background Thread 1 ] DEBUG AssetLoader          - Loading from cache: /assets/textures/wall.png@40.0x40.0
13:17:01.471 [FXGL Background Thread 1 ] DEBUG AssetLoader          - Loading from cache: /assets/textures/floor.png@40.0x40.0
13:17:01.472 [FXGL Background Thread 1 ] DEBUG AssetLoader          - Loading from cache: /assets/textures/wall.png@40.0x40.0
13:17:01.473 [FXGL Background Thread 1 ] DEBUG AssetLoader          - Loading from cache: /assets/textures/floor.png@40.0x40.0
13:17:01.474 [FXGL Background Thread 1 ] DEBUG AssetLoader          - Loading from cache: /assets/textures/wall.png@40.0x40.0
13:17:01.475 [FXGL Background Thread 1 ] DEBUG AssetLoader          - Loading from cache: /assets/textures/floor.png@40.0x40.0
13:17:01.475 [FXGL Background Thread 1 ] DEBUG AssetLoader          - Loading from cache: /assets/textures/floor.png@40.0x40.0
13:17:01.476 [FXGL Background Thread 1 ] DEBUG AssetLoader          - Loading from cache: /assets/textures/floor.png@40.0x40.0
13:17:01.477 [FXGL Background Thread 1 ] DEBUG AssetLoader          - Loading from cache: /assets/textures/floor.png@40.0x40.0
13:17:01.478 [FXGL Background Thread 1 ] DEBUG AssetLoader          - Loading from cache: /assets/textures/floor.png@40.0x40.0
13:17:01.479 [FXGL Background Thread 1 ] DEBUG AssetLoader          - Loading from cache: /assets/textures/floor.png@40.0x40.0
13:17:01.479 [FXGL Background Thread 1 ] DEBUG AssetLoader          - Loading from cache: /assets/textures/floor.png@40.0x40.0
13:17:01.480 [FXGL Background Thread 1 ] DEBUG AssetLoader          - Loading from cache: /assets/textures/brick.png@40.0x40.0
13:17:01.481 [FXGL Background Thread 1 ] DEBUG AssetLoader          - Loading from cache: /assets/textures/brick.png@40.0x40.0
13:17:01.482 [FXGL Background Thread 1 ] DEBUG AssetLoader          - Loading from cache: /assets/textures/floor.png@40.0x40.0
13:17:01.484 [FXGL Background Thread 1 ] DEBUG AssetLoader          - Loading from cache: /assets/textures/floor.png@40.0x40.0
13:17:01.485 [FXGL Background Thread 1 ] DEBUG AssetLoader          - Loading from cache: /assets/textures/floor.png@40.0x40.0
13:17:01.485 [FXGL Background Thread 1 ] DEBUG AssetLoader          - Loading from cache: /assets/textures/floor.png@40.0x40.0
13:17:01.486 [FXGL Background Thread 1 ] DEBUG AssetLoader          - Loading from cache: /assets/textures/floor.png@40.0x40.0
13:17:01.487 [FXGL Background Thread 1 ] DEBUG AssetLoader          - Loading from cache: /assets/textures/floor.png@40.0x40.0
13:17:01.488 [FXGL Background Thread 1 ] DEBUG AssetLoader          - Loading from cache: /assets/textures/floor.png@40.0x40.0
13:17:01.488 [FXGL Background Thread 1 ] DEBUG AssetLoader          - Loading from cache: /assets/textures/floor.png@40.0x40.0
13:17:01.489 [FXGL Background Thread 1 ] DEBUG AssetLoader          - Loading from cache: /assets/textures/wall.png@40.0x40.0
13:17:01.490 [FXGL Background Thread 1 ] DEBUG AssetLoader          - Loading from cache: /assets/textures/floor.png@40.0x40.0
13:17:01.490 [FXGL Background Thread 1 ] DEBUG AssetLoader          - Loading from cache: /assets/textures/wall.png@40.0x40.0
13:17:01.491 [FXGL Background Thread 1 ] DEBUG AssetLoader          - Loading from cache: /assets/textures/floor.png@40.0x40.0
13:17:01.492 [FXGL Background Thread 1 ] DEBUG AssetLoader          - Loading from cache: /assets/textures/wall.png@40.0x40.0
13:17:01.493 [FXGL Background Thread 1 ] DEBUG AssetLoader          - Loading from cache: /assets/textures/brick.png@40.0x40.0
13:17:01.494 [FXGL Background Thread 1 ] DEBUG AssetLoader          - Loading from cache: /assets/textures/wall.png@40.0x40.0
13:17:01.495 [FXGL Background Thread 1 ] DEBUG AssetLoader          - Loading from cache: /assets/textures/floor.png@40.0x40.0
13:17:01.495 [FXGL Background Thread 1 ] DEBUG AssetLoader          - Loading from cache: /assets/textures/wall.png@40.0x40.0
13:17:01.496 [FXGL Background Thread 1 ] DEBUG AssetLoader          - Loading from cache: /assets/textures/floor.png@40.0x40.0
13:17:01.496 [FXGL Background Thread 1 ] DEBUG AssetLoader          - Loading from cache: /assets/textures/wall.png@40.0x40.0
13:17:01.497 [FXGL Background Thread 1 ] DEBUG AssetLoader          - Loading from cache: /assets/textures/floor.png@40.0x40.0
13:17:01.498 [FXGL Background Thread 1 ] DEBUG AssetLoader          - Loading from cache: /assets/textures/wall.png@40.0x40.0
13:17:01.498 [FXGL Background Thread 1 ] DEBUG AssetLoader          - Loading from cache: /assets/textures/floor.png@40.0x40.0
13:17:01.499 [FXGL Background Thread 1 ] DEBUG AssetLoader          - Loading from cache: /assets/textures/floor.png@40.0x40.0
13:17:01.500 [FXGL Background Thread 1 ] DEBUG AssetLoader          - Loading from cache: /assets/textures/floor.png@40.0x40.0
13:17:01.501 [FXGL Background Thread 1 ] DEBUG AssetLoader          - Loading from cache: /assets/textures/floor.png@40.0x40.0
13:17:01.502 [FXGL Background Thread 1 ] DEBUG AssetLoader          - Loading from cache: /assets/textures/floor.png@40.0x40.0
13:17:01.502 [FXGL Background Thread 1 ] DEBUG AssetLoader          - Loading from cache: /assets/textures/floor.png@40.0x40.0
13:17:01.503 [FXGL Background Thread 1 ] DEBUG AssetLoader          - Loading from cache: /assets/textures/brick.png@40.0x40.0
13:17:01.504 [FXGL Background Thread 1 ] DEBUG AssetLoader          - Loading from cache: /assets/textures/brick.png@40.0x40.0
13:17:01.504 [FXGL Background Thread 1 ] DEBUG AssetLoader          - Loading from cache: /assets/textures/brick.png@40.0x40.0
13:17:01.505 [FXGL Background Thread 1 ] DEBUG AssetLoader          - Loading from cache: /assets/textures/floor.png@40.0x40.0
13:17:01.506 [FXGL Background Thread 1 ] DEBUG AssetLoader          - Loading from cache: /assets/textures/floor.png@40.0x40.0
13:17:01.507 [FXGL Background Thread 1 ] DEBUG AssetLoader          - Loading from cache: /assets/textures/floor.png@40.0x40.0
13:17:01.507 [FXGL Background Thread 1 ] DEBUG AssetLoader          - Loading from cache: /assets/textures/floor.png@40.0x40.0
13:17:01.508 [FXGL Background Thread 1 ] DEBUG AssetLoader          - Loading from cache: /assets/textures/floor.png@40.0x40.0
13:17:01.508 [FXGL Background Thread 1 ] DEBUG AssetLoader          - Loading from cache: /assets/textures/floor.png@40.0x40.0
13:17:01.509 [FXGL Background Thread 1 ] DEBUG AssetLoader          - Loading from cache: /assets/textures/floor.png@40.0x40.0
13:17:01.510 [FXGL Background Thread 1 ] DEBUG AssetLoader          - Loading from cache: /assets/textures/floor.png@40.0x40.0
13:17:01.510 [FXGL Background Thread 1 ] DEBUG AssetLoader          - Loading from cache: /assets/textures/wall.png@40.0x40.0
13:17:01.511 [FXGL Background Thread 1 ] DEBUG AssetLoader          - Loading from cache: /assets/textures/floor.png@40.0x40.0
13:17:01.511 [FXGL Background Thread 1 ] DEBUG AssetLoader          - Loading from cache: /assets/textures/wall.png@40.0x40.0
13:17:01.512 [FXGL Background Thread 1 ] DEBUG AssetLoader          - Loading from cache: /assets/textures/floor.png@40.0x40.0
13:17:01.513 [FXGL Background Thread 1 ] DEBUG AssetLoader          - Loading from cache: /assets/textures/wall.png@40.0x40.0
13:17:01.513 [FXGL Background Thread 1 ] DEBUG AssetLoader          - Loading from cache: /assets/textures/floor.png@40.0x40.0
13:17:01.514 [FXGL Background Thread 1 ] DEBUG AssetLoader          - Loading from cache: /assets/textures/wall.png@40.0x40.0
13:17:01.514 [FXGL Background Thread 1 ] DEBUG AssetLoader          - Loading from cache: /assets/textures/floor.png@40.0x40.0
13:17:01.515 [FXGL Background Thread 1 ] DEBUG AssetLoader          - Loading from cache: /assets/textures/wall.png@40.0x40.0
13:17:01.516 [FXGL Background Thread 1 ] DEBUG AssetLoader          - Loading from cache: /assets/textures/floor.png@40.0x40.0
13:17:01.516 [FXGL Background Thread 1 ] DEBUG AssetLoader          - Loading from cache: /assets/textures/wall.png@40.0x40.0
13:17:01.517 [FXGL Background Thread 1 ] DEBUG AssetLoader          - Loading from cache: /assets/textures/floor.png@40.0x40.0
13:17:01.518 [FXGL Background Thread 1 ] DEBUG AssetLoader          - Loading from cache: /assets/textures/wall.png@40.0x40.0
13:17:01.518 [FXGL Background Thread 1 ] DEBUG AssetLoader          - Loading from cache: /assets/textures/floor.png@40.0x40.0
13:17:01.519 [FXGL Background Thread 1 ] DEBUG AssetLoader          - Loading from cache: /assets/textures/floor.png@40.0x40.0
13:17:01.519 [FXGL Background Thread 1 ] DEBUG AssetLoader          - Loading from cache: /assets/textures/floor.png@40.0x40.0
13:17:01.520 [FXGL Background Thread 1 ] DEBUG AssetLoader          - Loading from cache: /assets/textures/floor.png@40.0x40.0
13:17:01.520 [FXGL Background Thread 1 ] DEBUG AssetLoader          - Loading from cache: /assets/textures/floor.png@40.0x40.0
13:17:01.521 [FXGL Background Thread 1 ] DEBUG AssetLoader          - Loading from cache: /assets/textures/floor.png@40.0x40.0
13:17:01.521 [FXGL Background Thread 1 ] DEBUG AssetLoader          - Loading from cache: /assets/textures/floor.png@40.0x40.0
13:17:01.522 [FXGL Background Thread 1 ] DEBUG AssetLoader          - Loading from cache: /assets/textures/floor.png@40.0x40.0
13:17:01.522 [FXGL Background Thread 1 ] DEBUG AssetLoader          - Loading from cache: /assets/textures/floor.png@40.0x40.0
13:17:01.523 [FXGL Background Thread 1 ] DEBUG AssetLoader          - Loading from cache: /assets/textures/floor.png@40.0x40.0
13:17:01.524 [FXGL Background Thread 1 ] DEBUG AssetLoader          - Loading from cache: /assets/textures/floor.png@40.0x40.0
13:17:01.524 [FXGL Background Thread 1 ] DEBUG AssetLoader          - Loading from cache: /assets/textures/floor.png@40.0x40.0
13:17:01.525 [FXGL Background Thread 1 ] DEBUG AssetLoader          - Loading from cache: /assets/textures/floor.png@40.0x40.0
13:17:01.526 [FXGL Background Thread 1 ] DEBUG AssetLoader          - Loading from cache: /assets/textures/floor.png@40.0x40.0
13:17:01.526 [FXGL Background Thread 1 ] DEBUG AssetLoader          - Loading from cache: /assets/textures/floor.png@40.0x40.0
13:17:01.527 [FXGL Background Thread 1 ] DEBUG AssetLoader          - Loading from cache: /assets/textures/floor.png@40.0x40.0
13:17:01.527 [FXGL Background Thread 1 ] DEBUG AssetLoader          - Loading from cache: /assets/textures/floor.png@40.0x40.0
13:17:01.528 [FXGL Background Thread 1 ] DEBUG AssetLoader          - Loading from cache: /assets/textures/wall.png@40.0x40.0
13:17:01.528 [FXGL Background Thread 1 ] DEBUG AssetLoader          - Loading from cache: /assets/textures/floor.png@40.0x40.0
13:17:01.529 [FXGL Background Thread 1 ] DEBUG AssetLoader          - Loading from cache: /assets/textures/wall.png@40.0x40.0
13:17:01.530 [FXGL Background Thread 1 ] DEBUG AssetLoader          - Loading from cache: /assets/textures/floor.png@40.0x40.0
13:17:01.530 [FXGL Background Thread 1 ] DEBUG AssetLoader          - Loading from cache: /assets/textures/wall.png@40.0x40.0
13:17:01.531 [FXGL Background Thread 1 ] DEBUG AssetLoader          - Loading from cache: /assets/textures/floor.png@40.0x40.0
13:17:01.532 [FXGL Background Thread 1 ] DEBUG AssetLoader          - Loading from cache: /assets/textures/wall.png@40.0x40.0
13:17:01.532 [FXGL Background Thread 1 ] DEBUG AssetLoader          - Loading from cache: /assets/textures/floor.png@40.0x40.0
13:17:01.533 [FXGL Background Thread 1 ] DEBUG AssetLoader          - Loading from cache: /assets/textures/wall.png@40.0x40.0
13:17:01.534 [FXGL Background Thread 1 ] DEBUG AssetLoader          - Loading from cache: /assets/textures/floor.png@40.0x40.0
13:17:01.534 [FXGL Background Thread 1 ] DEBUG AssetLoader          - Loading from cache: /assets/textures/wall.png@40.0x40.0
13:17:01.535 [FXGL Background Thread 1 ] DEBUG AssetLoader          - Loading from cache: /assets/textures/floor.png@40.0x40.0
13:17:01.535 [FXGL Background Thread 1 ] DEBUG AssetLoader          - Loading from cache: /assets/textures/wall.png@40.0x40.0
13:17:01.535 [FXGL Background Thread 1 ] DEBUG AssetLoader          - Loading from cache: /assets/textures/floor.png@40.0x40.0
13:17:01.536 [FXGL Background Thread 1 ] DEBUG AssetLoader          - Loading from cache: /assets/textures/brick.png@40.0x40.0
13:17:01.536 [FXGL Background Thread 1 ] DEBUG AssetLoader          - Loading from cache: /assets/textures/floor.png@40.0x40.0
13:17:01.537 [FXGL Background Thread 1 ] DEBUG AssetLoader          - Loading from cache: /assets/textures/floor.png@40.0x40.0
13:17:01.537 [FXGL Background Thread 1 ] DEBUG AssetLoader          - Loading from cache: /assets/textures/floor.png@40.0x40.0
13:17:01.538 [FXGL Background Thread 1 ] DEBUG AssetLoader          - Loading from cache: /assets/textures/floor.png@40.0x40.0
13:17:01.538 [FXGL Background Thread 1 ] DEBUG AssetLoader          - Loading from cache: /assets/textures/floor.png@40.0x40.0
13:17:01.539 [FXGL Background Thread 1 ] DEBUG AssetLoader          - Loading from cache: /assets/textures/floor.png@40.0x40.0
13:17:01.539 [FXGL Background Thread 1 ] DEBUG AssetLoader          - Loading from cache: /assets/textures/floor.png@40.0x40.0
13:17:01.540 [FXGL Background Thread 1 ] DEBUG AssetLoader          - Loading from cache: /assets/textures/floor.png@40.0x40.0
13:17:01.540 [FXGL Background Thread 1 ] DEBUG AssetLoader          - Loading from cache: /assets/textures/floor.png@40.0x40.0
13:17:01.541 [FXGL Background Thread 1 ] DEBUG AssetLoader          - Loading from cache: /assets/textures/floor.png@40.0x40.0
13:17:01.541 [FXGL Background Thread 1 ] DEBUG AssetLoader          - Loading from cache: /assets/textures/floor.png@40.0x40.0
13:17:01.542 [FXGL Background Thread 1 ] DEBUG AssetLoader          - Loading from cache: /assets/textures/floor.png@40.0x40.0
13:17:01.542 [FXGL Background Thread 1 ] DEBUG AssetLoader          - Loading from cache: /assets/textures/floor.png@40.0x40.0
13:17:01.543 [FXGL Background Thread 1 ] DEBUG AssetLoader          - Loading from cache: /assets/textures/brick.png@40.0x40.0
13:17:01.543 [FXGL Background Thread 1 ] DEBUG AssetLoader          - Loading from cache: /assets/textures/floor.png@40.0x40.0
13:17:01.544 [FXGL Background Thread 1 ] DEBUG AssetLoader          - Loading from cache: /assets/textures/wall.png@40.0x40.0
13:17:01.544 [FXGL Background Thread 1 ] DEBUG AssetLoader          - Loading from cache: /assets/textures/floor.png@40.0x40.0
13:17:01.545 [FXGL Background Thread 1 ] DEBUG AssetLoader          - Loading from cache: /assets/textures/wall.png@40.0x40.0
13:17:01.545 [FXGL Background Thread 1 ] DEBUG AssetLoader          - Loading from cache: /assets/textures/floor.png@40.0x40.0
13:17:01.546 [FXGL Background Thread 1 ] DEBUG AssetLoader          - Loading from cache: /assets/textures/wall.png@40.0x40.0
13:17:01.546 [FXGL Background Thread 1 ] DEBUG AssetLoader          - Loading from cache: /assets/textures/floor.png@40.0x40.0
13:17:01.547 [FXGL Background Thread 1 ] DEBUG AssetLoader          - Loading from cache: /assets/textures/wall.png@40.0x40.0
13:17:01.547 [FXGL Background Thread 1 ] DEBUG AssetLoader          - Loading from cache: /assets/textures/floor.png@40.0x40.0
13:17:01.548 [FXGL Background Thread 1 ] DEBUG AssetLoader          - Loading from cache: /assets/textures/wall.png@40.0x40.0
13:17:01.548 [FXGL Background Thread 1 ] DEBUG AssetLoader          - Loading from cache: /assets/textures/floor.png@40.0x40.0
13:17:01.549 [FXGL Background Thread 1 ] DEBUG AssetLoader          - Loading from cache: /assets/textures/wall.png@40.0x40.0
13:17:01.549 [FXGL Background Thread 1 ] DEBUG AssetLoader          - Loading from cache: /assets/textures/floor.png@40.0x40.0
13:17:01.550 [FXGL Background Thread 1 ] DEBUG AssetLoader          - Loading from cache: /assets/textures/wall.png@40.0x40.0
13:17:01.550 [FXGL Background Thread 1 ] DEBUG AssetLoader          - Loading from cache: /assets/textures/floor.png@40.0x40.0
13:17:01.550 [FXGL Background Thread 1 ] DEBUG AssetLoader          - Loading from cache: /assets/textures/floor.png@40.0x40.0
13:17:01.551 [FXGL Background Thread 1 ] DEBUG AssetLoader          - Loading from cache: /assets/textures/floor.png@40.0x40.0
13:17:01.551 [FXGL Background Thread 1 ] DEBUG AssetLoader          - Loading from cache: /assets/textures/brick.png@40.0x40.0
13:17:01.552 [FXGL Background Thread 1 ] DEBUG AssetLoader          - Loading from cache: /assets/textures/brick.png@40.0x40.0
13:17:01.552 [FXGL Background Thread 1 ] DEBUG AssetLoader          - Loading from cache: /assets/textures/brick.png@40.0x40.0
13:17:01.552 [FXGL Background Thread 1 ] DEBUG AssetLoader          - Loading from cache: /assets/textures/brick.png@40.0x40.0
13:17:01.553 [FXGL Background Thread 1 ] DEBUG AssetLoader          - Loading from cache: /assets/textures/brick.png@40.0x40.0
13:17:01.553 [FXGL Background Thread 1 ] DEBUG AssetLoader          - Loading from cache: /assets/textures/brick.png@40.0x40.0
13:17:01.554 [FXGL Background Thread 1 ] DEBUG AssetLoader          - Loading from cache: /assets/textures/brick.png@40.0x40.0
13:17:01.554 [FXGL Background Thread 1 ] DEBUG AssetLoader          - Loading from cache: /assets/textures/brick.png@40.0x40.0
13:17:01.555 [FXGL Background Thread 1 ] DEBUG AssetLoader          - Loading from cache: /assets/textures/brick.png@40.0x40.0
13:17:01.555 [FXGL Background Thread 1 ] DEBUG AssetLoader          - Loading from cache: /assets/textures/brick.png@40.0x40.0
13:17:01.556 [FXGL Background Thread 1 ] DEBUG AssetLoader          - Loading from cache: /assets/textures/brick.png@40.0x40.0
13:17:01.556 [FXGL Background Thread 1 ] DEBUG AssetLoader          - Loading from cache: /assets/textures/floor.png@40.0x40.0
13:17:01.557 [FXGL Background Thread 1 ] DEBUG AssetLoader          - Loading from cache: /assets/textures/floor.png@40.0x40.0
13:17:01.557 [FXGL Background Thread 1 ] DEBUG GameWorld            - Clearing removable entities
13:17:01.558 [FXGL Background Thread 1 ] DEBUG GameWorld            - Setting level: com.almasb.fxgl.entity.level.Level@73276c4d
13:17:01.566 [FXGL Background Thread 1 ] DEBUG AssetLoader          - Loading from cache: /assets/textures/floor.png@40.0x40.0
13:17:01.577 [FXGL Background Thread 1 ] DEBUG InitAppTask          - Initializing Physics
13:17:01.577 [FXGL Background Thread 1 ] DEBUG InitAppTask          - Initializing UI
13:17:01.578 [FXGL Background Thread 1 ] DEBUG InitAppTask          - Initialization Complete
13:17:01.578 [FXGL Background Thread 1 ] INFO  InitAppTask          - Game initialization took: 0,267 sec
13:17:01.588 [JavaFX Application Thread] DEBUG Input                - Clearing active input actions
13:17:01.648 [JavaFX Application Thread] DEBUG Engine               - Removing overlay from LoadingScene and adding to GameScene
13:17:01.649 [JavaFX Application Thread] DEBUG MainWindow           - LoadingScene -> GameScene
13:17:14.698 [JavaFX Application Thread] DEBUG Engine               - Exiting FXGL
13:17:14.698 [JavaFX Application Thread] DEBUG Engine               - Shutting down background threads
13:17:14.698 [JavaFX Application Thread] DEBUG Engine               - Saving FXGL system data
13:17:14.701 [JavaFX Application Thread] DEBUG FSServiceImpl        - Writing to: C:\Users\Alejandro\Documents\DAD\Eclipse\Bomberdad\system\fxgl.bundle
13:17:14.704 [JavaFX Application Thread] DEBUG Engine               - Closing logger and exiting JavaFX
