10:55:06.269 [main                     ] DEBUG GameApplication      - Logger initialized
10:55:06.300 [main                     ] DEBUG GameApplication      - Logging settings
Title: BomberDAD
Version: 0.1
Width: 600
Height: 600
Fullscreen: false
Intro: false
Menus: true
Profiling: false
Single step:false
App Mode: DEVELOPER
Menu Key: ESCAPE
Stage Style: DECORATED
Scene Factory: class com.almasb.fxgl.app.SceneFactory
Dialog Factory: class com.almasb.fxgl.ui.FXGLDialogFactory
UI Factory: class com.almasb.fxgl.ui.FXGLUIFactory

10:55:06.803 [JavaFX Application Thread] DEBUG Engine               - Initializing FXGL
10:55:06.803 [JavaFX Application Thread] INFO  Engine               - FXGL-11.7 (05.01.2020 09.37) on WINDOWS (J:11.0.5 FX:11.0.1)
10:55:06.803 [JavaFX Application Thread] INFO  Engine               - Source code and latest versions at: https://github.com/AlmasB/FXGL
10:55:06.804 [JavaFX Application Thread] INFO  Engine               -              Join the FXGL chat at: https://gitter.im/AlmasB/FXGL
10:55:06.804 [JavaFX Application Thread] DEBUG Engine               - Initializing environment variables
10:55:06.807 [JavaFX Application Thread] DEBUG Engine               - Logging environment variables
10:55:06.807 [JavaFX Application Thread] DEBUG Engine               - achievements: []
10:55:06.807 [JavaFX Application Thread] DEBUG Engine               - sceneStack: com.almasb.fxgl.app.Engine@6dd14208
10:55:06.808 [JavaFX Application Thread] DEBUG Engine               - language: ObjectProperty [value: ENGLISH]
10:55:06.808 [JavaFX Application Thread] DEBUG Engine               - isCloseConfirmation: false
10:55:06.808 [JavaFX Application Thread] DEBUG Engine               - isProfilingEnabled: false
10:55:06.808 [JavaFX Application Thread] DEBUG Engine               - soundNotification: core/notification.wav
10:55:06.808 [JavaFX Application Thread] DEBUG Engine               - devShowBBoxProperty: BooleanProperty [value: false]
10:55:06.810 [JavaFX Application Thread] DEBUG Engine               - pixelsPerMeter: 50.0
10:55:06.810 [JavaFX Application Thread] DEBUG Engine               - overlayRoot: Group@15f9b615
10:55:06.810 [JavaFX Application Thread] DEBUG Engine               - appIcon: fxgl_icon.png
10:55:06.811 [JavaFX Application Thread] DEBUG Engine               - soundMenuBack: menu/back.wav
10:55:06.811 [JavaFX Application Thread] DEBUG Engine               - isFullScreenAllowed: false
10:55:06.811 [JavaFX Application Thread] DEBUG Engine               - isIntroEnabled: false
10:55:06.811 [JavaFX Application Thread] DEBUG Engine               - eventBus: com.almasb.fxgl.event.EventBus@4c75affc
10:55:06.812 [JavaFX Application Thread] DEBUG Engine               - fontMono: lucida_console.ttf
10:55:06.812 [JavaFX Application Thread] DEBUG Engine               - soundMenuSelect: menu/select.wav
10:55:06.812 [JavaFX Application Thread] DEBUG Engine               - isWindows: true
10:55:06.812 [JavaFX Application Thread] DEBUG Engine               - isMobile: false
10:55:06.812 [JavaFX Application Thread] DEBUG Engine               - height: 600
10:55:06.813 [JavaFX Application Thread] DEBUG Engine               - isExperimentalNative: false
10:55:06.813 [JavaFX Application Thread] DEBUG Engine               - isSingleStep: false
10:55:06.813 [JavaFX Application Thread] DEBUG Engine               - cSSList: [fxgl_dark.css]
10:55:06.813 [JavaFX Application Thread] DEBUG Engine               - fontGame: Abel-Regular.ttf
10:55:06.813 [JavaFX Application Thread] DEBUG Engine               - menuKey: ESCAPE
10:55:06.814 [JavaFX Application Thread] DEBUG Engine               - devShowPositionProperty: BooleanProperty [value: false]
10:55:06.814 [JavaFX Application Thread] DEBUG Engine               - versionCheckDays: 7
10:55:06.814 [JavaFX Application Thread] DEBUG Engine               - masterTimer: com.almasb.fxgl.time.Timer@2b536578
10:55:06.814 [JavaFX Application Thread] DEBUG Engine               - configClass: Optional.empty
10:55:06.814 [JavaFX Application Thread] DEBUG Engine               - isFullScreenFromStart: false
10:55:06.814 [JavaFX Application Thread] DEBUG Engine               - version: 0.1
10:55:06.814 [JavaFX Application Thread] DEBUG Engine               - fullScreen: BooleanProperty [value: false]
10:55:06.815 [JavaFX Application Thread] DEBUG Engine               - randomSeed: -1
10:55:06.815 [JavaFX Application Thread] DEBUG Engine               - dialogFactory: com.almasb.fxgl.ui.FXGLDialogFactory@5c9e3a1c
10:55:06.815 [JavaFX Application Thread] DEBUG Engine               - applicationMode: DEVELOPER
10:55:06.815 [JavaFX Application Thread] DEBUG Engine               - isMac: false
10:55:06.815 [JavaFX Application Thread] DEBUG Engine               - urlGoogleForms: https://goo.gl/forms/6wrMnOBxTE1fEpOy2
10:55:06.815 [JavaFX Application Thread] DEBUG Engine               - isMenuEnabled: true
10:55:06.815 [JavaFX Application Thread] DEBUG Engine               - urlPOM: https://raw.githubusercontent.com/AlmasB/FXGL/master/pom.xml
10:55:06.815 [JavaFX Application Thread] DEBUG Engine               - profileName: user.profile
10:55:06.816 [JavaFX Application Thread] DEBUG Engine               - devSensorColorProperty: ObjectProperty [value: 0xffff00ff]
10:55:06.816 [JavaFX Application Thread] DEBUG Engine               - notificationViewClass: class com.almasb.fxgl.notification.view.XboxNotificationView
10:55:06.816 [JavaFX Application Thread] DEBUG Engine               - sceneFactory: com.almasb.fxgl.app.SceneFactory@48f6684
10:55:06.816 [JavaFX Application Thread] DEBUG Engine               - dataFileExt: .dat
10:55:06.816 [JavaFX Application Thread] DEBUG Engine               - stageStyle: DECORATED
10:55:06.817 [JavaFX Application Thread] DEBUG Engine               - isManualResizeEnabled: false
10:55:06.817 [JavaFX Application Thread] DEBUG Engine               - title: BomberDAD
10:55:06.817 [JavaFX Application Thread] DEBUG Engine               - platform: WINDOWS
10:55:06.817 [JavaFX Application Thread] DEBUG Engine               - devBBoxColorProperty: ObjectProperty [value: 0xff0000ff]
10:55:06.817 [JavaFX Application Thread] DEBUG Engine               - isDesktop: true
10:55:06.817 [JavaFX Application Thread] DEBUG Engine               - credits: []
10:55:06.817 [JavaFX Application Thread] DEBUG Engine               - globalMusicVolumeProperty: DoubleProperty [value: 0.5]
10:55:06.817 [JavaFX Application Thread] DEBUG Engine               - uIFactory: com.almasb.fxgl.ui.FXGLUIFactory@656423a6
10:55:06.817 [JavaFX Application Thread] DEBUG Engine               - isPreserveResizeRatio: false
10:55:06.818 [JavaFX Application Thread] DEBUG Engine               - fontText: Courier-Prime.ttf
10:55:06.818 [JavaFX Application Thread] DEBUG Engine               - isExperimentalTiledLargeMap: false
10:55:06.818 [JavaFX Application Thread] DEBUG Engine               - secondsIn24h: 60
10:55:06.818 [JavaFX Application Thread] DEBUG Engine               - runtimeInfo: RuntimeInfo(platform=WINDOWS, version=11.7, build=05.01.2020 09.37)
10:55:06.818 [JavaFX Application Thread] DEBUG Engine               - soundMenuPress: menu/press.wav
10:55:06.818 [JavaFX Application Thread] DEBUG Engine               - urlGithub: https://github.com/AlmasB/FXGL
10:55:06.818 [JavaFX Application Thread] DEBUG Engine               - isLinux: false
10:55:06.818 [JavaFX Application Thread] DEBUG Engine               - profileDir: profiles/
10:55:06.818 [JavaFX Application Thread] DEBUG Engine               - isDeveloperMenuEnabled: false
10:55:06.819 [JavaFX Application Thread] DEBUG Engine               - globalSoundVolumeProperty: DoubleProperty [value: 0.5]
10:55:06.819 [JavaFX Application Thread] DEBUG Engine               - urlLeaderboard: http://fxgl-top.herokuapp.com/
10:55:06.819 [JavaFX Application Thread] DEBUG Engine               - globalSoundVolume: 0.5
10:55:06.819 [JavaFX Application Thread] DEBUG Engine               - isBrowser: false
10:55:06.819 [JavaFX Application Thread] DEBUG Engine               - saveDir: saves/
10:55:06.819 [JavaFX Application Thread] DEBUG Engine               - engineServices: [class com.almasb.fxgl.audio.AudioPlayer, class com.almasb.fxgl.notification.impl.NotificationServiceProvider, class com.almasb.fxgl.achievement.AchievementManager, class com.almasb.fxgl.cutscene.CutsceneService, class com.almasb.fxgl.minigames.MiniGameService]
10:55:06.819 [JavaFX Application Thread] DEBUG Engine               - globalMusicVolume: 0.5
10:55:06.819 [JavaFX Application Thread] DEBUG Engine               - width: 600
10:55:06.820 [JavaFX Application Thread] DEBUG Engine               - saveFileExt: .sav
10:55:06.820 [JavaFX Application Thread] DEBUG Engine               - isAndroid: false
10:55:06.820 [JavaFX Application Thread] DEBUG Engine               - fontUI: VarelaRound-Regular.ttf
10:55:06.820 [JavaFX Application Thread] DEBUG Engine               - isIOS: false
10:55:06.820 [JavaFX Application Thread] DEBUG Engine               - enabledMenuItems: []
10:55:06.823 [JavaFX Application Thread] DEBUG Engine               - Adding new engine service: class com.almasb.fxgl.audio.AudioPlayer
10:55:06.824 [JavaFX Application Thread] DEBUG Engine               - Adding new engine service: class com.almasb.fxgl.notification.impl.NotificationServiceProvider
10:55:06.825 [JavaFX Application Thread] DEBUG Engine               - Adding new engine service: class com.almasb.fxgl.achievement.AchievementManager
10:55:06.826 [JavaFX Application Thread] DEBUG Engine               - Adding new engine service: class com.almasb.fxgl.cutscene.CutsceneService
10:55:06.827 [JavaFX Application Thread] DEBUG Engine               - Adding new engine service: class com.almasb.fxgl.minigames.MiniGameService
10:55:06.830 [JavaFX Application Thread] DEBUG Engine               - Loading localizations
10:55:06.833 [JavaFX Application Thread] DEBUG AssetLoader          - Loading from file system: /assets/properties/languages/english.properties
10:55:06.836 [JavaFX Application Thread] DEBUG AssetLoader          - Loading from file system: /assets/properties/languages/french.properties
10:55:06.838 [JavaFX Application Thread] DEBUG AssetLoader          - Loading from file system: /assets/properties/languages/german.properties
10:55:06.840 [JavaFX Application Thread] DEBUG AssetLoader          - Loading from file system: /assets/properties/languages/russian.properties
10:55:06.842 [JavaFX Application Thread] DEBUG AssetLoader          - Loading from file system: /assets/properties/languages/hungarian.properties
10:55:06.846 [JavaFX Application Thread] DEBUG Engine               - Registering font factories
10:55:06.847 [JavaFX Application Thread] DEBUG AssetLoader          - Loading from file system: /assets/ui/fonts/VarelaRound-Regular.ttf
10:55:07.242 [JavaFX Application Thread] DEBUG AssetLoader          - Loading from file system: /assets/ui/fonts/Abel-Regular.ttf
10:55:07.252 [JavaFX Application Thread] DEBUG AssetLoader          - Loading from file system: /assets/ui/fonts/lucida_console.ttf
10:55:07.265 [JavaFX Application Thread] DEBUG AssetLoader          - Loading from file system: /assets/ui/fonts/Courier-Prime.ttf
10:55:07.277 [JavaFX Application Thread] DEBUG Engine               - Setting UI factory
10:55:07.382 [JavaFX Application Thread] DEBUG AssetLoader          - Loading from file system: /assets/textures/fxgl_logo.png
10:55:07.448 [JavaFX Application Thread] DEBUG MainWindow           - Creating a JavaFX scene
10:55:07.501 [JavaFX Application Thread] DEBUG MainWindow           - Target settings size: 600.0 x 600.0
10:55:07.501 [JavaFX Application Thread] DEBUG MainWindow           - Scaled scene size:    600.0 x 600.0
10:55:07.501 [JavaFX Application Thread] DEBUG MainWindow           - Scaled ratio: (1.0, 1.0)
10:55:07.503 [JavaFX Application Thread] DEBUG MainWindow           - Set initial scene to FXGLStartupScene
10:55:07.512 [JavaFX Application Thread] DEBUG AssetLoader          - Loading from file system: /assets/textures/fxgl_icon.png
10:55:07.526 [JavaFX Application Thread] DEBUG Engine               - Applying CSS: fxgl_dark.css
10:55:07.526 [JavaFX Application Thread] DEBUG AssetLoader          - Loading from file system: /assets/ui/css/fxgl_dark.css
10:55:07.530 [JavaFX Application Thread] DEBUG AssetLoader          - Loading from file system: /assets/ui/cursors/fxgl_default.png
10:55:07.532 [JavaFX Application Thread] DEBUG MainWindow           - Opening main window
10:55:07.740 [JavaFX Application Thread] DEBUG MainWindow           - Window border size: (16.0, 39.0)
10:55:07.740 [JavaFX Application Thread] DEBUG MainWindow           - Scaled size: 600.0 x 600.0
10:55:07.740 [JavaFX Application Thread] DEBUG MainWindow           - Scaled ratio: (1.0, 1.0)
10:55:07.741 [JavaFX Application Thread] DEBUG MainWindow           - Scene size: 600.0 x 600.0
10:55:07.741 [JavaFX Application Thread] DEBUG MainWindow           - Stage size: 616.0 x 639.0
10:55:07.802 [FXGL Background Thread 1 ] DEBUG FS                   - Loaded FSServiceImpl
10:55:07.803 [FXGL Background Thread 1 ] DEBUG Engine               - Loading FXGL system data
10:55:07.810 [FXGL Background Thread 1 ] DEBUG FSServiceImpl        - Reading from: C:\Users\Alejandro\Documents\DAD\Eclipse\Bomberdad\system\fxgl.bundle
10:55:07.822 [FXGL Background Thread 1 ] DEBUG Engine               - Bundle FXGL: {}
10:55:07.822 [FXGL Background Thread 1 ] DEBUG Engine               - Initializing application scenes
10:55:07.922 [FXGL Background Thread 1 ] DEBUG GameWorld            - Game world initialized
10:55:07.990 [FXGL Background Thread 1 ] DEBUG PhysicsWorld         - Physics world initialized: appHeight=600, physics.ppm=50,0
10:55:07.993 [FXGL Background Thread 1 ] DEBUG GameScene            - Game scene initialized: 600x600
10:55:08.067 [FXGL Background Thread 1 ] DEBUG AssetLoader          - Loading from file system: /assets/textures/particles/trace_horizontal.png
10:55:08.096 [FXGL Background Thread 1 ] DEBUG FXGL.DefaultMenu     - createMenuBodyMainMenu()
10:55:08.117 [FXGL Background Thread 1 ] DEBUG FXGL.DefaultMenu     - createOptionsMenu()
10:55:08.126 [FXGL Background Thread 1 ] DEBUG AssetLoader          - Loading from file system: /assets/textures/particles/smoke.png
10:55:08.203 [FXGL Background Thread 1 ] DEBUG AssetLoader          - Loading from cache: /assets/textures/particles/trace_horizontal.png@64.0x64.0
10:55:08.204 [FXGL Background Thread 1 ] DEBUG FXGL.DefaultMenu     - createMenuBodyGameMenu()
10:55:08.206 [FXGL Background Thread 1 ] DEBUG FXGL.DefaultMenu     - createOptionsMenu()
10:55:08.209 [FXGL Background Thread 1 ] DEBUG AssetLoader          - Loading from cache: /assets/textures/particles/smoke.png@128.0x128.0
10:55:08.239 [FXGL Background Thread 1 ] DEBUG Engine               - Application scenes initialized
10:55:08.243 [JavaFX Application Thread] DEBUG Engine               - Running preInit()
10:55:08.258 [JavaFX Application Thread] DEBUG Input                - Registered new binding: Move Up - W
10:55:08.258 [JavaFX Application Thread] DEBUG Input                - Registered new binding: Move Left - A
10:55:08.258 [JavaFX Application Thread] DEBUG Input                - Registered new binding: Move Down - S
10:55:08.258 [JavaFX Application Thread] DEBUG Input                - Registered new binding: Move Right - D
10:55:08.259 [JavaFX Application Thread] DEBUG Input                - Registered new binding: Place Bomb - Space
10:55:08.259 [JavaFX Application Thread] DEBUG Input                - Registered new binding: Move Up2 - Up
10:55:08.259 [JavaFX Application Thread] DEBUG Input                - Registered new binding: Move Left2 - Left
10:55:08.259 [JavaFX Application Thread] DEBUG Input                - Registered new binding: Move Down2 - Down
10:55:08.259 [JavaFX Application Thread] DEBUG Input                - Registered new binding: Move Right2 - Right
10:55:08.259 [JavaFX Application Thread] DEBUG Input                - Registered new binding: Place Bomb2S - Enter
10:55:08.260 [JavaFX Application Thread] DEBUG Input                - Registered new binding: Screenshot - P
10:55:08.261 [JavaFX Application Thread] DEBUG Input                - Registered new binding: System info dump - CTRL+9
10:55:08.261 [JavaFX Application Thread] DEBUG Input                - Registered new binding: Restart - CTRL+R
10:55:08.262 [JavaFX Application Thread] DEBUG Engine               - generateDefaultProfile()
10:55:08.262 [JavaFX Application Thread] DEBUG Engine               - Creating default profile
10:55:08.262 [JavaFX Application Thread] DEBUG EventBus             - Firing event: SaveEvent
10:55:08.274 [JavaFX Application Thread] INFO  Engine               - FXGL initialization took: 1,444 sec
10:55:08.274 [JavaFX Application Thread] DEBUG LoopRunner           - Starting loop
10:55:08.296 [JavaFX Application Thread] DEBUG FXGLStartupScene     - STARTUP
10:55:08.301 [JavaFX Application Thread] DEBUG Input                - Clearing active input actions
10:55:08.335 [JavaFX Application Thread] DEBUG Engine               - Removing overlay from FXGLStartupScene and adding to FXGLDefaultMenu
10:55:08.335 [JavaFX Application Thread] DEBUG MainWindow           - FXGLStartupScene -> FXGLDefaultMenu
10:55:09.330 [JavaFX Application Thread] DEBUG Menu                 - fireNewGame()
10:55:09.330 [JavaFX Application Thread] DEBUG Engine               - Starting new game
10:55:09.339 [JavaFX Application Thread] DEBUG Input                - Clearing active input actions
10:55:09.341 [FXGL Background Thread 1 ] DEBUG InitAppTask          - Clearing previous game
10:55:09.341 [FXGL Background Thread 1 ] DEBUG GameWorld            - Clearing game world
10:55:09.341 [FXGL Background Thread 1 ] DEBUG PhysicsWorld         - Clearing physics world
10:55:09.341 [FXGL Background Thread 1 ] DEBUG GameScene            - Clearing game scene
10:55:09.341 [FXGL Background Thread 1 ] DEBUG InitAppTask          - Initializing Game
10:55:09.358 [JavaFX Application Thread] DEBUG Engine               - Removing overlay from FXGLDefaultMenu and adding to LoadingScene
10:55:09.359 [JavaFX Application Thread] DEBUG MainWindow           - FXGLDefaultMenu -> LoadingScene
10:55:09.390 [FXGL Background Thread 1 ] DEBUG AssetLoader          - Loading from file system: /assets/textures/floor.png
10:55:09.408 [FXGL Background Thread 1 ] DEBUG AssetLoader          - Loading from file system: /assets/levels/0.txt
10:55:09.418 [FXGL Background Thread 1 ] DEBUG AssetLoader          - Loading from cache: /assets/textures/floor.png@600.0x600.0
10:55:09.419 [FXGL Background Thread 1 ] DEBUG AssetLoader          - Loading from cache: /assets/textures/floor.png@600.0x600.0
10:55:09.420 [FXGL Background Thread 1 ] DEBUG AssetLoader          - Loading from file system: /assets/textures/brick.png
10:55:09.421 [FXGL Background Thread 1 ] DEBUG AssetLoader          - Loading from cache: /assets/textures/brick.png@40.0x40.0
10:55:09.422 [FXGL Background Thread 1 ] DEBUG AssetLoader          - Loading from cache: /assets/textures/brick.png@40.0x40.0
10:55:09.423 [FXGL Background Thread 1 ] DEBUG AssetLoader          - Loading from cache: /assets/textures/brick.png@40.0x40.0
10:55:09.424 [FXGL Background Thread 1 ] DEBUG AssetLoader          - Loading from cache: /assets/textures/brick.png@40.0x40.0
10:55:09.425 [FXGL Background Thread 1 ] DEBUG AssetLoader          - Loading from cache: /assets/textures/brick.png@40.0x40.0
10:55:09.425 [FXGL Background Thread 1 ] DEBUG AssetLoader          - Loading from cache: /assets/textures/brick.png@40.0x40.0
10:55:09.426 [FXGL Background Thread 1 ] DEBUG AssetLoader          - Loading from cache: /assets/textures/brick.png@40.0x40.0
10:55:09.427 [FXGL Background Thread 1 ] DEBUG AssetLoader          - Loading from cache: /assets/textures/brick.png@40.0x40.0
10:55:09.428 [FXGL Background Thread 1 ] DEBUG AssetLoader          - Loading from cache: /assets/textures/brick.png@40.0x40.0
10:55:09.429 [FXGL Background Thread 1 ] DEBUG AssetLoader          - Loading from cache: /assets/textures/brick.png@40.0x40.0
10:55:09.430 [FXGL Background Thread 1 ] DEBUG AssetLoader          - Loading from cache: /assets/textures/floor.png@600.0x600.0
10:55:09.431 [FXGL Background Thread 1 ] DEBUG AssetLoader          - Loading from cache: /assets/textures/floor.png@600.0x600.0
10:55:09.432 [FXGL Background Thread 1 ] DEBUG AssetLoader          - Loading from file system: /assets/textures/wall.png
10:55:09.433 [FXGL Background Thread 1 ] DEBUG AssetLoader          - Loading from cache: /assets/textures/floor.png@600.0x600.0
10:55:09.435 [FXGL Background Thread 1 ] DEBUG AssetLoader          - Loading from cache: /assets/textures/wall.png@40.0x40.0
10:55:09.435 [FXGL Background Thread 1 ] DEBUG AssetLoader          - Loading from cache: /assets/textures/floor.png@600.0x600.0
10:55:09.436 [FXGL Background Thread 1 ] DEBUG AssetLoader          - Loading from cache: /assets/textures/wall.png@40.0x40.0
10:55:09.437 [FXGL Background Thread 1 ] DEBUG AssetLoader          - Loading from cache: /assets/textures/floor.png@600.0x600.0
10:55:09.438 [FXGL Background Thread 1 ] DEBUG AssetLoader          - Loading from cache: /assets/textures/wall.png@40.0x40.0
10:55:09.439 [FXGL Background Thread 1 ] DEBUG AssetLoader          - Loading from cache: /assets/textures/floor.png@600.0x600.0
10:55:09.440 [FXGL Background Thread 1 ] DEBUG AssetLoader          - Loading from cache: /assets/textures/wall.png@40.0x40.0
10:55:09.441 [FXGL Background Thread 1 ] DEBUG AssetLoader          - Loading from cache: /assets/textures/floor.png@600.0x600.0
10:55:09.442 [FXGL Background Thread 1 ] DEBUG AssetLoader          - Loading from cache: /assets/textures/wall.png@40.0x40.0
10:55:09.443 [FXGL Background Thread 1 ] DEBUG AssetLoader          - Loading from cache: /assets/textures/floor.png@600.0x600.0
10:55:09.444 [FXGL Background Thread 1 ] DEBUG AssetLoader          - Loading from cache: /assets/textures/wall.png@40.0x40.0
10:55:09.445 [FXGL Background Thread 1 ] DEBUG AssetLoader          - Loading from cache: /assets/textures/floor.png@600.0x600.0
10:55:09.446 [FXGL Background Thread 1 ] DEBUG AssetLoader          - Loading from cache: /assets/textures/wall.png@40.0x40.0
10:55:09.447 [FXGL Background Thread 1 ] DEBUG AssetLoader          - Loading from cache: /assets/textures/floor.png@600.0x600.0
10:55:09.448 [FXGL Background Thread 1 ] DEBUG AssetLoader          - Loading from cache: /assets/textures/wall.png@40.0x40.0
10:55:09.448 [FXGL Background Thread 1 ] DEBUG AssetLoader          - Loading from cache: /assets/textures/brick.png@40.0x40.0
10:55:09.449 [FXGL Background Thread 1 ] DEBUG AssetLoader          - Loading from cache: /assets/textures/floor.png@600.0x600.0
10:55:09.450 [FXGL Background Thread 1 ] DEBUG AssetLoader          - Loading from cache: /assets/textures/floor.png@600.0x600.0
10:55:09.451 [FXGL Background Thread 1 ] DEBUG AssetLoader          - Loading from cache: /assets/textures/floor.png@600.0x600.0
10:55:09.452 [FXGL Background Thread 1 ] DEBUG AssetLoader          - Loading from cache: /assets/textures/floor.png@600.0x600.0
10:55:09.453 [FXGL Background Thread 1 ] DEBUG AssetLoader          - Loading from cache: /assets/textures/floor.png@600.0x600.0
10:55:09.454 [FXGL Background Thread 1 ] DEBUG AssetLoader          - Loading from cache: /assets/textures/floor.png@600.0x600.0
10:55:09.454 [FXGL Background Thread 1 ] DEBUG AssetLoader          - Loading from cache: /assets/textures/floor.png@600.0x600.0
10:55:09.455 [FXGL Background Thread 1 ] DEBUG AssetLoader          - Loading from cache: /assets/textures/floor.png@600.0x600.0
10:55:09.456 [FXGL Background Thread 1 ] DEBUG AssetLoader          - Loading from cache: /assets/textures/floor.png@600.0x600.0
10:55:09.457 [FXGL Background Thread 1 ] DEBUG AssetLoader          - Loading from cache: /assets/textures/floor.png@600.0x600.0
10:55:09.458 [FXGL Background Thread 1 ] DEBUG AssetLoader          - Loading from cache: /assets/textures/floor.png@600.0x600.0
10:55:09.458 [FXGL Background Thread 1 ] DEBUG AssetLoader          - Loading from cache: /assets/textures/floor.png@600.0x600.0
10:55:09.459 [FXGL Background Thread 1 ] DEBUG AssetLoader          - Loading from cache: /assets/textures/floor.png@600.0x600.0
10:55:09.460 [FXGL Background Thread 1 ] DEBUG AssetLoader          - Loading from cache: /assets/textures/brick.png@40.0x40.0
10:55:09.461 [FXGL Background Thread 1 ] DEBUG AssetLoader          - Loading from cache: /assets/textures/wall.png@40.0x40.0
10:55:09.462 [FXGL Background Thread 1 ] DEBUG AssetLoader          - Loading from cache: /assets/textures/floor.png@600.0x600.0
10:55:09.463 [FXGL Background Thread 1 ] DEBUG AssetLoader          - Loading from cache: /assets/textures/wall.png@40.0x40.0
10:55:09.463 [FXGL Background Thread 1 ] DEBUG AssetLoader          - Loading from cache: /assets/textures/floor.png@600.0x600.0
10:55:09.464 [FXGL Background Thread 1 ] DEBUG AssetLoader          - Loading from cache: /assets/textures/wall.png@40.0x40.0
10:55:09.465 [FXGL Background Thread 1 ] DEBUG AssetLoader          - Loading from cache: /assets/textures/floor.png@600.0x600.0
10:55:09.465 [FXGL Background Thread 1 ] DEBUG AssetLoader          - Loading from cache: /assets/textures/wall.png@40.0x40.0
10:55:09.466 [FXGL Background Thread 1 ] DEBUG AssetLoader          - Loading from cache: /assets/textures/floor.png@600.0x600.0
10:55:09.467 [FXGL Background Thread 1 ] DEBUG AssetLoader          - Loading from cache: /assets/textures/wall.png@40.0x40.0
10:55:09.468 [FXGL Background Thread 1 ] DEBUG AssetLoader          - Loading from cache: /assets/textures/floor.png@600.0x600.0
10:55:09.469 [FXGL Background Thread 1 ] DEBUG AssetLoader          - Loading from cache: /assets/textures/wall.png@40.0x40.0
10:55:09.469 [FXGL Background Thread 1 ] DEBUG AssetLoader          - Loading from cache: /assets/textures/floor.png@600.0x600.0
10:55:09.470 [FXGL Background Thread 1 ] DEBUG AssetLoader          - Loading from cache: /assets/textures/wall.png@40.0x40.0
10:55:09.471 [FXGL Background Thread 1 ] DEBUG AssetLoader          - Loading from cache: /assets/textures/floor.png@600.0x600.0
10:55:09.472 [FXGL Background Thread 1 ] DEBUG AssetLoader          - Loading from cache: /assets/textures/wall.png@40.0x40.0
10:55:09.473 [FXGL Background Thread 1 ] DEBUG AssetLoader          - Loading from cache: /assets/textures/floor.png@600.0x600.0
10:55:09.473 [FXGL Background Thread 1 ] DEBUG AssetLoader          - Loading from cache: /assets/textures/wall.png@40.0x40.0
10:55:09.474 [FXGL Background Thread 1 ] DEBUG AssetLoader          - Loading from cache: /assets/textures/floor.png@600.0x600.0
10:55:09.475 [FXGL Background Thread 1 ] DEBUG AssetLoader          - Loading from cache: /assets/textures/floor.png@600.0x600.0
10:55:09.476 [FXGL Background Thread 1 ] DEBUG AssetLoader          - Loading from cache: /assets/textures/floor.png@600.0x600.0
10:55:09.482 [FXGL Background Thread 1 ] DEBUG AssetLoader          - Loading from cache: /assets/textures/floor.png@600.0x600.0
10:55:09.490 [FXGL Background Thread 1 ] DEBUG AssetLoader          - Loading from cache: /assets/textures/floor.png@600.0x600.0
10:55:09.491 [FXGL Background Thread 1 ] DEBUG AssetLoader          - Loading from cache: /assets/textures/floor.png@600.0x600.0
10:55:09.491 [FXGL Background Thread 1 ] DEBUG AssetLoader          - Loading from cache: /assets/textures/floor.png@600.0x600.0
10:55:09.492 [FXGL Background Thread 1 ] DEBUG AssetLoader          - Loading from cache: /assets/textures/floor.png@600.0x600.0
10:55:09.493 [FXGL Background Thread 1 ] DEBUG AssetLoader          - Loading from cache: /assets/textures/floor.png@600.0x600.0
10:55:09.494 [FXGL Background Thread 1 ] DEBUG AssetLoader          - Loading from cache: /assets/textures/floor.png@600.0x600.0
10:55:09.495 [FXGL Background Thread 1 ] DEBUG AssetLoader          - Loading from cache: /assets/textures/floor.png@600.0x600.0
10:55:09.496 [FXGL Background Thread 1 ] DEBUG AssetLoader          - Loading from cache: /assets/textures/floor.png@600.0x600.0
10:55:09.497 [FXGL Background Thread 1 ] DEBUG AssetLoader          - Loading from cache: /assets/textures/floor.png@600.0x600.0
10:55:09.497 [FXGL Background Thread 1 ] DEBUG AssetLoader          - Loading from cache: /assets/textures/floor.png@600.0x600.0
10:55:09.498 [FXGL Background Thread 1 ] DEBUG AssetLoader          - Loading from cache: /assets/textures/floor.png@600.0x600.0
10:55:09.499 [FXGL Background Thread 1 ] DEBUG AssetLoader          - Loading from cache: /assets/textures/wall.png@40.0x40.0
10:55:09.500 [FXGL Background Thread 1 ] DEBUG AssetLoader          - Loading from cache: /assets/textures/floor.png@600.0x600.0
10:55:09.501 [FXGL Background Thread 1 ] DEBUG AssetLoader          - Loading from cache: /assets/textures/wall.png@40.0x40.0
10:55:09.502 [FXGL Background Thread 1 ] DEBUG AssetLoader          - Loading from cache: /assets/textures/floor.png@600.0x600.0
10:55:09.502 [FXGL Background Thread 1 ] DEBUG AssetLoader          - Loading from cache: /assets/textures/wall.png@40.0x40.0
10:55:09.503 [FXGL Background Thread 1 ] DEBUG AssetLoader          - Loading from cache: /assets/textures/floor.png@600.0x600.0
10:55:09.504 [FXGL Background Thread 1 ] DEBUG AssetLoader          - Loading from cache: /assets/textures/wall.png@40.0x40.0
10:55:09.505 [FXGL Background Thread 1 ] DEBUG AssetLoader          - Loading from cache: /assets/textures/floor.png@600.0x600.0
10:55:09.506 [FXGL Background Thread 1 ] DEBUG AssetLoader          - Loading from cache: /assets/textures/wall.png@40.0x40.0
10:55:09.507 [FXGL Background Thread 1 ] DEBUG AssetLoader          - Loading from cache: /assets/textures/floor.png@600.0x600.0
10:55:09.508 [FXGL Background Thread 1 ] DEBUG AssetLoader          - Loading from cache: /assets/textures/wall.png@40.0x40.0
10:55:09.509 [FXGL Background Thread 1 ] DEBUG AssetLoader          - Loading from cache: /assets/textures/floor.png@600.0x600.0
10:55:09.509 [FXGL Background Thread 1 ] DEBUG AssetLoader          - Loading from cache: /assets/textures/wall.png@40.0x40.0
10:55:09.510 [FXGL Background Thread 1 ] DEBUG AssetLoader          - Loading from cache: /assets/textures/floor.png@600.0x600.0
10:55:09.511 [FXGL Background Thread 1 ] DEBUG AssetLoader          - Loading from cache: /assets/textures/wall.png@40.0x40.0
10:55:09.512 [FXGL Background Thread 1 ] DEBUG AssetLoader          - Loading from cache: /assets/textures/floor.png@600.0x600.0
10:55:09.512 [FXGL Background Thread 1 ] DEBUG AssetLoader          - Loading from cache: /assets/textures/wall.png@40.0x40.0
10:55:09.513 [FXGL Background Thread 1 ] DEBUG AssetLoader          - Loading from cache: /assets/textures/floor.png@600.0x600.0
10:55:09.514 [FXGL Background Thread 1 ] DEBUG AssetLoader          - Loading from cache: /assets/textures/floor.png@600.0x600.0
10:55:09.515 [FXGL Background Thread 1 ] DEBUG AssetLoader          - Loading from cache: /assets/textures/floor.png@600.0x600.0
10:55:09.515 [FXGL Background Thread 1 ] DEBUG AssetLoader          - Loading from cache: /assets/textures/floor.png@600.0x600.0
10:55:09.516 [FXGL Background Thread 1 ] DEBUG AssetLoader          - Loading from cache: /assets/textures/floor.png@600.0x600.0
10:55:09.517 [FXGL Background Thread 1 ] DEBUG AssetLoader          - Loading from cache: /assets/textures/floor.png@600.0x600.0
10:55:09.517 [FXGL Background Thread 1 ] DEBUG AssetLoader          - Loading from cache: /assets/textures/brick.png@40.0x40.0
10:55:09.518 [FXGL Background Thread 1 ] DEBUG AssetLoader          - Loading from cache: /assets/textures/brick.png@40.0x40.0
10:55:09.518 [FXGL Background Thread 1 ] DEBUG AssetLoader          - Loading from cache: /assets/textures/floor.png@600.0x600.0
10:55:09.519 [FXGL Background Thread 1 ] DEBUG AssetLoader          - Loading from cache: /assets/textures/floor.png@600.0x600.0
10:55:09.519 [FXGL Background Thread 1 ] DEBUG AssetLoader          - Loading from cache: /assets/textures/floor.png@600.0x600.0
10:55:09.520 [FXGL Background Thread 1 ] DEBUG AssetLoader          - Loading from cache: /assets/textures/floor.png@600.0x600.0
10:55:09.520 [FXGL Background Thread 1 ] DEBUG AssetLoader          - Loading from cache: /assets/textures/floor.png@600.0x600.0
10:55:09.521 [FXGL Background Thread 1 ] DEBUG AssetLoader          - Loading from cache: /assets/textures/floor.png@600.0x600.0
10:55:09.522 [FXGL Background Thread 1 ] DEBUG AssetLoader          - Loading from cache: /assets/textures/floor.png@600.0x600.0
10:55:09.522 [FXGL Background Thread 1 ] DEBUG AssetLoader          - Loading from cache: /assets/textures/wall.png@40.0x40.0
10:55:09.522 [FXGL Background Thread 1 ] DEBUG AssetLoader          - Loading from cache: /assets/textures/floor.png@600.0x600.0
10:55:09.523 [FXGL Background Thread 1 ] DEBUG AssetLoader          - Loading from cache: /assets/textures/wall.png@40.0x40.0
10:55:09.523 [FXGL Background Thread 1 ] DEBUG AssetLoader          - Loading from cache: /assets/textures/floor.png@600.0x600.0
10:55:09.524 [FXGL Background Thread 1 ] DEBUG AssetLoader          - Loading from cache: /assets/textures/wall.png@40.0x40.0
10:55:09.525 [FXGL Background Thread 1 ] DEBUG AssetLoader          - Loading from cache: /assets/textures/floor.png@600.0x600.0
10:55:09.525 [FXGL Background Thread 1 ] DEBUG AssetLoader          - Loading from cache: /assets/textures/wall.png@40.0x40.0
10:55:09.526 [FXGL Background Thread 1 ] DEBUG AssetLoader          - Loading from cache: /assets/textures/brick.png@40.0x40.0
10:55:09.527 [FXGL Background Thread 1 ] DEBUG AssetLoader          - Loading from cache: /assets/textures/wall.png@40.0x40.0
10:55:09.528 [FXGL Background Thread 1 ] DEBUG AssetLoader          - Loading from cache: /assets/textures/floor.png@600.0x600.0
10:55:09.528 [FXGL Background Thread 1 ] DEBUG AssetLoader          - Loading from cache: /assets/textures/wall.png@40.0x40.0
10:55:09.529 [FXGL Background Thread 1 ] DEBUG AssetLoader          - Loading from cache: /assets/textures/floor.png@600.0x600.0
10:55:09.530 [FXGL Background Thread 1 ] DEBUG AssetLoader          - Loading from cache: /assets/textures/wall.png@40.0x40.0
10:55:09.530 [FXGL Background Thread 1 ] DEBUG AssetLoader          - Loading from cache: /assets/textures/floor.png@600.0x600.0
10:55:09.531 [FXGL Background Thread 1 ] DEBUG AssetLoader          - Loading from cache: /assets/textures/wall.png@40.0x40.0
10:55:09.531 [FXGL Background Thread 1 ] DEBUG AssetLoader          - Loading from cache: /assets/textures/floor.png@600.0x600.0
10:55:09.532 [FXGL Background Thread 1 ] DEBUG AssetLoader          - Loading from cache: /assets/textures/wall.png@40.0x40.0
10:55:09.532 [FXGL Background Thread 1 ] DEBUG AssetLoader          - Loading from cache: /assets/textures/floor.png@600.0x600.0
10:55:09.533 [FXGL Background Thread 1 ] DEBUG AssetLoader          - Loading from cache: /assets/textures/floor.png@600.0x600.0
10:55:09.534 [FXGL Background Thread 1 ] DEBUG AssetLoader          - Loading from cache: /assets/textures/floor.png@600.0x600.0
10:55:09.534 [FXGL Background Thread 1 ] DEBUG AssetLoader          - Loading from cache: /assets/textures/floor.png@600.0x600.0
10:55:09.535 [FXGL Background Thread 1 ] DEBUG AssetLoader          - Loading from cache: /assets/textures/floor.png@600.0x600.0
10:55:09.535 [FXGL Background Thread 1 ] DEBUG AssetLoader          - Loading from cache: /assets/textures/brick.png@40.0x40.0
10:55:09.536 [FXGL Background Thread 1 ] DEBUG AssetLoader          - Loading from cache: /assets/textures/brick.png@40.0x40.0
10:55:09.536 [FXGL Background Thread 1 ] DEBUG AssetLoader          - Loading from cache: /assets/textures/brick.png@40.0x40.0
10:55:09.537 [FXGL Background Thread 1 ] DEBUG AssetLoader          - Loading from cache: /assets/textures/floor.png@600.0x600.0
10:55:09.538 [FXGL Background Thread 1 ] DEBUG AssetLoader          - Loading from cache: /assets/textures/floor.png@600.0x600.0
10:55:09.538 [FXGL Background Thread 1 ] DEBUG AssetLoader          - Loading from cache: /assets/textures/floor.png@600.0x600.0
10:55:09.539 [FXGL Background Thread 1 ] DEBUG AssetLoader          - Loading from cache: /assets/textures/floor.png@600.0x600.0
10:55:09.539 [FXGL Background Thread 1 ] DEBUG AssetLoader          - Loading from cache: /assets/textures/floor.png@600.0x600.0
10:55:09.540 [FXGL Background Thread 1 ] DEBUG AssetLoader          - Loading from cache: /assets/textures/floor.png@600.0x600.0
10:55:09.540 [FXGL Background Thread 1 ] DEBUG AssetLoader          - Loading from cache: /assets/textures/floor.png@600.0x600.0
10:55:09.541 [FXGL Background Thread 1 ] DEBUG AssetLoader          - Loading from cache: /assets/textures/wall.png@40.0x40.0
10:55:09.541 [FXGL Background Thread 1 ] DEBUG AssetLoader          - Loading from cache: /assets/textures/floor.png@600.0x600.0
10:55:09.541 [FXGL Background Thread 1 ] DEBUG AssetLoader          - Loading from cache: /assets/textures/wall.png@40.0x40.0
10:55:09.542 [FXGL Background Thread 1 ] DEBUG AssetLoader          - Loading from cache: /assets/textures/floor.png@600.0x600.0
10:55:09.542 [FXGL Background Thread 1 ] DEBUG AssetLoader          - Loading from cache: /assets/textures/wall.png@40.0x40.0
10:55:09.543 [FXGL Background Thread 1 ] DEBUG AssetLoader          - Loading from cache: /assets/textures/floor.png@600.0x600.0
10:55:09.543 [FXGL Background Thread 1 ] DEBUG AssetLoader          - Loading from cache: /assets/textures/wall.png@40.0x40.0
10:55:09.544 [FXGL Background Thread 1 ] DEBUG AssetLoader          - Loading from cache: /assets/textures/floor.png@600.0x600.0
10:55:09.544 [FXGL Background Thread 1 ] DEBUG AssetLoader          - Loading from cache: /assets/textures/wall.png@40.0x40.0
10:55:09.545 [FXGL Background Thread 1 ] DEBUG AssetLoader          - Loading from cache: /assets/textures/floor.png@600.0x600.0
10:55:09.545 [FXGL Background Thread 1 ] DEBUG AssetLoader          - Loading from cache: /assets/textures/wall.png@40.0x40.0
10:55:09.546 [FXGL Background Thread 1 ] DEBUG AssetLoader          - Loading from cache: /assets/textures/floor.png@600.0x600.0
10:55:09.546 [FXGL Background Thread 1 ] DEBUG AssetLoader          - Loading from cache: /assets/textures/wall.png@40.0x40.0
10:55:09.547 [FXGL Background Thread 1 ] DEBUG AssetLoader          - Loading from cache: /assets/textures/floor.png@600.0x600.0
10:55:09.548 [FXGL Background Thread 1 ] DEBUG AssetLoader          - Loading from cache: /assets/textures/wall.png@40.0x40.0
10:55:09.548 [FXGL Background Thread 1 ] DEBUG AssetLoader          - Loading from cache: /assets/textures/floor.png@600.0x600.0
10:55:09.549 [FXGL Background Thread 1 ] DEBUG AssetLoader          - Loading from cache: /assets/textures/wall.png@40.0x40.0
10:55:09.550 [FXGL Background Thread 1 ] DEBUG AssetLoader          - Loading from cache: /assets/textures/floor.png@600.0x600.0
10:55:09.550 [FXGL Background Thread 1 ] DEBUG AssetLoader          - Loading from cache: /assets/textures/floor.png@600.0x600.0
10:55:09.551 [FXGL Background Thread 1 ] DEBUG AssetLoader          - Loading from cache: /assets/textures/floor.png@600.0x600.0
10:55:09.552 [FXGL Background Thread 1 ] DEBUG AssetLoader          - Loading from cache: /assets/textures/floor.png@600.0x600.0
10:55:09.552 [FXGL Background Thread 1 ] DEBUG AssetLoader          - Loading from cache: /assets/textures/floor.png@600.0x600.0
10:55:09.553 [FXGL Background Thread 1 ] DEBUG AssetLoader          - Loading from cache: /assets/textures/floor.png@600.0x600.0
10:55:09.553 [FXGL Background Thread 1 ] DEBUG AssetLoader          - Loading from cache: /assets/textures/floor.png@600.0x600.0
10:55:09.554 [FXGL Background Thread 1 ] DEBUG AssetLoader          - Loading from cache: /assets/textures/floor.png@600.0x600.0
10:55:09.554 [FXGL Background Thread 1 ] DEBUG AssetLoader          - Loading from cache: /assets/textures/floor.png@600.0x600.0
10:55:09.555 [FXGL Background Thread 1 ] DEBUG AssetLoader          - Loading from cache: /assets/textures/floor.png@600.0x600.0
10:55:09.556 [FXGL Background Thread 1 ] DEBUG AssetLoader          - Loading from cache: /assets/textures/floor.png@600.0x600.0
10:55:09.556 [FXGL Background Thread 1 ] DEBUG AssetLoader          - Loading from cache: /assets/textures/floor.png@600.0x600.0
10:55:09.557 [FXGL Background Thread 1 ] DEBUG AssetLoader          - Loading from cache: /assets/textures/floor.png@600.0x600.0
10:55:09.557 [FXGL Background Thread 1 ] DEBUG AssetLoader          - Loading from cache: /assets/textures/floor.png@600.0x600.0
10:55:09.557 [FXGL Background Thread 1 ] DEBUG AssetLoader          - Loading from cache: /assets/textures/floor.png@600.0x600.0
10:55:09.558 [FXGL Background Thread 1 ] DEBUG AssetLoader          - Loading from cache: /assets/textures/wall.png@40.0x40.0
10:55:09.558 [FXGL Background Thread 1 ] DEBUG AssetLoader          - Loading from cache: /assets/textures/floor.png@600.0x600.0
10:55:09.559 [FXGL Background Thread 1 ] DEBUG AssetLoader          - Loading from cache: /assets/textures/wall.png@40.0x40.0
10:55:09.559 [FXGL Background Thread 1 ] DEBUG AssetLoader          - Loading from cache: /assets/textures/floor.png@600.0x600.0
10:55:09.560 [FXGL Background Thread 1 ] DEBUG AssetLoader          - Loading from cache: /assets/textures/wall.png@40.0x40.0
10:55:09.560 [FXGL Background Thread 1 ] DEBUG AssetLoader          - Loading from cache: /assets/textures/floor.png@600.0x600.0
10:55:09.561 [FXGL Background Thread 1 ] DEBUG AssetLoader          - Loading from cache: /assets/textures/wall.png@40.0x40.0
10:55:09.561 [FXGL Background Thread 1 ] DEBUG AssetLoader          - Loading from cache: /assets/textures/floor.png@600.0x600.0
10:55:09.561 [FXGL Background Thread 1 ] DEBUG AssetLoader          - Loading from cache: /assets/textures/wall.png@40.0x40.0
10:55:09.562 [FXGL Background Thread 1 ] DEBUG AssetLoader          - Loading from cache: /assets/textures/floor.png@600.0x600.0
10:55:09.562 [FXGL Background Thread 1 ] DEBUG AssetLoader          - Loading from cache: /assets/textures/wall.png@40.0x40.0
10:55:09.563 [FXGL Background Thread 1 ] DEBUG AssetLoader          - Loading from cache: /assets/textures/floor.png@600.0x600.0
10:55:09.564 [FXGL Background Thread 1 ] DEBUG AssetLoader          - Loading from cache: /assets/textures/wall.png@40.0x40.0
10:55:09.564 [FXGL Background Thread 1 ] DEBUG AssetLoader          - Loading from cache: /assets/textures/floor.png@600.0x600.0
10:55:09.565 [FXGL Background Thread 1 ] DEBUG AssetLoader          - Loading from cache: /assets/textures/wall.png@40.0x40.0
10:55:09.565 [FXGL Background Thread 1 ] DEBUG AssetLoader          - Loading from cache: /assets/textures/floor.png@600.0x600.0
10:55:09.566 [FXGL Background Thread 1 ] DEBUG AssetLoader          - Loading from cache: /assets/textures/wall.png@40.0x40.0
10:55:09.566 [FXGL Background Thread 1 ] DEBUG AssetLoader          - Loading from cache: /assets/textures/brick.png@40.0x40.0
10:55:09.567 [FXGL Background Thread 1 ] DEBUG AssetLoader          - Loading from cache: /assets/textures/floor.png@600.0x600.0
10:55:09.567 [FXGL Background Thread 1 ] DEBUG AssetLoader          - Loading from cache: /assets/textures/floor.png@600.0x600.0
10:55:09.568 [FXGL Background Thread 1 ] DEBUG AssetLoader          - Loading from cache: /assets/textures/floor.png@600.0x600.0
10:55:09.568 [FXGL Background Thread 1 ] DEBUG AssetLoader          - Loading from cache: /assets/textures/floor.png@600.0x600.0
10:55:09.569 [FXGL Background Thread 1 ] DEBUG AssetLoader          - Loading from cache: /assets/textures/floor.png@600.0x600.0
10:55:09.570 [FXGL Background Thread 1 ] DEBUG AssetLoader          - Loading from cache: /assets/textures/floor.png@600.0x600.0
10:55:09.570 [FXGL Background Thread 1 ] DEBUG AssetLoader          - Loading from cache: /assets/textures/floor.png@600.0x600.0
10:55:09.571 [FXGL Background Thread 1 ] DEBUG AssetLoader          - Loading from cache: /assets/textures/floor.png@600.0x600.0
10:55:09.571 [FXGL Background Thread 1 ] DEBUG AssetLoader          - Loading from cache: /assets/textures/floor.png@600.0x600.0
10:55:09.572 [FXGL Background Thread 1 ] DEBUG AssetLoader          - Loading from cache: /assets/textures/floor.png@600.0x600.0
10:55:09.572 [FXGL Background Thread 1 ] DEBUG AssetLoader          - Loading from cache: /assets/textures/floor.png@600.0x600.0
10:55:09.573 [FXGL Background Thread 1 ] DEBUG AssetLoader          - Loading from cache: /assets/textures/floor.png@600.0x600.0
10:55:09.573 [FXGL Background Thread 1 ] DEBUG AssetLoader          - Loading from cache: /assets/textures/floor.png@600.0x600.0
10:55:09.574 [FXGL Background Thread 1 ] DEBUG AssetLoader          - Loading from cache: /assets/textures/brick.png@40.0x40.0
10:55:09.574 [FXGL Background Thread 1 ] DEBUG AssetLoader          - Loading from cache: /assets/textures/wall.png@40.0x40.0
10:55:09.575 [FXGL Background Thread 1 ] DEBUG AssetLoader          - Loading from cache: /assets/textures/floor.png@600.0x600.0
10:55:09.575 [FXGL Background Thread 1 ] DEBUG AssetLoader          - Loading from cache: /assets/textures/wall.png@40.0x40.0
10:55:09.575 [FXGL Background Thread 1 ] DEBUG AssetLoader          - Loading from cache: /assets/textures/floor.png@600.0x600.0
10:55:09.576 [FXGL Background Thread 1 ] DEBUG AssetLoader          - Loading from cache: /assets/textures/wall.png@40.0x40.0
10:55:09.576 [FXGL Background Thread 1 ] DEBUG AssetLoader          - Loading from cache: /assets/textures/floor.png@600.0x600.0
10:55:09.577 [FXGL Background Thread 1 ] DEBUG AssetLoader          - Loading from cache: /assets/textures/wall.png@40.0x40.0
10:55:09.577 [FXGL Background Thread 1 ] DEBUG AssetLoader          - Loading from cache: /assets/textures/floor.png@600.0x600.0
10:55:09.577 [FXGL Background Thread 1 ] DEBUG AssetLoader          - Loading from cache: /assets/textures/wall.png@40.0x40.0
10:55:09.578 [FXGL Background Thread 1 ] DEBUG AssetLoader          - Loading from cache: /assets/textures/floor.png@600.0x600.0
10:55:09.578 [FXGL Background Thread 1 ] DEBUG AssetLoader          - Loading from cache: /assets/textures/wall.png@40.0x40.0
10:55:09.579 [FXGL Background Thread 1 ] DEBUG AssetLoader          - Loading from cache: /assets/textures/floor.png@600.0x600.0
10:55:09.579 [FXGL Background Thread 1 ] DEBUG AssetLoader          - Loading from cache: /assets/textures/wall.png@40.0x40.0
10:55:09.579 [FXGL Background Thread 1 ] DEBUG AssetLoader          - Loading from cache: /assets/textures/floor.png@600.0x600.0
10:55:09.580 [FXGL Background Thread 1 ] DEBUG AssetLoader          - Loading from cache: /assets/textures/wall.png@40.0x40.0
10:55:09.580 [FXGL Background Thread 1 ] DEBUG AssetLoader          - Loading from cache: /assets/textures/floor.png@600.0x600.0
10:55:09.581 [FXGL Background Thread 1 ] DEBUG AssetLoader          - Loading from cache: /assets/textures/wall.png@40.0x40.0
10:55:09.581 [FXGL Background Thread 1 ] DEBUG AssetLoader          - Loading from cache: /assets/textures/floor.png@600.0x600.0
10:55:09.582 [FXGL Background Thread 1 ] DEBUG AssetLoader          - Loading from cache: /assets/textures/floor.png@600.0x600.0
10:55:09.582 [FXGL Background Thread 1 ] DEBUG AssetLoader          - Loading from cache: /assets/textures/brick.png@40.0x40.0
10:55:09.583 [FXGL Background Thread 1 ] DEBUG AssetLoader          - Loading from cache: /assets/textures/brick.png@40.0x40.0
10:55:09.583 [FXGL Background Thread 1 ] DEBUG AssetLoader          - Loading from cache: /assets/textures/brick.png@40.0x40.0
10:55:09.583 [FXGL Background Thread 1 ] DEBUG AssetLoader          - Loading from cache: /assets/textures/brick.png@40.0x40.0
10:55:09.585 [FXGL Background Thread 1 ] DEBUG AssetLoader          - Loading from cache: /assets/textures/brick.png@40.0x40.0
10:55:09.586 [FXGL Background Thread 1 ] DEBUG AssetLoader          - Loading from cache: /assets/textures/brick.png@40.0x40.0
10:55:09.588 [FXGL Background Thread 1 ] DEBUG AssetLoader          - Loading from cache: /assets/textures/brick.png@40.0x40.0
10:55:09.588 [FXGL Background Thread 1 ] DEBUG AssetLoader          - Loading from cache: /assets/textures/brick.png@40.0x40.0
10:55:09.591 [FXGL Background Thread 1 ] DEBUG AssetLoader          - Loading from cache: /assets/textures/brick.png@40.0x40.0
10:55:09.592 [FXGL Background Thread 1 ] DEBUG AssetLoader          - Loading from cache: /assets/textures/brick.png@40.0x40.0
10:55:09.593 [FXGL Background Thread 1 ] DEBUG AssetLoader          - Loading from cache: /assets/textures/brick.png@40.0x40.0
10:55:09.593 [FXGL Background Thread 1 ] DEBUG AssetLoader          - Loading from cache: /assets/textures/floor.png@600.0x600.0
10:55:09.594 [FXGL Background Thread 1 ] DEBUG AssetLoader          - Loading from cache: /assets/textures/floor.png@600.0x600.0
10:55:09.595 [FXGL Background Thread 1 ] DEBUG AssetLoader          - Loading from cache: /assets/textures/wall.png@40.0x40.0
10:55:09.595 [FXGL Background Thread 1 ] DEBUG AssetLoader          - Loading from cache: /assets/textures/wall.png@40.0x40.0
10:55:09.596 [FXGL Background Thread 1 ] DEBUG AssetLoader          - Loading from cache: /assets/textures/wall.png@40.0x40.0
10:55:09.596 [FXGL Background Thread 1 ] DEBUG AssetLoader          - Loading from cache: /assets/textures/wall.png@40.0x40.0
10:55:09.597 [FXGL Background Thread 1 ] DEBUG AssetLoader          - Loading from cache: /assets/textures/wall.png@40.0x40.0
10:55:09.597 [FXGL Background Thread 1 ] DEBUG AssetLoader          - Loading from cache: /assets/textures/wall.png@40.0x40.0
10:55:09.598 [FXGL Background Thread 1 ] DEBUG AssetLoader          - Loading from cache: /assets/textures/wall.png@40.0x40.0
10:55:09.599 [FXGL Background Thread 1 ] DEBUG AssetLoader          - Loading from cache: /assets/textures/wall.png@40.0x40.0
10:55:09.599 [FXGL Background Thread 1 ] DEBUG AssetLoader          - Loading from cache: /assets/textures/wall.png@40.0x40.0
10:55:09.600 [FXGL Background Thread 1 ] DEBUG AssetLoader          - Loading from cache: /assets/textures/wall.png@40.0x40.0
10:55:09.601 [FXGL Background Thread 1 ] DEBUG AssetLoader          - Loading from cache: /assets/textures/wall.png@40.0x40.0
10:55:09.601 [FXGL Background Thread 1 ] DEBUG AssetLoader          - Loading from cache: /assets/textures/wall.png@40.0x40.0
10:55:09.602 [FXGL Background Thread 1 ] DEBUG AssetLoader          - Loading from cache: /assets/textures/wall.png@40.0x40.0
10:55:09.602 [FXGL Background Thread 1 ] DEBUG AssetLoader          - Loading from cache: /assets/textures/wall.png@40.0x40.0
10:55:09.603 [FXGL Background Thread 1 ] DEBUG AssetLoader          - Loading from cache: /assets/textures/wall.png@40.0x40.0
10:55:09.603 [FXGL Background Thread 1 ] DEBUG AssetLoader          - Loading from cache: /assets/textures/wall.png@40.0x40.0
10:55:09.604 [FXGL Background Thread 1 ] DEBUG AssetLoader          - Loading from cache: /assets/textures/wall.png@40.0x40.0
10:55:09.605 [FXGL Background Thread 1 ] DEBUG GameWorld            - Clearing removable entities
10:55:09.608 [FXGL Background Thread 1 ] DEBUG GameWorld            - Setting level: com.almasb.fxgl.entity.level.Level@2db49c1e
10:55:09.625 [FXGL Background Thread 1 ] DEBUG InitAppTask          - Initializing Physics
10:55:09.626 [FXGL Background Thread 1 ] DEBUG InitAppTask          - Initializing UI
10:55:09.626 [FXGL Background Thread 1 ] DEBUG InitAppTask          - Initialization Complete
10:55:09.626 [FXGL Background Thread 1 ] INFO  InitAppTask          - Game initialization took: 0,286 sec
10:55:09.633 [JavaFX Application Thread] DEBUG Input                - Clearing active input actions
10:55:09.707 [JavaFX Application Thread] DEBUG Engine               - Removing overlay from LoadingScene and adding to GameScene
10:55:09.708 [JavaFX Application Thread] DEBUG MainWindow           - LoadingScene -> GameScene
10:55:52.034 [JavaFX Application Thread] DEBUG Engine               - Exiting FXGL
10:55:52.034 [JavaFX Application Thread] DEBUG Engine               - Shutting down background threads
10:55:52.034 [JavaFX Application Thread] DEBUG Engine               - Saving FXGL system data
10:55:52.037 [JavaFX Application Thread] DEBUG FSServiceImpl        - Writing to: C:\Users\Alejandro\Documents\DAD\Eclipse\Bomberdad\system\fxgl.bundle
10:55:52.040 [JavaFX Application Thread] DEBUG Engine               - Closing logger and exiting JavaFX
