10:11:24.841 [main                     ] DEBUG GameApplication      - Logger initialized
10:11:24.906 [main                     ] DEBUG GameApplication      - Logging settings
Title: BomberDAD
Version: 0.1
Width: 600
Height: 600
Fullscreen: false
Intro: false
Menus: true
Profiling: false
Single step:false
App Mode: DEVELOPER
Menu Key: ESCAPE
Stage Style: DECORATED
Scene Factory: class com.almasb.fxgl.app.SceneFactory
Dialog Factory: class com.almasb.fxgl.ui.FXGLDialogFactory
UI Factory: class com.almasb.fxgl.ui.FXGLUIFactory

10:11:25.506 [JavaFX Application Thread] DEBUG Engine               - Initializing FXGL
10:11:25.506 [JavaFX Application Thread] INFO  Engine               - FXGL-11.7 (05.01.2020 09.37) on WINDOWS (J:11.0.4 FX:11.0.1)
10:11:25.507 [JavaFX Application Thread] INFO  Engine               - Source code and latest versions at: https://github.com/AlmasB/FXGL
10:11:25.507 [JavaFX Application Thread] INFO  Engine               -              Join the FXGL chat at: https://gitter.im/AlmasB/FXGL
10:11:25.507 [JavaFX Application Thread] DEBUG Engine               - Initializing environment variables
10:11:25.510 [JavaFX Application Thread] DEBUG Engine               - Logging environment variables
10:11:25.511 [JavaFX Application Thread] DEBUG Engine               - achievements: []
10:11:25.511 [JavaFX Application Thread] DEBUG Engine               - sceneStack: com.almasb.fxgl.app.Engine@5b0c5c6e
10:11:25.511 [JavaFX Application Thread] DEBUG Engine               - language: ObjectProperty [value: ENGLISH]
10:11:25.511 [JavaFX Application Thread] DEBUG Engine               - isCloseConfirmation: false
10:11:25.512 [JavaFX Application Thread] DEBUG Engine               - isProfilingEnabled: false
10:11:25.512 [JavaFX Application Thread] DEBUG Engine               - soundNotification: core/notification.wav
10:11:25.512 [JavaFX Application Thread] DEBUG Engine               - devShowBBoxProperty: BooleanProperty [value: false]
10:11:25.514 [JavaFX Application Thread] DEBUG Engine               - pixelsPerMeter: 50.0
10:11:25.514 [JavaFX Application Thread] DEBUG Engine               - overlayRoot: Group@300398f0
10:11:25.514 [JavaFX Application Thread] DEBUG Engine               - appIcon: fxgl_icon.png
10:11:25.515 [JavaFX Application Thread] DEBUG Engine               - soundMenuBack: menu/back.wav
10:11:25.515 [JavaFX Application Thread] DEBUG Engine               - isFullScreenAllowed: false
10:11:25.515 [JavaFX Application Thread] DEBUG Engine               - isIntroEnabled: false
10:11:25.515 [JavaFX Application Thread] DEBUG Engine               - eventBus: com.almasb.fxgl.event.EventBus@1f0544b
10:11:25.516 [JavaFX Application Thread] DEBUG Engine               - fontMono: lucida_console.ttf
10:11:25.516 [JavaFX Application Thread] DEBUG Engine               - soundMenuSelect: menu/select.wav
10:11:25.516 [JavaFX Application Thread] DEBUG Engine               - isWindows: true
10:11:25.516 [JavaFX Application Thread] DEBUG Engine               - isMobile: false
10:11:25.516 [JavaFX Application Thread] DEBUG Engine               - height: 600
10:11:25.517 [JavaFX Application Thread] DEBUG Engine               - isExperimentalNative: false
10:11:25.517 [JavaFX Application Thread] DEBUG Engine               - isSingleStep: false
10:11:25.517 [JavaFX Application Thread] DEBUG Engine               - cSSList: [fxgl_dark.css]
10:11:25.517 [JavaFX Application Thread] DEBUG Engine               - fontGame: Abel-Regular.ttf
10:11:25.517 [JavaFX Application Thread] DEBUG Engine               - menuKey: ESCAPE
10:11:25.518 [JavaFX Application Thread] DEBUG Engine               - devShowPositionProperty: BooleanProperty [value: false]
10:11:25.518 [JavaFX Application Thread] DEBUG Engine               - versionCheckDays: 7
10:11:25.518 [JavaFX Application Thread] DEBUG Engine               - masterTimer: com.almasb.fxgl.time.Timer@38a69737
10:11:25.518 [JavaFX Application Thread] DEBUG Engine               - configClass: Optional.empty
10:11:25.518 [JavaFX Application Thread] DEBUG Engine               - isFullScreenFromStart: false
10:11:25.519 [JavaFX Application Thread] DEBUG Engine               - version: 0.1
10:11:25.519 [JavaFX Application Thread] DEBUG Engine               - fullScreen: BooleanProperty [value: false]
10:11:25.519 [JavaFX Application Thread] DEBUG Engine               - randomSeed: -1
10:11:25.519 [JavaFX Application Thread] DEBUG Engine               - dialogFactory: com.almasb.fxgl.ui.FXGLDialogFactory@4fdea283
10:11:25.519 [JavaFX Application Thread] DEBUG Engine               - applicationMode: DEVELOPER
10:11:25.520 [JavaFX Application Thread] DEBUG Engine               - isMac: false
10:11:25.520 [JavaFX Application Thread] DEBUG Engine               - urlGoogleForms: https://goo.gl/forms/6wrMnOBxTE1fEpOy2
10:11:25.520 [JavaFX Application Thread] DEBUG Engine               - isMenuEnabled: true
10:11:25.520 [JavaFX Application Thread] DEBUG Engine               - profileName: user.profile
10:11:25.520 [JavaFX Application Thread] DEBUG Engine               - urlPOM: https://raw.githubusercontent.com/AlmasB/FXGL/master/pom.xml
10:11:25.520 [JavaFX Application Thread] DEBUG Engine               - notificationViewClass: class com.almasb.fxgl.notification.view.XboxNotificationView
10:11:25.521 [JavaFX Application Thread] DEBUG Engine               - devSensorColorProperty: ObjectProperty [value: 0xffff00ff]
10:11:25.521 [JavaFX Application Thread] DEBUG Engine               - sceneFactory: com.almasb.fxgl.app.SceneFactory@63b67790
10:11:25.521 [JavaFX Application Thread] DEBUG Engine               - dataFileExt: .dat
10:11:25.521 [JavaFX Application Thread] DEBUG Engine               - stageStyle: DECORATED
10:11:25.521 [JavaFX Application Thread] DEBUG Engine               - isManualResizeEnabled: false
10:11:25.522 [JavaFX Application Thread] DEBUG Engine               - title: BomberDAD
10:11:25.522 [JavaFX Application Thread] DEBUG Engine               - platform: WINDOWS
10:11:25.522 [JavaFX Application Thread] DEBUG Engine               - devBBoxColorProperty: ObjectProperty [value: 0xff0000ff]
10:11:25.522 [JavaFX Application Thread] DEBUG Engine               - isDesktop: true
10:11:25.522 [JavaFX Application Thread] DEBUG Engine               - credits: []
10:11:25.522 [JavaFX Application Thread] DEBUG Engine               - globalMusicVolumeProperty: DoubleProperty [value: 0.5]
10:11:25.523 [JavaFX Application Thread] DEBUG Engine               - uIFactory: com.almasb.fxgl.ui.FXGLUIFactory@606735a1
10:11:25.523 [JavaFX Application Thread] DEBUG Engine               - isPreserveResizeRatio: false
10:11:25.523 [JavaFX Application Thread] DEBUG Engine               - fontText: Courier-Prime.ttf
10:11:25.523 [JavaFX Application Thread] DEBUG Engine               - isExperimentalTiledLargeMap: false
10:11:25.523 [JavaFX Application Thread] DEBUG Engine               - secondsIn24h: 60
10:11:25.523 [JavaFX Application Thread] DEBUG Engine               - runtimeInfo: RuntimeInfo(platform=WINDOWS, version=11.7, build=05.01.2020 09.37)
10:11:25.524 [JavaFX Application Thread] DEBUG Engine               - isLinux: false
10:11:25.524 [JavaFX Application Thread] DEBUG Engine               - soundMenuPress: menu/press.wav
10:11:25.524 [JavaFX Application Thread] DEBUG Engine               - urlGithub: https://github.com/AlmasB/FXGL
10:11:25.524 [JavaFX Application Thread] DEBUG Engine               - profileDir: profiles/
10:11:25.524 [JavaFX Application Thread] DEBUG Engine               - isDeveloperMenuEnabled: false
10:11:25.524 [JavaFX Application Thread] DEBUG Engine               - globalSoundVolumeProperty: DoubleProperty [value: 0.5]
10:11:25.525 [JavaFX Application Thread] DEBUG Engine               - isBrowser: false
10:11:25.525 [JavaFX Application Thread] DEBUG Engine               - urlLeaderboard: http://fxgl-top.herokuapp.com/
10:11:25.525 [JavaFX Application Thread] DEBUG Engine               - globalSoundVolume: 0.5
10:11:25.525 [JavaFX Application Thread] DEBUG Engine               - saveDir: saves/
10:11:25.525 [JavaFX Application Thread] DEBUG Engine               - engineServices: [class com.almasb.fxgl.audio.AudioPlayer, class com.almasb.fxgl.notification.impl.NotificationServiceProvider, class com.almasb.fxgl.achievement.AchievementManager, class com.almasb.fxgl.cutscene.CutsceneService, class com.almasb.fxgl.minigames.MiniGameService]
10:11:25.525 [JavaFX Application Thread] DEBUG Engine               - globalMusicVolume: 0.5
10:11:25.526 [JavaFX Application Thread] DEBUG Engine               - width: 600
10:11:25.526 [JavaFX Application Thread] DEBUG Engine               - saveFileExt: .sav
10:11:25.526 [JavaFX Application Thread] DEBUG Engine               - isAndroid: false
10:11:25.526 [JavaFX Application Thread] DEBUG Engine               - fontUI: VarelaRound-Regular.ttf
10:11:25.526 [JavaFX Application Thread] DEBUG Engine               - enabledMenuItems: []
10:11:25.526 [JavaFX Application Thread] DEBUG Engine               - isIOS: false
10:11:25.529 [JavaFX Application Thread] DEBUG Engine               - Adding new engine service: class com.almasb.fxgl.audio.AudioPlayer
10:11:25.531 [JavaFX Application Thread] DEBUG Engine               - Adding new engine service: class com.almasb.fxgl.notification.impl.NotificationServiceProvider
10:11:25.531 [JavaFX Application Thread] DEBUG Engine               - Adding new engine service: class com.almasb.fxgl.achievement.AchievementManager
10:11:25.533 [JavaFX Application Thread] DEBUG Engine               - Adding new engine service: class com.almasb.fxgl.cutscene.CutsceneService
10:11:25.533 [JavaFX Application Thread] DEBUG Engine               - Adding new engine service: class com.almasb.fxgl.minigames.MiniGameService
10:11:25.537 [JavaFX Application Thread] DEBUG Engine               - Loading localizations
10:11:25.540 [JavaFX Application Thread] DEBUG AssetLoader          - Loading from file system: /assets/properties/languages/english.properties
10:11:25.543 [JavaFX Application Thread] DEBUG AssetLoader          - Loading from file system: /assets/properties/languages/french.properties
10:11:25.545 [JavaFX Application Thread] DEBUG AssetLoader          - Loading from file system: /assets/properties/languages/german.properties
10:11:25.547 [JavaFX Application Thread] DEBUG AssetLoader          - Loading from file system: /assets/properties/languages/russian.properties
10:11:25.549 [JavaFX Application Thread] DEBUG AssetLoader          - Loading from file system: /assets/properties/languages/hungarian.properties
10:11:25.553 [JavaFX Application Thread] DEBUG Engine               - Registering font factories
10:11:25.554 [JavaFX Application Thread] DEBUG AssetLoader          - Loading from file system: /assets/ui/fonts/VarelaRound-Regular.ttf
10:11:25.896 [JavaFX Application Thread] DEBUG AssetLoader          - Loading from file system: /assets/ui/fonts/Abel-Regular.ttf
10:11:25.899 [JavaFX Application Thread] DEBUG AssetLoader          - Loading from file system: /assets/ui/fonts/lucida_console.ttf
10:11:25.903 [JavaFX Application Thread] DEBUG AssetLoader          - Loading from file system: /assets/ui/fonts/Courier-Prime.ttf
10:11:25.908 [JavaFX Application Thread] DEBUG Engine               - Setting UI factory
10:11:26.020 [JavaFX Application Thread] DEBUG AssetLoader          - Loading from file system: /assets/textures/fxgl_logo.png
10:11:26.114 [JavaFX Application Thread] DEBUG MainWindow           - Creating a JavaFX scene
10:11:26.169 [JavaFX Application Thread] DEBUG MainWindow           - Target settings size: 600.0 x 600.0
10:11:26.169 [JavaFX Application Thread] DEBUG MainWindow           - Scaled scene size:    600.0 x 600.0
10:11:26.169 [JavaFX Application Thread] DEBUG MainWindow           - Scaled ratio: (1.0, 1.0)
10:11:26.171 [JavaFX Application Thread] DEBUG MainWindow           - Set initial scene to FXGLStartupScene
10:11:26.183 [JavaFX Application Thread] DEBUG AssetLoader          - Loading from file system: /assets/textures/fxgl_icon.png
10:11:26.199 [JavaFX Application Thread] DEBUG Engine               - Applying CSS: fxgl_dark.css
10:11:26.199 [JavaFX Application Thread] DEBUG AssetLoader          - Loading from file system: /assets/ui/css/fxgl_dark.css
10:11:26.203 [JavaFX Application Thread] DEBUG AssetLoader          - Loading from file system: /assets/ui/cursors/fxgl_default.png
10:11:26.205 [JavaFX Application Thread] DEBUG MainWindow           - Opening main window
10:11:26.432 [JavaFX Application Thread] DEBUG MainWindow           - Window border size: (16.0, 39.0)
10:11:26.432 [JavaFX Application Thread] DEBUG MainWindow           - Scaled size: 600.0 x 600.0
10:11:26.432 [JavaFX Application Thread] DEBUG MainWindow           - Scaled ratio: (1.0, 1.0)
10:11:26.433 [JavaFX Application Thread] DEBUG MainWindow           - Scene size: 600.0 x 600.0
10:11:26.433 [JavaFX Application Thread] DEBUG MainWindow           - Stage size: 616.0 x 639.0
10:11:26.464 [FXGL Background Thread 1 ] DEBUG FS                   - Loaded FSServiceImpl
10:11:26.464 [FXGL Background Thread 1 ] DEBUG Engine               - Loading FXGL system data
10:11:26.499 [FXGL Background Thread 1 ] DEBUG FSServiceImpl        - Reading from: C:\Users\Pablo\Desktop\OneDrive\DAM2\DAD\Eclipse19\Bomberdad\system\fxgl.bundle
10:11:26.514 [FXGL Background Thread 1 ] DEBUG Engine               - Bundle FXGL: {}
10:11:26.514 [FXGL Background Thread 1 ] DEBUG Engine               - Initializing application scenes
10:11:26.580 [FXGL Background Thread 1 ] DEBUG GameWorld            - Game world initialized
10:11:26.665 [FXGL Background Thread 1 ] DEBUG PhysicsWorld         - Physics world initialized: appHeight=600, physics.ppm=50,0
10:11:26.668 [FXGL Background Thread 1 ] DEBUG GameScene            - Game scene initialized: 600x600
10:11:26.747 [FXGL Background Thread 1 ] DEBUG AssetLoader          - Loading from file system: /assets/textures/particles/trace_horizontal.png
10:11:26.858 [FXGL Background Thread 1 ] DEBUG FXGL.DefaultMenu     - createMenuBodyMainMenu()
10:11:26.881 [FXGL Background Thread 1 ] DEBUG FXGL.DefaultMenu     - createOptionsMenu()
10:11:26.886 [FXGL Background Thread 1 ] DEBUG AssetLoader          - Loading from file system: /assets/textures/particles/smoke.png
10:11:26.997 [FXGL Background Thread 1 ] DEBUG AssetLoader          - Loading from cache: /assets/textures/particles/trace_horizontal.png@64.0x64.0
10:11:26.998 [FXGL Background Thread 1 ] DEBUG FXGL.DefaultMenu     - createMenuBodyGameMenu()
10:11:26.999 [FXGL Background Thread 1 ] DEBUG FXGL.DefaultMenu     - createOptionsMenu()
10:11:27.003 [FXGL Background Thread 1 ] DEBUG AssetLoader          - Loading from cache: /assets/textures/particles/smoke.png@128.0x128.0
10:11:27.054 [FXGL Background Thread 1 ] DEBUG Engine               - Application scenes initialized
10:11:27.060 [JavaFX Application Thread] DEBUG Engine               - Running preInit()
10:11:27.076 [JavaFX Application Thread] DEBUG Input                - Registered new binding: Move Up - W
10:11:27.076 [JavaFX Application Thread] DEBUG Input                - Registered new binding: Move Left - A
10:11:27.077 [JavaFX Application Thread] DEBUG Input                - Registered new binding: Move Down - S
10:11:27.077 [JavaFX Application Thread] DEBUG Input                - Registered new binding: Move Right - D
10:11:27.077 [JavaFX Application Thread] DEBUG Input                - Registered new binding: Place Bomb - Space
10:11:27.077 [JavaFX Application Thread] DEBUG Input                - Registered new binding: Move Up2 - Up
10:11:27.077 [JavaFX Application Thread] DEBUG Input                - Registered new binding: Move Left2 - Left
10:11:27.077 [JavaFX Application Thread] DEBUG Input                - Registered new binding: Move Down2 - Down
10:11:27.077 [JavaFX Application Thread] DEBUG Input                - Registered new binding: Move Right2 - Right
10:11:27.078 [JavaFX Application Thread] DEBUG Input                - Registered new binding: Place Bomb2S - Enter
10:11:27.079 [JavaFX Application Thread] DEBUG Input                - Registered new binding: Screenshot - P
10:11:27.079 [JavaFX Application Thread] DEBUG Input                - Registered new binding: System info dump - CTRL+9
10:11:27.080 [JavaFX Application Thread] DEBUG Input                - Registered new binding: Restart - CTRL+R
10:11:27.080 [JavaFX Application Thread] DEBUG Engine               - generateDefaultProfile()
10:11:27.080 [JavaFX Application Thread] DEBUG Engine               - Creating default profile
10:11:27.080 [JavaFX Application Thread] DEBUG EventBus             - Firing event: SaveEvent
10:11:27.101 [JavaFX Application Thread] INFO  Engine               - FXGL initialization took: 1,564 sec
10:11:27.101 [JavaFX Application Thread] DEBUG LoopRunner           - Starting loop
10:11:27.113 [JavaFX Application Thread] DEBUG FXGLStartupScene     - STARTUP
10:11:27.120 [JavaFX Application Thread] DEBUG Input                - Clearing active input actions
10:11:27.156 [JavaFX Application Thread] DEBUG Engine               - Removing overlay from FXGLStartupScene and adding to FXGLDefaultMenu
10:11:27.157 [JavaFX Application Thread] DEBUG MainWindow           - FXGLStartupScene -> FXGLDefaultMenu
10:11:28.016 [JavaFX Application Thread] DEBUG Engine               - Exiting FXGL
10:11:28.016 [JavaFX Application Thread] DEBUG Engine               - Shutting down background threads
10:11:28.017 [JavaFX Application Thread] DEBUG Engine               - Saving FXGL system data
10:11:28.019 [JavaFX Application Thread] DEBUG FSServiceImpl        - Writing to: C:\Users\Pablo\Desktop\OneDrive\DAM2\DAD\Eclipse19\Bomberdad\system\fxgl.bundle
10:11:28.022 [JavaFX Application Thread] DEBUG Engine               - Closing logger and exiting JavaFX
