13:37:54.356 [main                     ] DEBUG GameApplication      - Logger initialized
13:37:54.394 [main                     ] DEBUG GameApplication      - Logging settings
Title: BomberDAD
Version: 0.1
Width: 600
Height: 600
Fullscreen: false
Intro: false
Menus: true
Profiling: false
Single step:false
App Mode: DEVELOPER
Menu Key: ESCAPE
Stage Style: DECORATED
Scene Factory: class com.almasb.fxgl.app.SceneFactory
Dialog Factory: class com.almasb.fxgl.ui.FXGLDialogFactory
UI Factory: class com.almasb.fxgl.ui.FXGLUIFactory

13:37:55.188 [JavaFX Application Thread] DEBUG Engine               - Initializing FXGL
13:37:55.189 [JavaFX Application Thread] INFO  Engine               - FXGL-11.7 (05.01.2020 09.37) on WINDOWS (J:11.0.4 FX:11.0.1)
13:37:55.189 [JavaFX Application Thread] INFO  Engine               - Source code and latest versions at: https://github.com/AlmasB/FXGL
13:37:55.190 [JavaFX Application Thread] INFO  Engine               -              Join the FXGL chat at: https://gitter.im/AlmasB/FXGL
13:37:55.190 [JavaFX Application Thread] DEBUG Engine               - Initializing environment variables
13:37:55.195 [JavaFX Application Thread] DEBUG Engine               - Logging environment variables
13:37:55.195 [JavaFX Application Thread] DEBUG Engine               - achievements: []
13:37:55.196 [JavaFX Application Thread] DEBUG Engine               - sceneStack: com.almasb.fxgl.app.Engine@ddc54aeb
13:37:55.196 [JavaFX Application Thread] DEBUG Engine               - language: ObjectProperty [value: ENGLISH]
13:37:55.196 [JavaFX Application Thread] DEBUG Engine               - isCloseConfirmation: false
13:37:55.197 [JavaFX Application Thread] DEBUG Engine               - isProfilingEnabled: false
13:37:55.197 [JavaFX Application Thread] DEBUG Engine               - soundNotification: core/notification.wav
13:37:55.197 [JavaFX Application Thread] DEBUG Engine               - devShowBBoxProperty: BooleanProperty [value: false]
13:37:55.198 [JavaFX Application Thread] DEBUG Engine               - pixelsPerMeter: 50.0
13:37:55.199 [JavaFX Application Thread] DEBUG Engine               - overlayRoot: Group@dc6b8cd
13:37:55.199 [JavaFX Application Thread] DEBUG Engine               - appIcon: fxgl_icon.png
13:37:55.199 [JavaFX Application Thread] DEBUG Engine               - soundMenuBack: menu/back.wav
13:37:55.200 [JavaFX Application Thread] DEBUG Engine               - isFullScreenAllowed: false
13:37:55.200 [JavaFX Application Thread] DEBUG Engine               - isIntroEnabled: false
13:37:55.200 [JavaFX Application Thread] DEBUG Engine               - eventBus: com.almasb.fxgl.event.EventBus@eb6c9ba9
13:37:55.200 [JavaFX Application Thread] DEBUG Engine               - fontMono: lucida_console.ttf
13:37:55.201 [JavaFX Application Thread] DEBUG Engine               - soundMenuSelect: menu/select.wav
13:37:55.201 [JavaFX Application Thread] DEBUG Engine               - isWindows: true
13:37:55.201 [JavaFX Application Thread] DEBUG Engine               - isMobile: false
13:37:55.201 [JavaFX Application Thread] DEBUG Engine               - height: 600
13:37:55.202 [JavaFX Application Thread] DEBUG Engine               - isExperimentalNative: false
13:37:55.202 [JavaFX Application Thread] DEBUG Engine               - isSingleStep: false
13:37:55.202 [JavaFX Application Thread] DEBUG Engine               - cSSList: [fxgl_dark.css]
13:37:55.202 [JavaFX Application Thread] DEBUG Engine               - fontGame: Abel-Regular.ttf
13:37:55.202 [JavaFX Application Thread] DEBUG Engine               - menuKey: ESCAPE
13:37:55.203 [JavaFX Application Thread] DEBUG Engine               - devShowPositionProperty: BooleanProperty [value: false]
13:37:55.203 [JavaFX Application Thread] DEBUG Engine               - versionCheckDays: 7
13:37:55.203 [JavaFX Application Thread] DEBUG Engine               - masterTimer: com.almasb.fxgl.time.Timer@585e2686
13:37:55.203 [JavaFX Application Thread] DEBUG Engine               - configClass: Optional.empty
13:37:55.204 [JavaFX Application Thread] DEBUG Engine               - isFullScreenFromStart: false
13:37:55.204 [JavaFX Application Thread] DEBUG Engine               - version: 0.1
13:37:55.204 [JavaFX Application Thread] DEBUG Engine               - fullScreen: BooleanProperty [value: false]
13:37:55.204 [JavaFX Application Thread] DEBUG Engine               - randomSeed: -1
13:37:55.204 [JavaFX Application Thread] DEBUG Engine               - dialogFactory: com.almasb.fxgl.ui.FXGLDialogFactory@c9eeda76
13:37:55.205 [JavaFX Application Thread] DEBUG Engine               - applicationMode: DEVELOPER
13:37:55.205 [JavaFX Application Thread] DEBUG Engine               - isMac: false
13:37:55.205 [JavaFX Application Thread] DEBUG Engine               - urlGoogleForms: https://goo.gl/forms/6wrMnOBxTE1fEpOy2
13:37:55.206 [JavaFX Application Thread] DEBUG Engine               - isMenuEnabled: true
13:37:55.206 [JavaFX Application Thread] DEBUG Engine               - urlPOM: https://raw.githubusercontent.com/AlmasB/FXGL/master/pom.xml
13:37:55.206 [JavaFX Application Thread] DEBUG Engine               - profileName: user.profile
13:37:55.207 [JavaFX Application Thread] DEBUG Engine               - devSensorColorProperty: ObjectProperty [value: 0xffff00ff]
13:37:55.207 [JavaFX Application Thread] DEBUG Engine               - notificationViewClass: class com.almasb.fxgl.notification.view.XboxNotificationView
13:37:55.207 [JavaFX Application Thread] DEBUG Engine               - dataFileExt: .dat
13:37:55.208 [JavaFX Application Thread] DEBUG Engine               - sceneFactory: com.almasb.fxgl.app.SceneFactory@26dc23f5
13:37:55.208 [JavaFX Application Thread] DEBUG Engine               - stageStyle: DECORATED
13:37:55.208 [JavaFX Application Thread] DEBUG Engine               - isManualResizeEnabled: false
13:37:55.208 [JavaFX Application Thread] DEBUG Engine               - title: BomberDAD
13:37:55.209 [JavaFX Application Thread] DEBUG Engine               - platform: WINDOWS
13:37:55.210 [JavaFX Application Thread] DEBUG Engine               - devBBoxColorProperty: ObjectProperty [value: 0xff0000ff]
13:37:55.210 [JavaFX Application Thread] DEBUG Engine               - isDesktop: true
13:37:55.210 [JavaFX Application Thread] DEBUG Engine               - globalMusicVolumeProperty: DoubleProperty [value: 0.5]
13:37:55.211 [JavaFX Application Thread] DEBUG Engine               - credits: []
13:37:55.211 [JavaFX Application Thread] DEBUG Engine               - isPreserveResizeRatio: false
13:37:55.211 [JavaFX Application Thread] DEBUG Engine               - uIFactory: com.almasb.fxgl.ui.FXGLUIFactory@852b34cc
13:37:55.211 [JavaFX Application Thread] DEBUG Engine               - fontText: Courier-Prime.ttf
13:37:55.211 [JavaFX Application Thread] DEBUG Engine               - isExperimentalTiledLargeMap: false
13:37:55.212 [JavaFX Application Thread] DEBUG Engine               - secondsIn24h: 60
13:37:55.212 [JavaFX Application Thread] DEBUG Engine               - runtimeInfo: RuntimeInfo(platform=WINDOWS, version=11.7, build=05.01.2020 09.37)
13:37:55.212 [JavaFX Application Thread] DEBUG Engine               - urlGithub: https://github.com/AlmasB/FXGL
13:37:55.212 [JavaFX Application Thread] DEBUG Engine               - isLinux: false
13:37:55.213 [JavaFX Application Thread] DEBUG Engine               - soundMenuPress: menu/press.wav
13:37:55.213 [JavaFX Application Thread] DEBUG Engine               - profileDir: profiles/
13:37:55.213 [JavaFX Application Thread] DEBUG Engine               - globalSoundVolumeProperty: DoubleProperty [value: 0.5]
13:37:55.213 [JavaFX Application Thread] DEBUG Engine               - isDeveloperMenuEnabled: false
13:37:55.214 [JavaFX Application Thread] DEBUG Engine               - urlLeaderboard: http://fxgl-top.herokuapp.com/
13:37:55.214 [JavaFX Application Thread] DEBUG Engine               - isBrowser: false
13:37:55.214 [JavaFX Application Thread] DEBUG Engine               - globalSoundVolume: 0.5
13:37:55.214 [JavaFX Application Thread] DEBUG Engine               - saveDir: saves/
13:37:55.215 [JavaFX Application Thread] DEBUG Engine               - engineServices: [class com.almasb.fxgl.audio.AudioPlayer, class com.almasb.fxgl.notification.impl.NotificationServiceProvider, class com.almasb.fxgl.achievement.AchievementManager, class com.almasb.fxgl.cutscene.CutsceneService, class com.almasb.fxgl.minigames.MiniGameService]
13:37:55.215 [JavaFX Application Thread] DEBUG Engine               - globalMusicVolume: 0.5
13:37:55.215 [JavaFX Application Thread] DEBUG Engine               - width: 600
13:37:55.215 [JavaFX Application Thread] DEBUG Engine               - saveFileExt: .sav
13:37:55.216 [JavaFX Application Thread] DEBUG Engine               - isAndroid: false
13:37:55.216 [JavaFX Application Thread] DEBUG Engine               - fontUI: VarelaRound-Regular.ttf
13:37:55.216 [JavaFX Application Thread] DEBUG Engine               - isIOS: false
13:37:55.217 [JavaFX Application Thread] DEBUG Engine               - enabledMenuItems: []
13:37:55.220 [JavaFX Application Thread] DEBUG Engine               - Adding new engine service: class com.almasb.fxgl.audio.AudioPlayer
13:37:55.222 [JavaFX Application Thread] DEBUG Engine               - Adding new engine service: class com.almasb.fxgl.notification.impl.NotificationServiceProvider
13:37:55.222 [JavaFX Application Thread] DEBUG Engine               - Adding new engine service: class com.almasb.fxgl.achievement.AchievementManager
13:37:55.223 [JavaFX Application Thread] DEBUG Engine               - Adding new engine service: class com.almasb.fxgl.cutscene.CutsceneService
13:37:55.224 [JavaFX Application Thread] DEBUG Engine               - Adding new engine service: class com.almasb.fxgl.minigames.MiniGameService
13:37:55.227 [JavaFX Application Thread] DEBUG Engine               - Loading localizations
13:37:55.230 [JavaFX Application Thread] DEBUG AssetLoader          - Loading from file system: /assets/properties/languages/english.properties
13:37:55.238 [JavaFX Application Thread] DEBUG AssetLoader          - Loading from file system: /assets/properties/languages/french.properties
13:37:55.246 [JavaFX Application Thread] DEBUG AssetLoader          - Loading from file system: /assets/properties/languages/german.properties
13:37:55.252 [JavaFX Application Thread] DEBUG AssetLoader          - Loading from file system: /assets/properties/languages/russian.properties
13:37:55.259 [JavaFX Application Thread] DEBUG AssetLoader          - Loading from file system: /assets/properties/languages/hungarian.properties
13:37:55.269 [JavaFX Application Thread] DEBUG Engine               - Registering font factories
13:37:55.270 [JavaFX Application Thread] DEBUG AssetLoader          - Loading from file system: /assets/ui/fonts/VarelaRound-Regular.ttf
13:37:55.900 [JavaFX Application Thread] DEBUG AssetLoader          - Loading from file system: /assets/ui/fonts/Abel-Regular.ttf
13:37:55.921 [JavaFX Application Thread] DEBUG AssetLoader          - Loading from file system: /assets/ui/fonts/lucida_console.ttf
13:37:55.966 [JavaFX Application Thread] DEBUG AssetLoader          - Loading from file system: /assets/ui/fonts/Courier-Prime.ttf
13:37:55.985 [JavaFX Application Thread] DEBUG Engine               - Setting UI factory
13:37:56.168 [JavaFX Application Thread] DEBUG AssetLoader          - Loading from file system: /assets/textures/fxgl_logo.png
13:37:56.324 [JavaFX Application Thread] DEBUG MainWindow           - Creating a JavaFX scene
13:37:56.419 [JavaFX Application Thread] DEBUG MainWindow           - Target settings size: 600.0 x 600.0
13:37:56.419 [JavaFX Application Thread] DEBUG MainWindow           - Scaled scene size:    600.0 x 600.0
13:37:56.420 [JavaFX Application Thread] DEBUG MainWindow           - Scaled ratio: (1.0, 1.0)
13:37:56.423 [JavaFX Application Thread] DEBUG MainWindow           - Set initial scene to FXGLStartupScene
13:37:56.440 [JavaFX Application Thread] DEBUG AssetLoader          - Loading from file system: /assets/textures/fxgl_icon.png
13:37:56.513 [JavaFX Application Thread] DEBUG Engine               - Applying CSS: fxgl_dark.css
13:37:56.514 [JavaFX Application Thread] DEBUG AssetLoader          - Loading from file system: /assets/ui/css/fxgl_dark.css
13:37:56.523 [JavaFX Application Thread] DEBUG AssetLoader          - Loading from file system: /assets/ui/cursors/fxgl_default.png
13:37:56.530 [JavaFX Application Thread] DEBUG MainWindow           - Opening main window
13:37:56.826 [JavaFX Application Thread] DEBUG MainWindow           - Window border size: (14.4000244140625, 37.5999755859375)
13:37:56.826 [JavaFX Application Thread] DEBUG MainWindow           - Scaled size: 600.0 x 600.0
13:37:56.829 [JavaFX Application Thread] DEBUG MainWindow           - Scaled ratio: (1.0, 1.0)
13:37:56.829 [JavaFX Application Thread] DEBUG MainWindow           - Scene size: 600.0 x 600.0
13:37:56.830 [JavaFX Application Thread] DEBUG MainWindow           - Stage size: 614.4000244140625 x 637.5999755859375
13:37:56.888 [FXGL Background Thread 1 ] DEBUG FS                   - Loaded FSServiceImpl
13:37:56.889 [FXGL Background Thread 1 ] DEBUG Engine               - Loading FXGL system data
13:37:56.914 [FXGL Background Thread 1 ] DEBUG FSServiceImpl        - Reading from: C:\Users\Rosmen\eclipse-workspace\Bomberdad\system\fxgl.bundle
13:37:56.938 [FXGL Background Thread 1 ] DEBUG Engine               - Bundle FXGL: {}
13:37:56.939 [FXGL Background Thread 1 ] DEBUG Engine               - Initializing application scenes
13:37:57.075 [FXGL Background Thread 1 ] DEBUG GameWorld            - Game world initialized
13:37:57.192 [FXGL Background Thread 1 ] DEBUG PhysicsWorld         - Physics world initialized: appHeight=600, physics.ppm=50,0
13:37:57.196 [FXGL Background Thread 1 ] DEBUG GameScene            - Game scene initialized: 600x600
13:37:57.295 [FXGL Background Thread 1 ] DEBUG AssetLoader          - Loading from file system: /assets/textures/particles/trace_horizontal.png
13:37:57.317 [FXGL Background Thread 1 ] DEBUG FXGL.DefaultMenu     - createMenuBodyMainMenu()
13:37:57.338 [FXGL Background Thread 1 ] DEBUG FXGL.DefaultMenu     - createOptionsMenu()
13:37:57.348 [FXGL Background Thread 1 ] DEBUG AssetLoader          - Loading from file system: /assets/textures/particles/smoke.png
13:37:57.498 [FXGL Background Thread 1 ] DEBUG AssetLoader          - Loading from cache: /assets/textures/particles/trace_horizontal.png@64.0x64.0
13:37:57.499 [FXGL Background Thread 1 ] DEBUG FXGL.DefaultMenu     - createMenuBodyGameMenu()
13:37:57.503 [FXGL Background Thread 1 ] DEBUG FXGL.DefaultMenu     - createOptionsMenu()
13:37:57.512 [FXGL Background Thread 1 ] DEBUG AssetLoader          - Loading from cache: /assets/textures/particles/smoke.png@128.0x128.0
13:37:57.531 [FXGL Background Thread 1 ] DEBUG Engine               - Application scenes initialized
13:37:57.537 [JavaFX Application Thread] DEBUG Engine               - Running preInit()
13:37:57.546 [JavaFX Application Thread] DEBUG Input                - Registered new binding: Move Up - W
13:37:57.546 [JavaFX Application Thread] DEBUG Input                - Registered new binding: Move Left - A
13:37:57.546 [JavaFX Application Thread] DEBUG Input                - Registered new binding: Move Down - S
13:37:57.546 [JavaFX Application Thread] DEBUG Input                - Registered new binding: Move Right - D
13:37:57.547 [JavaFX Application Thread] DEBUG Input                - Registered new binding: Place Bomb - Space
13:37:57.547 [JavaFX Application Thread] DEBUG Input                - Registered new binding: Move Up2 - Up
13:37:57.547 [JavaFX Application Thread] DEBUG Input                - Registered new binding: Move Left2 - Left
13:37:57.547 [JavaFX Application Thread] DEBUG Input                - Registered new binding: Move Down2 - Down
13:37:57.548 [JavaFX Application Thread] DEBUG Input                - Registered new binding: Move Right2 - Right
13:37:57.548 [JavaFX Application Thread] DEBUG Input                - Registered new binding: Place Bomb2S - Enter
13:37:57.549 [JavaFX Application Thread] DEBUG Input                - Registered new binding: Screenshot - P
13:37:57.550 [JavaFX Application Thread] DEBUG Input                - Registered new binding: System info dump - CTRL+9
13:37:57.551 [JavaFX Application Thread] DEBUG Input                - Registered new binding: Restart - CTRL+R
13:37:57.551 [JavaFX Application Thread] DEBUG Engine               - generateDefaultProfile()
13:37:57.551 [JavaFX Application Thread] DEBUG Engine               - Creating default profile
13:37:57.551 [JavaFX Application Thread] DEBUG EventBus             - Firing event: SaveEvent
13:37:57.568 [JavaFX Application Thread] INFO  Engine               - FXGL initialization took: 2,341 sec
13:37:57.568 [JavaFX Application Thread] DEBUG LoopRunner           - Starting loop
13:37:57.590 [JavaFX Application Thread] DEBUG FXGLStartupScene     - STARTUP
13:37:57.598 [JavaFX Application Thread] DEBUG Input                - Clearing active input actions
13:37:57.654 [JavaFX Application Thread] DEBUG Engine               - Removing overlay from FXGLStartupScene and adding to FXGLDefaultMenu
13:37:57.655 [JavaFX Application Thread] DEBUG MainWindow           - FXGLStartupScene -> FXGLDefaultMenu
13:37:59.614 [JavaFX Application Thread] DEBUG Menu                 - fireNewGame()
13:37:59.615 [JavaFX Application Thread] DEBUG Engine               - Starting new game
13:37:59.630 [JavaFX Application Thread] DEBUG Input                - Clearing active input actions
13:37:59.632 [FXGL Background Thread 1 ] DEBUG InitAppTask          - Clearing previous game
13:37:59.633 [FXGL Background Thread 1 ] DEBUG GameWorld            - Clearing game world
13:37:59.633 [FXGL Background Thread 1 ] DEBUG PhysicsWorld         - Clearing physics world
13:37:59.634 [FXGL Background Thread 1 ] DEBUG GameScene            - Clearing game scene
13:37:59.635 [FXGL Background Thread 1 ] DEBUG InitAppTask          - Initializing Game
13:37:59.669 [FXGL Background Thread 1 ] DEBUG AssetLoader          - Loading from file system: /assets/textures/floor.png
13:37:59.678 [JavaFX Application Thread] DEBUG Engine               - Removing overlay from FXGLDefaultMenu and adding to LoadingScene
13:37:59.679 [JavaFX Application Thread] DEBUG MainWindow           - FXGLDefaultMenu -> LoadingScene
13:37:59.695 [FXGL Background Thread 1 ] DEBUG AssetLoader          - Loading from file system: /assets/levels/0.txt
13:37:59.710 [FXGL Background Thread 1 ] DEBUG AssetLoader          - Loading from cache: /assets/textures/floor.png@600.0x600.0
13:37:59.712 [FXGL Background Thread 1 ] DEBUG AssetLoader          - Loading from cache: /assets/textures/floor.png@600.0x600.0
13:37:59.717 [FXGL Background Thread 1 ] DEBUG AssetLoader          - Loading from file system: /assets/textures/brick.png
13:37:59.721 [FXGL Background Thread 1 ] DEBUG AssetLoader          - Loading from cache: /assets/textures/brick.png@40.0x40.0
13:37:59.723 [FXGL Background Thread 1 ] DEBUG AssetLoader          - Loading from cache: /assets/textures/brick.png@40.0x40.0
13:37:59.725 [FXGL Background Thread 1 ] DEBUG AssetLoader          - Loading from cache: /assets/textures/brick.png@40.0x40.0
13:37:59.727 [FXGL Background Thread 1 ] DEBUG AssetLoader          - Loading from cache: /assets/textures/brick.png@40.0x40.0
13:37:59.729 [FXGL Background Thread 1 ] DEBUG AssetLoader          - Loading from cache: /assets/textures/brick.png@40.0x40.0
13:37:59.732 [FXGL Background Thread 1 ] DEBUG AssetLoader          - Loading from cache: /assets/textures/brick.png@40.0x40.0
13:37:59.734 [FXGL Background Thread 1 ] DEBUG AssetLoader          - Loading from cache: /assets/textures/brick.png@40.0x40.0
13:37:59.736 [FXGL Background Thread 1 ] DEBUG AssetLoader          - Loading from cache: /assets/textures/brick.png@40.0x40.0
13:37:59.738 [FXGL Background Thread 1 ] DEBUG AssetLoader          - Loading from cache: /assets/textures/brick.png@40.0x40.0
13:37:59.740 [FXGL Background Thread 1 ] DEBUG AssetLoader          - Loading from cache: /assets/textures/brick.png@40.0x40.0
13:37:59.743 [FXGL Background Thread 1 ] DEBUG AssetLoader          - Loading from cache: /assets/textures/floor.png@600.0x600.0
13:37:59.746 [FXGL Background Thread 1 ] DEBUG AssetLoader          - Loading from cache: /assets/textures/floor.png@600.0x600.0
13:37:59.748 [FXGL Background Thread 1 ] DEBUG AssetLoader          - Loading from file system: /assets/textures/wall.png
13:37:59.755 [FXGL Background Thread 1 ] DEBUG AssetLoader          - Loading from cache: /assets/textures/floor.png@600.0x600.0
13:37:59.757 [FXGL Background Thread 1 ] DEBUG AssetLoader          - Loading from cache: /assets/textures/floor.png@600.0x600.0
13:37:59.759 [FXGL Background Thread 1 ] DEBUG AssetLoader          - Loading from cache: /assets/textures/floor.png@600.0x600.0
13:37:59.762 [FXGL Background Thread 1 ] DEBUG AssetLoader          - Loading from cache: /assets/textures/wall.png@40.0x40.0
13:37:59.765 [FXGL Background Thread 1 ] DEBUG AssetLoader          - Loading from cache: /assets/textures/floor.png@600.0x600.0
13:37:59.767 [FXGL Background Thread 1 ] DEBUG AssetLoader          - Loading from cache: /assets/textures/wall.png@40.0x40.0
13:37:59.769 [FXGL Background Thread 1 ] DEBUG AssetLoader          - Loading from cache: /assets/textures/floor.png@600.0x600.0
13:37:59.772 [FXGL Background Thread 1 ] DEBUG AssetLoader          - Loading from cache: /assets/textures/wall.png@40.0x40.0
13:37:59.775 [FXGL Background Thread 1 ] DEBUG AssetLoader          - Loading from cache: /assets/textures/floor.png@600.0x600.0
13:37:59.777 [FXGL Background Thread 1 ] DEBUG AssetLoader          - Loading from cache: /assets/textures/wall.png@40.0x40.0
13:37:59.779 [FXGL Background Thread 1 ] DEBUG AssetLoader          - Loading from cache: /assets/textures/floor.png@600.0x600.0
13:37:59.781 [FXGL Background Thread 1 ] DEBUG AssetLoader          - Loading from cache: /assets/textures/wall.png@40.0x40.0
13:37:59.783 [FXGL Background Thread 1 ] DEBUG AssetLoader          - Loading from cache: /assets/textures/floor.png@600.0x600.0
13:37:59.785 [FXGL Background Thread 1 ] DEBUG AssetLoader          - Loading from cache: /assets/textures/wall.png@40.0x40.0
13:37:59.787 [FXGL Background Thread 1 ] DEBUG AssetLoader          - Loading from cache: /assets/textures/floor.png@600.0x600.0
13:37:59.789 [FXGL Background Thread 1 ] DEBUG AssetLoader          - Loading from cache: /assets/textures/wall.png@40.0x40.0
13:37:59.792 [FXGL Background Thread 1 ] DEBUG AssetLoader          - Loading from cache: /assets/textures/brick.png@40.0x40.0
13:37:59.794 [FXGL Background Thread 1 ] DEBUG AssetLoader          - Loading from cache: /assets/textures/floor.png@600.0x600.0
13:37:59.796 [FXGL Background Thread 1 ] DEBUG AssetLoader          - Loading from cache: /assets/textures/floor.png@600.0x600.0
13:37:59.799 [FXGL Background Thread 1 ] DEBUG AssetLoader          - Loading from cache: /assets/textures/floor.png@600.0x600.0
13:37:59.801 [FXGL Background Thread 1 ] DEBUG AssetLoader          - Loading from cache: /assets/textures/floor.png@600.0x600.0
13:37:59.803 [FXGL Background Thread 1 ] DEBUG AssetLoader          - Loading from cache: /assets/textures/floor.png@600.0x600.0
13:37:59.807 [FXGL Background Thread 1 ] DEBUG AssetLoader          - Loading from cache: /assets/textures/floor.png@600.0x600.0
13:37:59.814 [FXGL Background Thread 1 ] DEBUG AssetLoader          - Loading from cache: /assets/textures/floor.png@600.0x600.0
13:37:59.817 [FXGL Background Thread 1 ] DEBUG AssetLoader          - Loading from cache: /assets/textures/floor.png@600.0x600.0
13:37:59.820 [FXGL Background Thread 1 ] DEBUG AssetLoader          - Loading from cache: /assets/textures/floor.png@600.0x600.0
13:37:59.828 [FXGL Background Thread 1 ] DEBUG AssetLoader          - Loading from cache: /assets/textures/floor.png@600.0x600.0
13:37:59.830 [FXGL Background Thread 1 ] DEBUG AssetLoader          - Loading from cache: /assets/textures/floor.png@600.0x600.0
13:37:59.832 [FXGL Background Thread 1 ] DEBUG AssetLoader          - Loading from cache: /assets/textures/floor.png@600.0x600.0
13:37:59.834 [FXGL Background Thread 1 ] DEBUG AssetLoader          - Loading from cache: /assets/textures/floor.png@600.0x600.0
13:37:59.836 [FXGL Background Thread 1 ] DEBUG AssetLoader          - Loading from cache: /assets/textures/brick.png@40.0x40.0
13:37:59.839 [FXGL Background Thread 1 ] DEBUG AssetLoader          - Loading from cache: /assets/textures/wall.png@40.0x40.0
13:37:59.842 [FXGL Background Thread 1 ] DEBUG AssetLoader          - Loading from cache: /assets/textures/floor.png@600.0x600.0
13:37:59.849 [FXGL Background Thread 1 ] DEBUG AssetLoader          - Loading from cache: /assets/textures/wall.png@40.0x40.0
13:37:59.852 [FXGL Background Thread 1 ] DEBUG AssetLoader          - Loading from cache: /assets/textures/floor.png@600.0x600.0
13:37:59.854 [FXGL Background Thread 1 ] DEBUG AssetLoader          - Loading from cache: /assets/textures/wall.png@40.0x40.0
13:37:59.857 [FXGL Background Thread 1 ] DEBUG AssetLoader          - Loading from cache: /assets/textures/floor.png@600.0x600.0
13:37:59.860 [FXGL Background Thread 1 ] DEBUG AssetLoader          - Loading from cache: /assets/textures/wall.png@40.0x40.0
13:37:59.862 [FXGL Background Thread 1 ] DEBUG AssetLoader          - Loading from cache: /assets/textures/floor.png@600.0x600.0
13:37:59.865 [FXGL Background Thread 1 ] DEBUG AssetLoader          - Loading from cache: /assets/textures/wall.png@40.0x40.0
13:37:59.867 [FXGL Background Thread 1 ] DEBUG AssetLoader          - Loading from cache: /assets/textures/floor.png@600.0x600.0
13:37:59.871 [FXGL Background Thread 1 ] DEBUG AssetLoader          - Loading from cache: /assets/textures/wall.png@40.0x40.0
13:37:59.873 [FXGL Background Thread 1 ] DEBUG AssetLoader          - Loading from cache: /assets/textures/floor.png@600.0x600.0
13:37:59.876 [FXGL Background Thread 1 ] DEBUG AssetLoader          - Loading from cache: /assets/textures/wall.png@40.0x40.0
13:37:59.878 [FXGL Background Thread 1 ] DEBUG AssetLoader          - Loading from cache: /assets/textures/floor.png@600.0x600.0
13:37:59.881 [FXGL Background Thread 1 ] DEBUG AssetLoader          - Loading from cache: /assets/textures/wall.png@40.0x40.0
13:37:59.883 [FXGL Background Thread 1 ] DEBUG AssetLoader          - Loading from cache: /assets/textures/floor.png@600.0x600.0
13:37:59.885 [FXGL Background Thread 1 ] DEBUG AssetLoader          - Loading from cache: /assets/textures/wall.png@40.0x40.0
13:37:59.887 [FXGL Background Thread 1 ] DEBUG AssetLoader          - Loading from cache: /assets/textures/floor.png@600.0x600.0
13:37:59.889 [FXGL Background Thread 1 ] DEBUG AssetLoader          - Loading from cache: /assets/textures/floor.png@600.0x600.0
13:37:59.891 [FXGL Background Thread 1 ] DEBUG AssetLoader          - Loading from cache: /assets/textures/floor.png@600.0x600.0
13:37:59.893 [FXGL Background Thread 1 ] DEBUG AssetLoader          - Loading from cache: /assets/textures/floor.png@600.0x600.0
13:37:59.895 [FXGL Background Thread 1 ] DEBUG AssetLoader          - Loading from cache: /assets/textures/floor.png@600.0x600.0
13:37:59.897 [FXGL Background Thread 1 ] DEBUG AssetLoader          - Loading from cache: /assets/textures/floor.png@600.0x600.0
13:37:59.899 [FXGL Background Thread 1 ] DEBUG AssetLoader          - Loading from cache: /assets/textures/floor.png@600.0x600.0
13:37:59.901 [FXGL Background Thread 1 ] DEBUG AssetLoader          - Loading from cache: /assets/textures/floor.png@600.0x600.0
13:37:59.903 [FXGL Background Thread 1 ] DEBUG AssetLoader          - Loading from cache: /assets/textures/floor.png@600.0x600.0
13:37:59.905 [FXGL Background Thread 1 ] DEBUG AssetLoader          - Loading from cache: /assets/textures/floor.png@600.0x600.0
13:37:59.907 [FXGL Background Thread 1 ] DEBUG AssetLoader          - Loading from cache: /assets/textures/floor.png@600.0x600.0
13:37:59.910 [FXGL Background Thread 1 ] DEBUG AssetLoader          - Loading from cache: /assets/textures/floor.png@600.0x600.0
13:37:59.912 [FXGL Background Thread 1 ] DEBUG AssetLoader          - Loading from cache: /assets/textures/floor.png@600.0x600.0
13:37:59.914 [FXGL Background Thread 1 ] DEBUG AssetLoader          - Loading from cache: /assets/textures/floor.png@600.0x600.0
13:37:59.916 [FXGL Background Thread 1 ] DEBUG AssetLoader          - Loading from cache: /assets/textures/floor.png@600.0x600.0
13:37:59.919 [FXGL Background Thread 1 ] DEBUG AssetLoader          - Loading from cache: /assets/textures/wall.png@40.0x40.0
13:37:59.921 [FXGL Background Thread 1 ] DEBUG AssetLoader          - Loading from cache: /assets/textures/floor.png@600.0x600.0
13:37:59.923 [FXGL Background Thread 1 ] DEBUG AssetLoader          - Loading from cache: /assets/textures/wall.png@40.0x40.0
13:37:59.927 [FXGL Background Thread 1 ] DEBUG AssetLoader          - Loading from cache: /assets/textures/floor.png@600.0x600.0
13:37:59.929 [FXGL Background Thread 1 ] DEBUG AssetLoader          - Loading from cache: /assets/textures/wall.png@40.0x40.0
13:37:59.931 [FXGL Background Thread 1 ] DEBUG AssetLoader          - Loading from cache: /assets/textures/floor.png@600.0x600.0
13:37:59.933 [FXGL Background Thread 1 ] DEBUG AssetLoader          - Loading from cache: /assets/textures/wall.png@40.0x40.0
13:37:59.935 [FXGL Background Thread 1 ] DEBUG AssetLoader          - Loading from cache: /assets/textures/floor.png@600.0x600.0
13:37:59.937 [FXGL Background Thread 1 ] DEBUG AssetLoader          - Loading from cache: /assets/textures/wall.png@40.0x40.0
13:37:59.939 [FXGL Background Thread 1 ] DEBUG AssetLoader          - Loading from cache: /assets/textures/floor.png@600.0x600.0
13:37:59.942 [FXGL Background Thread 1 ] DEBUG AssetLoader          - Loading from cache: /assets/textures/wall.png@40.0x40.0
13:37:59.944 [FXGL Background Thread 1 ] DEBUG AssetLoader          - Loading from cache: /assets/textures/floor.png@600.0x600.0
13:37:59.952 [FXGL Background Thread 1 ] DEBUG AssetLoader          - Loading from cache: /assets/textures/wall.png@40.0x40.0
13:37:59.953 [FXGL Background Thread 1 ] DEBUG AssetLoader          - Loading from cache: /assets/textures/floor.png@600.0x600.0
13:37:59.956 [FXGL Background Thread 1 ] DEBUG AssetLoader          - Loading from cache: /assets/textures/wall.png@40.0x40.0
13:37:59.958 [FXGL Background Thread 1 ] DEBUG AssetLoader          - Loading from cache: /assets/textures/floor.png@600.0x600.0
13:37:59.961 [FXGL Background Thread 1 ] DEBUG AssetLoader          - Loading from cache: /assets/textures/wall.png@40.0x40.0
13:37:59.963 [FXGL Background Thread 1 ] DEBUG AssetLoader          - Loading from cache: /assets/textures/floor.png@600.0x600.0
13:37:59.964 [FXGL Background Thread 1 ] DEBUG AssetLoader          - Loading from cache: /assets/textures/floor.png@600.0x600.0
13:37:59.966 [FXGL Background Thread 1 ] DEBUG AssetLoader          - Loading from cache: /assets/textures/floor.png@600.0x600.0
13:37:59.968 [FXGL Background Thread 1 ] DEBUG AssetLoader          - Loading from cache: /assets/textures/floor.png@600.0x600.0
13:37:59.970 [FXGL Background Thread 1 ] DEBUG AssetLoader          - Loading from cache: /assets/textures/floor.png@600.0x600.0
13:37:59.971 [FXGL Background Thread 1 ] DEBUG AssetLoader          - Loading from cache: /assets/textures/floor.png@600.0x600.0
13:37:59.973 [FXGL Background Thread 1 ] DEBUG AssetLoader          - Loading from cache: /assets/textures/brick.png@40.0x40.0
13:37:59.975 [FXGL Background Thread 1 ] DEBUG AssetLoader          - Loading from cache: /assets/textures/brick.png@40.0x40.0
13:37:59.977 [FXGL Background Thread 1 ] DEBUG AssetLoader          - Loading from cache: /assets/textures/floor.png@600.0x600.0
13:37:59.979 [FXGL Background Thread 1 ] DEBUG AssetLoader          - Loading from cache: /assets/textures/floor.png@600.0x600.0
13:37:59.981 [FXGL Background Thread 1 ] DEBUG AssetLoader          - Loading from cache: /assets/textures/floor.png@600.0x600.0
13:37:59.983 [FXGL Background Thread 1 ] DEBUG AssetLoader          - Loading from cache: /assets/textures/floor.png@600.0x600.0
13:37:59.985 [FXGL Background Thread 1 ] DEBUG AssetLoader          - Loading from cache: /assets/textures/floor.png@600.0x600.0
13:37:59.986 [FXGL Background Thread 1 ] DEBUG AssetLoader          - Loading from cache: /assets/textures/floor.png@600.0x600.0
13:37:59.988 [FXGL Background Thread 1 ] DEBUG AssetLoader          - Loading from cache: /assets/textures/floor.png@600.0x600.0
13:37:59.990 [FXGL Background Thread 1 ] DEBUG AssetLoader          - Loading from cache: /assets/textures/wall.png@40.0x40.0
13:37:59.993 [FXGL Background Thread 1 ] DEBUG AssetLoader          - Loading from cache: /assets/textures/floor.png@600.0x600.0
13:37:59.994 [FXGL Background Thread 1 ] DEBUG AssetLoader          - Loading from cache: /assets/textures/wall.png@40.0x40.0
13:37:59.997 [FXGL Background Thread 1 ] DEBUG AssetLoader          - Loading from cache: /assets/textures/floor.png@600.0x600.0
13:37:59.998 [FXGL Background Thread 1 ] DEBUG AssetLoader          - Loading from cache: /assets/textures/wall.png@40.0x40.0
13:38:00.000 [FXGL Background Thread 1 ] DEBUG AssetLoader          - Loading from cache: /assets/textures/floor.png@600.0x600.0
13:38:00.002 [FXGL Background Thread 1 ] DEBUG AssetLoader          - Loading from cache: /assets/textures/wall.png@40.0x40.0
13:38:00.004 [FXGL Background Thread 1 ] DEBUG AssetLoader          - Loading from cache: /assets/textures/brick.png@40.0x40.0
13:38:00.006 [FXGL Background Thread 1 ] DEBUG AssetLoader          - Loading from cache: /assets/textures/wall.png@40.0x40.0
13:38:00.008 [FXGL Background Thread 1 ] DEBUG AssetLoader          - Loading from cache: /assets/textures/floor.png@600.0x600.0
13:38:00.010 [FXGL Background Thread 1 ] DEBUG AssetLoader          - Loading from cache: /assets/textures/wall.png@40.0x40.0
13:38:00.012 [FXGL Background Thread 1 ] DEBUG AssetLoader          - Loading from cache: /assets/textures/floor.png@600.0x600.0
13:38:00.014 [FXGL Background Thread 1 ] DEBUG AssetLoader          - Loading from cache: /assets/textures/wall.png@40.0x40.0
13:38:00.026 [FXGL Background Thread 1 ] DEBUG AssetLoader          - Loading from cache: /assets/textures/floor.png@600.0x600.0
13:38:00.029 [FXGL Background Thread 1 ] DEBUG AssetLoader          - Loading from cache: /assets/textures/wall.png@40.0x40.0
13:38:00.031 [FXGL Background Thread 1 ] DEBUG AssetLoader          - Loading from cache: /assets/textures/floor.png@600.0x600.0
13:38:00.033 [FXGL Background Thread 1 ] DEBUG AssetLoader          - Loading from cache: /assets/textures/wall.png@40.0x40.0
13:38:00.035 [FXGL Background Thread 1 ] DEBUG AssetLoader          - Loading from cache: /assets/textures/floor.png@600.0x600.0
13:38:00.037 [FXGL Background Thread 1 ] DEBUG AssetLoader          - Loading from cache: /assets/textures/floor.png@600.0x600.0
13:38:00.039 [FXGL Background Thread 1 ] DEBUG AssetLoader          - Loading from cache: /assets/textures/floor.png@600.0x600.0
13:38:00.041 [FXGL Background Thread 1 ] DEBUG AssetLoader          - Loading from cache: /assets/textures/floor.png@600.0x600.0
13:38:00.043 [FXGL Background Thread 1 ] DEBUG AssetLoader          - Loading from cache: /assets/textures/floor.png@600.0x600.0
13:38:00.045 [FXGL Background Thread 1 ] DEBUG AssetLoader          - Loading from cache: /assets/textures/brick.png@40.0x40.0
13:38:00.047 [FXGL Background Thread 1 ] DEBUG AssetLoader          - Loading from cache: /assets/textures/brick.png@40.0x40.0
13:38:00.049 [FXGL Background Thread 1 ] DEBUG AssetLoader          - Loading from cache: /assets/textures/brick.png@40.0x40.0
13:38:00.050 [FXGL Background Thread 1 ] DEBUG AssetLoader          - Loading from cache: /assets/textures/floor.png@600.0x600.0
13:38:00.052 [FXGL Background Thread 1 ] DEBUG AssetLoader          - Loading from cache: /assets/textures/floor.png@600.0x600.0
13:38:00.054 [FXGL Background Thread 1 ] DEBUG AssetLoader          - Loading from cache: /assets/textures/floor.png@600.0x600.0
13:38:00.094 [FXGL Background Thread 1 ] DEBUG AssetLoader          - Loading from cache: /assets/textures/floor.png@600.0x600.0
13:38:00.096 [FXGL Background Thread 1 ] DEBUG AssetLoader          - Loading from cache: /assets/textures/floor.png@600.0x600.0
13:38:00.098 [FXGL Background Thread 1 ] DEBUG AssetLoader          - Loading from cache: /assets/textures/floor.png@600.0x600.0
13:38:00.100 [FXGL Background Thread 1 ] DEBUG AssetLoader          - Loading from cache: /assets/textures/floor.png@600.0x600.0
13:38:00.103 [FXGL Background Thread 1 ] DEBUG AssetLoader          - Loading from cache: /assets/textures/wall.png@40.0x40.0
13:38:00.105 [FXGL Background Thread 1 ] DEBUG AssetLoader          - Loading from cache: /assets/textures/floor.png@600.0x600.0
13:38:00.119 [FXGL Background Thread 1 ] DEBUG AssetLoader          - Loading from cache: /assets/textures/wall.png@40.0x40.0
13:38:00.121 [FXGL Background Thread 1 ] DEBUG AssetLoader          - Loading from cache: /assets/textures/floor.png@600.0x600.0
13:38:00.123 [FXGL Background Thread 1 ] DEBUG AssetLoader          - Loading from cache: /assets/textures/wall.png@40.0x40.0
13:38:00.125 [FXGL Background Thread 1 ] DEBUG AssetLoader          - Loading from cache: /assets/textures/floor.png@600.0x600.0
13:38:00.127 [FXGL Background Thread 1 ] DEBUG AssetLoader          - Loading from cache: /assets/textures/wall.png@40.0x40.0
13:38:00.128 [FXGL Background Thread 1 ] DEBUG AssetLoader          - Loading from cache: /assets/textures/floor.png@600.0x600.0
13:38:00.130 [FXGL Background Thread 1 ] DEBUG AssetLoader          - Loading from cache: /assets/textures/wall.png@40.0x40.0
13:38:00.131 [FXGL Background Thread 1 ] DEBUG AssetLoader          - Loading from cache: /assets/textures/floor.png@600.0x600.0
13:38:00.133 [FXGL Background Thread 1 ] DEBUG AssetLoader          - Loading from cache: /assets/textures/wall.png@40.0x40.0
13:38:00.135 [FXGL Background Thread 1 ] DEBUG AssetLoader          - Loading from cache: /assets/textures/floor.png@600.0x600.0
13:38:00.136 [FXGL Background Thread 1 ] DEBUG AssetLoader          - Loading from cache: /assets/textures/wall.png@40.0x40.0
13:38:00.138 [FXGL Background Thread 1 ] DEBUG AssetLoader          - Loading from cache: /assets/textures/floor.png@600.0x600.0
13:38:00.139 [FXGL Background Thread 1 ] DEBUG AssetLoader          - Loading from cache: /assets/textures/wall.png@40.0x40.0
13:38:00.142 [FXGL Background Thread 1 ] DEBUG AssetLoader          - Loading from cache: /assets/textures/floor.png@600.0x600.0
13:38:00.144 [FXGL Background Thread 1 ] DEBUG AssetLoader          - Loading from cache: /assets/textures/wall.png@40.0x40.0
13:38:00.146 [FXGL Background Thread 1 ] DEBUG AssetLoader          - Loading from cache: /assets/textures/floor.png@600.0x600.0
13:38:00.148 [FXGL Background Thread 1 ] DEBUG AssetLoader          - Loading from cache: /assets/textures/floor.png@600.0x600.0
13:38:00.150 [FXGL Background Thread 1 ] DEBUG AssetLoader          - Loading from cache: /assets/textures/floor.png@600.0x600.0
13:38:00.152 [FXGL Background Thread 1 ] DEBUG AssetLoader          - Loading from cache: /assets/textures/floor.png@600.0x600.0
13:38:00.153 [FXGL Background Thread 1 ] DEBUG AssetLoader          - Loading from cache: /assets/textures/floor.png@600.0x600.0
13:38:00.155 [FXGL Background Thread 1 ] DEBUG AssetLoader          - Loading from cache: /assets/textures/floor.png@600.0x600.0
13:38:00.157 [FXGL Background Thread 1 ] DEBUG AssetLoader          - Loading from cache: /assets/textures/floor.png@600.0x600.0
13:38:00.159 [FXGL Background Thread 1 ] DEBUG AssetLoader          - Loading from cache: /assets/textures/floor.png@600.0x600.0
13:38:00.160 [FXGL Background Thread 1 ] DEBUG AssetLoader          - Loading from cache: /assets/textures/floor.png@600.0x600.0
13:38:00.162 [FXGL Background Thread 1 ] DEBUG AssetLoader          - Loading from cache: /assets/textures/floor.png@600.0x600.0
13:38:00.164 [FXGL Background Thread 1 ] DEBUG AssetLoader          - Loading from cache: /assets/textures/floor.png@600.0x600.0
13:38:00.167 [FXGL Background Thread 1 ] DEBUG AssetLoader          - Loading from cache: /assets/textures/floor.png@600.0x600.0
13:38:00.169 [FXGL Background Thread 1 ] DEBUG AssetLoader          - Loading from cache: /assets/textures/floor.png@600.0x600.0
13:38:00.171 [FXGL Background Thread 1 ] DEBUG AssetLoader          - Loading from cache: /assets/textures/floor.png@600.0x600.0
13:38:00.172 [FXGL Background Thread 1 ] DEBUG AssetLoader          - Loading from cache: /assets/textures/floor.png@600.0x600.0
13:38:00.174 [FXGL Background Thread 1 ] DEBUG AssetLoader          - Loading from cache: /assets/textures/wall.png@40.0x40.0
13:38:00.176 [FXGL Background Thread 1 ] DEBUG AssetLoader          - Loading from cache: /assets/textures/floor.png@600.0x600.0
13:38:00.185 [FXGL Background Thread 1 ] DEBUG AssetLoader          - Loading from cache: /assets/textures/wall.png@40.0x40.0
13:38:00.187 [FXGL Background Thread 1 ] DEBUG AssetLoader          - Loading from cache: /assets/textures/floor.png@600.0x600.0
13:38:00.189 [FXGL Background Thread 1 ] DEBUG AssetLoader          - Loading from cache: /assets/textures/wall.png@40.0x40.0
13:38:00.190 [FXGL Background Thread 1 ] DEBUG AssetLoader          - Loading from cache: /assets/textures/floor.png@600.0x600.0
13:38:00.193 [FXGL Background Thread 1 ] DEBUG AssetLoader          - Loading from cache: /assets/textures/wall.png@40.0x40.0
13:38:00.195 [FXGL Background Thread 1 ] DEBUG AssetLoader          - Loading from cache: /assets/textures/floor.png@600.0x600.0
13:38:00.197 [FXGL Background Thread 1 ] DEBUG AssetLoader          - Loading from cache: /assets/textures/wall.png@40.0x40.0
13:38:00.199 [FXGL Background Thread 1 ] DEBUG AssetLoader          - Loading from cache: /assets/textures/floor.png@600.0x600.0
13:38:00.202 [FXGL Background Thread 1 ] DEBUG AssetLoader          - Loading from cache: /assets/textures/wall.png@40.0x40.0
13:38:00.205 [FXGL Background Thread 1 ] DEBUG AssetLoader          - Loading from cache: /assets/textures/floor.png@600.0x600.0
13:38:00.207 [FXGL Background Thread 1 ] DEBUG AssetLoader          - Loading from cache: /assets/textures/wall.png@40.0x40.0
13:38:00.210 [FXGL Background Thread 1 ] DEBUG AssetLoader          - Loading from cache: /assets/textures/floor.png@600.0x600.0
13:38:00.212 [FXGL Background Thread 1 ] DEBUG AssetLoader          - Loading from cache: /assets/textures/wall.png@40.0x40.0
13:38:00.214 [FXGL Background Thread 1 ] DEBUG AssetLoader          - Loading from cache: /assets/textures/floor.png@600.0x600.0
13:38:00.216 [FXGL Background Thread 1 ] DEBUG AssetLoader          - Loading from cache: /assets/textures/wall.png@40.0x40.0
13:38:00.218 [FXGL Background Thread 1 ] DEBUG AssetLoader          - Loading from cache: /assets/textures/brick.png@40.0x40.0
13:38:00.220 [FXGL Background Thread 1 ] DEBUG AssetLoader          - Loading from cache: /assets/textures/floor.png@600.0x600.0
13:38:00.221 [FXGL Background Thread 1 ] DEBUG AssetLoader          - Loading from cache: /assets/textures/floor.png@600.0x600.0
13:38:00.224 [FXGL Background Thread 1 ] DEBUG AssetLoader          - Loading from cache: /assets/textures/floor.png@600.0x600.0
13:38:00.226 [FXGL Background Thread 1 ] DEBUG AssetLoader          - Loading from cache: /assets/textures/floor.png@600.0x600.0
13:38:00.228 [FXGL Background Thread 1 ] DEBUG AssetLoader          - Loading from cache: /assets/textures/floor.png@600.0x600.0
13:38:00.230 [FXGL Background Thread 1 ] DEBUG AssetLoader          - Loading from cache: /assets/textures/floor.png@600.0x600.0
13:38:00.232 [FXGL Background Thread 1 ] DEBUG AssetLoader          - Loading from cache: /assets/textures/floor.png@600.0x600.0
13:38:00.234 [FXGL Background Thread 1 ] DEBUG AssetLoader          - Loading from cache: /assets/textures/floor.png@600.0x600.0
13:38:00.236 [FXGL Background Thread 1 ] DEBUG AssetLoader          - Loading from cache: /assets/textures/floor.png@600.0x600.0
13:38:00.238 [FXGL Background Thread 1 ] DEBUG AssetLoader          - Loading from cache: /assets/textures/floor.png@600.0x600.0
13:38:00.240 [FXGL Background Thread 1 ] DEBUG AssetLoader          - Loading from cache: /assets/textures/floor.png@600.0x600.0
13:38:00.242 [FXGL Background Thread 1 ] DEBUG AssetLoader          - Loading from cache: /assets/textures/floor.png@600.0x600.0
13:38:00.244 [FXGL Background Thread 1 ] DEBUG AssetLoader          - Loading from cache: /assets/textures/floor.png@600.0x600.0
13:38:00.245 [FXGL Background Thread 1 ] DEBUG AssetLoader          - Loading from cache: /assets/textures/brick.png@40.0x40.0
13:38:00.247 [FXGL Background Thread 1 ] DEBUG AssetLoader          - Loading from cache: /assets/textures/wall.png@40.0x40.0
13:38:00.248 [FXGL Background Thread 1 ] DEBUG AssetLoader          - Loading from cache: /assets/textures/floor.png@600.0x600.0
13:38:00.250 [FXGL Background Thread 1 ] DEBUG AssetLoader          - Loading from cache: /assets/textures/wall.png@40.0x40.0
13:38:00.252 [FXGL Background Thread 1 ] DEBUG AssetLoader          - Loading from cache: /assets/textures/floor.png@600.0x600.0
13:38:00.253 [FXGL Background Thread 1 ] DEBUG AssetLoader          - Loading from cache: /assets/textures/wall.png@40.0x40.0
13:38:00.255 [FXGL Background Thread 1 ] DEBUG AssetLoader          - Loading from cache: /assets/textures/floor.png@600.0x600.0
13:38:00.257 [FXGL Background Thread 1 ] DEBUG AssetLoader          - Loading from cache: /assets/textures/wall.png@40.0x40.0
13:38:00.259 [FXGL Background Thread 1 ] DEBUG AssetLoader          - Loading from cache: /assets/textures/floor.png@600.0x600.0
13:38:00.269 [FXGL Background Thread 1 ] DEBUG AssetLoader          - Loading from cache: /assets/textures/wall.png@40.0x40.0
13:38:00.271 [FXGL Background Thread 1 ] DEBUG AssetLoader          - Loading from cache: /assets/textures/floor.png@600.0x600.0
13:38:00.272 [FXGL Background Thread 1 ] DEBUG AssetLoader          - Loading from cache: /assets/textures/wall.png@40.0x40.0
13:38:00.274 [FXGL Background Thread 1 ] DEBUG AssetLoader          - Loading from cache: /assets/textures/floor.png@600.0x600.0
13:38:00.284 [FXGL Background Thread 1 ] DEBUG AssetLoader          - Loading from cache: /assets/textures/wall.png@40.0x40.0
13:38:00.287 [FXGL Background Thread 1 ] DEBUG AssetLoader          - Loading from cache: /assets/textures/floor.png@600.0x600.0
13:38:00.289 [FXGL Background Thread 1 ] DEBUG AssetLoader          - Loading from cache: /assets/textures/wall.png@40.0x40.0
13:38:00.291 [FXGL Background Thread 1 ] DEBUG AssetLoader          - Loading from cache: /assets/textures/floor.png@600.0x600.0
13:38:00.296 [FXGL Background Thread 1 ] DEBUG AssetLoader          - Loading from cache: /assets/textures/wall.png@40.0x40.0
13:38:00.306 [FXGL Background Thread 1 ] DEBUG AssetLoader          - Loading from cache: /assets/textures/floor.png@600.0x600.0
13:38:00.307 [FXGL Background Thread 1 ] DEBUG AssetLoader          - Loading from cache: /assets/textures/floor.png@600.0x600.0
13:38:00.309 [FXGL Background Thread 1 ] DEBUG AssetLoader          - Loading from cache: /assets/textures/brick.png@40.0x40.0
13:38:00.311 [FXGL Background Thread 1 ] DEBUG AssetLoader          - Loading from cache: /assets/textures/brick.png@40.0x40.0
13:38:00.313 [FXGL Background Thread 1 ] DEBUG AssetLoader          - Loading from cache: /assets/textures/brick.png@40.0x40.0
13:38:00.315 [FXGL Background Thread 1 ] DEBUG AssetLoader          - Loading from cache: /assets/textures/brick.png@40.0x40.0
13:38:00.317 [FXGL Background Thread 1 ] DEBUG AssetLoader          - Loading from cache: /assets/textures/brick.png@40.0x40.0
13:38:00.318 [FXGL Background Thread 1 ] DEBUG AssetLoader          - Loading from cache: /assets/textures/brick.png@40.0x40.0
13:38:00.319 [FXGL Background Thread 1 ] DEBUG AssetLoader          - Loading from cache: /assets/textures/brick.png@40.0x40.0
13:38:00.321 [FXGL Background Thread 1 ] DEBUG AssetLoader          - Loading from cache: /assets/textures/brick.png@40.0x40.0
13:38:00.322 [FXGL Background Thread 1 ] DEBUG AssetLoader          - Loading from cache: /assets/textures/brick.png@40.0x40.0
13:38:00.323 [FXGL Background Thread 1 ] DEBUG AssetLoader          - Loading from cache: /assets/textures/brick.png@40.0x40.0
13:38:00.325 [FXGL Background Thread 1 ] DEBUG AssetLoader          - Loading from cache: /assets/textures/brick.png@40.0x40.0
13:38:00.327 [FXGL Background Thread 1 ] DEBUG AssetLoader          - Loading from cache: /assets/textures/floor.png@600.0x600.0
13:38:00.328 [FXGL Background Thread 1 ] DEBUG AssetLoader          - Loading from cache: /assets/textures/floor.png@600.0x600.0
13:38:00.329 [FXGL Background Thread 1 ] DEBUG AssetLoader          - Loading from cache: /assets/textures/wall.png@40.0x40.0
13:38:00.331 [FXGL Background Thread 1 ] DEBUG AssetLoader          - Loading from cache: /assets/textures/wall.png@40.0x40.0
13:38:00.332 [FXGL Background Thread 1 ] DEBUG AssetLoader          - Loading from cache: /assets/textures/wall.png@40.0x40.0
13:38:00.334 [FXGL Background Thread 1 ] DEBUG AssetLoader          - Loading from cache: /assets/textures/wall.png@40.0x40.0
13:38:00.336 [FXGL Background Thread 1 ] DEBUG AssetLoader          - Loading from cache: /assets/textures/wall.png@40.0x40.0
13:38:00.337 [FXGL Background Thread 1 ] DEBUG AssetLoader          - Loading from cache: /assets/textures/wall.png@40.0x40.0
13:38:00.339 [FXGL Background Thread 1 ] DEBUG AssetLoader          - Loading from cache: /assets/textures/wall.png@40.0x40.0
13:38:00.340 [FXGL Background Thread 1 ] DEBUG AssetLoader          - Loading from cache: /assets/textures/wall.png@40.0x40.0
13:38:00.342 [FXGL Background Thread 1 ] DEBUG AssetLoader          - Loading from cache: /assets/textures/wall.png@40.0x40.0
13:38:00.344 [FXGL Background Thread 1 ] DEBUG AssetLoader          - Loading from cache: /assets/textures/wall.png@40.0x40.0
13:38:00.345 [FXGL Background Thread 1 ] DEBUG AssetLoader          - Loading from cache: /assets/textures/wall.png@40.0x40.0
13:38:00.347 [FXGL Background Thread 1 ] DEBUG AssetLoader          - Loading from cache: /assets/textures/wall.png@40.0x40.0
13:38:00.348 [FXGL Background Thread 1 ] DEBUG AssetLoader          - Loading from cache: /assets/textures/wall.png@40.0x40.0
13:38:00.349 [FXGL Background Thread 1 ] DEBUG AssetLoader          - Loading from cache: /assets/textures/wall.png@40.0x40.0
13:38:00.351 [FXGL Background Thread 1 ] DEBUG AssetLoader          - Loading from cache: /assets/textures/wall.png@40.0x40.0
13:38:00.353 [FXGL Background Thread 1 ] DEBUG AssetLoader          - Loading from cache: /assets/textures/wall.png@40.0x40.0
13:38:00.354 [FXGL Background Thread 1 ] DEBUG AssetLoader          - Loading from cache: /assets/textures/wall.png@40.0x40.0
13:38:00.355 [FXGL Background Thread 1 ] DEBUG GameWorld            - Clearing removable entities
13:38:00.360 [FXGL Background Thread 1 ] DEBUG GameWorld            - Setting level: com.almasb.fxgl.entity.level.Level@245c66e4
13:38:00.433 [FXGL Background Thread 1 ] DEBUG InitAppTask          - Initializing Physics
13:38:00.435 [FXGL Background Thread 1 ] DEBUG InitAppTask          - Initializing UI
13:38:00.435 [FXGL Background Thread 1 ] DEBUG InitAppTask          - Initialization Complete
13:38:00.455 [FXGL Background Thread 1 ] INFO  InitAppTask          - Game initialization took: 0,823 sec
13:38:00.461 [JavaFX Application Thread] DEBUG Input                - Clearing active input actions
13:38:00.758 [JavaFX Application Thread] DEBUG Engine               - Removing overlay from LoadingScene and adding to GameScene
13:38:00.759 [JavaFX Application Thread] DEBUG MainWindow           - LoadingScene -> GameScene
13:38:15.773 [JavaFX Application Thread] DEBUG Engine               - Exiting FXGL
13:38:15.773 [JavaFX Application Thread] DEBUG Engine               - Shutting down background threads
13:38:15.774 [JavaFX Application Thread] DEBUG Engine               - Saving FXGL system data
13:38:15.777 [JavaFX Application Thread] DEBUG FSServiceImpl        - Writing to: C:\Users\Rosmen\eclipse-workspace\Bomberdad\system\fxgl.bundle
13:38:15.781 [JavaFX Application Thread] DEBUG Engine               - Closing logger and exiting JavaFX
