11:51:43.810 [main                     ] DEBUG GameApplication      - Logger initialized
11:51:43.856 [main                     ] DEBUG GameApplication      - Logging settings
Title: Bomberdad
Version: 0.0
Width: 800
Height: 600
Fullscreen: false
Intro: false
Menus: false
Profiling: false
Single step:false
App Mode: DEVELOPER
Menu Key: ESCAPE
Stage Style: DECORATED
Scene Factory: class com.almasb.fxgl.app.SceneFactory
Dialog Factory: class com.almasb.fxgl.ui.FXGLDialogFactory
UI Factory: class com.almasb.fxgl.ui.FXGLUIFactory

11:51:44.514 [JavaFX Application Thread] DEBUG Engine               - Initializing FXGL
11:51:44.514 [JavaFX Application Thread] INFO  Engine               - FXGL-11.7 (05.01.2020 09.37) on WINDOWS (J:11.0.4 FX:11.0.1)
11:51:44.515 [JavaFX Application Thread] INFO  Engine               - Source code and latest versions at: https://github.com/AlmasB/FXGL
11:51:44.515 [JavaFX Application Thread] INFO  Engine               -              Join the FXGL chat at: https://gitter.im/AlmasB/FXGL
11:51:44.516 [JavaFX Application Thread] DEBUG Engine               - Initializing environment variables
11:51:44.520 [JavaFX Application Thread] DEBUG Engine               - Logging environment variables
11:51:44.520 [JavaFX Application Thread] DEBUG Engine               - achievements: []
11:51:44.521 [JavaFX Application Thread] DEBUG Engine               - sceneStack: com.almasb.fxgl.app.Engine@4fdbac61
11:51:44.521 [JavaFX Application Thread] DEBUG Engine               - language: ObjectProperty [value: ENGLISH]
11:51:44.521 [JavaFX Application Thread] DEBUG Engine               - isCloseConfirmation: false
11:51:44.522 [JavaFX Application Thread] DEBUG Engine               - isProfilingEnabled: false
11:51:44.522 [JavaFX Application Thread] DEBUG Engine               - soundNotification: core/notification.wav
11:51:44.522 [JavaFX Application Thread] DEBUG Engine               - devShowBBoxProperty: BooleanProperty [value: false]
11:51:44.524 [JavaFX Application Thread] DEBUG Engine               - pixelsPerMeter: 50.0
11:51:44.524 [JavaFX Application Thread] DEBUG Engine               - overlayRoot: Group@11f61dad
11:51:44.524 [JavaFX Application Thread] DEBUG Engine               - soundMenuBack: menu/back.wav
11:51:44.525 [JavaFX Application Thread] DEBUG Engine               - appIcon: fxgl_icon.png
11:51:44.525 [JavaFX Application Thread] DEBUG Engine               - isFullScreenAllowed: false
11:51:44.525 [JavaFX Application Thread] DEBUG Engine               - isIntroEnabled: false
11:51:44.525 [JavaFX Application Thread] DEBUG Engine               - eventBus: com.almasb.fxgl.event.EventBus@4bde8460
11:51:44.526 [JavaFX Application Thread] DEBUG Engine               - fontMono: lucida_console.ttf
11:51:44.526 [JavaFX Application Thread] DEBUG Engine               - soundMenuSelect: menu/select.wav
11:51:44.526 [JavaFX Application Thread] DEBUG Engine               - isWindows: true
11:51:44.526 [JavaFX Application Thread] DEBUG Engine               - isMobile: false
11:51:44.526 [JavaFX Application Thread] DEBUG Engine               - height: 600
11:51:44.526 [JavaFX Application Thread] DEBUG Engine               - isExperimentalNative: false
11:51:44.527 [JavaFX Application Thread] DEBUG Engine               - cSSList: [fxgl_dark.css]
11:51:44.527 [JavaFX Application Thread] DEBUG Engine               - isSingleStep: false
11:51:44.527 [JavaFX Application Thread] DEBUG Engine               - fontGame: Abel-Regular.ttf
11:51:44.527 [JavaFX Application Thread] DEBUG Engine               - menuKey: ESCAPE
11:51:44.527 [JavaFX Application Thread] DEBUG Engine               - devShowPositionProperty: BooleanProperty [value: false]
11:51:44.528 [JavaFX Application Thread] DEBUG Engine               - versionCheckDays: 7
11:51:44.528 [JavaFX Application Thread] DEBUG Engine               - masterTimer: com.almasb.fxgl.time.Timer@59f491de
11:51:44.528 [JavaFX Application Thread] DEBUG Engine               - configClass: Optional.empty
11:51:44.528 [JavaFX Application Thread] DEBUG Engine               - isFullScreenFromStart: false
11:51:44.528 [JavaFX Application Thread] DEBUG Engine               - version: 0.0
11:51:44.528 [JavaFX Application Thread] DEBUG Engine               - fullScreen: BooleanProperty [value: false]
11:51:44.529 [JavaFX Application Thread] DEBUG Engine               - randomSeed: -1
11:51:44.529 [JavaFX Application Thread] DEBUG Engine               - dialogFactory: com.almasb.fxgl.ui.FXGLDialogFactory@5568af15
11:51:44.529 [JavaFX Application Thread] DEBUG Engine               - applicationMode: DEVELOPER
11:51:44.529 [JavaFX Application Thread] DEBUG Engine               - isMac: false
11:51:44.529 [JavaFX Application Thread] DEBUG Engine               - urlGoogleForms: https://goo.gl/forms/6wrMnOBxTE1fEpOy2
11:51:44.529 [JavaFX Application Thread] DEBUG Engine               - isMenuEnabled: false
11:51:44.530 [JavaFX Application Thread] DEBUG Engine               - profileName: user.profile
11:51:44.530 [JavaFX Application Thread] DEBUG Engine               - urlPOM: https://raw.githubusercontent.com/AlmasB/FXGL/master/pom.xml
11:51:44.530 [JavaFX Application Thread] DEBUG Engine               - notificationViewClass: class com.almasb.fxgl.notification.view.XboxNotificationView
11:51:44.530 [JavaFX Application Thread] DEBUG Engine               - devSensorColorProperty: ObjectProperty [value: 0xffff00ff]
11:51:44.530 [JavaFX Application Thread] DEBUG Engine               - dataFileExt: .dat
11:51:44.531 [JavaFX Application Thread] DEBUG Engine               - sceneFactory: com.almasb.fxgl.app.SceneFactory@74d2cb60
11:51:44.531 [JavaFX Application Thread] DEBUG Engine               - stageStyle: DECORATED
11:51:44.531 [JavaFX Application Thread] DEBUG Engine               - isManualResizeEnabled: false
11:51:44.531 [JavaFX Application Thread] DEBUG Engine               - title: Bomberdad
11:51:44.531 [JavaFX Application Thread] DEBUG Engine               - platform: WINDOWS
11:51:44.531 [JavaFX Application Thread] DEBUG Engine               - devBBoxColorProperty: ObjectProperty [value: 0xff0000ff]
11:51:44.532 [JavaFX Application Thread] DEBUG Engine               - isDesktop: true
11:51:44.532 [JavaFX Application Thread] DEBUG Engine               - credits: []
11:51:44.532 [JavaFX Application Thread] DEBUG Engine               - globalMusicVolumeProperty: DoubleProperty [value: 0.5]
11:51:44.532 [JavaFX Application Thread] DEBUG Engine               - isPreserveResizeRatio: false
11:51:44.532 [JavaFX Application Thread] DEBUG Engine               - uIFactory: com.almasb.fxgl.ui.FXGLUIFactory@4b90ac1e
11:51:44.533 [JavaFX Application Thread] DEBUG Engine               - fontText: Courier-Prime.ttf
11:51:44.533 [JavaFX Application Thread] DEBUG Engine               - isExperimentalTiledLargeMap: false
11:51:44.533 [JavaFX Application Thread] DEBUG Engine               - secondsIn24h: 60
11:51:44.533 [JavaFX Application Thread] DEBUG Engine               - runtimeInfo: RuntimeInfo(platform=WINDOWS, version=11.7, build=05.01.2020 09.37)
11:51:44.533 [JavaFX Application Thread] DEBUG Engine               - isLinux: false
11:51:44.533 [JavaFX Application Thread] DEBUG Engine               - soundMenuPress: menu/press.wav
11:51:44.533 [JavaFX Application Thread] DEBUG Engine               - urlGithub: https://github.com/AlmasB/FXGL
11:51:44.534 [JavaFX Application Thread] DEBUG Engine               - profileDir: profiles/
11:51:44.534 [JavaFX Application Thread] DEBUG Engine               - isDeveloperMenuEnabled: false
11:51:44.534 [JavaFX Application Thread] DEBUG Engine               - globalSoundVolumeProperty: DoubleProperty [value: 0.5]
11:51:44.534 [JavaFX Application Thread] DEBUG Engine               - isBrowser: false
11:51:44.534 [JavaFX Application Thread] DEBUG Engine               - urlLeaderboard: http://fxgl-top.herokuapp.com/
11:51:44.534 [JavaFX Application Thread] DEBUG Engine               - globalSoundVolume: 0.5
11:51:44.534 [JavaFX Application Thread] DEBUG Engine               - saveDir: saves/
11:51:44.534 [JavaFX Application Thread] DEBUG Engine               - engineServices: [class com.almasb.fxgl.audio.AudioPlayer, class com.almasb.fxgl.notification.impl.NotificationServiceProvider, class com.almasb.fxgl.achievement.AchievementManager, class com.almasb.fxgl.cutscene.CutsceneService, class com.almasb.fxgl.minigames.MiniGameService]
11:51:44.535 [JavaFX Application Thread] DEBUG Engine               - globalMusicVolume: 0.5
11:51:44.535 [JavaFX Application Thread] DEBUG Engine               - width: 800
11:51:44.535 [JavaFX Application Thread] DEBUG Engine               - saveFileExt: .sav
11:51:44.535 [JavaFX Application Thread] DEBUG Engine               - isAndroid: false
11:51:44.535 [JavaFX Application Thread] DEBUG Engine               - fontUI: VarelaRound-Regular.ttf
11:51:44.535 [JavaFX Application Thread] DEBUG Engine               - isIOS: false
11:51:44.536 [JavaFX Application Thread] DEBUG Engine               - enabledMenuItems: []
11:51:44.539 [JavaFX Application Thread] DEBUG Engine               - Adding new engine service: class com.almasb.fxgl.audio.AudioPlayer
11:51:44.541 [JavaFX Application Thread] DEBUG Engine               - Adding new engine service: class com.almasb.fxgl.notification.impl.NotificationServiceProvider
11:51:44.542 [JavaFX Application Thread] DEBUG Engine               - Adding new engine service: class com.almasb.fxgl.achievement.AchievementManager
11:51:44.543 [JavaFX Application Thread] DEBUG Engine               - Adding new engine service: class com.almasb.fxgl.cutscene.CutsceneService
11:51:44.544 [JavaFX Application Thread] DEBUG Engine               - Adding new engine service: class com.almasb.fxgl.minigames.MiniGameService
11:51:44.548 [JavaFX Application Thread] DEBUG Engine               - Loading localizations
11:51:44.552 [JavaFX Application Thread] DEBUG AssetLoader          - Loading from file system: /assets/properties/languages/english.properties
11:51:44.557 [JavaFX Application Thread] DEBUG AssetLoader          - Loading from file system: /assets/properties/languages/french.properties
11:51:44.559 [JavaFX Application Thread] DEBUG AssetLoader          - Loading from file system: /assets/properties/languages/german.properties
11:51:44.561 [JavaFX Application Thread] DEBUG AssetLoader          - Loading from file system: /assets/properties/languages/russian.properties
11:51:44.563 [JavaFX Application Thread] DEBUG AssetLoader          - Loading from file system: /assets/properties/languages/hungarian.properties
11:51:44.567 [JavaFX Application Thread] DEBUG Engine               - Registering font factories
11:51:44.568 [JavaFX Application Thread] DEBUG AssetLoader          - Loading from file system: /assets/ui/fonts/VarelaRound-Regular.ttf
11:51:44.973 [JavaFX Application Thread] DEBUG AssetLoader          - Loading from file system: /assets/ui/fonts/Abel-Regular.ttf
11:51:45.025 [JavaFX Application Thread] DEBUG AssetLoader          - Loading from file system: /assets/ui/fonts/lucida_console.ttf
11:51:45.040 [JavaFX Application Thread] DEBUG AssetLoader          - Loading from file system: /assets/ui/fonts/Courier-Prime.ttf
11:51:45.044 [JavaFX Application Thread] DEBUG Engine               - Setting UI factory
11:51:45.163 [JavaFX Application Thread] DEBUG AssetLoader          - Loading from file system: /assets/textures/fxgl_logo.png
11:51:45.267 [JavaFX Application Thread] DEBUG MainWindow           - Creating a JavaFX scene
11:51:45.332 [JavaFX Application Thread] DEBUG MainWindow           - Target settings size: 800.0 x 600.0
11:51:45.333 [JavaFX Application Thread] DEBUG MainWindow           - Scaled scene size:    800.0 x 600.0
11:51:45.333 [JavaFX Application Thread] DEBUG MainWindow           - Scaled ratio: (1.0, 1.0)
11:51:45.335 [JavaFX Application Thread] DEBUG MainWindow           - Set initial scene to FXGLStartupScene
11:51:45.348 [JavaFX Application Thread] DEBUG AssetLoader          - Loading from file system: /assets/textures/fxgl_icon.png
11:51:45.368 [JavaFX Application Thread] DEBUG Engine               - Applying CSS: fxgl_dark.css
11:51:45.369 [JavaFX Application Thread] DEBUG AssetLoader          - Loading from file system: /assets/ui/css/fxgl_dark.css
11:51:45.374 [JavaFX Application Thread] DEBUG AssetLoader          - Loading from file system: /assets/ui/cursors/fxgl_default.png
11:51:45.376 [JavaFX Application Thread] DEBUG MainWindow           - Opening main window
11:51:45.589 [JavaFX Application Thread] DEBUG MainWindow           - Window border size: (16.0, 39.0)
11:51:45.589 [JavaFX Application Thread] DEBUG MainWindow           - Scaled size: 800.0 x 600.0
11:51:45.589 [JavaFX Application Thread] DEBUG MainWindow           - Scaled ratio: (1.0, 1.0)
11:51:45.589 [JavaFX Application Thread] DEBUG MainWindow           - Scene size: 800.0 x 600.0
11:51:45.589 [JavaFX Application Thread] DEBUG MainWindow           - Stage size: 816.0 x 639.0
11:51:45.605 [FXGL Background Thread 1 ] DEBUG FS                   - Loaded FSServiceImpl
11:51:45.605 [FXGL Background Thread 1 ] DEBUG Engine               - Loading FXGL system data
11:51:45.643 [FXGL Background Thread 1 ] DEBUG FSServiceImpl        - Reading from: C:\Users\Pablo\Desktop\OneDrive\DAM2\DAD\Eclipse19\Bomberdad\system\fxgl.bundle
11:51:45.658 [FXGL Background Thread 1 ] DEBUG Engine               - Bundle FXGL: {}
11:51:45.658 [FXGL Background Thread 1 ] DEBUG Engine               - Initializing application scenes
11:51:45.708 [FXGL Background Thread 1 ] DEBUG GameWorld            - Game world initialized
11:51:45.785 [FXGL Background Thread 1 ] DEBUG PhysicsWorld         - Physics world initialized: appHeight=600, physics.ppm=50,0
11:51:45.788 [FXGL Background Thread 1 ] DEBUG GameScene            - Game scene initialized: 800x600
11:51:45.832 [FXGL Background Thread 1 ] DEBUG Input                - Registered new binding: Resume - Esc
11:51:45.832 [FXGL Background Thread 1 ] DEBUG AssetLoader          - Loading from file system: /assets/textures/pause_menu_bg.png
11:51:45.872 [FXGL Background Thread 1 ] DEBUG Input                - Registered new binding: Pause - Esc
11:51:45.872 [FXGL Background Thread 1 ] DEBUG Engine               - Application scenes initialized
11:51:45.876 [JavaFX Application Thread] DEBUG Engine               - Running preInit()
11:51:45.878 [JavaFX Application Thread] DEBUG Input                - Registered new binding: Screenshot - P
11:51:45.878 [JavaFX Application Thread] DEBUG Input                - Registered new binding: System info dump - CTRL+9
11:51:45.879 [JavaFX Application Thread] DEBUG Input                - Registered new binding: Restart - CTRL+R
11:51:45.879 [JavaFX Application Thread] DEBUG Engine               - generateDefaultProfile()
11:51:45.879 [JavaFX Application Thread] DEBUG Engine               - Creating default profile
11:51:45.879 [JavaFX Application Thread] DEBUG EventBus             - Firing event: SaveEvent
11:51:45.897 [JavaFX Application Thread] INFO  Engine               - FXGL initialization took: 1,348 sec
11:51:45.897 [JavaFX Application Thread] DEBUG LoopRunner           - Starting loop
11:51:45.911 [JavaFX Application Thread] DEBUG FXGLStartupScene     - STARTUP
11:51:45.911 [JavaFX Application Thread] DEBUG Engine               - Starting new game
11:51:45.920 [JavaFX Application Thread] DEBUG Input                - Clearing active input actions
11:51:45.921 [FXGL Background Thread 1 ] DEBUG InitAppTask          - Clearing previous game
11:51:45.921 [FXGL Background Thread 1 ] DEBUG GameWorld            - Clearing game world
11:51:45.921 [FXGL Background Thread 1 ] DEBUG PhysicsWorld         - Clearing physics world
11:51:45.921 [FXGL Background Thread 1 ] DEBUG GameScene            - Clearing game scene
11:51:45.922 [FXGL Background Thread 1 ] DEBUG InitAppTask          - Initializing Game
11:51:45.923 [FXGL Background Thread 1 ] DEBUG InitAppTask          - Initializing Physics
11:51:45.923 [FXGL Background Thread 1 ] DEBUG InitAppTask          - Initializing UI
11:51:45.923 [FXGL Background Thread 1 ] DEBUG InitAppTask          - Initialization Complete
11:51:45.924 [FXGL Background Thread 1 ] INFO  InitAppTask          - Game initialization took: 0,003 sec
11:51:45.941 [JavaFX Application Thread] DEBUG Engine               - Removing overlay from FXGLStartupScene and adding to LoadingScene
11:51:45.942 [JavaFX Application Thread] DEBUG MainWindow           - FXGLStartupScene -> LoadingScene
11:51:46.009 [JavaFX Application Thread] DEBUG Input                - Clearing active input actions
11:51:46.023 [JavaFX Application Thread] DEBUG Engine               - Removing overlay from LoadingScene and adding to GameScene
11:51:46.024 [JavaFX Application Thread] DEBUG MainWindow           - LoadingScene -> GameScene
11:51:52.621 [JavaFX Application Thread] DEBUG Engine               - Exiting FXGL
11:51:52.621 [JavaFX Application Thread] DEBUG Engine               - Shutting down background threads
11:51:52.621 [JavaFX Application Thread] DEBUG Engine               - Saving FXGL system data
11:51:52.624 [JavaFX Application Thread] DEBUG FSServiceImpl        - Writing to: C:\Users\Pablo\Desktop\OneDrive\DAM2\DAD\Eclipse19\Bomberdad\system\fxgl.bundle
11:51:52.627 [JavaFX Application Thread] DEBUG Engine               - Closing logger and exiting JavaFX
