12:30:46.101 [main                     ] DEBUG GameApplication      - Logger initialized
12:30:46.137 [main                     ] DEBUG GameApplication      - Logging settings
Title: BomberDAD
Version: 0.1
Width: 600
Height: 600
Fullscreen: false
Intro: false
Menus: false
Profiling: false
Single step:false
App Mode: DEVELOPER
Menu Key: ESCAPE
Stage Style: DECORATED
Scene Factory: class com.almasb.fxgl.app.SceneFactory
Dialog Factory: class com.almasb.fxgl.ui.FXGLDialogFactory
UI Factory: class com.almasb.fxgl.ui.FXGLUIFactory

12:30:46.722 [JavaFX Application Thread] DEBUG Engine               - Initializing FXGL
12:30:46.723 [JavaFX Application Thread] INFO  Engine               - FXGL-11.7 (05.01.2020 09.37) on WINDOWS (J:11.0.4 FX:11.0.1)
12:30:46.723 [JavaFX Application Thread] INFO  Engine               - Source code and latest versions at: https://github.com/AlmasB/FXGL
12:30:46.724 [JavaFX Application Thread] INFO  Engine               -              Join the FXGL chat at: https://gitter.im/AlmasB/FXGL
12:30:46.724 [JavaFX Application Thread] DEBUG Engine               - Initializing environment variables
12:30:46.728 [JavaFX Application Thread] DEBUG Engine               - Logging environment variables
12:30:46.728 [JavaFX Application Thread] DEBUG Engine               - achievements: []
12:30:46.729 [JavaFX Application Thread] DEBUG Engine               - sceneStack: com.almasb.fxgl.app.Engine@364820b9
12:30:46.729 [JavaFX Application Thread] DEBUG Engine               - language: ObjectProperty [value: ENGLISH]
12:30:46.729 [JavaFX Application Thread] DEBUG Engine               - isCloseConfirmation: false
12:30:46.729 [JavaFX Application Thread] DEBUG Engine               - isProfilingEnabled: false
12:30:46.730 [JavaFX Application Thread] DEBUG Engine               - soundNotification: core/notification.wav
12:30:46.730 [JavaFX Application Thread] DEBUG Engine               - devShowBBoxProperty: BooleanProperty [value: false]
12:30:46.732 [JavaFX Application Thread] DEBUG Engine               - pixelsPerMeter: 50.0
12:30:46.732 [JavaFX Application Thread] DEBUG Engine               - overlayRoot: Group@330d15a8
12:30:46.733 [JavaFX Application Thread] DEBUG Engine               - appIcon: fxgl_icon.png
12:30:46.733 [JavaFX Application Thread] DEBUG Engine               - soundMenuBack: menu/back.wav
12:30:46.733 [JavaFX Application Thread] DEBUG Engine               - isFullScreenAllowed: false
12:30:46.733 [JavaFX Application Thread] DEBUG Engine               - isIntroEnabled: false
12:30:46.734 [JavaFX Application Thread] DEBUG Engine               - eventBus: com.almasb.fxgl.event.EventBus@153a3561
12:30:46.734 [JavaFX Application Thread] DEBUG Engine               - fontMono: lucida_console.ttf
12:30:46.734 [JavaFX Application Thread] DEBUG Engine               - soundMenuSelect: menu/select.wav
12:30:46.734 [JavaFX Application Thread] DEBUG Engine               - isWindows: true
12:30:46.734 [JavaFX Application Thread] DEBUG Engine               - isMobile: false
12:30:46.735 [JavaFX Application Thread] DEBUG Engine               - height: 600
12:30:46.735 [JavaFX Application Thread] DEBUG Engine               - isExperimentalNative: false
12:30:46.735 [JavaFX Application Thread] DEBUG Engine               - cSSList: [fxgl_dark.css]
12:30:46.735 [JavaFX Application Thread] DEBUG Engine               - isSingleStep: false
12:30:46.735 [JavaFX Application Thread] DEBUG Engine               - fontGame: Abel-Regular.ttf
12:30:46.736 [JavaFX Application Thread] DEBUG Engine               - menuKey: ESCAPE
12:30:46.736 [JavaFX Application Thread] DEBUG Engine               - devShowPositionProperty: BooleanProperty [value: false]
12:30:46.736 [JavaFX Application Thread] DEBUG Engine               - versionCheckDays: 7
12:30:46.736 [JavaFX Application Thread] DEBUG Engine               - masterTimer: com.almasb.fxgl.time.Timer@62009297
12:30:46.736 [JavaFX Application Thread] DEBUG Engine               - configClass: Optional.empty
12:30:46.736 [JavaFX Application Thread] DEBUG Engine               - isFullScreenFromStart: false
12:30:46.736 [JavaFX Application Thread] DEBUG Engine               - version: 0.1
12:30:46.736 [JavaFX Application Thread] DEBUG Engine               - fullScreen: BooleanProperty [value: false]
12:30:46.737 [JavaFX Application Thread] DEBUG Engine               - randomSeed: -1
12:30:46.737 [JavaFX Application Thread] DEBUG Engine               - dialogFactory: com.almasb.fxgl.ui.FXGLDialogFactory@3a3807f3
12:30:46.737 [JavaFX Application Thread] DEBUG Engine               - applicationMode: DEVELOPER
12:30:46.737 [JavaFX Application Thread] DEBUG Engine               - isMac: false
12:30:46.737 [JavaFX Application Thread] DEBUG Engine               - urlGoogleForms: https://goo.gl/forms/6wrMnOBxTE1fEpOy2
12:30:46.737 [JavaFX Application Thread] DEBUG Engine               - isMenuEnabled: false
12:30:46.737 [JavaFX Application Thread] DEBUG Engine               - profileName: user.profile
12:30:46.738 [JavaFX Application Thread] DEBUG Engine               - urlPOM: https://raw.githubusercontent.com/AlmasB/FXGL/master/pom.xml
12:30:46.738 [JavaFX Application Thread] DEBUG Engine               - notificationViewClass: class com.almasb.fxgl.notification.view.XboxNotificationView
12:30:46.738 [JavaFX Application Thread] DEBUG Engine               - devSensorColorProperty: ObjectProperty [value: 0xffff00ff]
12:30:46.738 [JavaFX Application Thread] DEBUG Engine               - sceneFactory: com.almasb.fxgl.app.SceneFactory@6143e549
12:30:46.738 [JavaFX Application Thread] DEBUG Engine               - dataFileExt: .dat
12:30:46.739 [JavaFX Application Thread] DEBUG Engine               - stageStyle: DECORATED
12:30:46.739 [JavaFX Application Thread] DEBUG Engine               - isManualResizeEnabled: false
12:30:46.739 [JavaFX Application Thread] DEBUG Engine               - title: BomberDAD
12:30:46.739 [JavaFX Application Thread] DEBUG Engine               - platform: WINDOWS
12:30:46.739 [JavaFX Application Thread] DEBUG Engine               - devBBoxColorProperty: ObjectProperty [value: 0xff0000ff]
12:30:46.739 [JavaFX Application Thread] DEBUG Engine               - isDesktop: true
12:30:46.739 [JavaFX Application Thread] DEBUG Engine               - credits: []
12:30:46.740 [JavaFX Application Thread] DEBUG Engine               - globalMusicVolumeProperty: DoubleProperty [value: 0.5]
12:30:46.740 [JavaFX Application Thread] DEBUG Engine               - uIFactory: com.almasb.fxgl.ui.FXGLUIFactory@2516453d
12:30:46.740 [JavaFX Application Thread] DEBUG Engine               - isPreserveResizeRatio: false
12:30:46.740 [JavaFX Application Thread] DEBUG Engine               - fontText: Courier-Prime.ttf
12:30:46.740 [JavaFX Application Thread] DEBUG Engine               - isExperimentalTiledLargeMap: false
12:30:46.740 [JavaFX Application Thread] DEBUG Engine               - secondsIn24h: 60
12:30:46.741 [JavaFX Application Thread] DEBUG Engine               - runtimeInfo: RuntimeInfo(platform=WINDOWS, version=11.7, build=05.01.2020 09.37)
12:30:46.741 [JavaFX Application Thread] DEBUG Engine               - isLinux: false
12:30:46.741 [JavaFX Application Thread] DEBUG Engine               - soundMenuPress: menu/press.wav
12:30:46.741 [JavaFX Application Thread] DEBUG Engine               - urlGithub: https://github.com/AlmasB/FXGL
12:30:46.741 [JavaFX Application Thread] DEBUG Engine               - profileDir: profiles/
12:30:46.741 [JavaFX Application Thread] DEBUG Engine               - isDeveloperMenuEnabled: false
12:30:46.741 [JavaFX Application Thread] DEBUG Engine               - globalSoundVolumeProperty: DoubleProperty [value: 0.5]
12:30:46.741 [JavaFX Application Thread] DEBUG Engine               - isBrowser: false
12:30:46.742 [JavaFX Application Thread] DEBUG Engine               - urlLeaderboard: http://fxgl-top.herokuapp.com/
12:30:46.742 [JavaFX Application Thread] DEBUG Engine               - globalSoundVolume: 0.5
12:30:46.742 [JavaFX Application Thread] DEBUG Engine               - saveDir: saves/
12:30:46.742 [JavaFX Application Thread] DEBUG Engine               - engineServices: [class com.almasb.fxgl.audio.AudioPlayer, class com.almasb.fxgl.notification.impl.NotificationServiceProvider, class com.almasb.fxgl.achievement.AchievementManager, class com.almasb.fxgl.cutscene.CutsceneService, class com.almasb.fxgl.minigames.MiniGameService]
12:30:46.742 [JavaFX Application Thread] DEBUG Engine               - globalMusicVolume: 0.5
12:30:46.742 [JavaFX Application Thread] DEBUG Engine               - width: 600
12:30:46.743 [JavaFX Application Thread] DEBUG Engine               - saveFileExt: .sav
12:30:46.743 [JavaFX Application Thread] DEBUG Engine               - isAndroid: false
12:30:46.743 [JavaFX Application Thread] DEBUG Engine               - fontUI: VarelaRound-Regular.ttf
12:30:46.743 [JavaFX Application Thread] DEBUG Engine               - enabledMenuItems: []
12:30:46.743 [JavaFX Application Thread] DEBUG Engine               - isIOS: false
12:30:46.746 [JavaFX Application Thread] DEBUG Engine               - Adding new engine service: class com.almasb.fxgl.audio.AudioPlayer
12:30:46.747 [JavaFX Application Thread] DEBUG Engine               - Adding new engine service: class com.almasb.fxgl.notification.impl.NotificationServiceProvider
12:30:46.747 [JavaFX Application Thread] DEBUG Engine               - Adding new engine service: class com.almasb.fxgl.achievement.AchievementManager
12:30:46.749 [JavaFX Application Thread] DEBUG Engine               - Adding new engine service: class com.almasb.fxgl.cutscene.CutsceneService
12:30:46.749 [JavaFX Application Thread] DEBUG Engine               - Adding new engine service: class com.almasb.fxgl.minigames.MiniGameService
12:30:46.753 [JavaFX Application Thread] DEBUG Engine               - Loading localizations
12:30:46.756 [JavaFX Application Thread] DEBUG AssetLoader          - Loading from file system: /assets/properties/languages/english.properties
12:30:46.760 [JavaFX Application Thread] DEBUG AssetLoader          - Loading from file system: /assets/properties/languages/french.properties
12:30:46.762 [JavaFX Application Thread] DEBUG AssetLoader          - Loading from file system: /assets/properties/languages/german.properties
12:30:46.764 [JavaFX Application Thread] DEBUG AssetLoader          - Loading from file system: /assets/properties/languages/russian.properties
12:30:46.766 [JavaFX Application Thread] DEBUG AssetLoader          - Loading from file system: /assets/properties/languages/hungarian.properties
12:30:46.770 [JavaFX Application Thread] DEBUG Engine               - Registering font factories
12:30:46.771 [JavaFX Application Thread] DEBUG AssetLoader          - Loading from file system: /assets/ui/fonts/VarelaRound-Regular.ttf
12:30:47.135 [JavaFX Application Thread] DEBUG AssetLoader          - Loading from file system: /assets/ui/fonts/Abel-Regular.ttf
12:30:47.139 [JavaFX Application Thread] DEBUG AssetLoader          - Loading from file system: /assets/ui/fonts/lucida_console.ttf
12:30:47.145 [JavaFX Application Thread] DEBUG AssetLoader          - Loading from file system: /assets/ui/fonts/Courier-Prime.ttf
12:30:47.201 [JavaFX Application Thread] DEBUG Engine               - Setting UI factory
12:30:47.315 [JavaFX Application Thread] DEBUG AssetLoader          - Loading from file system: /assets/textures/fxgl_logo.png
12:30:47.406 [JavaFX Application Thread] DEBUG MainWindow           - Creating a JavaFX scene
12:30:47.464 [JavaFX Application Thread] DEBUG MainWindow           - Target settings size: 600.0 x 600.0
12:30:47.464 [JavaFX Application Thread] DEBUG MainWindow           - Scaled scene size:    600.0 x 600.0
12:30:47.464 [JavaFX Application Thread] DEBUG MainWindow           - Scaled ratio: (1.0, 1.0)
12:30:47.466 [JavaFX Application Thread] DEBUG MainWindow           - Set initial scene to FXGLStartupScene
12:30:47.479 [JavaFX Application Thread] DEBUG AssetLoader          - Loading from file system: /assets/textures/fxgl_icon.png
12:30:47.499 [JavaFX Application Thread] DEBUG Engine               - Applying CSS: fxgl_dark.css
12:30:47.499 [JavaFX Application Thread] DEBUG AssetLoader          - Loading from file system: /assets/ui/css/fxgl_dark.css
12:30:47.502 [JavaFX Application Thread] DEBUG AssetLoader          - Loading from file system: /assets/ui/cursors/fxgl_default.png
12:30:47.504 [JavaFX Application Thread] DEBUG MainWindow           - Opening main window
12:30:47.689 [JavaFX Application Thread] DEBUG MainWindow           - Window border size: (16.0, 39.0)
12:30:47.689 [JavaFX Application Thread] DEBUG MainWindow           - Scaled size: 600.0 x 600.0
12:30:47.689 [JavaFX Application Thread] DEBUG MainWindow           - Scaled ratio: (1.0, 1.0)
12:30:47.689 [JavaFX Application Thread] DEBUG MainWindow           - Scene size: 600.0 x 600.0
12:30:47.689 [JavaFX Application Thread] DEBUG MainWindow           - Stage size: 616.0 x 639.0
12:30:47.706 [FXGL Background Thread 1 ] DEBUG FS                   - Loaded FSServiceImpl
12:30:47.707 [FXGL Background Thread 1 ] DEBUG Engine               - Loading FXGL system data
12:30:47.714 [FXGL Background Thread 1 ] DEBUG FSServiceImpl        - Reading from: C:\Users\Pablo\Desktop\OneDrive\DAM2\DAD\Eclipse19\Bomberdad\system\fxgl.bundle
12:30:47.738 [FXGL Background Thread 1 ] DEBUG Engine               - Bundle FXGL: {}
12:30:47.738 [FXGL Background Thread 1 ] DEBUG Engine               - Initializing application scenes
12:30:47.851 [FXGL Background Thread 1 ] DEBUG GameWorld            - Game world initialized
12:30:47.927 [FXGL Background Thread 1 ] DEBUG PhysicsWorld         - Physics world initialized: appHeight=600, physics.ppm=50,0
12:30:47.930 [FXGL Background Thread 1 ] DEBUG GameScene            - Game scene initialized: 600x600
12:30:47.976 [FXGL Background Thread 1 ] DEBUG Input                - Registered new binding: Resume - Esc
12:30:47.977 [FXGL Background Thread 1 ] DEBUG AssetLoader          - Loading from file system: /assets/textures/pause_menu_bg.png
12:30:48.016 [FXGL Background Thread 1 ] DEBUG Input                - Registered new binding: Pause - Esc
12:30:48.016 [FXGL Background Thread 1 ] DEBUG Engine               - Application scenes initialized
12:30:48.021 [JavaFX Application Thread] DEBUG Engine               - Running preInit()
12:30:48.021 [JavaFX Application Thread] DEBUG Input                - Registered new binding: Move Up - W
12:30:48.022 [JavaFX Application Thread] DEBUG Input                - Registered new binding: Move Left - A
12:30:48.022 [JavaFX Application Thread] DEBUG Input                - Registered new binding: Move Down - S
12:30:48.022 [JavaFX Application Thread] DEBUG Input                - Registered new binding: Move Right - D
12:30:48.022 [JavaFX Application Thread] DEBUG Input                - Registered new binding: Place Bomb - F
12:30:48.022 [JavaFX Application Thread] DEBUG Input                - Registered new binding: Move Up2 - Up
12:30:48.023 [JavaFX Application Thread] DEBUG Input                - Registered new binding: Move Left2 - Left
12:30:48.023 [JavaFX Application Thread] DEBUG Input                - Registered new binding: Move Down2 - Down
12:30:48.023 [JavaFX Application Thread] DEBUG Input                - Registered new binding: Move Right2 - Right
12:30:48.023 [JavaFX Application Thread] DEBUG Input                - Registered new binding: Place Bomb2S - Enter
12:30:48.025 [JavaFX Application Thread] DEBUG Input                - Registered new binding: Screenshot - P
12:30:48.025 [JavaFX Application Thread] DEBUG Input                - Registered new binding: System info dump - CTRL+9
12:30:48.026 [JavaFX Application Thread] DEBUG Input                - Registered new binding: Restart - CTRL+R
12:30:48.026 [JavaFX Application Thread] DEBUG Engine               - generateDefaultProfile()
12:30:48.026 [JavaFX Application Thread] DEBUG Engine               - Creating default profile
12:30:48.026 [JavaFX Application Thread] DEBUG EventBus             - Firing event: SaveEvent
12:30:48.044 [JavaFX Application Thread] INFO  Engine               - FXGL initialization took: 1,290 sec
12:30:48.045 [JavaFX Application Thread] DEBUG LoopRunner           - Starting loop
12:30:48.065 [JavaFX Application Thread] DEBUG FXGLStartupScene     - STARTUP
12:30:48.065 [JavaFX Application Thread] DEBUG Engine               - Starting new game
12:30:48.073 [JavaFX Application Thread] DEBUG Input                - Clearing active input actions
12:30:48.074 [FXGL Background Thread 1 ] DEBUG InitAppTask          - Clearing previous game
12:30:48.074 [FXGL Background Thread 1 ] DEBUG GameWorld            - Clearing game world
12:30:48.074 [FXGL Background Thread 1 ] DEBUG PhysicsWorld         - Clearing physics world
12:30:48.074 [FXGL Background Thread 1 ] DEBUG GameScene            - Clearing game scene
12:30:48.074 [FXGL Background Thread 1 ] DEBUG InitAppTask          - Initializing Game
12:30:48.092 [JavaFX Application Thread] DEBUG Engine               - Removing overlay from FXGLStartupScene and adding to LoadingScene
12:30:48.093 [JavaFX Application Thread] DEBUG MainWindow           - FXGLStartupScene -> LoadingScene
12:30:48.112 [FXGL Background Thread 1 ] DEBUG AssetLoader          - Loading from file system: /assets/levels/0.txt
12:30:48.136 [FXGL Background Thread 1 ] DEBUG AssetLoader          - Loading from file system: /assets/textures/floor.png
12:30:48.143 [FXGL Background Thread 1 ] DEBUG AssetLoader          - Loading from cache: /assets/textures/floor.png@40.0x40.0
12:30:48.144 [FXGL Background Thread 1 ] DEBUG AssetLoader          - Loading from file system: /assets/textures/brick.png
12:30:48.147 [FXGL Background Thread 1 ] DEBUG AssetLoader          - Loading from cache: /assets/textures/brick.png@40.0x40.0
12:30:48.149 [FXGL Background Thread 1 ] DEBUG AssetLoader          - Loading from cache: /assets/textures/brick.png@40.0x40.0
12:30:48.151 [FXGL Background Thread 1 ] DEBUG AssetLoader          - Loading from cache: /assets/textures/brick.png@40.0x40.0
12:30:48.152 [FXGL Background Thread 1 ] DEBUG AssetLoader          - Loading from cache: /assets/textures/brick.png@40.0x40.0
12:30:48.153 [FXGL Background Thread 1 ] DEBUG AssetLoader          - Loading from cache: /assets/textures/brick.png@40.0x40.0
12:30:48.154 [FXGL Background Thread 1 ] DEBUG AssetLoader          - Loading from cache: /assets/textures/brick.png@40.0x40.0
12:30:48.155 [FXGL Background Thread 1 ] DEBUG AssetLoader          - Loading from cache: /assets/textures/brick.png@40.0x40.0
12:30:48.156 [FXGL Background Thread 1 ] DEBUG AssetLoader          - Loading from cache: /assets/textures/brick.png@40.0x40.0
12:30:48.157 [FXGL Background Thread 1 ] DEBUG AssetLoader          - Loading from cache: /assets/textures/brick.png@40.0x40.0
12:30:48.158 [FXGL Background Thread 1 ] DEBUG AssetLoader          - Loading from cache: /assets/textures/brick.png@40.0x40.0
12:30:48.160 [FXGL Background Thread 1 ] DEBUG AssetLoader          - Loading from cache: /assets/textures/floor.png@40.0x40.0
12:30:48.160 [FXGL Background Thread 1 ] DEBUG AssetLoader          - Loading from cache: /assets/textures/floor.png@40.0x40.0
12:30:48.161 [FXGL Background Thread 1 ] DEBUG AssetLoader          - Loading from cache: /assets/textures/floor.png@40.0x40.0
12:30:48.163 [FXGL Background Thread 1 ] DEBUG AssetLoader          - Loading from file system: /assets/textures/wall.png
12:30:48.165 [FXGL Background Thread 1 ] DEBUG AssetLoader          - Loading from cache: /assets/textures/floor.png@40.0x40.0
12:30:48.166 [FXGL Background Thread 1 ] DEBUG AssetLoader          - Loading from cache: /assets/textures/wall.png@40.0x40.0
12:30:48.167 [FXGL Background Thread 1 ] DEBUG AssetLoader          - Loading from cache: /assets/textures/floor.png@40.0x40.0
12:30:48.168 [FXGL Background Thread 1 ] DEBUG AssetLoader          - Loading from cache: /assets/textures/wall.png@40.0x40.0
12:30:48.169 [FXGL Background Thread 1 ] DEBUG AssetLoader          - Loading from cache: /assets/textures/floor.png@40.0x40.0
12:30:48.177 [FXGL Background Thread 1 ] DEBUG AssetLoader          - Loading from cache: /assets/textures/wall.png@40.0x40.0
12:30:48.179 [FXGL Background Thread 1 ] DEBUG AssetLoader          - Loading from cache: /assets/textures/floor.png@40.0x40.0
12:30:48.180 [FXGL Background Thread 1 ] DEBUG AssetLoader          - Loading from cache: /assets/textures/wall.png@40.0x40.0
12:30:48.180 [FXGL Background Thread 1 ] DEBUG AssetLoader          - Loading from cache: /assets/textures/floor.png@40.0x40.0
12:30:48.181 [FXGL Background Thread 1 ] DEBUG AssetLoader          - Loading from cache: /assets/textures/wall.png@40.0x40.0
12:30:48.182 [FXGL Background Thread 1 ] DEBUG AssetLoader          - Loading from cache: /assets/textures/floor.png@40.0x40.0
12:30:48.183 [FXGL Background Thread 1 ] DEBUG AssetLoader          - Loading from cache: /assets/textures/wall.png@40.0x40.0
12:30:48.184 [FXGL Background Thread 1 ] DEBUG AssetLoader          - Loading from cache: /assets/textures/floor.png@40.0x40.0
12:30:48.186 [FXGL Background Thread 1 ] DEBUG AssetLoader          - Loading from cache: /assets/textures/brick.png@40.0x40.0
12:30:48.187 [FXGL Background Thread 1 ] DEBUG AssetLoader          - Loading from cache: /assets/textures/floor.png@40.0x40.0
12:30:48.188 [FXGL Background Thread 1 ] DEBUG AssetLoader          - Loading from cache: /assets/textures/floor.png@40.0x40.0
12:30:48.189 [FXGL Background Thread 1 ] DEBUG AssetLoader          - Loading from cache: /assets/textures/floor.png@40.0x40.0
12:30:48.191 [FXGL Background Thread 1 ] DEBUG AssetLoader          - Loading from cache: /assets/textures/floor.png@40.0x40.0
12:30:48.199 [FXGL Background Thread 1 ] DEBUG AssetLoader          - Loading from cache: /assets/textures/floor.png@40.0x40.0
12:30:48.200 [FXGL Background Thread 1 ] DEBUG AssetLoader          - Loading from cache: /assets/textures/floor.png@40.0x40.0
12:30:48.201 [FXGL Background Thread 1 ] DEBUG AssetLoader          - Loading from cache: /assets/textures/floor.png@40.0x40.0
12:30:48.202 [FXGL Background Thread 1 ] DEBUG AssetLoader          - Loading from cache: /assets/textures/floor.png@40.0x40.0
12:30:48.204 [FXGL Background Thread 1 ] DEBUG AssetLoader          - Loading from cache: /assets/textures/floor.png@40.0x40.0
12:30:48.205 [FXGL Background Thread 1 ] DEBUG AssetLoader          - Loading from cache: /assets/textures/floor.png@40.0x40.0
12:30:48.206 [FXGL Background Thread 1 ] DEBUG AssetLoader          - Loading from cache: /assets/textures/floor.png@40.0x40.0
12:30:48.207 [FXGL Background Thread 1 ] DEBUG AssetLoader          - Loading from cache: /assets/textures/floor.png@40.0x40.0
12:30:48.208 [FXGL Background Thread 1 ] DEBUG AssetLoader          - Loading from cache: /assets/textures/floor.png@40.0x40.0
12:30:48.209 [FXGL Background Thread 1 ] DEBUG AssetLoader          - Loading from cache: /assets/textures/brick.png@40.0x40.0
12:30:48.210 [FXGL Background Thread 1 ] DEBUG AssetLoader          - Loading from cache: /assets/textures/floor.png@40.0x40.0
12:30:48.211 [FXGL Background Thread 1 ] DEBUG AssetLoader          - Loading from cache: /assets/textures/wall.png@40.0x40.0
12:30:48.212 [FXGL Background Thread 1 ] DEBUG AssetLoader          - Loading from cache: /assets/textures/floor.png@40.0x40.0
12:30:48.214 [FXGL Background Thread 1 ] DEBUG AssetLoader          - Loading from cache: /assets/textures/wall.png@40.0x40.0
12:30:48.215 [FXGL Background Thread 1 ] DEBUG AssetLoader          - Loading from cache: /assets/textures/floor.png@40.0x40.0
12:30:48.226 [FXGL Background Thread 1 ] DEBUG AssetLoader          - Loading from cache: /assets/textures/wall.png@40.0x40.0
12:30:48.227 [FXGL Background Thread 1 ] DEBUG AssetLoader          - Loading from cache: /assets/textures/floor.png@40.0x40.0
12:30:48.228 [FXGL Background Thread 1 ] DEBUG AssetLoader          - Loading from cache: /assets/textures/wall.png@40.0x40.0
12:30:48.229 [FXGL Background Thread 1 ] DEBUG AssetLoader          - Loading from cache: /assets/textures/floor.png@40.0x40.0
12:30:48.229 [FXGL Background Thread 1 ] DEBUG AssetLoader          - Loading from cache: /assets/textures/wall.png@40.0x40.0
12:30:48.230 [FXGL Background Thread 1 ] DEBUG AssetLoader          - Loading from cache: /assets/textures/floor.png@40.0x40.0
12:30:48.231 [FXGL Background Thread 1 ] DEBUG AssetLoader          - Loading from cache: /assets/textures/wall.png@40.0x40.0
12:30:48.231 [FXGL Background Thread 1 ] DEBUG AssetLoader          - Loading from cache: /assets/textures/floor.png@40.0x40.0
12:30:48.232 [FXGL Background Thread 1 ] DEBUG AssetLoader          - Loading from cache: /assets/textures/wall.png@40.0x40.0
12:30:48.235 [FXGL Background Thread 1 ] DEBUG AssetLoader          - Loading from cache: /assets/textures/floor.png@40.0x40.0
12:30:48.237 [FXGL Background Thread 1 ] DEBUG AssetLoader          - Loading from cache: /assets/textures/floor.png@40.0x40.0
12:30:48.238 [FXGL Background Thread 1 ] DEBUG AssetLoader          - Loading from cache: /assets/textures/floor.png@40.0x40.0
12:30:48.238 [FXGL Background Thread 1 ] DEBUG AssetLoader          - Loading from cache: /assets/textures/floor.png@40.0x40.0
12:30:48.239 [FXGL Background Thread 1 ] DEBUG AssetLoader          - Loading from cache: /assets/textures/floor.png@40.0x40.0
12:30:48.240 [FXGL Background Thread 1 ] DEBUG AssetLoader          - Loading from cache: /assets/textures/floor.png@40.0x40.0
12:30:48.241 [FXGL Background Thread 1 ] DEBUG AssetLoader          - Loading from cache: /assets/textures/floor.png@40.0x40.0
12:30:48.241 [FXGL Background Thread 1 ] DEBUG AssetLoader          - Loading from cache: /assets/textures/floor.png@40.0x40.0
12:30:48.242 [FXGL Background Thread 1 ] DEBUG AssetLoader          - Loading from cache: /assets/textures/floor.png@40.0x40.0
12:30:48.243 [FXGL Background Thread 1 ] DEBUG AssetLoader          - Loading from cache: /assets/textures/floor.png@40.0x40.0
12:30:48.244 [FXGL Background Thread 1 ] DEBUG AssetLoader          - Loading from cache: /assets/textures/floor.png@40.0x40.0
12:30:48.245 [FXGL Background Thread 1 ] DEBUG AssetLoader          - Loading from cache: /assets/textures/floor.png@40.0x40.0
12:30:48.245 [FXGL Background Thread 1 ] DEBUG AssetLoader          - Loading from cache: /assets/textures/floor.png@40.0x40.0
12:30:48.246 [FXGL Background Thread 1 ] DEBUG AssetLoader          - Loading from cache: /assets/textures/floor.png@40.0x40.0
12:30:48.247 [FXGL Background Thread 1 ] DEBUG AssetLoader          - Loading from cache: /assets/textures/floor.png@40.0x40.0
12:30:48.248 [FXGL Background Thread 1 ] DEBUG AssetLoader          - Loading from cache: /assets/textures/floor.png@40.0x40.0
12:30:48.248 [FXGL Background Thread 1 ] DEBUG AssetLoader          - Loading from cache: /assets/textures/floor.png@40.0x40.0
12:30:48.249 [FXGL Background Thread 1 ] DEBUG AssetLoader          - Loading from cache: /assets/textures/wall.png@40.0x40.0
12:30:48.250 [FXGL Background Thread 1 ] DEBUG AssetLoader          - Loading from cache: /assets/textures/floor.png@40.0x40.0
12:30:48.251 [FXGL Background Thread 1 ] DEBUG AssetLoader          - Loading from cache: /assets/textures/wall.png@40.0x40.0
12:30:48.252 [FXGL Background Thread 1 ] DEBUG AssetLoader          - Loading from cache: /assets/textures/floor.png@40.0x40.0
12:30:48.253 [FXGL Background Thread 1 ] DEBUG AssetLoader          - Loading from cache: /assets/textures/wall.png@40.0x40.0
12:30:48.254 [FXGL Background Thread 1 ] DEBUG AssetLoader          - Loading from cache: /assets/textures/floor.png@40.0x40.0
12:30:48.255 [FXGL Background Thread 1 ] DEBUG AssetLoader          - Loading from cache: /assets/textures/wall.png@40.0x40.0
12:30:48.255 [FXGL Background Thread 1 ] DEBUG AssetLoader          - Loading from cache: /assets/textures/floor.png@40.0x40.0
12:30:48.256 [FXGL Background Thread 1 ] DEBUG AssetLoader          - Loading from cache: /assets/textures/wall.png@40.0x40.0
12:30:48.257 [FXGL Background Thread 1 ] DEBUG AssetLoader          - Loading from cache: /assets/textures/floor.png@40.0x40.0
12:30:48.257 [FXGL Background Thread 1 ] DEBUG AssetLoader          - Loading from cache: /assets/textures/wall.png@40.0x40.0
12:30:48.258 [FXGL Background Thread 1 ] DEBUG AssetLoader          - Loading from cache: /assets/textures/floor.png@40.0x40.0
12:30:48.259 [FXGL Background Thread 1 ] DEBUG AssetLoader          - Loading from cache: /assets/textures/wall.png@40.0x40.0
12:30:48.260 [FXGL Background Thread 1 ] DEBUG AssetLoader          - Loading from cache: /assets/textures/floor.png@40.0x40.0
12:30:48.260 [FXGL Background Thread 1 ] DEBUG AssetLoader          - Loading from cache: /assets/textures/floor.png@40.0x40.0
12:30:48.261 [FXGL Background Thread 1 ] DEBUG AssetLoader          - Loading from cache: /assets/textures/floor.png@40.0x40.0
12:30:48.262 [FXGL Background Thread 1 ] DEBUG AssetLoader          - Loading from cache: /assets/textures/floor.png@40.0x40.0
12:30:48.263 [FXGL Background Thread 1 ] DEBUG AssetLoader          - Loading from cache: /assets/textures/floor.png@40.0x40.0
12:30:48.264 [FXGL Background Thread 1 ] DEBUG AssetLoader          - Loading from cache: /assets/textures/floor.png@40.0x40.0
12:30:48.265 [FXGL Background Thread 1 ] DEBUG AssetLoader          - Loading from cache: /assets/textures/floor.png@40.0x40.0
12:30:48.265 [FXGL Background Thread 1 ] DEBUG AssetLoader          - Loading from cache: /assets/textures/brick.png@40.0x40.0
12:30:48.266 [FXGL Background Thread 1 ] DEBUG AssetLoader          - Loading from cache: /assets/textures/brick.png@40.0x40.0
12:30:48.267 [FXGL Background Thread 1 ] DEBUG AssetLoader          - Loading from cache: /assets/textures/floor.png@40.0x40.0
12:30:48.268 [FXGL Background Thread 1 ] DEBUG AssetLoader          - Loading from cache: /assets/textures/floor.png@40.0x40.0
12:30:48.270 [FXGL Background Thread 1 ] DEBUG AssetLoader          - Loading from cache: /assets/textures/floor.png@40.0x40.0
12:30:48.271 [FXGL Background Thread 1 ] DEBUG AssetLoader          - Loading from cache: /assets/textures/floor.png@40.0x40.0
12:30:48.272 [FXGL Background Thread 1 ] DEBUG AssetLoader          - Loading from cache: /assets/textures/floor.png@40.0x40.0
12:30:48.273 [FXGL Background Thread 1 ] DEBUG AssetLoader          - Loading from cache: /assets/textures/floor.png@40.0x40.0
12:30:48.273 [FXGL Background Thread 1 ] DEBUG AssetLoader          - Loading from cache: /assets/textures/floor.png@40.0x40.0
12:30:48.274 [FXGL Background Thread 1 ] DEBUG AssetLoader          - Loading from cache: /assets/textures/floor.png@40.0x40.0
12:30:48.274 [FXGL Background Thread 1 ] DEBUG AssetLoader          - Loading from cache: /assets/textures/wall.png@40.0x40.0
12:30:48.275 [FXGL Background Thread 1 ] DEBUG AssetLoader          - Loading from cache: /assets/textures/floor.png@40.0x40.0
12:30:48.276 [FXGL Background Thread 1 ] DEBUG AssetLoader          - Loading from cache: /assets/textures/wall.png@40.0x40.0
12:30:48.276 [FXGL Background Thread 1 ] DEBUG AssetLoader          - Loading from cache: /assets/textures/floor.png@40.0x40.0
12:30:48.277 [FXGL Background Thread 1 ] DEBUG AssetLoader          - Loading from cache: /assets/textures/wall.png@40.0x40.0
12:30:48.278 [FXGL Background Thread 1 ] DEBUG AssetLoader          - Loading from cache: /assets/textures/brick.png@40.0x40.0
12:30:48.279 [FXGL Background Thread 1 ] DEBUG AssetLoader          - Loading from cache: /assets/textures/wall.png@40.0x40.0
12:30:48.280 [FXGL Background Thread 1 ] DEBUG AssetLoader          - Loading from cache: /assets/textures/floor.png@40.0x40.0
12:30:48.280 [FXGL Background Thread 1 ] DEBUG AssetLoader          - Loading from cache: /assets/textures/wall.png@40.0x40.0
12:30:48.281 [FXGL Background Thread 1 ] DEBUG AssetLoader          - Loading from cache: /assets/textures/floor.png@40.0x40.0
12:30:48.281 [FXGL Background Thread 1 ] DEBUG AssetLoader          - Loading from cache: /assets/textures/wall.png@40.0x40.0
12:30:48.282 [FXGL Background Thread 1 ] DEBUG AssetLoader          - Loading from cache: /assets/textures/floor.png@40.0x40.0
12:30:48.283 [FXGL Background Thread 1 ] DEBUG AssetLoader          - Loading from cache: /assets/textures/wall.png@40.0x40.0
12:30:48.283 [FXGL Background Thread 1 ] DEBUG AssetLoader          - Loading from cache: /assets/textures/floor.png@40.0x40.0
12:30:48.284 [FXGL Background Thread 1 ] DEBUG AssetLoader          - Loading from cache: /assets/textures/floor.png@40.0x40.0
12:30:48.284 [FXGL Background Thread 1 ] DEBUG AssetLoader          - Loading from cache: /assets/textures/floor.png@40.0x40.0
12:30:48.285 [FXGL Background Thread 1 ] DEBUG AssetLoader          - Loading from cache: /assets/textures/floor.png@40.0x40.0
12:30:48.286 [FXGL Background Thread 1 ] DEBUG AssetLoader          - Loading from cache: /assets/textures/floor.png@40.0x40.0
12:30:48.287 [FXGL Background Thread 1 ] DEBUG AssetLoader          - Loading from cache: /assets/textures/floor.png@40.0x40.0
12:30:48.287 [FXGL Background Thread 1 ] DEBUG AssetLoader          - Loading from cache: /assets/textures/brick.png@40.0x40.0
12:30:48.288 [FXGL Background Thread 1 ] DEBUG AssetLoader          - Loading from cache: /assets/textures/brick.png@40.0x40.0
12:30:48.289 [FXGL Background Thread 1 ] DEBUG AssetLoader          - Loading from cache: /assets/textures/brick.png@40.0x40.0
12:30:48.290 [FXGL Background Thread 1 ] DEBUG AssetLoader          - Loading from cache: /assets/textures/floor.png@40.0x40.0
12:30:48.290 [FXGL Background Thread 1 ] DEBUG AssetLoader          - Loading from cache: /assets/textures/floor.png@40.0x40.0
12:30:48.291 [FXGL Background Thread 1 ] DEBUG AssetLoader          - Loading from cache: /assets/textures/floor.png@40.0x40.0
12:30:48.292 [FXGL Background Thread 1 ] DEBUG AssetLoader          - Loading from cache: /assets/textures/floor.png@40.0x40.0
12:30:48.292 [FXGL Background Thread 1 ] DEBUG AssetLoader          - Loading from cache: /assets/textures/floor.png@40.0x40.0
12:30:48.301 [FXGL Background Thread 1 ] DEBUG AssetLoader          - Loading from cache: /assets/textures/floor.png@40.0x40.0
12:30:48.302 [FXGL Background Thread 1 ] DEBUG AssetLoader          - Loading from cache: /assets/textures/floor.png@40.0x40.0
12:30:48.305 [FXGL Background Thread 1 ] DEBUG AssetLoader          - Loading from cache: /assets/textures/floor.png@40.0x40.0
12:30:48.306 [FXGL Background Thread 1 ] DEBUG AssetLoader          - Loading from cache: /assets/textures/wall.png@40.0x40.0
12:30:48.307 [FXGL Background Thread 1 ] DEBUG AssetLoader          - Loading from cache: /assets/textures/floor.png@40.0x40.0
12:30:48.309 [FXGL Background Thread 1 ] DEBUG AssetLoader          - Loading from cache: /assets/textures/wall.png@40.0x40.0
12:30:48.311 [FXGL Background Thread 1 ] DEBUG AssetLoader          - Loading from cache: /assets/textures/floor.png@40.0x40.0
12:30:48.312 [FXGL Background Thread 1 ] DEBUG AssetLoader          - Loading from cache: /assets/textures/wall.png@40.0x40.0
12:30:48.312 [FXGL Background Thread 1 ] DEBUG AssetLoader          - Loading from cache: /assets/textures/floor.png@40.0x40.0
12:30:48.313 [FXGL Background Thread 1 ] DEBUG AssetLoader          - Loading from cache: /assets/textures/wall.png@40.0x40.0
12:30:48.314 [FXGL Background Thread 1 ] DEBUG AssetLoader          - Loading from cache: /assets/textures/floor.png@40.0x40.0
12:30:48.314 [FXGL Background Thread 1 ] DEBUG AssetLoader          - Loading from cache: /assets/textures/wall.png@40.0x40.0
12:30:48.316 [FXGL Background Thread 1 ] DEBUG AssetLoader          - Loading from cache: /assets/textures/floor.png@40.0x40.0
12:30:48.317 [FXGL Background Thread 1 ] DEBUG AssetLoader          - Loading from cache: /assets/textures/wall.png@40.0x40.0
12:30:48.317 [FXGL Background Thread 1 ] DEBUG AssetLoader          - Loading from cache: /assets/textures/floor.png@40.0x40.0
12:30:48.318 [FXGL Background Thread 1 ] DEBUG AssetLoader          - Loading from cache: /assets/textures/wall.png@40.0x40.0
12:30:48.319 [FXGL Background Thread 1 ] DEBUG AssetLoader          - Loading from cache: /assets/textures/floor.png@40.0x40.0
12:30:48.319 [FXGL Background Thread 1 ] DEBUG AssetLoader          - Loading from cache: /assets/textures/floor.png@40.0x40.0
12:30:48.320 [FXGL Background Thread 1 ] DEBUG AssetLoader          - Loading from cache: /assets/textures/floor.png@40.0x40.0
12:30:48.321 [FXGL Background Thread 1 ] DEBUG AssetLoader          - Loading from cache: /assets/textures/floor.png@40.0x40.0
12:30:48.321 [FXGL Background Thread 1 ] DEBUG AssetLoader          - Loading from cache: /assets/textures/floor.png@40.0x40.0
12:30:48.322 [FXGL Background Thread 1 ] DEBUG AssetLoader          - Loading from cache: /assets/textures/floor.png@40.0x40.0
12:30:48.323 [FXGL Background Thread 1 ] DEBUG AssetLoader          - Loading from cache: /assets/textures/floor.png@40.0x40.0
12:30:48.323 [FXGL Background Thread 1 ] DEBUG AssetLoader          - Loading from cache: /assets/textures/floor.png@40.0x40.0
12:30:48.324 [FXGL Background Thread 1 ] DEBUG AssetLoader          - Loading from cache: /assets/textures/floor.png@40.0x40.0
12:30:48.325 [FXGL Background Thread 1 ] DEBUG AssetLoader          - Loading from cache: /assets/textures/floor.png@40.0x40.0
12:30:48.325 [FXGL Background Thread 1 ] DEBUG AssetLoader          - Loading from cache: /assets/textures/floor.png@40.0x40.0
12:30:48.326 [FXGL Background Thread 1 ] DEBUG AssetLoader          - Loading from cache: /assets/textures/floor.png@40.0x40.0
12:30:48.331 [FXGL Background Thread 1 ] DEBUG AssetLoader          - Loading from cache: /assets/textures/floor.png@40.0x40.0
12:30:48.332 [FXGL Background Thread 1 ] DEBUG AssetLoader          - Loading from cache: /assets/textures/floor.png@40.0x40.0
12:30:48.333 [FXGL Background Thread 1 ] DEBUG AssetLoader          - Loading from cache: /assets/textures/floor.png@40.0x40.0
12:30:48.334 [FXGL Background Thread 1 ] DEBUG AssetLoader          - Loading from cache: /assets/textures/floor.png@40.0x40.0
12:30:48.334 [FXGL Background Thread 1 ] DEBUG AssetLoader          - Loading from cache: /assets/textures/floor.png@40.0x40.0
12:30:48.335 [FXGL Background Thread 1 ] DEBUG AssetLoader          - Loading from cache: /assets/textures/wall.png@40.0x40.0
12:30:48.336 [FXGL Background Thread 1 ] DEBUG AssetLoader          - Loading from cache: /assets/textures/floor.png@40.0x40.0
12:30:48.336 [FXGL Background Thread 1 ] DEBUG AssetLoader          - Loading from cache: /assets/textures/wall.png@40.0x40.0
12:30:48.337 [FXGL Background Thread 1 ] DEBUG AssetLoader          - Loading from cache: /assets/textures/floor.png@40.0x40.0
12:30:48.338 [FXGL Background Thread 1 ] DEBUG AssetLoader          - Loading from cache: /assets/textures/wall.png@40.0x40.0
12:30:48.339 [FXGL Background Thread 1 ] DEBUG AssetLoader          - Loading from cache: /assets/textures/floor.png@40.0x40.0
12:30:48.339 [FXGL Background Thread 1 ] DEBUG AssetLoader          - Loading from cache: /assets/textures/wall.png@40.0x40.0
12:30:48.340 [FXGL Background Thread 1 ] DEBUG AssetLoader          - Loading from cache: /assets/textures/floor.png@40.0x40.0
12:30:48.341 [FXGL Background Thread 1 ] DEBUG AssetLoader          - Loading from cache: /assets/textures/wall.png@40.0x40.0
12:30:48.342 [FXGL Background Thread 1 ] DEBUG AssetLoader          - Loading from cache: /assets/textures/floor.png@40.0x40.0
12:30:48.343 [FXGL Background Thread 1 ] DEBUG AssetLoader          - Loading from cache: /assets/textures/wall.png@40.0x40.0
12:30:48.343 [FXGL Background Thread 1 ] DEBUG AssetLoader          - Loading from cache: /assets/textures/floor.png@40.0x40.0
12:30:48.344 [FXGL Background Thread 1 ] DEBUG AssetLoader          - Loading from cache: /assets/textures/wall.png@40.0x40.0
12:30:48.345 [FXGL Background Thread 1 ] DEBUG AssetLoader          - Loading from cache: /assets/textures/floor.png@40.0x40.0
12:30:48.346 [FXGL Background Thread 1 ] DEBUG AssetLoader          - Loading from cache: /assets/textures/brick.png@40.0x40.0
12:30:48.346 [FXGL Background Thread 1 ] DEBUG AssetLoader          - Loading from cache: /assets/textures/floor.png@40.0x40.0
12:30:48.347 [FXGL Background Thread 1 ] DEBUG AssetLoader          - Loading from cache: /assets/textures/floor.png@40.0x40.0
12:30:48.348 [FXGL Background Thread 1 ] DEBUG AssetLoader          - Loading from cache: /assets/textures/floor.png@40.0x40.0
12:30:48.348 [FXGL Background Thread 1 ] DEBUG AssetLoader          - Loading from cache: /assets/textures/floor.png@40.0x40.0
12:30:48.349 [FXGL Background Thread 1 ] DEBUG AssetLoader          - Loading from cache: /assets/textures/floor.png@40.0x40.0
12:30:48.350 [FXGL Background Thread 1 ] DEBUG AssetLoader          - Loading from cache: /assets/textures/floor.png@40.0x40.0
12:30:48.350 [FXGL Background Thread 1 ] DEBUG AssetLoader          - Loading from cache: /assets/textures/floor.png@40.0x40.0
12:30:48.351 [FXGL Background Thread 1 ] DEBUG AssetLoader          - Loading from cache: /assets/textures/floor.png@40.0x40.0
12:30:48.352 [FXGL Background Thread 1 ] DEBUG AssetLoader          - Loading from cache: /assets/textures/floor.png@40.0x40.0
12:30:48.353 [FXGL Background Thread 1 ] DEBUG AssetLoader          - Loading from cache: /assets/textures/floor.png@40.0x40.0
12:30:48.353 [FXGL Background Thread 1 ] DEBUG AssetLoader          - Loading from cache: /assets/textures/floor.png@40.0x40.0
12:30:48.354 [FXGL Background Thread 1 ] DEBUG AssetLoader          - Loading from cache: /assets/textures/floor.png@40.0x40.0
12:30:48.355 [FXGL Background Thread 1 ] DEBUG AssetLoader          - Loading from cache: /assets/textures/floor.png@40.0x40.0
12:30:48.357 [FXGL Background Thread 1 ] DEBUG AssetLoader          - Loading from cache: /assets/textures/brick.png@40.0x40.0
12:30:48.358 [FXGL Background Thread 1 ] DEBUG AssetLoader          - Loading from cache: /assets/textures/floor.png@40.0x40.0
12:30:48.358 [FXGL Background Thread 1 ] DEBUG AssetLoader          - Loading from cache: /assets/textures/wall.png@40.0x40.0
12:30:48.359 [FXGL Background Thread 1 ] DEBUG AssetLoader          - Loading from cache: /assets/textures/floor.png@40.0x40.0
12:30:48.360 [FXGL Background Thread 1 ] DEBUG AssetLoader          - Loading from cache: /assets/textures/wall.png@40.0x40.0
12:30:48.360 [FXGL Background Thread 1 ] DEBUG AssetLoader          - Loading from cache: /assets/textures/floor.png@40.0x40.0
12:30:48.362 [FXGL Background Thread 1 ] DEBUG AssetLoader          - Loading from cache: /assets/textures/wall.png@40.0x40.0
12:30:48.363 [FXGL Background Thread 1 ] DEBUG AssetLoader          - Loading from cache: /assets/textures/floor.png@40.0x40.0
12:30:48.364 [FXGL Background Thread 1 ] DEBUG AssetLoader          - Loading from cache: /assets/textures/wall.png@40.0x40.0
12:30:48.364 [FXGL Background Thread 1 ] DEBUG AssetLoader          - Loading from cache: /assets/textures/floor.png@40.0x40.0
12:30:48.365 [FXGL Background Thread 1 ] DEBUG AssetLoader          - Loading from cache: /assets/textures/wall.png@40.0x40.0
12:30:48.366 [FXGL Background Thread 1 ] DEBUG AssetLoader          - Loading from cache: /assets/textures/floor.png@40.0x40.0
12:30:48.367 [FXGL Background Thread 1 ] DEBUG AssetLoader          - Loading from cache: /assets/textures/wall.png@40.0x40.0
12:30:48.368 [FXGL Background Thread 1 ] DEBUG AssetLoader          - Loading from cache: /assets/textures/floor.png@40.0x40.0
12:30:48.368 [FXGL Background Thread 1 ] DEBUG AssetLoader          - Loading from cache: /assets/textures/wall.png@40.0x40.0
12:30:48.369 [FXGL Background Thread 1 ] DEBUG AssetLoader          - Loading from cache: /assets/textures/floor.png@40.0x40.0
12:30:48.370 [FXGL Background Thread 1 ] DEBUG AssetLoader          - Loading from cache: /assets/textures/floor.png@40.0x40.0
12:30:48.370 [FXGL Background Thread 1 ] DEBUG AssetLoader          - Loading from cache: /assets/textures/floor.png@40.0x40.0
12:30:48.371 [FXGL Background Thread 1 ] DEBUG AssetLoader          - Loading from cache: /assets/textures/brick.png@40.0x40.0
12:30:48.371 [FXGL Background Thread 1 ] DEBUG AssetLoader          - Loading from cache: /assets/textures/brick.png@40.0x40.0
12:30:48.372 [FXGL Background Thread 1 ] DEBUG AssetLoader          - Loading from cache: /assets/textures/brick.png@40.0x40.0
12:30:48.373 [FXGL Background Thread 1 ] DEBUG AssetLoader          - Loading from cache: /assets/textures/brick.png@40.0x40.0
12:30:48.373 [FXGL Background Thread 1 ] DEBUG AssetLoader          - Loading from cache: /assets/textures/brick.png@40.0x40.0
12:30:48.374 [FXGL Background Thread 1 ] DEBUG AssetLoader          - Loading from cache: /assets/textures/brick.png@40.0x40.0
12:30:48.375 [FXGL Background Thread 1 ] DEBUG AssetLoader          - Loading from cache: /assets/textures/brick.png@40.0x40.0
12:30:48.375 [FXGL Background Thread 1 ] DEBUG AssetLoader          - Loading from cache: /assets/textures/brick.png@40.0x40.0
12:30:48.376 [FXGL Background Thread 1 ] DEBUG AssetLoader          - Loading from cache: /assets/textures/brick.png@40.0x40.0
12:30:48.376 [FXGL Background Thread 1 ] DEBUG AssetLoader          - Loading from cache: /assets/textures/brick.png@40.0x40.0
12:30:48.377 [FXGL Background Thread 1 ] DEBUG AssetLoader          - Loading from cache: /assets/textures/brick.png@40.0x40.0
12:30:48.377 [FXGL Background Thread 1 ] DEBUG AssetLoader          - Loading from cache: /assets/textures/floor.png@40.0x40.0
12:30:48.378 [FXGL Background Thread 1 ] DEBUG AssetLoader          - Loading from cache: /assets/textures/floor.png@40.0x40.0
12:30:48.379 [FXGL Background Thread 1 ] DEBUG GameWorld            - Clearing removable entities
12:30:48.379 [FXGL Background Thread 1 ] DEBUG GameWorld            - Setting level: com.almasb.fxgl.entity.level.Level@68646322
12:30:48.390 [FXGL Background Thread 1 ] DEBUG AssetLoader          - Loading from cache: /assets/textures/floor.png@40.0x40.0
12:30:48.403 [FXGL Background Thread 1 ] DEBUG InitAppTask          - Initializing Physics
12:30:48.404 [FXGL Background Thread 1 ] DEBUG InitAppTask          - Initializing UI
12:30:48.404 [FXGL Background Thread 1 ] DEBUG InitAppTask          - Initialization Complete
12:30:48.405 [FXGL Background Thread 1 ] INFO  InitAppTask          - Game initialization took: 0,331 sec
12:30:48.427 [JavaFX Application Thread] DEBUG Input                - Clearing active input actions
12:30:48.521 [JavaFX Application Thread] DEBUG Engine               - Removing overlay from LoadingScene and adding to GameScene
12:30:48.522 [JavaFX Application Thread] DEBUG MainWindow           - LoadingScene -> GameScene
12:31:16.927 [JavaFX Application Thread] DEBUG Engine               - Exiting FXGL
12:31:16.927 [JavaFX Application Thread] DEBUG Engine               - Shutting down background threads
12:31:16.928 [JavaFX Application Thread] DEBUG Engine               - Saving FXGL system data
12:31:16.931 [JavaFX Application Thread] DEBUG FSServiceImpl        - Writing to: C:\Users\Pablo\Desktop\OneDrive\DAM2\DAD\Eclipse19\Bomberdad\system\fxgl.bundle
12:31:16.934 [JavaFX Application Thread] DEBUG Engine               - Closing logger and exiting JavaFX
